Clock: clk
Sources: clk 
Generated: no
Virtual: no
Propagated: no
Period: 20.000000

===========================================================================
report_clock_properties
============================================================================
Clock                   Period          Waveform
----------------------------------------------------
clk                  20.000000    0.000000 10.000000

===========================================================================
report_clock_latency
============================================================================
Clock clk
rise -> rise
    min     max
0.000000 0.000000 source latency
0.051926         network latency _648_/CLK
        2.234692 network latency _643_/CLK
---------------
0.051926 2.234692 latency
        2.182766 skew

rise -> fall
    min     max
0.000000 0.000000 source latency
1.526441         network latency _643_/CLK
        1.526441 network latency _643_/CLK
---------------
1.526441 1.526441 latency
        0.000000 skew

fall -> fall
    min     max
0.000000 0.000000 source latency
0.030414         network latency _648_/CLK
        0.030414 network latency _648_/CLK
---------------
0.030414 0.030414 latency
        0.000000 skew



===========================================================================
report_clock_min_period
============================================================================
clk period_min = 2.94 fmax = 340.48
