Clock: clk
Sources: clk 
Generated: no
Virtual: yes
Propagated: no
Period: 20.000000

===========================================================================
report_clock_properties
============================================================================
Clock                   Period          Waveform
----------------------------------------------------
clk                  20.000000    0.000000 10.000000

===========================================================================
report_clock_latency
============================================================================
Clock clk
rise -> rise
    min     max
0.000000 0.000000 source latency
0.127847         network latency _227_/CLK
        1.866668 network latency _235_/CLK
---------------
0.127847 1.866668 latency
        1.738821 skew

rise -> fall
    min     max
0.000000 0.000000 source latency
1.384768         network latency _243_/CLK
        1.385358 network latency _235_/CLK
---------------
1.384768 1.385358 latency
        0.000590 skew

fall -> fall
    min     max
0.000000 0.000000 source latency
0.078857         network latency _227_/CLK
        0.079115 network latency _218_/CLK
---------------
0.078857 0.079115 latency
        0.000258 skew



===========================================================================
report_clock_min_period
============================================================================
clk period_min = 2.96 fmax = 337.44
