
===========================================================================
report_checks -path_delay min (Hold)
============================================================================
======================= nom_tt_025C_5v00 Corner ===================================

Startpoint: _223_ (rising edge-triggered flip-flop clocked by clk)
Endpoint: _223_ (rising edge-triggered flip-flop clocked by clk)
Path Group: clk
Path Type: min

Fanout         Cap        Slew       Delay        Time   Description
---------------------------------------------------------------------------------------------
                                  0.000000    0.000000   clock clk (rise edge)
                                  0.000000    0.000000   clock source latency
     9    0.035590    0.178196    0.087740    0.087740 ^ clk (in)
                                                         clk (net)
                      0.178196    0.000000    0.087740 ^ _223_/CLK (gf180mcu_fd_sc_mcu7t5v0__dffrnq_1)
     2    0.012572    0.184463    0.757804    0.845544 v _223_/Q (gf180mcu_fd_sc_mcu7t5v0__dffrnq_1)
                                                         clk_scaler.counter[4] (net)
                      0.184463    0.000025    0.845569 v _144_/A1 (gf180mcu_fd_sc_mcu7t5v0__xor2_1)
     1    0.004667    0.283677    0.207601    1.053169 ^ _144_/Z (gf180mcu_fd_sc_mcu7t5v0__xor2_1)
                                                         _078_ (net)
                      0.283677    0.000009    1.053178 ^ _145_/A2 (gf180mcu_fd_sc_mcu7t5v0__nor2_1)
     1    0.003144    0.161180    0.134677    1.187856 v _145_/ZN (gf180mcu_fd_sc_mcu7t5v0__nor2_1)
                                                         _004_ (net)
                      0.161180    0.000002    1.187857 v _223_/D (gf180mcu_fd_sc_mcu7t5v0__dffrnq_1)
                                              1.187857   data arrival time

                                  0.000000    0.000000   clock clk (rise edge)
                                  0.000000    0.000000   clock source latency
     9    0.035590    0.178196    0.087740    0.087740 ^ clk (in)
                                                         clk (net)
                      0.178196    0.000000    0.087740 ^ _223_/CLK (gf180mcu_fd_sc_mcu7t5v0__dffrnq_1)
                                  0.250000    0.337740   clock uncertainty
                                  0.000000    0.337740   clock reconvergence pessimism
                                  0.138211    0.475951   library hold time
                                              0.475951   data required time
---------------------------------------------------------------------------------------------
                                              0.475951   data required time
                                             -1.187857   data arrival time
---------------------------------------------------------------------------------------------
                                              0.711906   slack (MET)


Startpoint: _221_ (rising edge-triggered flip-flop clocked by clk)
Endpoint: _221_ (rising edge-triggered flip-flop clocked by clk)
Path Group: clk
Path Type: min

Fanout         Cap        Slew       Delay        Time   Description
---------------------------------------------------------------------------------------------
                                  0.000000    0.000000   clock clk (rise edge)
                                  0.000000    0.000000   clock source latency
     9    0.035590    0.178196    0.087746    0.087746 ^ clk (in)
                                                         clk (net)
                      0.178196    0.000000    0.087746 ^ _221_/CLK (gf180mcu_fd_sc_mcu7t5v0__dffrnq_1)
     3    0.011902    0.178598    0.753288    0.841034 v _221_/Q (gf180mcu_fd_sc_mcu7t5v0__dffrnq_1)
                                                         clk_scaler.counter[2] (net)
                      0.178598    0.000035    0.841069 v _139_/B (gf180mcu_fd_sc_mcu7t5v0__aoi21_1)
     1    0.004233    0.237118    0.194112    1.035181 ^ _139_/ZN (gf180mcu_fd_sc_mcu7t5v0__aoi21_1)
                                                         _075_ (net)
                      0.237118    0.000002    1.035184 ^ _140_/A3 (gf180mcu_fd_sc_mcu7t5v0__nor3_1)
     1    0.003180    0.200197    0.167506    1.202690 v _140_/ZN (gf180mcu_fd_sc_mcu7t5v0__nor3_1)
                                                         _002_ (net)
                      0.200197    0.000002    1.202692 v _221_/D (gf180mcu_fd_sc_mcu7t5v0__dffrnq_1)
                                              1.202692   data arrival time

                                  0.000000    0.000000   clock clk (rise edge)
                                  0.000000    0.000000   clock source latency
     9    0.035590    0.178196    0.087746    0.087746 ^ clk (in)
                                                         clk (net)
                      0.178196    0.000000    0.087746 ^ _221_/CLK (gf180mcu_fd_sc_mcu7t5v0__dffrnq_1)
                                  0.250000    0.337746   clock uncertainty
                                  0.000000    0.337746   clock reconvergence pessimism
                                  0.130739    0.468486   library hold time
                                              0.468486   data required time
---------------------------------------------------------------------------------------------
                                              0.468486   data required time
                                             -1.202692   data arrival time
---------------------------------------------------------------------------------------------
                                              0.734206   slack (MET)


Startpoint: _222_ (rising edge-triggered flip-flop clocked by clk)
Endpoint: _222_ (rising edge-triggered flip-flop clocked by clk)
Path Group: clk
Path Type: min

Fanout         Cap        Slew       Delay        Time   Description
---------------------------------------------------------------------------------------------
                                  0.000000    0.000000   clock clk (rise edge)
                                  0.000000    0.000000   clock source latency
     9    0.035590    0.178196    0.087739    0.087739 ^ clk (in)
                                                         clk (net)
                      0.178196    0.000000    0.087739 ^ _222_/CLK (gf180mcu_fd_sc_mcu7t5v0__dffrnq_1)
     3    0.017436    0.227053    0.790600    0.878339 v _222_/Q (gf180mcu_fd_sc_mcu7t5v0__dffrnq_1)
                                                         clk_scaler.counter[3] (net)
                      0.227053    0.000048    0.878387 v _142_/A1 (gf180mcu_fd_sc_mcu7t5v0__xnor2_1)
     1    0.004668    0.275854    0.255189    1.133576 ^ _142_/ZN (gf180mcu_fd_sc_mcu7t5v0__xnor2_1)
                                                         _077_ (net)
                      0.275854    0.000009    1.133585 ^ _143_/A2 (gf180mcu_fd_sc_mcu7t5v0__nor2_1)
     1    0.003164    0.159386    0.133836    1.267421 v _143_/ZN (gf180mcu_fd_sc_mcu7t5v0__nor2_1)
                                                         _003_ (net)
                      0.159386    0.000002    1.267423 v _222_/D (gf180mcu_fd_sc_mcu7t5v0__dffrnq_1)
                                              1.267423   data arrival time

                                  0.000000    0.000000   clock clk (rise edge)
                                  0.000000    0.000000   clock source latency
     9    0.035590    0.178196    0.087739    0.087739 ^ clk (in)
                                                         clk (net)
                      0.178196    0.000000    0.087739 ^ _222_/CLK (gf180mcu_fd_sc_mcu7t5v0__dffrnq_1)
                                  0.250000    0.337739   clock uncertainty
                                  0.000000    0.337739   clock reconvergence pessimism
                                  0.138555    0.476294   library hold time
                                              0.476294   data required time
---------------------------------------------------------------------------------------------
                                              0.476294   data required time
                                             -1.267423   data arrival time
---------------------------------------------------------------------------------------------
                                              0.791129   slack (MET)


Startpoint: _219_ (rising edge-triggered flip-flop clocked by clk)
Endpoint: _219_ (rising edge-triggered flip-flop clocked by clk)
Path Group: clk
Path Type: min

Fanout         Cap        Slew       Delay        Time   Description
---------------------------------------------------------------------------------------------
                                  0.000000    0.000000   clock clk (rise edge)
                                  0.000000    0.000000   clock source latency
     9    0.035590    0.178196    0.087729    0.087729 ^ clk (in)
                                                         clk (net)
                      0.178196    0.000000    0.087729 ^ _219_/CLK (gf180mcu_fd_sc_mcu7t5v0__dffrnq_1)
     5    0.024443    0.478366    1.087345    1.175074 ^ _219_/Q (gf180mcu_fd_sc_mcu7t5v0__dffrnq_1)
                                                         clk_scaler.counter[0] (net)
                      0.478366    0.000048    1.175122 ^ _135_/A1 (gf180mcu_fd_sc_mcu7t5v0__nor2_1)
     1    0.003392    0.177020    0.117216    1.292338 v _135_/ZN (gf180mcu_fd_sc_mcu7t5v0__nor2_1)
                                                         _000_ (net)
                      0.177020    0.000005    1.292344 v _219_/D (gf180mcu_fd_sc_mcu7t5v0__dffrnq_1)
                                              1.292344   data arrival time

                                  0.000000    0.000000   clock clk (rise edge)
                                  0.000000    0.000000   clock source latency
     9    0.035590    0.178196    0.087729    0.087729 ^ clk (in)
                                                         clk (net)
                      0.178196    0.000000    0.087729 ^ _219_/CLK (gf180mcu_fd_sc_mcu7t5v0__dffrnq_1)
                                  0.250000    0.337729   clock uncertainty
                                  0.000000    0.337729   clock reconvergence pessimism
                                  0.135178    0.472907   library hold time
                                              0.472907   data required time
---------------------------------------------------------------------------------------------
                                              0.472907   data required time
                                             -1.292344   data arrival time
---------------------------------------------------------------------------------------------
                                              0.819437   slack (MET)


Startpoint: _220_ (rising edge-triggered flip-flop clocked by clk)
Endpoint: _220_ (rising edge-triggered flip-flop clocked by clk)
Path Group: clk
Path Type: min

Fanout         Cap        Slew       Delay        Time   Description
---------------------------------------------------------------------------------------------
                                  0.000000    0.000000   clock clk (rise edge)
                                  0.000000    0.000000   clock source latency
     9    0.035590    0.178196    0.087729    0.087729 ^ clk (in)
                                                         clk (net)
                      0.178196    0.000000    0.087729 ^ _220_/CLK (gf180mcu_fd_sc_mcu7t5v0__dffrnq_1)
     4    0.019810    0.248008    0.806316    0.894045 v _220_/Q (gf180mcu_fd_sc_mcu7t5v0__dffrnq_1)
                                                         clk_scaler.counter[1] (net)
                      0.248008    0.000041    0.894086 v _136_/A2 (gf180mcu_fd_sc_mcu7t5v0__xnor2_1)
     1    0.004597    0.272215    0.269109    1.163196 ^ _136_/ZN (gf180mcu_fd_sc_mcu7t5v0__xnor2_1)
                                                         _073_ (net)
                      0.272215    0.000007    1.163203 ^ _137_/A2 (gf180mcu_fd_sc_mcu7t5v0__nor2_1)
     1    0.003375    0.160991    0.135586    1.298788 v _137_/ZN (gf180mcu_fd_sc_mcu7t5v0__nor2_1)
                                                         _001_ (net)
                      0.160991    0.000005    1.298794 v _220_/D (gf180mcu_fd_sc_mcu7t5v0__dffrnq_1)
                                              1.298794   data arrival time

                                  0.000000    0.000000   clock clk (rise edge)
                                  0.000000    0.000000   clock source latency
     9    0.035590    0.178196    0.087729    0.087729 ^ clk (in)
                                                         clk (net)
                      0.178196    0.000000    0.087729 ^ _220_/CLK (gf180mcu_fd_sc_mcu7t5v0__dffrnq_1)
                                  0.250000    0.337729   clock uncertainty
                                  0.000000    0.337729   clock reconvergence pessimism
                                  0.138247    0.475977   library hold time
                                              0.475977   data required time
---------------------------------------------------------------------------------------------
                                              0.475977   data required time
                                             -1.298794   data arrival time
---------------------------------------------------------------------------------------------
                                              0.822817   slack (MET)


Startpoint: _225_ (rising edge-triggered flip-flop clocked by clk)
Endpoint: _265_ (rising edge-triggered flip-flop clocked by clk)
Path Group: clk
Path Type: min

Fanout         Cap        Slew       Delay        Time   Description
---------------------------------------------------------------------------------------------
                                  0.000000    0.000000   clock clk (rise edge)
                                  0.000000    0.000000   clock source latency
     9    0.035590    0.178196    0.087743    0.087743 ^ clk (in)
                                                         clk (net)
                      0.178196    0.000000    0.087743 ^ _225_/CLK (gf180mcu_fd_sc_mcu7t5v0__dffrnq_1)
     1    0.004356    0.167279    0.887267    0.975010 ^ _225_/Q (gf180mcu_fd_sc_mcu7t5v0__dffrnq_1)
                                                         clk_scaler.counter[6] (net)
                      0.167279    0.000003    0.975013 ^ _132_/A1 (gf180mcu_fd_sc_mcu7t5v0__nor3_1)
     2    0.009967    0.227789    0.187727    1.162739 v _132_/ZN (gf180mcu_fd_sc_mcu7t5v0__nor3_1)
                                                         _070_ (net)
                      0.227789    0.000026    1.162765 v _133_/B (gf180mcu_fd_sc_mcu7t5v0__oai21_1)
     1    0.007654    0.295269    0.241157    1.403922 ^ _133_/ZN (gf180mcu_fd_sc_mcu7t5v0__oai21_1)
                                                         _071_ (net)
                      0.295269    0.000007    1.403929 ^ _213_/A2 (gf180mcu_fd_sc_mcu7t5v0__xor2_1)
     1    0.003010    0.139793    0.110001    1.513930 v _213_/Z (gf180mcu_fd_sc_mcu7t5v0__xor2_1)
                                                         _110_ (net)
                      0.139793    0.000003    1.513933 v _214_/A2 (gf180mcu_fd_sc_mcu7t5v0__and2_1)
     1    0.003137    0.099975    0.256342    1.770275 v _214_/Z (gf180mcu_fd_sc_mcu7t5v0__and2_1)
                                                         _036_ (net)
                      0.099975    0.000002    1.770277 v _265_/D (gf180mcu_fd_sc_mcu7t5v0__dffrnq_1)
                                              1.770277   data arrival time

                                  0.000000    0.000000   clock clk (rise edge)
                                  0.000000    0.000000   clock source latency
     9    0.035590    0.178196    0.087712    0.087712 ^ clk (in)
                                                         clk (net)
                      0.178196    0.000000    0.087712 ^ _265_/CLK (gf180mcu_fd_sc_mcu7t5v0__dffrnq_1)
                                  0.250000    0.337712   clock uncertainty
                                  0.000000    0.337712   clock reconvergence pessimism
                                  0.151626    0.489338   library hold time
                                              0.489338   data required time
---------------------------------------------------------------------------------------------
                                              0.489338   data required time
                                             -1.770277   data arrival time
---------------------------------------------------------------------------------------------
                                              1.280939   slack (MET)


Startpoint: rst_n (input port clocked by clk)
Endpoint: _265_ (removal check against rising-edge clock clk)
Path Group: asynchronous
Path Type: min

Fanout         Cap        Slew       Delay        Time   Description
---------------------------------------------------------------------------------------------
                                  0.000000    0.000000   clock clk (rise edge)
                                  0.000000    0.000000   clock network delay (propagated)
                                  4.000000    4.000000 ^ input external delay
    40    0.263690    4.269928    2.457996    6.457996 ^ rst_n (in)
                                                         rst_n (net)
                      4.269928    0.000000    6.457996 ^ _265_/RN (gf180mcu_fd_sc_mcu7t5v0__dffrnq_1)
                                              6.457996   data arrival time

                                  0.000000    0.000000   clock clk (rise edge)
                                  0.000000    0.000000   clock source latency
     9    0.035590    0.178196    0.087712    0.087712 ^ clk (in)
                                                         clk (net)
                      0.178196    0.000000    0.087712 ^ _265_/CLK (gf180mcu_fd_sc_mcu7t5v0__dffrnq_1)
                                  0.250000    0.337712   clock uncertainty
                                  0.000000    0.337712   clock reconvergence pessimism
                                  0.525410    0.863122   library removal time
                                              0.863122   data required time
---------------------------------------------------------------------------------------------
                                              0.863122   data required time
                                             -6.457996   data arrival time
---------------------------------------------------------------------------------------------
                                              5.594873   slack (MET)


Startpoint: rst_n (input port clocked by clk)
Endpoint: _222_ (removal check against rising-edge clock clk)
Path Group: asynchronous
Path Type: min

Fanout         Cap        Slew       Delay        Time   Description
---------------------------------------------------------------------------------------------
                                  0.000000    0.000000   clock clk (rise edge)
                                  0.000000    0.000000   clock network delay (propagated)
                                  4.000000    4.000000 ^ input external delay
    40    0.263690    4.269928    2.458051    6.458051 ^ rst_n (in)
                                                         rst_n (net)
                      4.269928    0.000000    6.458051 ^ _222_/RN (gf180mcu_fd_sc_mcu7t5v0__dffrnq_1)
                                              6.458051   data arrival time

                                  0.000000    0.000000   clock clk (rise edge)
                                  0.000000    0.000000   clock source latency
     9    0.035590    0.178196    0.087739    0.087739 ^ clk (in)
                                                         clk (net)
                      0.178196    0.000000    0.087739 ^ _222_/CLK (gf180mcu_fd_sc_mcu7t5v0__dffrnq_1)
                                  0.250000    0.337739   clock uncertainty
                                  0.000000    0.337739   clock reconvergence pessimism
                                  0.525410    0.863149   library removal time
                                              0.863149   data required time
---------------------------------------------------------------------------------------------
                                              0.863149   data required time
                                             -6.458051   data arrival time
---------------------------------------------------------------------------------------------
                                              5.594902   slack (MET)


Startpoint: rst_n (input port clocked by clk)
Endpoint: _223_ (removal check against rising-edge clock clk)
Path Group: asynchronous
Path Type: min

Fanout         Cap        Slew       Delay        Time   Description
---------------------------------------------------------------------------------------------
                                  0.000000    0.000000   clock clk (rise edge)
                                  0.000000    0.000000   clock network delay (propagated)
                                  4.000000    4.000000 ^ input external delay
    40    0.263690    4.269928    2.458052    6.458052 ^ rst_n (in)
                                                         rst_n (net)
                      4.269928    0.000000    6.458052 ^ _223_/RN (gf180mcu_fd_sc_mcu7t5v0__dffrnq_1)
                                              6.458052   data arrival time

                                  0.000000    0.000000   clock clk (rise edge)
                                  0.000000    0.000000   clock source latency
     9    0.035590    0.178196    0.087740    0.087740 ^ clk (in)
                                                         clk (net)
                      0.178196    0.000000    0.087740 ^ _223_/CLK (gf180mcu_fd_sc_mcu7t5v0__dffrnq_1)
                                  0.250000    0.337740   clock uncertainty
                                  0.000000    0.337740   clock reconvergence pessimism
                                  0.525410    0.863150   library removal time
                                              0.863150   data required time
---------------------------------------------------------------------------------------------
                                              0.863150   data required time
                                             -6.458052   data arrival time
---------------------------------------------------------------------------------------------
                                              5.594903   slack (MET)


Startpoint: rst_n (input port clocked by clk)
Endpoint: _221_ (removal check against rising-edge clock clk)
Path Group: asynchronous
Path Type: min

Fanout         Cap        Slew       Delay        Time   Description
---------------------------------------------------------------------------------------------
                                  0.000000    0.000000   clock clk (rise edge)
                                  0.000000    0.000000   clock network delay (propagated)
                                  4.000000    4.000000 ^ input external delay
    40    0.263690    4.269928    2.458064    6.458064 ^ rst_n (in)
                                                         rst_n (net)
                      4.269928    0.000000    6.458064 ^ _221_/RN (gf180mcu_fd_sc_mcu7t5v0__dffrnq_1)
                                              6.458064   data arrival time

                                  0.000000    0.000000   clock clk (rise edge)
                                  0.000000    0.000000   clock source latency
     9    0.035590    0.178196    0.087746    0.087746 ^ clk (in)
                                                         clk (net)
                      0.178196    0.000000    0.087746 ^ _221_/CLK (gf180mcu_fd_sc_mcu7t5v0__dffrnq_1)
                                  0.250000    0.337746   clock uncertainty
                                  0.000000    0.337746   clock reconvergence pessimism
                                  0.525410    0.863156   library removal time
                                              0.863156   data required time
---------------------------------------------------------------------------------------------
                                              0.863156   data required time
                                             -6.458064   data arrival time
---------------------------------------------------------------------------------------------
                                              5.594908   slack (MET)


Startpoint: rst_n (input port clocked by clk)
Endpoint: _219_ (removal check against rising-edge clock clk)
Path Group: asynchronous
Path Type: min

Fanout         Cap        Slew       Delay        Time   Description
---------------------------------------------------------------------------------------------
                                  0.000000    0.000000   clock clk (rise edge)
                                  0.000000    0.000000   clock network delay (propagated)
                                  4.000000    4.000000 ^ input external delay
    40    0.263690    4.269928    2.458376    6.458376 ^ rst_n (in)
                                                         rst_n (net)
                      4.269928    0.000000    6.458376 ^ _219_/RN (gf180mcu_fd_sc_mcu7t5v0__dffrnq_1)
                                              6.458376   data arrival time

                                  0.000000    0.000000   clock clk (rise edge)
                                  0.000000    0.000000   clock source latency
     9    0.035590    0.178196    0.087729    0.087729 ^ clk (in)
                                                         clk (net)
                      0.178196    0.000000    0.087729 ^ _219_/CLK (gf180mcu_fd_sc_mcu7t5v0__dffrnq_1)
                                  0.250000    0.337729   clock uncertainty
                                  0.000000    0.337729   clock reconvergence pessimism
                                  0.525410    0.863139   library removal time
                                              0.863139   data required time
---------------------------------------------------------------------------------------------
                                              0.863139   data required time
                                             -6.458376   data arrival time
---------------------------------------------------------------------------------------------
                                              5.595237   slack (MET)


Startpoint: rst_n (input port clocked by clk)
Endpoint: _220_ (removal check against rising-edge clock clk)
Path Group: asynchronous
Path Type: min

Fanout         Cap        Slew       Delay        Time   Description
---------------------------------------------------------------------------------------------
                                  0.000000    0.000000   clock clk (rise edge)
                                  0.000000    0.000000   clock network delay (propagated)
                                  4.000000    4.000000 ^ input external delay
    40    0.263690    4.269928    2.458383    6.458384 ^ rst_n (in)
                                                         rst_n (net)
                      4.269928    0.000000    6.458384 ^ _220_/RN (gf180mcu_fd_sc_mcu7t5v0__dffrnq_1)
                                              6.458384   data arrival time

                                  0.000000    0.000000   clock clk (rise edge)
                                  0.000000    0.000000   clock source latency
     9    0.035590    0.178196    0.087729    0.087729 ^ clk (in)
                                                         clk (net)
                      0.178196    0.000000    0.087729 ^ _220_/CLK (gf180mcu_fd_sc_mcu7t5v0__dffrnq_1)
                                  0.250000    0.337729   clock uncertainty
                                  0.000000    0.337729   clock reconvergence pessimism
                                  0.525410    0.863139   library removal time
                                              0.863139   data required time
---------------------------------------------------------------------------------------------
                                              0.863139   data required time
                                             -6.458384   data arrival time
---------------------------------------------------------------------------------------------
                                              5.595244   slack (MET)


Startpoint: rst_n (input port clocked by clk)
Endpoint: _225_ (removal check against rising-edge clock clk)
Path Group: asynchronous
Path Type: min

Fanout         Cap        Slew       Delay        Time   Description
---------------------------------------------------------------------------------------------
                                  0.000000    0.000000   clock clk (rise edge)
                                  0.000000    0.000000   clock network delay (propagated)
                                  4.000000    4.000000 ^ input external delay
    40    0.263690    4.269928    2.459218    6.459218 ^ rst_n (in)
                                                         rst_n (net)
                      4.269928    0.000000    6.459218 ^ _225_/RN (gf180mcu_fd_sc_mcu7t5v0__dffrnq_1)
                                              6.459218   data arrival time

                                  0.000000    0.000000   clock clk (rise edge)
                                  0.000000    0.000000   clock source latency
     9    0.035590    0.178196    0.087743    0.087743 ^ clk (in)
                                                         clk (net)
                      0.178196    0.000000    0.087743 ^ _225_/CLK (gf180mcu_fd_sc_mcu7t5v0__dffrnq_1)
                                  0.250000    0.337743   clock uncertainty
                                  0.000000    0.337743   clock reconvergence pessimism
                                  0.525410    0.863153   library removal time
                                              0.863153   data required time
---------------------------------------------------------------------------------------------
                                              0.863153   data required time
                                             -6.459218   data arrival time
---------------------------------------------------------------------------------------------
                                              5.596065   slack (MET)


Startpoint: rst_n (input port clocked by clk)
Endpoint: _226_ (removal check against rising-edge clock clk)
Path Group: asynchronous
Path Type: min

Fanout         Cap        Slew       Delay        Time   Description
---------------------------------------------------------------------------------------------
                                  0.000000    0.000000   clock clk (rise edge)
                                  0.000000    0.000000   clock network delay (propagated)
                                  4.000000    4.000000 ^ input external delay
    40    0.263690    4.269928    2.459239    6.459239 ^ rst_n (in)
                                                         rst_n (net)
                      4.269928    0.000000    6.459239 ^ _226_/RN (gf180mcu_fd_sc_mcu7t5v0__dffrnq_1)
                                              6.459239   data arrival time

                                  0.000000    0.000000   clock clk (rise edge)
                                  0.000000    0.000000   clock source latency
     9    0.035590    0.178196    0.087744    0.087744 ^ clk (in)
                                                         clk (net)
                      0.178196    0.000000    0.087744 ^ _226_/CLK (gf180mcu_fd_sc_mcu7t5v0__dffrnq_1)
                                  0.250000    0.337744   clock uncertainty
                                  0.000000    0.337744   clock reconvergence pessimism
                                  0.525410    0.863154   library removal time
                                              0.863154   data required time
---------------------------------------------------------------------------------------------
                                              0.863154   data required time
                                             -6.459239   data arrival time
---------------------------------------------------------------------------------------------
                                              5.596085   slack (MET)


Startpoint: rst_n (input port clocked by clk)
Endpoint: _224_ (removal check against rising-edge clock clk)
Path Group: asynchronous
Path Type: min

Fanout         Cap        Slew       Delay        Time   Description
---------------------------------------------------------------------------------------------
                                  0.000000    0.000000   clock clk (rise edge)
                                  0.000000    0.000000   clock network delay (propagated)
                                  4.000000    4.000000 ^ input external delay
    40    0.263690    4.269928    2.459255    6.459255 ^ rst_n (in)
                                                         rst_n (net)
                      4.269928    0.000000    6.459255 ^ _224_/RN (gf180mcu_fd_sc_mcu7t5v0__dffrnq_1)
                                              6.459255   data arrival time

                                  0.000000    0.000000   clock clk (rise edge)
                                  0.000000    0.000000   clock source latency
     9    0.035590    0.178196    0.087745    0.087745 ^ clk (in)
                                                         clk (net)
                      0.178196    0.000000    0.087745 ^ _224_/CLK (gf180mcu_fd_sc_mcu7t5v0__dffrnq_1)
                                  0.250000    0.337745   clock uncertainty
                                  0.000000    0.337745   clock reconvergence pessimism
                                  0.525410    0.863154   library removal time
                                              0.863154   data required time
---------------------------------------------------------------------------------------------
                                              0.863154   data required time
                                             -6.459255   data arrival time
---------------------------------------------------------------------------------------------
                                              5.596101   slack (MET)



