%Warning-UNUSEDSIGNAL: /foss/designs/kvic_336007_ws25-kvic_ws25_v6/verilog/src/tt_um_felixfeierabend.v:5:23: Bits of signal are not used: 'ui_in'[2:1]
                                                                                                           : ... note: In instance 'tt_um_felixfeierabend'
    5 |     input  wire [7:0] ui_in,     
      |                       ^~~~~
                       ... For warning description see https://verilator.org/warn/UNUSEDSIGNAL?v=5.040
                       ... Use "/* verilator lint_off UNUSEDSIGNAL */" and lint_on around source to disable this message.
%Warning-UNUSEDSIGNAL: /foss/designs/kvic_336007_ws25-kvic_ws25_v6/verilog/src/tt_um_felixfeierabend.v:7:23: Bits of signal are not used: 'uio_in'[7:3]
                                                                                                           : ... note: In instance 'tt_um_felixfeierabend'
    7 |     input  wire [7:0] uio_in,    
      |                       ^~~~~~
%Warning-UNUSEDSIGNAL: /foss/designs/kvic_336007_ws25-kvic_ws25_v6/verilog/src/tt_um_felixfeierabend.v:17:12: Signal is not used: 'debug_bits'
                                                                                                            : ... note: In instance 'tt_um_felixfeierabend'
   17 | wire [6:0] debug_bits;
      |            ^~~~~~~~~~
%Warning-UNDRIVEN: /foss/designs/kvic_336007_ws25-kvic_ws25_v6/verilog/src/signal_gen.v:15:12: Signal is not driven: 'signal_out'
                                                                                             : ... note: In instance 'tt_um_felixfeierabend.signal_gen'
   15 |     output signal_out,       
      |            ^~~~~~~~~~
                   /foss/designs/kvic_336007_ws25-kvic_ws25_v6/verilog/src/tt_um_felixfeierabend.v:2:1: ... note: In file included from 'tt_um_felixfeierabend.v'
                   ... For warning description see https://verilator.org/warn/UNDRIVEN?v=5.040
                   ... Use "/* verilator lint_off UNDRIVEN */" and lint_on around source to disable this message.
%Warning-PROCASSINIT: /foss/designs/kvic_336007_ws25-kvic_ws25_v6/verilog/src/signal_gen.v:19:26: Procedural assignment to declaration with initial value: 'periodA'
                                                                                                : ... note: In instance 'tt_um_felixfeierabend.signal_gen'
                                                                                                : ... Location of variable initialization
   19 |     reg [11:0] periodA = 12'd200;
      |                          ^~~~~~~
                      /foss/designs/kvic_336007_ws25-kvic_ws25_v6/verilog/src/tt_um_felixfeierabend.v:2:1: ... note: In file included from 'tt_um_felixfeierabend.v'
                      /foss/designs/kvic_336007_ws25-kvic_ws25_v6/verilog/src/signal_gen.v:39:13: ... Location of variable process write
                                                                                                : ... Perhaps should initialize instead using a reset in this process
   39 |             periodA = 12'd200;
      |             ^~~~~~~
                      ... For warning description see https://verilator.org/warn/PROCASSINIT?v=5.040
                      ... Use "/* verilator lint_off PROCASSINIT */" and lint_on around source to disable this message.
%Warning-UNUSEDSIGNAL: /foss/designs/kvic_336007_ws25-kvic_ws25_v6/verilog/src/signal_gen.v:19:16: Bits of signal are not used: 'periodA'[4:0]
                                                                                                 : ... note: In instance 'tt_um_felixfeierabend.signal_gen'
   19 |     reg [11:0] periodA = 12'd200;
      |                ^~~~~~~
                       /foss/designs/kvic_336007_ws25-kvic_ws25_v6/verilog/src/tt_um_felixfeierabend.v:2:1: ... note: In file included from 'tt_um_felixfeierabend.v'
%Warning-PROCASSINIT: /foss/designs/kvic_336007_ws25-kvic_ws25_v6/verilog/src/signal_gen.v:20:22: Procedural assignment to declaration with initial value: 'volA'
                                                                                                : ... note: In instance 'tt_um_felixfeierabend.signal_gen'
                                                                                                : ... Location of variable initialization
   20 |     reg [3:0] volA = 4'd8;
      |                      ^~~~
                      /foss/designs/kvic_336007_ws25-kvic_ws25_v6/verilog/src/tt_um_felixfeierabend.v:2:1: ... note: In file included from 'tt_um_felixfeierabend.v'
                      /foss/designs/kvic_336007_ws25-kvic_ws25_v6/verilog/src/signal_gen.v:40:13: ... Location of variable process write
                                                                                                : ... Perhaps should initialize instead using a reset in this process
   40 |             volA = 4'd8;
      |             ^~~~
%Warning-UNUSEDSIGNAL: /foss/designs/kvic_336007_ws25-kvic_ws25_v6/verilog/src/signal_gen.v:20:15: Signal is not used: 'volA'
                                                                                                 : ... note: In instance 'tt_um_felixfeierabend.signal_gen'
   20 |     reg [3:0] volA = 4'd8;
      |               ^~~~
                       /foss/designs/kvic_336007_ws25-kvic_ws25_v6/verilog/src/tt_um_felixfeierabend.v:2:1: ... note: In file included from 'tt_um_felixfeierabend.v'
%Warning-UNUSEDSIGNAL: /foss/designs/kvic_336007_ws25-kvic_ws25_v6/verilog/src/signal_gen.v:22:9: Signal is not used: 'enableA'
                                                                                                : ... note: In instance 'tt_um_felixfeierabend.signal_gen'
   22 |     reg enableA = 1;
      |         ^~~~~~~
                       /foss/designs/kvic_336007_ws25-kvic_ws25_v6/verilog/src/tt_um_felixfeierabend.v:2:1: ... note: In file included from 'tt_um_felixfeierabend.v'
%Warning-UNUSEDSIGNAL: /foss/designs/kvic_336007_ws25-kvic_ws25_v6/verilog/src/signal_gen.v:24:10: Signal is not driven, nor used: 'waveA'
                                                                                                 : ... note: In instance 'tt_um_felixfeierabend.signal_gen'
   24 |     wire waveA;
      |          ^~~~~
                       /foss/designs/kvic_336007_ws25-kvic_ws25_v6/verilog/src/tt_um_felixfeierabend.v:2:1: ... note: In file included from 'tt_um_felixfeierabend.v'
%Warning-PROCASSINIT: /foss/designs/kvic_336007_ws25-kvic_ws25_v6/verilog/src/clock_scaler.v:8:25: Procedural assignment to declaration with initial value: 'counter'
                                                                                                 : ... note: In instance 'tt_um_felixfeierabend.clk_scaler'
                                                                                                 : ... Location of variable initialization
    8 |     reg[10:0] counter = 0;
      |                         ^
                      /foss/designs/kvic_336007_ws25-kvic_ws25_v6/verilog/src/tt_um_felixfeierabend.v:3:1: ... note: In file included from 'tt_um_felixfeierabend.v'
                      /foss/designs/kvic_336007_ws25-kvic_ws25_v6/verilog/src/clock_scaler.v:13:17: ... Location of variable process write
                                                                                                  : ... Perhaps should initialize instead using a reset in this process
   13 |                 counter <= 11'd0;
      |                 ^~~~~~~
%Warning-BLKSEQ: /foss/designs/kvic_336007_ws25-kvic_ws25_v6/verilog/src/signal_gen.v:39:21: Blocking assignment '=' in sequential logic process
                                                                                           : ... Suggest using delayed assignment '<='
   39 |             periodA = 12'd200;
      |                     ^
                 /foss/designs/kvic_336007_ws25-kvic_ws25_v6/verilog/src/tt_um_felixfeierabend.v:2:1: ... note: In file included from 'tt_um_felixfeierabend.v'
                 ... For warning description see https://verilator.org/warn/BLKSEQ?v=5.040
                 ... Use "/* verilator lint_off BLKSEQ */" and lint_on around source to disable this message.
%Warning-BLKSEQ: /foss/designs/kvic_336007_ws25-kvic_ws25_v6/verilog/src/signal_gen.v:40:18: Blocking assignment '=' in sequential logic process
                                                                                           : ... Suggest using delayed assignment '<='
   40 |             volA = 4'd8;
      |                  ^
                 /foss/designs/kvic_336007_ws25-kvic_ws25_v6/verilog/src/tt_um_felixfeierabend.v:2:1: ... note: In file included from 'tt_um_felixfeierabend.v'
%Warning-SYNCASYNCNET: /foss/designs/kvic_336007_ws25-kvic_ws25_v6/verilog/src/signal_gen.v:13:11: Signal flopped as both synchronous and async: 'tt_um_felixfeierabend.__Vcellinp__signal_gen__rst'
                       /foss/designs/kvic_336007_ws25-kvic_ws25_v6/verilog/src/signal_gen.v:38:13: ... Location of async usage
   38 |         if (rst) begin
      |             ^~~
                       /foss/designs/kvic_336007_ws25-kvic_ws25_v6/verilog/src/tt_um_felixfeierabend.v:2:1: ... note: In file included from 'tt_um_felixfeierabend.v'
                       /foss/designs/kvic_336007_ws25-kvic_ws25_v6/verilog/src/clock_scaler.v:12:17: ... Location of sync usage
   12 |             if (rst) begin
      |                 ^~~
                       ... For warning description see https://verilator.org/warn/SYNCASYNCNET?v=5.040
                       ... Use "/* verilator lint_off SYNCASYNCNET */" and lint_on around source to disable this message.
- V e r i l a t i o n   R e p o r t: Verilator 5.040 2025-08-30 rev v5.040
- Verilator: Built from 0.280 MB sources in 303 modules, into 0.021 MB in 5 C++ files needing 0.000 MB
- Verilator: Walltime 0.231 s (elab=0.018, cvt=0.020, bld=0.000); cpu 0.062 s on 1 threads; alloced 35.691 MB
