Clock: clk
Sources: clk 
Generated: no
Virtual: yes
Propagated: no
Period: 20.000000

===========================================================================
report_clock_properties
============================================================================
Clock                   Period          Waveform
----------------------------------------------------
clk                  20.000000    0.000000 10.000000

===========================================================================
report_clock_latency
============================================================================
Clock clk
rise -> rise
    min     max
0.000000 0.000000 source latency
0.557179         network latency _176_/CLK
        2.561440 network latency _168_/CLK
---------------
0.557179 2.561440 latency
        2.004261 skew

rise -> fall
    min     max
0.000000 0.000000 source latency
1.389812         network latency _187_/CLK
        2.247658 network latency _168_/CLK
---------------
1.389812 2.247658 latency
        0.857847 skew

fall -> fall
    min     max
0.000000 0.000000 source latency
0.512647         network latency _176_/CLK
        0.516066 network latency _179_/CLK
---------------
0.512647 0.516066 latency
        0.003419 skew



===========================================================================
report_clock_min_period
============================================================================
clk period_min = 2.97 fmax = 337.12
