Clock: clk
Sources: clk 
Generated: no
Virtual: no
Propagated: no
Period: 20.000000

===========================================================================
report_clock_properties
============================================================================
Clock                   Period          Waveform
----------------------------------------------------
clk                  20.000000    0.000000 10.000000

===========================================================================
report_clock_latency
============================================================================
Clock clk
rise -> rise
    min     max
0.000000 0.000000 source latency
0.157957         network latency _1367_/CLK
        9.565010 network latency _1228_/CLK
---------------
0.157957 9.565010 latency
        9.407054 skew

rise -> fall
    min     max
0.000000 0.000000 source latency
6.323586         network latency _1228_/CLK
        6.323586 network latency _1228_/CLK
---------------
6.323586 6.323586 latency
        0.000000 skew

fall -> fall
    min     max
0.000000 0.000000 source latency
0.097009         network latency _1367_/CLK
        0.097009 network latency _1367_/CLK
---------------
0.097009 0.097009 latency
        0.000000 skew



===========================================================================
report_clock_min_period
============================================================================
clk period_min = 10.78 fmax = 92.72
