[INFO PSM-0040] All shapes on net VDD are connected.
########## IR report #################
Net              : VDD
Corner           : nom_tt_025C_5v00
Supply voltage   : 5.00e+00 V
Worstcase voltage: 5.00e+00 V
Average voltage  : 5.00e+00 V
Average IR drop  : 2.70e-05 V
Worstcase IR drop: 1.16e-04 V
Percentage drop  : 0.00 %
######################################
[INFO PSM-0040] All shapes on net VSS are connected.
########## IR report #################
Net              : VSS
Corner           : nom_tt_025C_5v00
Supply voltage   : 0.00e+00 V
Worstcase voltage: 9.02e-05 V
Average voltage  : 2.49e-05 V
Average IR drop  : 2.49e-05 V
Worstcase IR drop: 9.02e-05 V
Percentage drop  : 0.00 %
######################################
