
===========================================================================
report_checks -path_delay min (Hold)
============================================================================
======================= nom_ss_125C_4v50 Corner ===================================

Startpoint: _667_ (rising edge-triggered flip-flop clocked by clk)
Endpoint: _667_ (rising edge-triggered flip-flop clocked by clk)
Path Group: clk
Path Type: min

Fanout         Cap        Slew       Delay        Time   Description
---------------------------------------------------------------------------------------------
                      0.150000    0.000000    0.000000   clock clk (rise edge)
                                  0.000000    0.000000   clock network delay (ideal)
                      0.150000    0.000000    0.000000 ^ _667_/CLK (gf180mcu_fd_sc_mcu7t5v0__dffrnq_1)
     2    0.012586    0.318809    1.374243    1.374243 v _667_/Q (gf180mcu_fd_sc_mcu7t5v0__dffrnq_1)
                                                         clk_scaler.counter[4] (net)
                      0.318809    0.000000    1.374243 v _386_/A1 (gf180mcu_fd_sc_mcu7t5v0__xor2_1)
     1    0.004329    0.503231    0.369785    1.744028 ^ _386_/Z (gf180mcu_fd_sc_mcu7t5v0__xor2_1)
                                                         _156_ (net)
                      0.503231    0.000000    1.744028 ^ _387_/A2 (gf180mcu_fd_sc_mcu7t5v0__nor2_1)
     1    0.003014    0.263782    0.243446    1.987474 v _387_/ZN (gf180mcu_fd_sc_mcu7t5v0__nor2_1)
                                                         _006_ (net)
                      0.263782    0.000000    1.987474 v _667_/D (gf180mcu_fd_sc_mcu7t5v0__dffrnq_1)
                                              1.987474   data arrival time

                      0.150000    0.000000    0.000000   clock clk (rise edge)
                                  0.000000    0.000000   clock network delay (ideal)
                                  0.250000    0.250000   clock uncertainty
                                  0.000000    0.250000   clock reconvergence pessimism
                                              0.250000 ^ _667_/CLK (gf180mcu_fd_sc_mcu7t5v0__dffrnq_1)
                                  0.198497    0.448497   library hold time
                                              0.448497   data required time
---------------------------------------------------------------------------------------------
                                              0.448497   data required time
                                             -1.987474   data arrival time
---------------------------------------------------------------------------------------------
                                              1.538978   slack (MET)


Startpoint: _666_ (rising edge-triggered flip-flop clocked by clk)
Endpoint: _666_ (rising edge-triggered flip-flop clocked by clk)
Path Group: clk
Path Type: min

Fanout         Cap        Slew       Delay        Time   Description
---------------------------------------------------------------------------------------------
                      0.150000    0.000000    0.000000   clock clk (rise edge)
                                  0.000000    0.000000   clock network delay (ideal)
                      0.150000    0.000000    0.000000 ^ _666_/CLK (gf180mcu_fd_sc_mcu7t5v0__dffrnq_1)
     3    0.016431    0.375114    1.418102    1.418102 v _666_/Q (gf180mcu_fd_sc_mcu7t5v0__dffrnq_1)
                                                         clk_scaler.counter[3] (net)
                      0.375114    0.000000    1.418102 v _384_/A1 (gf180mcu_fd_sc_mcu7t5v0__xor2_1)
     1    0.004329    0.506469    0.386861    1.804963 ^ _384_/Z (gf180mcu_fd_sc_mcu7t5v0__xor2_1)
                                                         _155_ (net)
                      0.506469    0.000000    1.804963 ^ _385_/A2 (gf180mcu_fd_sc_mcu7t5v0__nor2_1)
     1    0.003014    0.263782    0.243956    2.048919 v _385_/ZN (gf180mcu_fd_sc_mcu7t5v0__nor2_1)
                                                         _005_ (net)
                      0.263782    0.000000    2.048919 v _666_/D (gf180mcu_fd_sc_mcu7t5v0__dffrnq_1)
                                              2.048919   data arrival time

                      0.150000    0.000000    0.000000   clock clk (rise edge)
                                  0.000000    0.000000   clock network delay (ideal)
                                  0.250000    0.250000   clock uncertainty
                                  0.000000    0.250000   clock reconvergence pessimism
                                              0.250000 ^ _666_/CLK (gf180mcu_fd_sc_mcu7t5v0__dffrnq_1)
                                  0.198497    0.448497   library hold time
                                              0.448497   data required time
---------------------------------------------------------------------------------------------
                                              0.448497   data required time
                                             -2.048919   data arrival time
---------------------------------------------------------------------------------------------
                                              1.600423   slack (MET)


Startpoint: _665_ (rising edge-triggered flip-flop clocked by clk)
Endpoint: _665_ (rising edge-triggered flip-flop clocked by clk)
Path Group: clk
Path Type: min

Fanout         Cap        Slew       Delay        Time   Description
---------------------------------------------------------------------------------------------
                      0.150000    0.000000    0.000000   clock clk (rise edge)
                                  0.000000    0.000000   clock network delay (ideal)
                      0.150000    0.000000    0.000000 ^ _665_/CLK (gf180mcu_fd_sc_mcu7t5v0__dffrnq_1)
     4    0.020807    0.439539    1.466906    1.466906 v _665_/Q (gf180mcu_fd_sc_mcu7t5v0__dffrnq_1)
                                                         clk_scaler.counter[2] (net)
                      0.439539    0.000000    1.466906 v _381_/A1 (gf180mcu_fd_sc_mcu7t5v0__xor2_1)
     1    0.004329    0.510174    0.406400    1.873306 ^ _381_/Z (gf180mcu_fd_sc_mcu7t5v0__xor2_1)
                                                         _153_ (net)
                      0.510174    0.000000    1.873306 ^ _382_/A2 (gf180mcu_fd_sc_mcu7t5v0__nor2_1)
     1    0.003014    0.263782    0.244539    2.117845 v _382_/ZN (gf180mcu_fd_sc_mcu7t5v0__nor2_1)
                                                         _004_ (net)
                      0.263782    0.000000    2.117845 v _665_/D (gf180mcu_fd_sc_mcu7t5v0__dffrnq_1)
                                              2.117845   data arrival time

                      0.150000    0.000000    0.000000   clock clk (rise edge)
                                  0.000000    0.000000   clock network delay (ideal)
                                  0.250000    0.250000   clock uncertainty
                                  0.000000    0.250000   clock reconvergence pessimism
                                              0.250000 ^ _665_/CLK (gf180mcu_fd_sc_mcu7t5v0__dffrnq_1)
                                  0.198497    0.448497   library hold time
                                              0.448497   data required time
---------------------------------------------------------------------------------------------
                                              0.448497   data required time
                                             -2.117845   data arrival time
---------------------------------------------------------------------------------------------
                                              1.669348   slack (MET)


Startpoint: _663_ (rising edge-triggered flip-flop clocked by clk)
Endpoint: _663_ (rising edge-triggered flip-flop clocked by clk)
Path Group: clk
Path Type: min

Fanout         Cap        Slew       Delay        Time   Description
---------------------------------------------------------------------------------------------
                      0.150000    0.000000    0.000000   clock clk (rise edge)
                                  0.000000    0.000000   clock network delay (ideal)
                      0.150000    0.000000    0.000000 ^ _663_/CLK (gf180mcu_fd_sc_mcu7t5v0__dffrnq_1)
     5    0.020712    0.735462    1.954547    1.954547 ^ _663_/Q (gf180mcu_fd_sc_mcu7t5v0__dffrnq_1)
                                                         clk_scaler.counter[0] (net)
                      0.735462    0.000000    1.954547 ^ _377_/A1 (gf180mcu_fd_sc_mcu7t5v0__nor2_1)
     1    0.003014    0.278373    0.206799    2.161346 v _377_/ZN (gf180mcu_fd_sc_mcu7t5v0__nor2_1)
                                                         _000_ (net)
                      0.278373    0.000000    2.161346 v _663_/D (gf180mcu_fd_sc_mcu7t5v0__dffrnq_1)
                                              2.161346   data arrival time

                      0.150000    0.000000    0.000000   clock clk (rise edge)
                                  0.000000    0.000000   clock network delay (ideal)
                                  0.250000    0.250000   clock uncertainty
                                  0.000000    0.250000   clock reconvergence pessimism
                                              0.250000 ^ _663_/CLK (gf180mcu_fd_sc_mcu7t5v0__dffrnq_1)
                                  0.195217    0.445217   library hold time
                                              0.445217   data required time
---------------------------------------------------------------------------------------------
                                              0.445217   data required time
                                             -2.161346   data arrival time
---------------------------------------------------------------------------------------------
                                              1.716129   slack (MET)


Startpoint: _670_ (rising edge-triggered flip-flop clocked by clk)
Endpoint: _659_ (rising edge-triggered flip-flop clocked by clk)
Path Group: clk
Path Type: min

Fanout         Cap        Slew       Delay        Time   Description
---------------------------------------------------------------------------------------------
                      0.150000    0.000000    0.000000   clock clk (rise edge)
                                  0.000000    0.000000   clock network delay (ideal)
                      0.150000    0.000000    0.000000 ^ _670_/CLK (gf180mcu_fd_sc_mcu7t5v0__dffrnq_1)
     1    0.004298    0.303190    1.661080    1.661080 ^ _670_/Q (gf180mcu_fd_sc_mcu7t5v0__dffrnq_1)
                                                         clk_scaler.counter[7] (net)
                      0.303190    0.000000    1.661080 ^ _372_/A1 (gf180mcu_fd_sc_mcu7t5v0__nor3_1)
     1    0.004657    0.262508    0.241861    1.902940 v _372_/ZN (gf180mcu_fd_sc_mcu7t5v0__nor3_1)
                                                         _146_ (net)
                      0.262508    0.000000    1.902940 v _374_/B (gf180mcu_fd_sc_mcu7t5v0__oai211_1)
     3    0.014163    0.898188    0.616827    2.519768 ^ _374_/ZN (gf180mcu_fd_sc_mcu7t5v0__oai211_1)
                                                         _148_ (net)
                      0.898188    0.000000    2.519768 ^ _432_/A2 (gf180mcu_fd_sc_mcu7t5v0__aoi21_1)
     1    0.003014    0.298713    0.196621    2.716388 v _432_/ZN (gf180mcu_fd_sc_mcu7t5v0__aoi21_1)
                                                         _056_ (net)
                      0.298713    0.000000    2.716388 v _659_/D (gf180mcu_fd_sc_mcu7t5v0__dffrnq_1)
                                              2.716388   data arrival time

                      0.150000    0.000000    0.000000   clock clk (rise edge)
                                  0.000000    0.000000   clock network delay (ideal)
                                  0.250000    0.250000   clock uncertainty
                                  0.000000    0.250000   clock reconvergence pessimism
                                              0.250000 ^ _659_/CLK (gf180mcu_fd_sc_mcu7t5v0__dffrnq_1)
                                  0.190645    0.440645   library hold time
                                              0.440645   data required time
---------------------------------------------------------------------------------------------
                                              0.440645   data required time
                                             -2.716388   data arrival time
---------------------------------------------------------------------------------------------
                                              2.275743   slack (MET)


Startpoint: _664_ (rising edge-triggered flip-flop clocked by clk)
Endpoint: _664_ (rising edge-triggered flip-flop clocked by clk)
Path Group: clk
Path Type: min

Fanout         Cap        Slew       Delay        Time   Description
---------------------------------------------------------------------------------------------
                      0.150000    0.000000    0.000000   clock clk (rise edge)
                                  0.000000    0.000000   clock network delay (ideal)
                      0.150000    0.000000    0.000000 ^ _664_/CLK (gf180mcu_fd_sc_mcu7t5v0__dffrnq_1)
     4    0.015735    0.364922    1.410163    1.410163 v _664_/Q (gf180mcu_fd_sc_mcu7t5v0__dffrnq_1)
                                                         clk_scaler.counter[1] (net)
                      0.364922    0.000000    1.410163 v _369_/A2 (gf180mcu_fd_sc_mcu7t5v0__or2_1)
     2    0.007401    0.347318    0.828645    2.238807 v _369_/Z (gf180mcu_fd_sc_mcu7t5v0__or2_1)
                                                         _143_ (net)
                      0.347318    0.000000    2.238807 v _379_/A2 (gf180mcu_fd_sc_mcu7t5v0__and4_1)
     1    0.003014    0.199317    0.586025    2.824833 v _379_/Z (gf180mcu_fd_sc_mcu7t5v0__and4_1)
                                                         _003_ (net)
                      0.199317    0.000000    2.824833 v _664_/D (gf180mcu_fd_sc_mcu7t5v0__dffrnq_1)
                                              2.824833   data arrival time

                      0.150000    0.000000    0.000000   clock clk (rise edge)
                                  0.000000    0.000000   clock network delay (ideal)
                                  0.250000    0.250000   clock uncertainty
                                  0.000000    0.250000   clock reconvergence pessimism
                                              0.250000 ^ _664_/CLK (gf180mcu_fd_sc_mcu7t5v0__dffrnq_1)
                                  0.214556    0.464556   library hold time
                                              0.464556   data required time
---------------------------------------------------------------------------------------------
                                              0.464556   data required time
                                             -2.824833   data arrival time
---------------------------------------------------------------------------------------------
                                              2.360277   slack (MET)


Startpoint: rst_n (input port clocked by clk)
Endpoint: _659_ (removal check against rising-edge clock clk)
Path Group: asynchronous
Path Type: min

Fanout         Cap        Slew       Delay        Time   Description
---------------------------------------------------------------------------------------------
                      0.150000    0.000000    0.000000   clock clk (rise edge)
                                  0.000000    0.000000   clock network delay (ideal)
                                  4.000000    4.000000 ^ input external delay
    64    0.394216   11.142081    6.140244   10.140244 ^ rst_n (in)
                                                         rst_n (net)
                     11.142081    0.000000   10.140244 ^ _659_/RN (gf180mcu_fd_sc_mcu7t5v0__dffrnq_1)
                                             10.140244   data arrival time

                      0.150000    0.000000    0.000000   clock clk (rise edge)
                                  0.000000    0.000000   clock network delay (ideal)
                                  0.250000    0.250000   clock uncertainty
                                  0.000000    0.250000   clock reconvergence pessimism
                                              0.250000 ^ _659_/CLK (gf180mcu_fd_sc_mcu7t5v0__dffrnq_1)
                                  1.276897    1.526897   library removal time
                                              1.526897   data required time
---------------------------------------------------------------------------------------------
                                              1.526897   data required time
                                            -10.140244   data arrival time
---------------------------------------------------------------------------------------------
                                              8.613347   slack (MET)


Startpoint: rst_n (input port clocked by clk)
Endpoint: _663_ (removal check against rising-edge clock clk)
Path Group: asynchronous
Path Type: min

Fanout         Cap        Slew       Delay        Time   Description
---------------------------------------------------------------------------------------------
                      0.150000    0.000000    0.000000   clock clk (rise edge)
                                  0.000000    0.000000   clock network delay (ideal)
                                  4.000000    4.000000 ^ input external delay
    64    0.394216   11.142081    6.140244   10.140244 ^ rst_n (in)
                                                         rst_n (net)
                     11.142081    0.000000   10.140244 ^ _663_/RN (gf180mcu_fd_sc_mcu7t5v0__dffrnq_1)
                                             10.140244   data arrival time

                      0.150000    0.000000    0.000000   clock clk (rise edge)
                                  0.000000    0.000000   clock network delay (ideal)
                                  0.250000    0.250000   clock uncertainty
                                  0.000000    0.250000   clock reconvergence pessimism
                                              0.250000 ^ _663_/CLK (gf180mcu_fd_sc_mcu7t5v0__dffrnq_1)
                                  1.276897    1.526897   library removal time
                                              1.526897   data required time
---------------------------------------------------------------------------------------------
                                              1.526897   data required time
                                            -10.140244   data arrival time
---------------------------------------------------------------------------------------------
                                              8.613347   slack (MET)


Startpoint: rst_n (input port clocked by clk)
Endpoint: _664_ (removal check against rising-edge clock clk)
Path Group: asynchronous
Path Type: min

Fanout         Cap        Slew       Delay        Time   Description
---------------------------------------------------------------------------------------------
                      0.150000    0.000000    0.000000   clock clk (rise edge)
                                  0.000000    0.000000   clock network delay (ideal)
                                  4.000000    4.000000 ^ input external delay
    64    0.394216   11.142081    6.140244   10.140244 ^ rst_n (in)
                                                         rst_n (net)
                     11.142081    0.000000   10.140244 ^ _664_/RN (gf180mcu_fd_sc_mcu7t5v0__dffrnq_1)
                                             10.140244   data arrival time

                      0.150000    0.000000    0.000000   clock clk (rise edge)
                                  0.000000    0.000000   clock network delay (ideal)
                                  0.250000    0.250000   clock uncertainty
                                  0.000000    0.250000   clock reconvergence pessimism
                                              0.250000 ^ _664_/CLK (gf180mcu_fd_sc_mcu7t5v0__dffrnq_1)
                                  1.276897    1.526897   library removal time
                                              1.526897   data required time
---------------------------------------------------------------------------------------------
                                              1.526897   data required time
                                            -10.140244   data arrival time
---------------------------------------------------------------------------------------------
                                              8.613347   slack (MET)


Startpoint: rst_n (input port clocked by clk)
Endpoint: _665_ (removal check against rising-edge clock clk)
Path Group: asynchronous
Path Type: min

Fanout         Cap        Slew       Delay        Time   Description
---------------------------------------------------------------------------------------------
                      0.150000    0.000000    0.000000   clock clk (rise edge)
                                  0.000000    0.000000   clock network delay (ideal)
                                  4.000000    4.000000 ^ input external delay
    64    0.394216   11.142081    6.140244   10.140244 ^ rst_n (in)
                                                         rst_n (net)
                     11.142081    0.000000   10.140244 ^ _665_/RN (gf180mcu_fd_sc_mcu7t5v0__dffrnq_1)
                                             10.140244   data arrival time

                      0.150000    0.000000    0.000000   clock clk (rise edge)
                                  0.000000    0.000000   clock network delay (ideal)
                                  0.250000    0.250000   clock uncertainty
                                  0.000000    0.250000   clock reconvergence pessimism
                                              0.250000 ^ _665_/CLK (gf180mcu_fd_sc_mcu7t5v0__dffrnq_1)
                                  1.276897    1.526897   library removal time
                                              1.526897   data required time
---------------------------------------------------------------------------------------------
                                              1.526897   data required time
                                            -10.140244   data arrival time
---------------------------------------------------------------------------------------------
                                              8.613347   slack (MET)


Startpoint: rst_n (input port clocked by clk)
Endpoint: _666_ (removal check against rising-edge clock clk)
Path Group: asynchronous
Path Type: min

Fanout         Cap        Slew       Delay        Time   Description
---------------------------------------------------------------------------------------------
                      0.150000    0.000000    0.000000   clock clk (rise edge)
                                  0.000000    0.000000   clock network delay (ideal)
                                  4.000000    4.000000 ^ input external delay
    64    0.394216   11.142081    6.140244   10.140244 ^ rst_n (in)
                                                         rst_n (net)
                     11.142081    0.000000   10.140244 ^ _666_/RN (gf180mcu_fd_sc_mcu7t5v0__dffrnq_1)
                                             10.140244   data arrival time

                      0.150000    0.000000    0.000000   clock clk (rise edge)
                                  0.000000    0.000000   clock network delay (ideal)
                                  0.250000    0.250000   clock uncertainty
                                  0.000000    0.250000   clock reconvergence pessimism
                                              0.250000 ^ _666_/CLK (gf180mcu_fd_sc_mcu7t5v0__dffrnq_1)
                                  1.276897    1.526897   library removal time
                                              1.526897   data required time
---------------------------------------------------------------------------------------------
                                              1.526897   data required time
                                            -10.140244   data arrival time
---------------------------------------------------------------------------------------------
                                              8.613347   slack (MET)


Startpoint: rst_n (input port clocked by clk)
Endpoint: _667_ (removal check against rising-edge clock clk)
Path Group: asynchronous
Path Type: min

Fanout         Cap        Slew       Delay        Time   Description
---------------------------------------------------------------------------------------------
                      0.150000    0.000000    0.000000   clock clk (rise edge)
                                  0.000000    0.000000   clock network delay (ideal)
                                  4.000000    4.000000 ^ input external delay
    64    0.394216   11.142081    6.140244   10.140244 ^ rst_n (in)
                                                         rst_n (net)
                     11.142081    0.000000   10.140244 ^ _667_/RN (gf180mcu_fd_sc_mcu7t5v0__dffrnq_1)
                                             10.140244   data arrival time

                      0.150000    0.000000    0.000000   clock clk (rise edge)
                                  0.000000    0.000000   clock network delay (ideal)
                                  0.250000    0.250000   clock uncertainty
                                  0.000000    0.250000   clock reconvergence pessimism
                                              0.250000 ^ _667_/CLK (gf180mcu_fd_sc_mcu7t5v0__dffrnq_1)
                                  1.276897    1.526897   library removal time
                                              1.526897   data required time
---------------------------------------------------------------------------------------------
                                              1.526897   data required time
                                            -10.140244   data arrival time
---------------------------------------------------------------------------------------------
                                              8.613347   slack (MET)


Startpoint: rst_n (input port clocked by clk)
Endpoint: _668_ (removal check against rising-edge clock clk)
Path Group: asynchronous
Path Type: min

Fanout         Cap        Slew       Delay        Time   Description
---------------------------------------------------------------------------------------------
                      0.150000    0.000000    0.000000   clock clk (rise edge)
                                  0.000000    0.000000   clock network delay (ideal)
                                  4.000000    4.000000 ^ input external delay
    64    0.394216   11.142081    6.140244   10.140244 ^ rst_n (in)
                                                         rst_n (net)
                     11.142081    0.000000   10.140244 ^ _668_/RN (gf180mcu_fd_sc_mcu7t5v0__dffrnq_1)
                                             10.140244   data arrival time

                      0.150000    0.000000    0.000000   clock clk (rise edge)
                                  0.000000    0.000000   clock network delay (ideal)
                                  0.250000    0.250000   clock uncertainty
                                  0.000000    0.250000   clock reconvergence pessimism
                                              0.250000 ^ _668_/CLK (gf180mcu_fd_sc_mcu7t5v0__dffrnq_1)
                                  1.276897    1.526897   library removal time
                                              1.526897   data required time
---------------------------------------------------------------------------------------------
                                              1.526897   data required time
                                            -10.140244   data arrival time
---------------------------------------------------------------------------------------------
                                              8.613347   slack (MET)


Startpoint: rst_n (input port clocked by clk)
Endpoint: _669_ (removal check against rising-edge clock clk)
Path Group: asynchronous
Path Type: min

Fanout         Cap        Slew       Delay        Time   Description
---------------------------------------------------------------------------------------------
                      0.150000    0.000000    0.000000   clock clk (rise edge)
                                  0.000000    0.000000   clock network delay (ideal)
                                  4.000000    4.000000 ^ input external delay
    64    0.394216   11.142081    6.140244   10.140244 ^ rst_n (in)
                                                         rst_n (net)
                     11.142081    0.000000   10.140244 ^ _669_/RN (gf180mcu_fd_sc_mcu7t5v0__dffrnq_1)
                                             10.140244   data arrival time

                      0.150000    0.000000    0.000000   clock clk (rise edge)
                                  0.000000    0.000000   clock network delay (ideal)
                                  0.250000    0.250000   clock uncertainty
                                  0.000000    0.250000   clock reconvergence pessimism
                                              0.250000 ^ _669_/CLK (gf180mcu_fd_sc_mcu7t5v0__dffrnq_1)
                                  1.276897    1.526897   library removal time
                                              1.526897   data required time
---------------------------------------------------------------------------------------------
                                              1.526897   data required time
                                            -10.140244   data arrival time
---------------------------------------------------------------------------------------------
                                              8.613347   slack (MET)


Startpoint: rst_n (input port clocked by clk)
Endpoint: _670_ (removal check against rising-edge clock clk)
Path Group: asynchronous
Path Type: min

Fanout         Cap        Slew       Delay        Time   Description
---------------------------------------------------------------------------------------------
                      0.150000    0.000000    0.000000   clock clk (rise edge)
                                  0.000000    0.000000   clock network delay (ideal)
                                  4.000000    4.000000 ^ input external delay
    64    0.394216   11.142081    6.140244   10.140244 ^ rst_n (in)
                                                         rst_n (net)
                     11.142081    0.000000   10.140244 ^ _670_/RN (gf180mcu_fd_sc_mcu7t5v0__dffrnq_1)
                                             10.140244   data arrival time

                      0.150000    0.000000    0.000000   clock clk (rise edge)
                                  0.000000    0.000000   clock network delay (ideal)
                                  0.250000    0.250000   clock uncertainty
                                  0.000000    0.250000   clock reconvergence pessimism
                                              0.250000 ^ _670_/CLK (gf180mcu_fd_sc_mcu7t5v0__dffrnq_1)
                                  1.276897    1.526897   library removal time
                                              1.526897   data required time
---------------------------------------------------------------------------------------------
                                              1.526897   data required time
                                            -10.140244   data arrival time
---------------------------------------------------------------------------------------------
                                              8.613347   slack (MET)


Startpoint: rst_n (input port clocked by clk)
Endpoint: _671_ (removal check against rising-edge clock clk)
Path Group: asynchronous
Path Type: min

Fanout         Cap        Slew       Delay        Time   Description
---------------------------------------------------------------------------------------------
                      0.150000    0.000000    0.000000   clock clk (rise edge)
                                  0.000000    0.000000   clock network delay (ideal)
                                  4.000000    4.000000 ^ input external delay
    64    0.394216   11.142081    6.140244   10.140244 ^ rst_n (in)
                                                         rst_n (net)
                     11.142081    0.000000   10.140244 ^ _671_/RN (gf180mcu_fd_sc_mcu7t5v0__dffrnq_1)
                                             10.140244   data arrival time

                      0.150000    0.000000    0.000000   clock clk (rise edge)
                                  0.000000    0.000000   clock network delay (ideal)
                                  0.250000    0.250000   clock uncertainty
                                  0.000000    0.250000   clock reconvergence pessimism
                                              0.250000 ^ _671_/CLK (gf180mcu_fd_sc_mcu7t5v0__dffrnq_1)
                                  1.276897    1.526897   library removal time
                                              1.526897   data required time
---------------------------------------------------------------------------------------------
                                              1.526897   data required time
                                            -10.140244   data arrival time
---------------------------------------------------------------------------------------------
                                              8.613347   slack (MET)


Startpoint: rst_n (input port clocked by clk)
Endpoint: _672_ (removal check against rising-edge clock clk)
Path Group: asynchronous
Path Type: min

Fanout         Cap        Slew       Delay        Time   Description
---------------------------------------------------------------------------------------------
                      0.150000    0.000000    0.000000   clock clk (rise edge)
                                  0.000000    0.000000   clock network delay (ideal)
                                  4.000000    4.000000 ^ input external delay
    64    0.394216   11.142081    6.140244   10.140244 ^ rst_n (in)
                                                         rst_n (net)
                     11.142081    0.000000   10.140244 ^ _672_/RN (gf180mcu_fd_sc_mcu7t5v0__dffrnq_1)
                                             10.140244   data arrival time

                      0.150000    0.000000    0.000000   clock clk (rise edge)
                                  0.000000    0.000000   clock network delay (ideal)
                                  0.250000    0.250000   clock uncertainty
                                  0.000000    0.250000   clock reconvergence pessimism
                                              0.250000 ^ _672_/CLK (gf180mcu_fd_sc_mcu7t5v0__dffrnq_1)
                                  1.276897    1.526897   library removal time
                                              1.526897   data required time
---------------------------------------------------------------------------------------------
                                              1.526897   data required time
                                            -10.140244   data arrival time
---------------------------------------------------------------------------------------------
                                              8.613347   slack (MET)


Startpoint: rst_n (input port clocked by clk)
Endpoint: _673_ (removal check against rising-edge clock clk)
Path Group: asynchronous
Path Type: min

Fanout         Cap        Slew       Delay        Time   Description
---------------------------------------------------------------------------------------------
                      0.150000    0.000000    0.000000   clock clk (rise edge)
                                  0.000000    0.000000   clock network delay (ideal)
                                  4.000000    4.000000 ^ input external delay
    64    0.394216   11.142081    6.140244   10.140244 ^ rst_n (in)
                                                         rst_n (net)
                     11.142081    0.000000   10.140244 ^ _673_/RN (gf180mcu_fd_sc_mcu7t5v0__dffrnq_1)
                                             10.140244   data arrival time

                      0.150000    0.000000    0.000000   clock clk (rise edge)
                                  0.000000    0.000000   clock network delay (ideal)
                                  0.250000    0.250000   clock uncertainty
                                  0.000000    0.250000   clock reconvergence pessimism
                                              0.250000 ^ _673_/CLK (gf180mcu_fd_sc_mcu7t5v0__dffrnq_1)
                                  1.276897    1.526897   library removal time
                                              1.526897   data required time
---------------------------------------------------------------------------------------------
                                              1.526897   data required time
                                            -10.140244   data arrival time
---------------------------------------------------------------------------------------------
                                              8.613347   slack (MET)


Startpoint: rst_n (input port clocked by clk)
Endpoint: _674_ (removal check against rising-edge clock clk)
Path Group: asynchronous
Path Type: min

Fanout         Cap        Slew       Delay        Time   Description
---------------------------------------------------------------------------------------------
                      0.150000    0.000000    0.000000   clock clk (rise edge)
                                  0.000000    0.000000   clock network delay (ideal)
                                  4.000000    4.000000 ^ input external delay
    64    0.394216   11.142081    6.140244   10.140244 ^ rst_n (in)
                                                         rst_n (net)
                     11.142081    0.000000   10.140244 ^ _674_/RN (gf180mcu_fd_sc_mcu7t5v0__dffrnq_1)
                                             10.140244   data arrival time

                      0.150000    0.000000    0.000000   clock clk (rise edge)
                                  0.000000    0.000000   clock network delay (ideal)
                                  0.250000    0.250000   clock uncertainty
                                  0.000000    0.250000   clock reconvergence pessimism
                                              0.250000 ^ _674_/CLK (gf180mcu_fd_sc_mcu7t5v0__dffrnq_1)
                                  1.276897    1.526897   library removal time
                                              1.526897   data required time
---------------------------------------------------------------------------------------------
                                              1.526897   data required time
                                            -10.140244   data arrival time
---------------------------------------------------------------------------------------------
                                              8.613347   slack (MET)



