
===========================================================================
report_checks -unconstrained
===========================================================================
======================= nom_ff_n40C_5v50 Corner ===================================

Startpoint: rst_n (input port clocked by clk)
Endpoint: _224_ (recovery check against rising-edge clock clk)
Path Group: asynchronous
Path Type: max

Fanout         Cap        Slew       Delay        Time   Description
---------------------------------------------------------------------------------------------
                                  0.000000    0.000000   clock clk (rise edge)
                                  0.000000    0.000000   clock network delay (propagated)
                                  4.000000    4.000000 ^ input external delay
     1    0.004223    0.075937    0.028432    4.028432 ^ rst_n (in)
                                                         rst_n (net)
                      0.075937    0.000000    4.028432 ^ input2/I (gf180mcu_fd_sc_mcu7t5v0__clkbuf_2)
     4    0.047203    0.273322    0.278356    4.306789 ^ input2/Z (gf180mcu_fd_sc_mcu7t5v0__clkbuf_2)
                                                         net2 (net)
                      0.273361    0.001812    4.308601 ^ fanout15/I (gf180mcu_fd_sc_mcu7t5v0__clkbuf_4)
    10    0.086098    0.251181    0.321384    4.629985 ^ fanout15/Z (gf180mcu_fd_sc_mcu7t5v0__clkbuf_4)
                                                         net15 (net)
                      0.251188    0.000687    4.630672 ^ fanout14/I (gf180mcu_fd_sc_mcu7t5v0__clkbuf_3)
    10    0.076490    0.228266    0.306287    4.936959 ^ fanout14/Z (gf180mcu_fd_sc_mcu7t5v0__clkbuf_3)
                                                         net14 (net)
                      0.228305    0.001669    4.938629 ^ _224_/RN (gf180mcu_fd_sc_mcu7t5v0__dffrnq_1)
                                              4.938629   data arrival time

                                 20.000000   20.000000   clock clk (rise edge)
                                  0.000000   20.000000   clock source latency
     1    0.027016    0.093798    0.046196   20.046196 ^ clk (in)
                                                         clk (net)
                      0.093799    0.000000   20.046196 ^ clkbuf_0_clk/I (gf180mcu_fd_sc_mcu7t5v0__clkbuf_16)
     2    0.050005    0.073657    0.162528   20.208725 ^ clkbuf_0_clk/Z (gf180mcu_fd_sc_mcu7t5v0__clkbuf_16)
                                                         clknet_0_clk (net)
                      0.073660    0.000973   20.209698 ^ clkbuf_1_1__f_clk/I (gf180mcu_fd_sc_mcu7t5v0__clkbuf_16)
     7    0.032057    0.063631    0.151008   20.360706 ^ clkbuf_1_1__f_clk/Z (gf180mcu_fd_sc_mcu7t5v0__clkbuf_16)
                                                         clknet_1_1__leaf_clk (net)
                      0.063632    0.000195   20.360901 ^ _224_/CLK (gf180mcu_fd_sc_mcu7t5v0__dffrnq_1)
                                 -0.100000   20.260900   clock uncertainty
                                  0.000000   20.260900   clock reconvergence pessimism
                                  0.109929   20.370831   library recovery time
                                             20.370831   data required time
---------------------------------------------------------------------------------------------
                                             20.370831   data required time
                                             -4.938629   data arrival time
---------------------------------------------------------------------------------------------
                                             15.432201   slack (MET)


Startpoint: ena (input port clocked by clk)
Endpoint: _219_ (rising edge-triggered flip-flop clocked by clk)
Path Group: clk
Path Type: max

Fanout         Cap        Slew       Delay        Time   Description
---------------------------------------------------------------------------------------------
                                  0.000000    0.000000   clock clk (rise edge)
                                  0.000000    0.000000   clock network delay (propagated)
                                  4.000000    4.000000 ^ input external delay
     1    0.004238    0.076090    0.028530    4.028530 ^ ena (in)
                                                         ena (net)
                      0.076090    0.000000    4.028530 ^ input1/I (gf180mcu_fd_sc_mcu7t5v0__clkbuf_1)
     2    0.018688    0.227467    0.220407    4.248937 ^ input1/Z (gf180mcu_fd_sc_mcu7t5v0__clkbuf_1)
                                                         net1 (net)
                      0.227470    0.000442    4.249379 ^ _154_/A1 (gf180mcu_fd_sc_mcu7t5v0__nand2_2)
     6    0.034619    0.205668    0.163258    4.412637 v _154_/ZN (gf180mcu_fd_sc_mcu7t5v0__nand2_2)
                                                         _075_ (net)
                      0.205668    0.000396    4.413032 v _163_/A1 (gf180mcu_fd_sc_mcu7t5v0__nor3_1)
     1    0.004202    0.240107    0.175366    4.588398 ^ _163_/ZN (gf180mcu_fd_sc_mcu7t5v0__nor3_1)
                                                         _005_ (net)
                      0.240107    0.000084    4.588482 ^ _219_/D (gf180mcu_fd_sc_mcu7t5v0__dffrnq_1)
                                              4.588482   data arrival time

                                 20.000000   20.000000   clock clk (rise edge)
                                  0.000000   20.000000   clock source latency
     1    0.027016    0.093798    0.046196   20.046196 ^ clk (in)
                                                         clk (net)
                      0.093799    0.000000   20.046196 ^ clkbuf_0_clk/I (gf180mcu_fd_sc_mcu7t5v0__clkbuf_16)
     2    0.050005    0.073657    0.162528   20.208725 ^ clkbuf_0_clk/Z (gf180mcu_fd_sc_mcu7t5v0__clkbuf_16)
                                                         clknet_0_clk (net)
                      0.073661    0.001002   20.209726 ^ clkbuf_1_0__f_clk/I (gf180mcu_fd_sc_mcu7t5v0__clkbuf_16)
     7    0.034063    0.064763    0.151884   20.361610 ^ clkbuf_1_0__f_clk/Z (gf180mcu_fd_sc_mcu7t5v0__clkbuf_16)
                                                         clknet_1_0__leaf_clk (net)
                      0.064763    0.000368   20.361977 ^ _219_/CLK (gf180mcu_fd_sc_mcu7t5v0__dffrnq_1)
                                 -0.100000   20.261978   clock uncertainty
                                  0.000000   20.261978   clock reconvergence pessimism
                                 -0.217056   20.044922   library setup time
                                             20.044922   data required time
---------------------------------------------------------------------------------------------
                                             20.044922   data required time
                                             -4.588482   data arrival time
---------------------------------------------------------------------------------------------
                                             15.456440   slack (MET)




===========================================================================
report_checks --slack_max -0.01
============================================================================
======================= nom_ff_n40C_5v50 Corner ===================================

No paths found.


===========================================================================
 report_check_types -max_slew -max_cap -max_fanout -violators
============================================================================
======================= nom_ff_n40C_5v50 Corner ===================================



===========================================================================
report_parasitic_annotation -report_unannotated
============================================================================
Found 8 unannotated drivers.
 ui_in[1]
 ui_in[2]
 uio_in[3]
 uio_in[4]
 uio_in[5]
 uio_in[6]
 uio_in[7]
 clkload0/Z
Found 0 partially unannotated drivers.

===========================================================================
max slew violation count 0
max fanout violation count 0
max cap violation count 0
============================================================================

===========================================================================
check_setup -verbose -unconstrained_endpoints -multiple_clock -no_clock -no_input_delay -loops -generated_clocks
===========================================================================
Warning: There are 19 unclocked register/latch pins.
  _228_/CLK
  _229_/CLK
  _230_/CLK
  _231_/CLK
  _232_/CLK
  _233_/CLK
  _234_/CLK
  _235_/CLK
  _236_/CLK
  _237_/CLK
  _238_/CLK
  _239_/CLK
  _240_/CLK
  _241_/CLK
  _242_/CLK
  _243_/CLK
  _244_/CLK
  _245_/CLK
  _246_/CLK
Warning: There are 49 unconstrained endpoints.
  uio_oe[0]
  uio_oe[1]
  uio_oe[2]
  uio_oe[3]
  uio_oe[4]
  uio_oe[5]
  uio_oe[6]
  uio_oe[7]
  uio_out[0]
  uio_out[1]
  uio_out[2]
  uio_out[3]
  uio_out[4]
  uio_out[5]
  uio_out[6]
  uio_out[7]
  uo_out[0]
  uo_out[1]
  uo_out[2]
  uo_out[3]
  uo_out[4]
  uo_out[5]
  uo_out[6]
  uo_out[7]
  _222_/D
  _223_/D
  _224_/D
  _225_/D
  _226_/D
  _227_/D
  _228_/D
  _229_/D
  _230_/D
  _231_/D
  _232_/D
  _233_/D
  _234_/D
  _235_/D
  _236_/D
  _237_/D
  _238_/D
  _239_/D
  _240_/D
  _241_/D
  _242_/D
  _243_/D
  _244_/D
  _245_/D
  _246_/D
