
===========================================================================
report_checks -path_delay min (Hold)
============================================================================
======================= nom_ff_n40C_5v50 Corner ===================================

Startpoint: _221_ (rising edge-triggered flip-flop clocked by clk)
Endpoint: _221_ (rising edge-triggered flip-flop clocked by clk)
Path Group: clk
Path Type: min

Fanout         Cap        Slew       Delay        Time   Description
---------------------------------------------------------------------------------------------
                                  0.000000    0.000000   clock clk (rise edge)
                                  0.000000    0.000000   clock source latency
     1    0.027016    0.093798    0.046197    0.046197 ^ clk (in)
                                                         clk (net)
                      0.093799    0.000000    0.046197 ^ clkbuf_0_clk/I (gf180mcu_fd_sc_mcu7t5v0__clkbuf_16)
     2    0.050005    0.073657    0.162527    0.208723 ^ clkbuf_0_clk/Z (gf180mcu_fd_sc_mcu7t5v0__clkbuf_16)
                                                         clknet_0_clk (net)
                      0.073661    0.001002    0.209726 ^ clkbuf_1_0__f_clk/I (gf180mcu_fd_sc_mcu7t5v0__clkbuf_16)
     7    0.034063    0.064763    0.151885    0.361610 ^ clkbuf_1_0__f_clk/Z (gf180mcu_fd_sc_mcu7t5v0__clkbuf_16)
                                                         clknet_1_0__leaf_clk (net)
                      0.064764    0.000625    0.362236 ^ _221_/CLK (gf180mcu_fd_sc_mcu7t5v0__dffrnq_1)
     2    0.010777    0.107388    0.457040    0.819275 v _221_/Q (gf180mcu_fd_sc_mcu7t5v0__dffrnq_1)
                                                         clk_scaler.counter[5] (net)
                      0.107388    0.000106    0.819381 v _166_/B (gf180mcu_fd_sc_mcu7t5v0__aoi21_1)
     1    0.007791    0.193184    0.147053    0.966435 ^ _166_/ZN (gf180mcu_fd_sc_mcu7t5v0__aoi21_1)
                                                         _082_ (net)
                      0.193184    0.000177    0.966612 ^ _167_/A2 (gf180mcu_fd_sc_mcu7t5v0__nor2_1)
     1    0.003374    0.099020    0.088098    1.054710 v _167_/ZN (gf180mcu_fd_sc_mcu7t5v0__nor2_1)
                                                         _007_ (net)
                      0.099020    0.000033    1.054742 v _221_/D (gf180mcu_fd_sc_mcu7t5v0__dffrnq_1)
                                              1.054742   data arrival time

                                  0.000000    0.000000   clock clk (rise edge)
                                  0.000000    0.000000   clock source latency
     1    0.027016    0.093798    0.046197    0.046197 ^ clk (in)
                                                         clk (net)
                      0.093799    0.000000    0.046197 ^ clkbuf_0_clk/I (gf180mcu_fd_sc_mcu7t5v0__clkbuf_16)
     2    0.050005    0.073657    0.162527    0.208723 ^ clkbuf_0_clk/Z (gf180mcu_fd_sc_mcu7t5v0__clkbuf_16)
                                                         clknet_0_clk (net)
                      0.073661    0.001002    0.209726 ^ clkbuf_1_0__f_clk/I (gf180mcu_fd_sc_mcu7t5v0__clkbuf_16)
     7    0.034063    0.064763    0.151885    0.361610 ^ clkbuf_1_0__f_clk/Z (gf180mcu_fd_sc_mcu7t5v0__clkbuf_16)
                                                         clknet_1_0__leaf_clk (net)
                      0.064764    0.000625    0.362236 ^ _221_/CLK (gf180mcu_fd_sc_mcu7t5v0__dffrnq_1)
                                  0.100000    0.462236   clock uncertainty
                                  0.000000    0.462236   clock reconvergence pessimism
                                  0.088177    0.550413   library hold time
                                              0.550413   data required time
---------------------------------------------------------------------------------------------
                                              0.550413   data required time
                                             -1.054742   data arrival time
---------------------------------------------------------------------------------------------
                                              0.504329   slack (MET)


Startpoint: _218_ (rising edge-triggered flip-flop clocked by clk)
Endpoint: _218_ (rising edge-triggered flip-flop clocked by clk)
Path Group: clk
Path Type: min

Fanout         Cap        Slew       Delay        Time   Description
---------------------------------------------------------------------------------------------
                                  0.000000    0.000000   clock clk (rise edge)
                                  0.000000    0.000000   clock source latency
     1    0.027016    0.093798    0.046197    0.046197 ^ clk (in)
                                                         clk (net)
                      0.093799    0.000000    0.046197 ^ clkbuf_0_clk/I (gf180mcu_fd_sc_mcu7t5v0__clkbuf_16)
     2    0.050005    0.073657    0.162527    0.208723 ^ clkbuf_0_clk/Z (gf180mcu_fd_sc_mcu7t5v0__clkbuf_16)
                                                         clknet_0_clk (net)
                      0.073661    0.001002    0.209726 ^ clkbuf_1_0__f_clk/I (gf180mcu_fd_sc_mcu7t5v0__clkbuf_16)
     7    0.034063    0.064763    0.151885    0.361610 ^ clkbuf_1_0__f_clk/Z (gf180mcu_fd_sc_mcu7t5v0__clkbuf_16)
                                                         clknet_1_0__leaf_clk (net)
                      0.064763    0.000361    0.361971 ^ _218_/CLK (gf180mcu_fd_sc_mcu7t5v0__dffrnq_1)
     3    0.016278    0.138010    0.481315    0.843286 v _218_/Q (gf180mcu_fd_sc_mcu7t5v0__dffrnq_1)
                                                         clk_scaler.counter[2] (net)
                      0.138014    0.000431    0.843717 v _158_/B (gf180mcu_fd_sc_mcu7t5v0__aoi21_1)
     1    0.004633    0.157142    0.127969    0.971686 ^ _158_/ZN (gf180mcu_fd_sc_mcu7t5v0__aoi21_1)
                                                         _077_ (net)
                      0.157142    0.000088    0.971774 ^ _160_/A2 (gf180mcu_fd_sc_mcu7t5v0__nor3_1)
     1    0.003633    0.113971    0.102410    1.074184 v _160_/ZN (gf180mcu_fd_sc_mcu7t5v0__nor3_1)
                                                         _004_ (net)
                      0.113971    0.000036    1.074220 v _218_/D (gf180mcu_fd_sc_mcu7t5v0__dffrnq_1)
                                              1.074220   data arrival time

                                  0.000000    0.000000   clock clk (rise edge)
                                  0.000000    0.000000   clock source latency
     1    0.027016    0.093798    0.046197    0.046197 ^ clk (in)
                                                         clk (net)
                      0.093799    0.000000    0.046197 ^ clkbuf_0_clk/I (gf180mcu_fd_sc_mcu7t5v0__clkbuf_16)
     2    0.050005    0.073657    0.162527    0.208723 ^ clkbuf_0_clk/Z (gf180mcu_fd_sc_mcu7t5v0__clkbuf_16)
                                                         clknet_0_clk (net)
                      0.073661    0.001002    0.209726 ^ clkbuf_1_0__f_clk/I (gf180mcu_fd_sc_mcu7t5v0__clkbuf_16)
     7    0.034063    0.064763    0.151885    0.361610 ^ clkbuf_1_0__f_clk/Z (gf180mcu_fd_sc_mcu7t5v0__clkbuf_16)
                                                         clknet_1_0__leaf_clk (net)
                      0.064763    0.000361    0.361971 ^ _218_/CLK (gf180mcu_fd_sc_mcu7t5v0__dffrnq_1)
                                  0.100000    0.461971   clock uncertainty
                                  0.000000    0.461971   clock reconvergence pessimism
                                  0.085386    0.547357   library hold time
                                              0.547357   data required time
---------------------------------------------------------------------------------------------
                                              0.547357   data required time
                                             -1.074220   data arrival time
---------------------------------------------------------------------------------------------
                                              0.526863   slack (MET)


Startpoint: _219_ (rising edge-triggered flip-flop clocked by clk)
Endpoint: _219_ (rising edge-triggered flip-flop clocked by clk)
Path Group: clk
Path Type: min

Fanout         Cap        Slew       Delay        Time   Description
---------------------------------------------------------------------------------------------
                                  0.000000    0.000000   clock clk (rise edge)
                                  0.000000    0.000000   clock source latency
     1    0.027016    0.093798    0.046197    0.046197 ^ clk (in)
                                                         clk (net)
                      0.093799    0.000000    0.046197 ^ clkbuf_0_clk/I (gf180mcu_fd_sc_mcu7t5v0__clkbuf_16)
     2    0.050005    0.073657    0.162527    0.208723 ^ clkbuf_0_clk/Z (gf180mcu_fd_sc_mcu7t5v0__clkbuf_16)
                                                         clknet_0_clk (net)
                      0.073661    0.001002    0.209726 ^ clkbuf_1_0__f_clk/I (gf180mcu_fd_sc_mcu7t5v0__clkbuf_16)
     7    0.034063    0.064763    0.151885    0.361610 ^ clkbuf_1_0__f_clk/Z (gf180mcu_fd_sc_mcu7t5v0__clkbuf_16)
                                                         clknet_1_0__leaf_clk (net)
                      0.064763    0.000366    0.361977 ^ _219_/CLK (gf180mcu_fd_sc_mcu7t5v0__dffrnq_1)
     3    0.016297    0.138138    0.481477    0.843454 v _219_/Q (gf180mcu_fd_sc_mcu7t5v0__dffrnq_1)
                                                         clk_scaler.counter[3] (net)
                      0.138140    0.000317    0.843771 v _161_/A1 (gf180mcu_fd_sc_mcu7t5v0__nor2_1)
     1    0.005183    0.166693    0.130349    0.974120 ^ _161_/ZN (gf180mcu_fd_sc_mcu7t5v0__nor2_1)
                                                         _079_ (net)
                      0.166693    0.000104    0.974223 ^ _163_/A2 (gf180mcu_fd_sc_mcu7t5v0__nor3_1)
     1    0.004202    0.118867    0.107918    1.082141 v _163_/ZN (gf180mcu_fd_sc_mcu7t5v0__nor3_1)
                                                         _005_ (net)
                      0.118867    0.000084    1.082226 v _219_/D (gf180mcu_fd_sc_mcu7t5v0__dffrnq_1)
                                              1.082226   data arrival time

                                  0.000000    0.000000   clock clk (rise edge)
                                  0.000000    0.000000   clock source latency
     1    0.027016    0.093798    0.046197    0.046197 ^ clk (in)
                                                         clk (net)
                      0.093799    0.000000    0.046197 ^ clkbuf_0_clk/I (gf180mcu_fd_sc_mcu7t5v0__clkbuf_16)
     2    0.050005    0.073657    0.162527    0.208723 ^ clkbuf_0_clk/Z (gf180mcu_fd_sc_mcu7t5v0__clkbuf_16)
                                                         clknet_0_clk (net)
                      0.073661    0.001002    0.209726 ^ clkbuf_1_0__f_clk/I (gf180mcu_fd_sc_mcu7t5v0__clkbuf_16)
     7    0.034063    0.064763    0.151885    0.361610 ^ clkbuf_1_0__f_clk/Z (gf180mcu_fd_sc_mcu7t5v0__clkbuf_16)
                                                         clknet_1_0__leaf_clk (net)
                      0.064763    0.000366    0.361977 ^ _219_/CLK (gf180mcu_fd_sc_mcu7t5v0__dffrnq_1)
                                  0.100000    0.461977   clock uncertainty
                                  0.000000    0.461977   clock reconvergence pessimism
                                  0.084481    0.546458   library hold time
                                              0.546458   data required time
---------------------------------------------------------------------------------------------
                                              0.546458   data required time
                                             -1.082226   data arrival time
---------------------------------------------------------------------------------------------
                                              0.535768   slack (MET)


Startpoint: _216_ (rising edge-triggered flip-flop clocked by clk)
Endpoint: _216_ (rising edge-triggered flip-flop clocked by clk)
Path Group: clk
Path Type: min

Fanout         Cap        Slew       Delay        Time   Description
---------------------------------------------------------------------------------------------
                                  0.000000    0.000000   clock clk (rise edge)
                                  0.000000    0.000000   clock source latency
     1    0.027016    0.093798    0.046197    0.046197 ^ clk (in)
                                                         clk (net)
                      0.093799    0.000000    0.046197 ^ clkbuf_0_clk/I (gf180mcu_fd_sc_mcu7t5v0__clkbuf_16)
     2    0.050005    0.073657    0.162527    0.208723 ^ clkbuf_0_clk/Z (gf180mcu_fd_sc_mcu7t5v0__clkbuf_16)
                                                         clknet_0_clk (net)
                      0.073661    0.001002    0.209726 ^ clkbuf_1_0__f_clk/I (gf180mcu_fd_sc_mcu7t5v0__clkbuf_16)
     7    0.034063    0.064763    0.151885    0.361610 ^ clkbuf_1_0__f_clk/Z (gf180mcu_fd_sc_mcu7t5v0__clkbuf_16)
                                                         clknet_1_0__leaf_clk (net)
                      0.064764    0.000548    0.362158 ^ _216_/CLK (gf180mcu_fd_sc_mcu7t5v0__dffrnq_1)
     4    0.025610    0.314106    0.668878    1.031036 ^ _216_/Q (gf180mcu_fd_sc_mcu7t5v0__dffrnq_1)
                                                         clk_scaler.counter[0] (net)
                      0.314106    0.000321    1.031357 ^ _155_/A1 (gf180mcu_fd_sc_mcu7t5v0__nor2_1)
     1    0.003807    0.118874    0.076392    1.107749 v _155_/ZN (gf180mcu_fd_sc_mcu7t5v0__nor2_1)
                                                         _000_ (net)
                      0.118874    0.000070    1.107819 v _216_/D (gf180mcu_fd_sc_mcu7t5v0__dffrnq_1)
                                              1.107819   data arrival time

                                  0.000000    0.000000   clock clk (rise edge)
                                  0.000000    0.000000   clock source latency
     1    0.027016    0.093798    0.046197    0.046197 ^ clk (in)
                                                         clk (net)
                      0.093799    0.000000    0.046197 ^ clkbuf_0_clk/I (gf180mcu_fd_sc_mcu7t5v0__clkbuf_16)
     2    0.050005    0.073657    0.162527    0.208723 ^ clkbuf_0_clk/Z (gf180mcu_fd_sc_mcu7t5v0__clkbuf_16)
                                                         clknet_0_clk (net)
                      0.073661    0.001002    0.209726 ^ clkbuf_1_0__f_clk/I (gf180mcu_fd_sc_mcu7t5v0__clkbuf_16)
     7    0.034063    0.064763    0.151885    0.361610 ^ clkbuf_1_0__f_clk/Z (gf180mcu_fd_sc_mcu7t5v0__clkbuf_16)
                                                         clknet_1_0__leaf_clk (net)
                      0.064764    0.000548    0.362158 ^ _216_/CLK (gf180mcu_fd_sc_mcu7t5v0__dffrnq_1)
                                  0.100000    0.462158   clock uncertainty
                                  0.000000    0.462158   clock reconvergence pessimism
                                  0.084480    0.546638   library hold time
                                              0.546638   data required time
---------------------------------------------------------------------------------------------
                                              0.546638   data required time
                                             -1.107819   data arrival time
---------------------------------------------------------------------------------------------
                                              0.561181   slack (MET)


Startpoint: _220_ (rising edge-triggered flip-flop clocked by clk)
Endpoint: _220_ (rising edge-triggered flip-flop clocked by clk)
Path Group: clk
Path Type: min

Fanout         Cap        Slew       Delay        Time   Description
---------------------------------------------------------------------------------------------
                                  0.000000    0.000000   clock clk (rise edge)
                                  0.000000    0.000000   clock source latency
     1    0.027016    0.093798    0.046197    0.046197 ^ clk (in)
                                                         clk (net)
                      0.093799    0.000000    0.046197 ^ clkbuf_0_clk/I (gf180mcu_fd_sc_mcu7t5v0__clkbuf_16)
     2    0.050005    0.073657    0.162527    0.208723 ^ clkbuf_0_clk/Z (gf180mcu_fd_sc_mcu7t5v0__clkbuf_16)
                                                         clknet_0_clk (net)
                      0.073661    0.001002    0.209726 ^ clkbuf_1_0__f_clk/I (gf180mcu_fd_sc_mcu7t5v0__clkbuf_16)
     7    0.034063    0.064763    0.151885    0.361610 ^ clkbuf_1_0__f_clk/Z (gf180mcu_fd_sc_mcu7t5v0__clkbuf_16)
                                                         clknet_1_0__leaf_clk (net)
                      0.064764    0.000611    0.362221 ^ _220_/CLK (gf180mcu_fd_sc_mcu7t5v0__dffrnq_1)
     3    0.019249    0.155150    0.494573    0.856794 v _220_/Q (gf180mcu_fd_sc_mcu7t5v0__dffrnq_1)
                                                         clk_scaler.counter[4] (net)
                      0.155150    0.000148    0.856942 v _164_/A1 (gf180mcu_fd_sc_mcu7t5v0__xnor2_1)
     1    0.005776    0.188416    0.172196    1.029139 ^ _164_/ZN (gf180mcu_fd_sc_mcu7t5v0__xnor2_1)
                                                         _081_ (net)
                      0.188416    0.000118    1.029257 ^ _165_/A2 (gf180mcu_fd_sc_mcu7t5v0__nor2_1)
     1    0.003902    0.103225    0.091266    1.120523 v _165_/ZN (gf180mcu_fd_sc_mcu7t5v0__nor2_1)
                                                         _006_ (net)
                      0.103225    0.000040    1.120563 v _220_/D (gf180mcu_fd_sc_mcu7t5v0__dffrnq_1)
                                              1.120563   data arrival time

                                  0.000000    0.000000   clock clk (rise edge)
                                  0.000000    0.000000   clock source latency
     1    0.027016    0.093798    0.046197    0.046197 ^ clk (in)
                                                         clk (net)
                      0.093799    0.000000    0.046197 ^ clkbuf_0_clk/I (gf180mcu_fd_sc_mcu7t5v0__clkbuf_16)
     2    0.050005    0.073657    0.162527    0.208723 ^ clkbuf_0_clk/Z (gf180mcu_fd_sc_mcu7t5v0__clkbuf_16)
                                                         clknet_0_clk (net)
                      0.073661    0.001002    0.209726 ^ clkbuf_1_0__f_clk/I (gf180mcu_fd_sc_mcu7t5v0__clkbuf_16)
     7    0.034063    0.064763    0.151885    0.361610 ^ clkbuf_1_0__f_clk/Z (gf180mcu_fd_sc_mcu7t5v0__clkbuf_16)
                                                         clknet_1_0__leaf_clk (net)
                      0.064764    0.000611    0.362221 ^ _220_/CLK (gf180mcu_fd_sc_mcu7t5v0__dffrnq_1)
                                  0.100000    0.462221   clock uncertainty
                                  0.000000    0.462221   clock reconvergence pessimism
                                  0.087371    0.549592   library hold time
                                              0.549592   data required time
---------------------------------------------------------------------------------------------
                                              0.549592   data required time
                                             -1.120563   data arrival time
---------------------------------------------------------------------------------------------
                                              0.570971   slack (MET)


Startpoint: _216_ (rising edge-triggered flip-flop clocked by clk)
Endpoint: _217_ (rising edge-triggered flip-flop clocked by clk)
Path Group: clk
Path Type: min

Fanout         Cap        Slew       Delay        Time   Description
---------------------------------------------------------------------------------------------
                                  0.000000    0.000000   clock clk (rise edge)
                                  0.000000    0.000000   clock source latency
     1    0.027016    0.093798    0.046197    0.046197 ^ clk (in)
                                                         clk (net)
                      0.093799    0.000000    0.046197 ^ clkbuf_0_clk/I (gf180mcu_fd_sc_mcu7t5v0__clkbuf_16)
     2    0.050005    0.073657    0.162527    0.208723 ^ clkbuf_0_clk/Z (gf180mcu_fd_sc_mcu7t5v0__clkbuf_16)
                                                         clknet_0_clk (net)
                      0.073661    0.001002    0.209726 ^ clkbuf_1_0__f_clk/I (gf180mcu_fd_sc_mcu7t5v0__clkbuf_16)
     7    0.034063    0.064763    0.151885    0.361610 ^ clkbuf_1_0__f_clk/Z (gf180mcu_fd_sc_mcu7t5v0__clkbuf_16)
                                                         clknet_1_0__leaf_clk (net)
                      0.064764    0.000548    0.362158 ^ _216_/CLK (gf180mcu_fd_sc_mcu7t5v0__dffrnq_1)
     4    0.025610    0.192967    0.520494    0.882652 v _216_/Q (gf180mcu_fd_sc_mcu7t5v0__dffrnq_1)
                                                         clk_scaler.counter[0] (net)
                      0.192968    0.000345    0.882997 v _156_/A2 (gf180mcu_fd_sc_mcu7t5v0__xnor2_1)
     1    0.006423    0.193466    0.191984    1.074981 ^ _156_/ZN (gf180mcu_fd_sc_mcu7t5v0__xnor2_1)
                                                         _076_ (net)
                      0.193466    0.000138    1.075119 ^ _157_/A2 (gf180mcu_fd_sc_mcu7t5v0__nor2_1)
     1    0.004544    0.108694    0.096547    1.171666 v _157_/ZN (gf180mcu_fd_sc_mcu7t5v0__nor2_1)
                                                         _003_ (net)
                      0.108694    0.000054    1.171719 v _217_/D (gf180mcu_fd_sc_mcu7t5v0__dffrnq_1)
                                              1.171719   data arrival time

                                  0.000000    0.000000   clock clk (rise edge)
                                  0.000000    0.000000   clock source latency
     1    0.027016    0.093798    0.046197    0.046197 ^ clk (in)
                                                         clk (net)
                      0.093799    0.000000    0.046197 ^ clkbuf_0_clk/I (gf180mcu_fd_sc_mcu7t5v0__clkbuf_16)
     2    0.050005    0.073657    0.162527    0.208723 ^ clkbuf_0_clk/Z (gf180mcu_fd_sc_mcu7t5v0__clkbuf_16)
                                                         clknet_0_clk (net)
                      0.073661    0.001002    0.209726 ^ clkbuf_1_0__f_clk/I (gf180mcu_fd_sc_mcu7t5v0__clkbuf_16)
     7    0.034063    0.064763    0.151885    0.361610 ^ clkbuf_1_0__f_clk/Z (gf180mcu_fd_sc_mcu7t5v0__clkbuf_16)
                                                         clknet_1_0__leaf_clk (net)
                      0.064764    0.000602    0.362212 ^ _217_/CLK (gf180mcu_fd_sc_mcu7t5v0__dffrnq_1)
                                  0.100000    0.462212   clock uncertainty
                                  0.000000    0.462212   clock reconvergence pessimism
                                  0.086361    0.548573   library hold time
                                              0.548573   data required time
---------------------------------------------------------------------------------------------
                                              0.548573   data required time
                                             -1.171719   data arrival time
---------------------------------------------------------------------------------------------
                                              0.623146   slack (MET)


Startpoint: _223_ (rising edge-triggered flip-flop clocked by clk)
Endpoint: _247_ (rising edge-triggered flip-flop clocked by clk)
Path Group: clk
Path Type: min

Fanout         Cap        Slew       Delay        Time   Description
---------------------------------------------------------------------------------------------
                                  0.000000    0.000000   clock clk (rise edge)
                                  0.000000    0.000000   clock source latency
     1    0.027016    0.093798    0.046197    0.046197 ^ clk (in)
                                                         clk (net)
                      0.093799    0.000000    0.046197 ^ clkbuf_0_clk/I (gf180mcu_fd_sc_mcu7t5v0__clkbuf_16)
     2    0.050005    0.073657    0.162527    0.208723 ^ clkbuf_0_clk/Z (gf180mcu_fd_sc_mcu7t5v0__clkbuf_16)
                                                         clknet_0_clk (net)
                      0.073660    0.000973    0.209696 ^ clkbuf_1_1__f_clk/I (gf180mcu_fd_sc_mcu7t5v0__clkbuf_16)
     7    0.032057    0.063631    0.151009    0.360705 ^ clkbuf_1_1__f_clk/Z (gf180mcu_fd_sc_mcu7t5v0__clkbuf_16)
                                                         clknet_1_1__leaf_clk (net)
                      0.063634    0.000812    0.361517 ^ _223_/CLK (gf180mcu_fd_sc_mcu7t5v0__dffrnq_1)
     1    0.005161    0.112030    0.536380    0.897897 ^ _223_/Q (gf180mcu_fd_sc_mcu7t5v0__dffrnq_1)
                                                         clk_scaler.counter[7] (net)
                      0.112030    0.000055    0.897952 ^ _150_/A1 (gf180mcu_fd_sc_mcu7t5v0__nor2_1)
     1    0.010608    0.123973    0.106680    1.004632 v _150_/ZN (gf180mcu_fd_sc_mcu7t5v0__nor2_1)
                                                         _071_ (net)
                      0.123973    0.000135    1.004766 v _152_/B (gf180mcu_fd_sc_mcu7t5v0__oai211_2)
     3    0.017049    0.229237    0.175188    1.179954 ^ _152_/ZN (gf180mcu_fd_sc_mcu7t5v0__oai211_2)
                                                         _073_ (net)
                      0.229237    0.000208    1.180162 ^ _203_/A2 (gf180mcu_fd_sc_mcu7t5v0__aoi21_1)
     1    0.003577    0.097926    0.069825    1.249986 v _203_/ZN (gf180mcu_fd_sc_mcu7t5v0__aoi21_1)
                                                         _044_ (net)
                      0.097926    0.000066    1.250052 v _247_/D (gf180mcu_fd_sc_mcu7t5v0__dffrnq_1)
                                              1.250052   data arrival time

                                  0.000000    0.000000   clock clk (rise edge)
                                  0.000000    0.000000   clock source latency
     1    0.027016    0.093798    0.046197    0.046197 ^ clk (in)
                                                         clk (net)
                      0.093799    0.000000    0.046197 ^ clkbuf_0_clk/I (gf180mcu_fd_sc_mcu7t5v0__clkbuf_16)
     2    0.050005    0.073657    0.162527    0.208723 ^ clkbuf_0_clk/Z (gf180mcu_fd_sc_mcu7t5v0__clkbuf_16)
                                                         clknet_0_clk (net)
                      0.073660    0.000973    0.209696 ^ clkbuf_1_1__f_clk/I (gf180mcu_fd_sc_mcu7t5v0__clkbuf_16)
     7    0.032057    0.063631    0.151009    0.360705 ^ clkbuf_1_1__f_clk/Z (gf180mcu_fd_sc_mcu7t5v0__clkbuf_16)
                                                         clknet_1_1__leaf_clk (net)
                      0.063632    0.000411    0.361116 ^ _247_/CLK (gf180mcu_fd_sc_mcu7t5v0__dffrnq_1)
                                  0.100000    0.461116   clock uncertainty
                                  0.000000    0.461116   clock reconvergence pessimism
                                  0.088146    0.549262   library hold time
                                              0.549262   data required time
---------------------------------------------------------------------------------------------
                                              0.549262   data required time
                                             -1.250052   data arrival time
---------------------------------------------------------------------------------------------
                                              0.700790   slack (MET)


Startpoint: rst_n (input port clocked by clk)
Endpoint: _247_ (removal check against rising-edge clock clk)
Path Group: asynchronous
Path Type: min

Fanout         Cap        Slew       Delay        Time   Description
---------------------------------------------------------------------------------------------
                                  0.000000    0.000000   clock clk (rise edge)
                                  0.000000    0.000000   clock network delay (propagated)
                                  4.000000    4.000000 ^ input external delay
     1    0.004223    0.075937    0.028432    4.028432 ^ rst_n (in)
                                                         rst_n (net)
                      0.075937    0.000000    4.028432 ^ input2/I (gf180mcu_fd_sc_mcu7t5v0__clkbuf_2)
     4    0.047203    0.273322    0.278356    4.306789 ^ input2/Z (gf180mcu_fd_sc_mcu7t5v0__clkbuf_2)
                                                         net2 (net)
                      0.273370    0.002029    4.308818 ^ _247_/RN (gf180mcu_fd_sc_mcu7t5v0__dffrnq_1)
                                              4.308818   data arrival time

                                  0.000000    0.000000   clock clk (rise edge)
                                  0.000000    0.000000   clock source latency
     1    0.027016    0.093798    0.046197    0.046197 ^ clk (in)
                                                         clk (net)
                      0.093799    0.000000    0.046197 ^ clkbuf_0_clk/I (gf180mcu_fd_sc_mcu7t5v0__clkbuf_16)
     2    0.050005    0.073657    0.162527    0.208723 ^ clkbuf_0_clk/Z (gf180mcu_fd_sc_mcu7t5v0__clkbuf_16)
                                                         clknet_0_clk (net)
                      0.073660    0.000973    0.209696 ^ clkbuf_1_1__f_clk/I (gf180mcu_fd_sc_mcu7t5v0__clkbuf_16)
     7    0.032057    0.063631    0.151009    0.360705 ^ clkbuf_1_1__f_clk/Z (gf180mcu_fd_sc_mcu7t5v0__clkbuf_16)
                                                         clknet_1_1__leaf_clk (net)
                      0.063632    0.000411    0.361116 ^ _247_/CLK (gf180mcu_fd_sc_mcu7t5v0__dffrnq_1)
                                  0.100000    0.461116   clock uncertainty
                                  0.000000    0.461116   clock reconvergence pessimism
                                  0.226444    0.687560   library removal time
                                              0.687560   data required time
---------------------------------------------------------------------------------------------
                                              0.687560   data required time
                                             -4.308818   data arrival time
---------------------------------------------------------------------------------------------
                                              3.621258   slack (MET)


Startpoint: rst_n (input port clocked by clk)
Endpoint: _216_ (removal check against rising-edge clock clk)
Path Group: asynchronous
Path Type: min

Fanout         Cap        Slew       Delay        Time   Description
---------------------------------------------------------------------------------------------
                                  0.000000    0.000000   clock clk (rise edge)
                                  0.000000    0.000000   clock network delay (propagated)
                                  4.000000    4.000000 ^ input external delay
     1    0.004223    0.075937    0.028432    4.028432 ^ rst_n (in)
                                                         rst_n (net)
                      0.075937    0.000000    4.028432 ^ input2/I (gf180mcu_fd_sc_mcu7t5v0__clkbuf_2)
     4    0.047203    0.273322    0.278356    4.306789 ^ input2/Z (gf180mcu_fd_sc_mcu7t5v0__clkbuf_2)
                                                         net2 (net)
                      0.273361    0.001812    4.308601 ^ fanout15/I (gf180mcu_fd_sc_mcu7t5v0__clkbuf_4)
    10    0.086098    0.251181    0.321384    4.629985 ^ fanout15/Z (gf180mcu_fd_sc_mcu7t5v0__clkbuf_4)
                                                         net15 (net)
                      0.251308    0.003005    4.632990 ^ _216_/RN (gf180mcu_fd_sc_mcu7t5v0__dffrnq_1)
                                              4.632990   data arrival time

                                  0.000000    0.000000   clock clk (rise edge)
                                  0.000000    0.000000   clock source latency
     1    0.027016    0.093798    0.046197    0.046197 ^ clk (in)
                                                         clk (net)
                      0.093799    0.000000    0.046197 ^ clkbuf_0_clk/I (gf180mcu_fd_sc_mcu7t5v0__clkbuf_16)
     2    0.050005    0.073657    0.162527    0.208723 ^ clkbuf_0_clk/Z (gf180mcu_fd_sc_mcu7t5v0__clkbuf_16)
                                                         clknet_0_clk (net)
                      0.073661    0.001002    0.209726 ^ clkbuf_1_0__f_clk/I (gf180mcu_fd_sc_mcu7t5v0__clkbuf_16)
     7    0.034063    0.064763    0.151885    0.361610 ^ clkbuf_1_0__f_clk/Z (gf180mcu_fd_sc_mcu7t5v0__clkbuf_16)
                                                         clknet_1_0__leaf_clk (net)
                      0.064764    0.000548    0.362158 ^ _216_/CLK (gf180mcu_fd_sc_mcu7t5v0__dffrnq_1)
                                  0.100000    0.462158   clock uncertainty
                                  0.000000    0.462158   clock reconvergence pessimism
                                  0.225410    0.687568   library removal time
                                              0.687568   data required time
---------------------------------------------------------------------------------------------
                                              0.687568   data required time
                                             -4.632990   data arrival time
---------------------------------------------------------------------------------------------
                                              3.945422   slack (MET)


Startpoint: rst_n (input port clocked by clk)
Endpoint: _217_ (removal check against rising-edge clock clk)
Path Group: asynchronous
Path Type: min

Fanout         Cap        Slew       Delay        Time   Description
---------------------------------------------------------------------------------------------
                                  0.000000    0.000000   clock clk (rise edge)
                                  0.000000    0.000000   clock network delay (propagated)
                                  4.000000    4.000000 ^ input external delay
     1    0.004223    0.075937    0.028432    4.028432 ^ rst_n (in)
                                                         rst_n (net)
                      0.075937    0.000000    4.028432 ^ input2/I (gf180mcu_fd_sc_mcu7t5v0__clkbuf_2)
     4    0.047203    0.273322    0.278356    4.306789 ^ input2/Z (gf180mcu_fd_sc_mcu7t5v0__clkbuf_2)
                                                         net2 (net)
                      0.273361    0.001812    4.308601 ^ fanout15/I (gf180mcu_fd_sc_mcu7t5v0__clkbuf_4)
    10    0.086098    0.251181    0.321384    4.629985 ^ fanout15/Z (gf180mcu_fd_sc_mcu7t5v0__clkbuf_4)
                                                         net15 (net)
                      0.251350    0.003538    4.633523 ^ _217_/RN (gf180mcu_fd_sc_mcu7t5v0__dffrnq_1)
                                              4.633523   data arrival time

                                  0.000000    0.000000   clock clk (rise edge)
                                  0.000000    0.000000   clock source latency
     1    0.027016    0.093798    0.046197    0.046197 ^ clk (in)
                                                         clk (net)
                      0.093799    0.000000    0.046197 ^ clkbuf_0_clk/I (gf180mcu_fd_sc_mcu7t5v0__clkbuf_16)
     2    0.050005    0.073657    0.162527    0.208723 ^ clkbuf_0_clk/Z (gf180mcu_fd_sc_mcu7t5v0__clkbuf_16)
                                                         clknet_0_clk (net)
                      0.073661    0.001002    0.209726 ^ clkbuf_1_0__f_clk/I (gf180mcu_fd_sc_mcu7t5v0__clkbuf_16)
     7    0.034063    0.064763    0.151885    0.361610 ^ clkbuf_1_0__f_clk/Z (gf180mcu_fd_sc_mcu7t5v0__clkbuf_16)
                                                         clknet_1_0__leaf_clk (net)
                      0.064764    0.000602    0.362212 ^ _217_/CLK (gf180mcu_fd_sc_mcu7t5v0__dffrnq_1)
                                  0.100000    0.462212   clock uncertainty
                                  0.000000    0.462212   clock reconvergence pessimism
                                  0.225413    0.687625   library removal time
                                              0.687625   data required time
---------------------------------------------------------------------------------------------
                                              0.687625   data required time
                                             -4.633523   data arrival time
---------------------------------------------------------------------------------------------
                                              3.945898   slack (MET)


Startpoint: rst_n (input port clocked by clk)
Endpoint: _220_ (removal check against rising-edge clock clk)
Path Group: asynchronous
Path Type: min

Fanout         Cap        Slew       Delay        Time   Description
---------------------------------------------------------------------------------------------
                                  0.000000    0.000000   clock clk (rise edge)
                                  0.000000    0.000000   clock network delay (propagated)
                                  4.000000    4.000000 ^ input external delay
     1    0.004223    0.075937    0.028432    4.028432 ^ rst_n (in)
                                                         rst_n (net)
                      0.075937    0.000000    4.028432 ^ input2/I (gf180mcu_fd_sc_mcu7t5v0__clkbuf_2)
     4    0.047203    0.273322    0.278356    4.306789 ^ input2/Z (gf180mcu_fd_sc_mcu7t5v0__clkbuf_2)
                                                         net2 (net)
                      0.273361    0.001812    4.308601 ^ fanout15/I (gf180mcu_fd_sc_mcu7t5v0__clkbuf_4)
    10    0.086098    0.251181    0.321384    4.629985 ^ fanout15/Z (gf180mcu_fd_sc_mcu7t5v0__clkbuf_4)
                                                         net15 (net)
                      0.251359    0.003651    4.633636 ^ _220_/RN (gf180mcu_fd_sc_mcu7t5v0__dffrnq_1)
                                              4.633636   data arrival time

                                  0.000000    0.000000   clock clk (rise edge)
                                  0.000000    0.000000   clock source latency
     1    0.027016    0.093798    0.046197    0.046197 ^ clk (in)
                                                         clk (net)
                      0.093799    0.000000    0.046197 ^ clkbuf_0_clk/I (gf180mcu_fd_sc_mcu7t5v0__clkbuf_16)
     2    0.050005    0.073657    0.162527    0.208723 ^ clkbuf_0_clk/Z (gf180mcu_fd_sc_mcu7t5v0__clkbuf_16)
                                                         clknet_0_clk (net)
                      0.073661    0.001002    0.209726 ^ clkbuf_1_0__f_clk/I (gf180mcu_fd_sc_mcu7t5v0__clkbuf_16)
     7    0.034063    0.064763    0.151885    0.361610 ^ clkbuf_1_0__f_clk/Z (gf180mcu_fd_sc_mcu7t5v0__clkbuf_16)
                                                         clknet_1_0__leaf_clk (net)
                      0.064764    0.000611    0.362221 ^ _220_/CLK (gf180mcu_fd_sc_mcu7t5v0__dffrnq_1)
                                  0.100000    0.462221   clock uncertainty
                                  0.000000    0.462221   clock reconvergence pessimism
                                  0.225413    0.687634   library removal time
                                              0.687634   data required time
---------------------------------------------------------------------------------------------
                                              0.687634   data required time
                                             -4.633636   data arrival time
---------------------------------------------------------------------------------------------
                                              3.946002   slack (MET)


Startpoint: rst_n (input port clocked by clk)
Endpoint: _221_ (removal check against rising-edge clock clk)
Path Group: asynchronous
Path Type: min

Fanout         Cap        Slew       Delay        Time   Description
---------------------------------------------------------------------------------------------
                                  0.000000    0.000000   clock clk (rise edge)
                                  0.000000    0.000000   clock network delay (propagated)
                                  4.000000    4.000000 ^ input external delay
     1    0.004223    0.075937    0.028432    4.028432 ^ rst_n (in)
                                                         rst_n (net)
                      0.075937    0.000000    4.028432 ^ input2/I (gf180mcu_fd_sc_mcu7t5v0__clkbuf_2)
     4    0.047203    0.273322    0.278356    4.306789 ^ input2/Z (gf180mcu_fd_sc_mcu7t5v0__clkbuf_2)
                                                         net2 (net)
                      0.273361    0.001812    4.308601 ^ fanout15/I (gf180mcu_fd_sc_mcu7t5v0__clkbuf_4)
    10    0.086098    0.251181    0.321384    4.629985 ^ fanout15/Z (gf180mcu_fd_sc_mcu7t5v0__clkbuf_4)
                                                         net15 (net)
                      0.251407    0.004187    4.634172 ^ _221_/RN (gf180mcu_fd_sc_mcu7t5v0__dffrnq_1)
                                              4.634172   data arrival time

                                  0.000000    0.000000   clock clk (rise edge)
                                  0.000000    0.000000   clock source latency
     1    0.027016    0.093798    0.046197    0.046197 ^ clk (in)
                                                         clk (net)
                      0.093799    0.000000    0.046197 ^ clkbuf_0_clk/I (gf180mcu_fd_sc_mcu7t5v0__clkbuf_16)
     2    0.050005    0.073657    0.162527    0.208723 ^ clkbuf_0_clk/Z (gf180mcu_fd_sc_mcu7t5v0__clkbuf_16)
                                                         clknet_0_clk (net)
                      0.073661    0.001002    0.209726 ^ clkbuf_1_0__f_clk/I (gf180mcu_fd_sc_mcu7t5v0__clkbuf_16)
     7    0.034063    0.064763    0.151885    0.361610 ^ clkbuf_1_0__f_clk/Z (gf180mcu_fd_sc_mcu7t5v0__clkbuf_16)
                                                         clknet_1_0__leaf_clk (net)
                      0.064764    0.000625    0.362236 ^ _221_/CLK (gf180mcu_fd_sc_mcu7t5v0__dffrnq_1)
                                  0.100000    0.462236   clock uncertainty
                                  0.000000    0.462236   clock reconvergence pessimism
                                  0.225416    0.687651   library removal time
                                              0.687651   data required time
---------------------------------------------------------------------------------------------
                                              0.687651   data required time
                                             -4.634172   data arrival time
---------------------------------------------------------------------------------------------
                                              3.946521   slack (MET)


Startpoint: rst_n (input port clocked by clk)
Endpoint: _223_ (removal check against rising-edge clock clk)
Path Group: asynchronous
Path Type: min

Fanout         Cap        Slew       Delay        Time   Description
---------------------------------------------------------------------------------------------
                                  0.000000    0.000000   clock clk (rise edge)
                                  0.000000    0.000000   clock network delay (propagated)
                                  4.000000    4.000000 ^ input external delay
     1    0.004223    0.075937    0.028432    4.028432 ^ rst_n (in)
                                                         rst_n (net)
                      0.075937    0.000000    4.028432 ^ input2/I (gf180mcu_fd_sc_mcu7t5v0__clkbuf_2)
     4    0.047203    0.273322    0.278356    4.306789 ^ input2/Z (gf180mcu_fd_sc_mcu7t5v0__clkbuf_2)
                                                         net2 (net)
                      0.273361    0.001812    4.308601 ^ fanout15/I (gf180mcu_fd_sc_mcu7t5v0__clkbuf_4)
    10    0.086098    0.251181    0.321384    4.629985 ^ fanout15/Z (gf180mcu_fd_sc_mcu7t5v0__clkbuf_4)
                                                         net15 (net)
                      0.251418    0.004307    4.634292 ^ _223_/RN (gf180mcu_fd_sc_mcu7t5v0__dffrnq_1)
                                              4.634292   data arrival time

                                  0.000000    0.000000   clock clk (rise edge)
                                  0.000000    0.000000   clock source latency
     1    0.027016    0.093798    0.046197    0.046197 ^ clk (in)
                                                         clk (net)
                      0.093799    0.000000    0.046197 ^ clkbuf_0_clk/I (gf180mcu_fd_sc_mcu7t5v0__clkbuf_16)
     2    0.050005    0.073657    0.162527    0.208723 ^ clkbuf_0_clk/Z (gf180mcu_fd_sc_mcu7t5v0__clkbuf_16)
                                                         clknet_0_clk (net)
                      0.073660    0.000973    0.209696 ^ clkbuf_1_1__f_clk/I (gf180mcu_fd_sc_mcu7t5v0__clkbuf_16)
     7    0.032057    0.063631    0.151009    0.360705 ^ clkbuf_1_1__f_clk/Z (gf180mcu_fd_sc_mcu7t5v0__clkbuf_16)
                                                         clknet_1_1__leaf_clk (net)
                      0.063634    0.000812    0.361517 ^ _223_/CLK (gf180mcu_fd_sc_mcu7t5v0__dffrnq_1)
                                  0.100000    0.461517   clock uncertainty
                                  0.000000    0.461517   clock reconvergence pessimism
                                  0.225292    0.686809   library removal time
                                              0.686809   data required time
---------------------------------------------------------------------------------------------
                                              0.686809   data required time
                                             -4.634292   data arrival time
---------------------------------------------------------------------------------------------
                                              3.947483   slack (MET)


Startpoint: rst_n (input port clocked by clk)
Endpoint: _227_ (removal check against rising-edge clock clk)
Path Group: asynchronous
Path Type: min

Fanout         Cap        Slew       Delay        Time   Description
---------------------------------------------------------------------------------------------
                                  0.000000    0.000000   clock clk (rise edge)
                                  0.000000    0.000000   clock network delay (propagated)
                                  4.000000    4.000000 ^ input external delay
     1    0.004223    0.075937    0.028432    4.028432 ^ rst_n (in)
                                                         rst_n (net)
                      0.075937    0.000000    4.028432 ^ input2/I (gf180mcu_fd_sc_mcu7t5v0__clkbuf_2)
     4    0.047203    0.273322    0.278356    4.306789 ^ input2/Z (gf180mcu_fd_sc_mcu7t5v0__clkbuf_2)
                                                         net2 (net)
                      0.273361    0.001812    4.308601 ^ fanout15/I (gf180mcu_fd_sc_mcu7t5v0__clkbuf_4)
    10    0.086098    0.251181    0.321384    4.629985 ^ fanout15/Z (gf180mcu_fd_sc_mcu7t5v0__clkbuf_4)
                                                         net15 (net)
                      0.251426    0.004395    4.634380 ^ _227_/RN (gf180mcu_fd_sc_mcu7t5v0__dffrnq_1)
                                              4.634380   data arrival time

                                  0.000000    0.000000   clock clk (rise edge)
                                  0.000000    0.000000   clock source latency
     1    0.027016    0.093798    0.046197    0.046197 ^ clk (in)
                                                         clk (net)
                      0.093799    0.000000    0.046197 ^ clkbuf_0_clk/I (gf180mcu_fd_sc_mcu7t5v0__clkbuf_16)
     2    0.050005    0.073657    0.162527    0.208723 ^ clkbuf_0_clk/Z (gf180mcu_fd_sc_mcu7t5v0__clkbuf_16)
                                                         clknet_0_clk (net)
                      0.073660    0.000973    0.209696 ^ clkbuf_1_1__f_clk/I (gf180mcu_fd_sc_mcu7t5v0__clkbuf_16)
     7    0.032057    0.063631    0.151009    0.360705 ^ clkbuf_1_1__f_clk/Z (gf180mcu_fd_sc_mcu7t5v0__clkbuf_16)
                                                         clknet_1_1__leaf_clk (net)
                      0.063634    0.000809    0.361514 ^ _227_/CLK (gf180mcu_fd_sc_mcu7t5v0__dffrnq_1)
                                  0.100000    0.461514   clock uncertainty
                                  0.000000    0.461514   clock reconvergence pessimism
                                  0.225292    0.686806   library removal time
                                              0.686806   data required time
---------------------------------------------------------------------------------------------
                                              0.686806   data required time
                                             -4.634380   data arrival time
---------------------------------------------------------------------------------------------
                                              3.947574   slack (MET)


Startpoint: rst_n (input port clocked by clk)
Endpoint: _222_ (removal check against rising-edge clock clk)
Path Group: asynchronous
Path Type: min

Fanout         Cap        Slew       Delay        Time   Description
---------------------------------------------------------------------------------------------
                                  0.000000    0.000000   clock clk (rise edge)
                                  0.000000    0.000000   clock network delay (propagated)
                                  4.000000    4.000000 ^ input external delay
     1    0.004223    0.075937    0.028432    4.028432 ^ rst_n (in)
                                                         rst_n (net)
                      0.075937    0.000000    4.028432 ^ input2/I (gf180mcu_fd_sc_mcu7t5v0__clkbuf_2)
     4    0.047203    0.273322    0.278356    4.306789 ^ input2/Z (gf180mcu_fd_sc_mcu7t5v0__clkbuf_2)
                                                         net2 (net)
                      0.273361    0.001812    4.308601 ^ fanout15/I (gf180mcu_fd_sc_mcu7t5v0__clkbuf_4)
    10    0.086098    0.251181    0.321384    4.629985 ^ fanout15/Z (gf180mcu_fd_sc_mcu7t5v0__clkbuf_4)
                                                         net15 (net)
                      0.251435    0.004484    4.634469 ^ _222_/RN (gf180mcu_fd_sc_mcu7t5v0__dffrnq_1)
                                              4.634469   data arrival time

                                  0.000000    0.000000   clock clk (rise edge)
                                  0.000000    0.000000   clock source latency
     1    0.027016    0.093798    0.046197    0.046197 ^ clk (in)
                                                         clk (net)
                      0.093799    0.000000    0.046197 ^ clkbuf_0_clk/I (gf180mcu_fd_sc_mcu7t5v0__clkbuf_16)
     2    0.050005    0.073657    0.162527    0.208723 ^ clkbuf_0_clk/Z (gf180mcu_fd_sc_mcu7t5v0__clkbuf_16)
                                                         clknet_0_clk (net)
                      0.073660    0.000973    0.209696 ^ clkbuf_1_1__f_clk/I (gf180mcu_fd_sc_mcu7t5v0__clkbuf_16)
     7    0.032057    0.063631    0.151009    0.360705 ^ clkbuf_1_1__f_clk/Z (gf180mcu_fd_sc_mcu7t5v0__clkbuf_16)
                                                         clknet_1_1__leaf_clk (net)
                      0.063634    0.000777    0.361482 ^ _222_/CLK (gf180mcu_fd_sc_mcu7t5v0__dffrnq_1)
                                  0.100000    0.461482   clock uncertainty
                                  0.000000    0.461482   clock reconvergence pessimism
                                  0.225293    0.686774   library removal time
                                              0.686774   data required time
---------------------------------------------------------------------------------------------
                                              0.686774   data required time
                                             -4.634469   data arrival time
---------------------------------------------------------------------------------------------
                                              3.947694   slack (MET)


Startpoint: rst_n (input port clocked by clk)
Endpoint: _226_ (removal check against rising-edge clock clk)
Path Group: asynchronous
Path Type: min

Fanout         Cap        Slew       Delay        Time   Description
---------------------------------------------------------------------------------------------
                                  0.000000    0.000000   clock clk (rise edge)
                                  0.000000    0.000000   clock network delay (propagated)
                                  4.000000    4.000000 ^ input external delay
     1    0.004223    0.075937    0.028432    4.028432 ^ rst_n (in)
                                                         rst_n (net)
                      0.075937    0.000000    4.028432 ^ input2/I (gf180mcu_fd_sc_mcu7t5v0__clkbuf_2)
     4    0.047203    0.273322    0.278356    4.306789 ^ input2/Z (gf180mcu_fd_sc_mcu7t5v0__clkbuf_2)
                                                         net2 (net)
                      0.273361    0.001812    4.308601 ^ fanout15/I (gf180mcu_fd_sc_mcu7t5v0__clkbuf_4)
    10    0.086098    0.251181    0.321384    4.629985 ^ fanout15/Z (gf180mcu_fd_sc_mcu7t5v0__clkbuf_4)
                                                         net15 (net)
                      0.251439    0.004533    4.634518 ^ _226_/RN (gf180mcu_fd_sc_mcu7t5v0__dffrnq_1)
                                              4.634518   data arrival time

                                  0.000000    0.000000   clock clk (rise edge)
                                  0.000000    0.000000   clock source latency
     1    0.027016    0.093798    0.046197    0.046197 ^ clk (in)
                                                         clk (net)
                      0.093799    0.000000    0.046197 ^ clkbuf_0_clk/I (gf180mcu_fd_sc_mcu7t5v0__clkbuf_16)
     2    0.050005    0.073657    0.162527    0.208723 ^ clkbuf_0_clk/Z (gf180mcu_fd_sc_mcu7t5v0__clkbuf_16)
                                                         clknet_0_clk (net)
                      0.073660    0.000973    0.209696 ^ clkbuf_1_1__f_clk/I (gf180mcu_fd_sc_mcu7t5v0__clkbuf_16)
     7    0.032057    0.063631    0.151009    0.360705 ^ clkbuf_1_1__f_clk/Z (gf180mcu_fd_sc_mcu7t5v0__clkbuf_16)
                                                         clknet_1_1__leaf_clk (net)
                      0.063633    0.000621    0.361326 ^ _226_/CLK (gf180mcu_fd_sc_mcu7t5v0__dffrnq_1)
                                  0.100000    0.461326   clock uncertainty
                                  0.000000    0.461326   clock reconvergence pessimism
                                  0.225293    0.686619   library removal time
                                              0.686619   data required time
---------------------------------------------------------------------------------------------
                                              0.686619   data required time
                                             -4.634518   data arrival time
---------------------------------------------------------------------------------------------
                                              3.947899   slack (MET)


Startpoint: rst_n (input port clocked by clk)
Endpoint: _219_ (removal check against rising-edge clock clk)
Path Group: asynchronous
Path Type: min

Fanout         Cap        Slew       Delay        Time   Description
---------------------------------------------------------------------------------------------
                                  0.000000    0.000000   clock clk (rise edge)
                                  0.000000    0.000000   clock network delay (propagated)
                                  4.000000    4.000000 ^ input external delay
     1    0.004223    0.075937    0.028432    4.028432 ^ rst_n (in)
                                                         rst_n (net)
                      0.075937    0.000000    4.028432 ^ input2/I (gf180mcu_fd_sc_mcu7t5v0__clkbuf_2)
     4    0.047203    0.273322    0.278356    4.306789 ^ input2/Z (gf180mcu_fd_sc_mcu7t5v0__clkbuf_2)
                                                         net2 (net)
                      0.273361    0.001812    4.308601 ^ fanout15/I (gf180mcu_fd_sc_mcu7t5v0__clkbuf_4)
    10    0.086098    0.251181    0.321384    4.629985 ^ fanout15/Z (gf180mcu_fd_sc_mcu7t5v0__clkbuf_4)
                                                         net15 (net)
                      0.251188    0.000687    4.630672 ^ fanout14/I (gf180mcu_fd_sc_mcu7t5v0__clkbuf_3)
    10    0.076490    0.228266    0.306287    4.936959 ^ fanout14/Z (gf180mcu_fd_sc_mcu7t5v0__clkbuf_3)
                                                         net14 (net)
                      0.228296    0.001442    4.938401 ^ _219_/RN (gf180mcu_fd_sc_mcu7t5v0__dffrnq_1)
                                              4.938401   data arrival time

                                  0.000000    0.000000   clock clk (rise edge)
                                  0.000000    0.000000   clock source latency
     1    0.027016    0.093798    0.046197    0.046197 ^ clk (in)
                                                         clk (net)
                      0.093799    0.000000    0.046197 ^ clkbuf_0_clk/I (gf180mcu_fd_sc_mcu7t5v0__clkbuf_16)
     2    0.050005    0.073657    0.162527    0.208723 ^ clkbuf_0_clk/Z (gf180mcu_fd_sc_mcu7t5v0__clkbuf_16)
                                                         clknet_0_clk (net)
                      0.073661    0.001002    0.209726 ^ clkbuf_1_0__f_clk/I (gf180mcu_fd_sc_mcu7t5v0__clkbuf_16)
     7    0.034063    0.064763    0.151885    0.361610 ^ clkbuf_1_0__f_clk/Z (gf180mcu_fd_sc_mcu7t5v0__clkbuf_16)
                                                         clknet_1_0__leaf_clk (net)
                      0.064763    0.000366    0.361977 ^ _219_/CLK (gf180mcu_fd_sc_mcu7t5v0__dffrnq_1)
                                  0.100000    0.461977   clock uncertainty
                                  0.000000    0.461977   clock reconvergence pessimism
                                  0.224199    0.686176   library removal time
                                              0.686176   data required time
---------------------------------------------------------------------------------------------
                                              0.686176   data required time
                                             -4.938401   data arrival time
---------------------------------------------------------------------------------------------
                                              4.252225   slack (MET)


Startpoint: rst_n (input port clocked by clk)
Endpoint: _218_ (removal check against rising-edge clock clk)
Path Group: asynchronous
Path Type: min

Fanout         Cap        Slew       Delay        Time   Description
---------------------------------------------------------------------------------------------
                                  0.000000    0.000000   clock clk (rise edge)
                                  0.000000    0.000000   clock network delay (propagated)
                                  4.000000    4.000000 ^ input external delay
     1    0.004223    0.075937    0.028432    4.028432 ^ rst_n (in)
                                                         rst_n (net)
                      0.075937    0.000000    4.028432 ^ input2/I (gf180mcu_fd_sc_mcu7t5v0__clkbuf_2)
     4    0.047203    0.273322    0.278356    4.306789 ^ input2/Z (gf180mcu_fd_sc_mcu7t5v0__clkbuf_2)
                                                         net2 (net)
                      0.273361    0.001812    4.308601 ^ fanout15/I (gf180mcu_fd_sc_mcu7t5v0__clkbuf_4)
    10    0.086098    0.251181    0.321384    4.629985 ^ fanout15/Z (gf180mcu_fd_sc_mcu7t5v0__clkbuf_4)
                                                         net15 (net)
                      0.251188    0.000687    4.630672 ^ fanout14/I (gf180mcu_fd_sc_mcu7t5v0__clkbuf_3)
    10    0.076490    0.228266    0.306287    4.936959 ^ fanout14/Z (gf180mcu_fd_sc_mcu7t5v0__clkbuf_3)
                                                         net14 (net)
                      0.228296    0.001446    4.938406 ^ _218_/RN (gf180mcu_fd_sc_mcu7t5v0__dffrnq_1)
                                              4.938406   data arrival time

                                  0.000000    0.000000   clock clk (rise edge)
                                  0.000000    0.000000   clock source latency
     1    0.027016    0.093798    0.046197    0.046197 ^ clk (in)
                                                         clk (net)
                      0.093799    0.000000    0.046197 ^ clkbuf_0_clk/I (gf180mcu_fd_sc_mcu7t5v0__clkbuf_16)
     2    0.050005    0.073657    0.162527    0.208723 ^ clkbuf_0_clk/Z (gf180mcu_fd_sc_mcu7t5v0__clkbuf_16)
                                                         clknet_0_clk (net)
                      0.073661    0.001002    0.209726 ^ clkbuf_1_0__f_clk/I (gf180mcu_fd_sc_mcu7t5v0__clkbuf_16)
     7    0.034063    0.064763    0.151885    0.361610 ^ clkbuf_1_0__f_clk/Z (gf180mcu_fd_sc_mcu7t5v0__clkbuf_16)
                                                         clknet_1_0__leaf_clk (net)
                      0.064763    0.000361    0.361971 ^ _218_/CLK (gf180mcu_fd_sc_mcu7t5v0__dffrnq_1)
                                  0.100000    0.461971   clock uncertainty
                                  0.000000    0.461971   clock reconvergence pessimism
                                  0.224199    0.686171   library removal time
                                              0.686171   data required time
---------------------------------------------------------------------------------------------
                                              0.686171   data required time
                                             -4.938406   data arrival time
---------------------------------------------------------------------------------------------
                                              4.252234   slack (MET)


Startpoint: rst_n (input port clocked by clk)
Endpoint: _225_ (removal check against rising-edge clock clk)
Path Group: asynchronous
Path Type: min

Fanout         Cap        Slew       Delay        Time   Description
---------------------------------------------------------------------------------------------
                                  0.000000    0.000000   clock clk (rise edge)
                                  0.000000    0.000000   clock network delay (propagated)
                                  4.000000    4.000000 ^ input external delay
     1    0.004223    0.075937    0.028432    4.028432 ^ rst_n (in)
                                                         rst_n (net)
                      0.075937    0.000000    4.028432 ^ input2/I (gf180mcu_fd_sc_mcu7t5v0__clkbuf_2)
     4    0.047203    0.273322    0.278356    4.306789 ^ input2/Z (gf180mcu_fd_sc_mcu7t5v0__clkbuf_2)
                                                         net2 (net)
                      0.273361    0.001812    4.308601 ^ fanout15/I (gf180mcu_fd_sc_mcu7t5v0__clkbuf_4)
    10    0.086098    0.251181    0.321384    4.629985 ^ fanout15/Z (gf180mcu_fd_sc_mcu7t5v0__clkbuf_4)
                                                         net15 (net)
                      0.251188    0.000687    4.630672 ^ fanout14/I (gf180mcu_fd_sc_mcu7t5v0__clkbuf_3)
    10    0.076490    0.228266    0.306287    4.936959 ^ fanout14/Z (gf180mcu_fd_sc_mcu7t5v0__clkbuf_3)
                                                         net14 (net)
                      0.228304    0.001641    4.938601 ^ _225_/RN (gf180mcu_fd_sc_mcu7t5v0__dffrnq_1)
                                              4.938601   data arrival time

                                  0.000000    0.000000   clock clk (rise edge)
                                  0.000000    0.000000   clock source latency
     1    0.027016    0.093798    0.046197    0.046197 ^ clk (in)
                                                         clk (net)
                      0.093799    0.000000    0.046197 ^ clkbuf_0_clk/I (gf180mcu_fd_sc_mcu7t5v0__clkbuf_16)
     2    0.050005    0.073657    0.162527    0.208723 ^ clkbuf_0_clk/Z (gf180mcu_fd_sc_mcu7t5v0__clkbuf_16)
                                                         clknet_0_clk (net)
                      0.073660    0.000973    0.209696 ^ clkbuf_1_1__f_clk/I (gf180mcu_fd_sc_mcu7t5v0__clkbuf_16)
     7    0.032057    0.063631    0.151009    0.360705 ^ clkbuf_1_1__f_clk/Z (gf180mcu_fd_sc_mcu7t5v0__clkbuf_16)
                                                         clknet_1_1__leaf_clk (net)
                      0.063632    0.000422    0.361127 ^ _225_/CLK (gf180mcu_fd_sc_mcu7t5v0__dffrnq_1)
                                  0.100000    0.461127   clock uncertainty
                                  0.000000    0.461127   clock reconvergence pessimism
                                  0.224079    0.685206   library removal time
                                              0.685206   data required time
---------------------------------------------------------------------------------------------
                                              0.685206   data required time
                                             -4.938601   data arrival time
---------------------------------------------------------------------------------------------
                                              4.253395   slack (MET)


Startpoint: rst_n (input port clocked by clk)
Endpoint: _224_ (removal check against rising-edge clock clk)
Path Group: asynchronous
Path Type: min

Fanout         Cap        Slew       Delay        Time   Description
---------------------------------------------------------------------------------------------
                                  0.000000    0.000000   clock clk (rise edge)
                                  0.000000    0.000000   clock network delay (propagated)
                                  4.000000    4.000000 ^ input external delay
     1    0.004223    0.075937    0.028432    4.028432 ^ rst_n (in)
                                                         rst_n (net)
                      0.075937    0.000000    4.028432 ^ input2/I (gf180mcu_fd_sc_mcu7t5v0__clkbuf_2)
     4    0.047203    0.273322    0.278356    4.306789 ^ input2/Z (gf180mcu_fd_sc_mcu7t5v0__clkbuf_2)
                                                         net2 (net)
                      0.273361    0.001812    4.308601 ^ fanout15/I (gf180mcu_fd_sc_mcu7t5v0__clkbuf_4)
    10    0.086098    0.251181    0.321384    4.629985 ^ fanout15/Z (gf180mcu_fd_sc_mcu7t5v0__clkbuf_4)
                                                         net15 (net)
                      0.251188    0.000687    4.630672 ^ fanout14/I (gf180mcu_fd_sc_mcu7t5v0__clkbuf_3)
    10    0.076490    0.228266    0.306287    4.936959 ^ fanout14/Z (gf180mcu_fd_sc_mcu7t5v0__clkbuf_3)
                                                         net14 (net)
                      0.228305    0.001669    4.938629 ^ _224_/RN (gf180mcu_fd_sc_mcu7t5v0__dffrnq_1)
                                              4.938629   data arrival time

                                  0.000000    0.000000   clock clk (rise edge)
                                  0.000000    0.000000   clock source latency
     1    0.027016    0.093798    0.046197    0.046197 ^ clk (in)
                                                         clk (net)
                      0.093799    0.000000    0.046197 ^ clkbuf_0_clk/I (gf180mcu_fd_sc_mcu7t5v0__clkbuf_16)
     2    0.050005    0.073657    0.162527    0.208723 ^ clkbuf_0_clk/Z (gf180mcu_fd_sc_mcu7t5v0__clkbuf_16)
                                                         clknet_0_clk (net)
                      0.073660    0.000973    0.209696 ^ clkbuf_1_1__f_clk/I (gf180mcu_fd_sc_mcu7t5v0__clkbuf_16)
     7    0.032057    0.063631    0.151009    0.360705 ^ clkbuf_1_1__f_clk/Z (gf180mcu_fd_sc_mcu7t5v0__clkbuf_16)
                                                         clknet_1_1__leaf_clk (net)
                      0.063632    0.000196    0.360901 ^ _224_/CLK (gf180mcu_fd_sc_mcu7t5v0__dffrnq_1)
                                  0.100000    0.460901   clock uncertainty
                                  0.000000    0.460901   clock reconvergence pessimism
                                  0.224079    0.684980   library removal time
                                              0.684980   data required time
---------------------------------------------------------------------------------------------
                                              0.684980   data required time
                                             -4.938629   data arrival time
---------------------------------------------------------------------------------------------
                                              4.253649   slack (MET)



