Reading timing models for corner nom_ff_n40C_5v50…
Reading cell library for the 'nom_ff_n40C_5v50' corner at '/foss/pdks/gf180mcuD/libs.ref/gf180mcu_fd_sc_mcu7t5v0/lib/gf180mcu_fd_sc_mcu7t5v0__ff_n40C_5v50.lib'…
Reading top-level netlist at '/foss/designs/kvic_336007_ws25-kvic_ws25_v6/librelane/runs/RUN_2025-12-02_21-50-36/06-yosys-synthesis/tiny_tonegen.nl.v'…
Linking design 'tiny_tonegen' from netlist…
Reading design constraints file at '/foss/designs/kvic_336007_ws25-kvic_ws25_v6/librelane/impl.sdc'…
[INFO] Using clock clk…
[INFO] Setting output delay to: 4
[INFO] Setting input delay to: 4
[INFO] Setting load to: 0.07291
[INFO] Setting clock uncertainty to: 0.25
[INFO] Setting clock transition to: 0.1499999999999999944488848768742172978818416595458984375
[INFO] Setting timing derate to: 5%
[INFO] No information on clock propagation in input SDC file-- unpropagating all clocks.
%OL_CREATE_REPORT min.rpt

===========================================================================
report_checks -path_delay min (Hold)
============================================================================
======================= nom_ff_n40C_5v50 Corner ===================================

Startpoint: _650_ (rising edge-triggered flip-flop clocked by clk)
Endpoint: _650_ (rising edge-triggered flip-flop clocked by clk)
Path Group: clk
Path Type: min

Fanout         Cap        Slew       Delay        Time   Description
---------------------------------------------------------------------------------------------
                      0.150000    0.000000    0.000000   clock clk (rise edge)
                                  0.000000    0.000000   clock network delay (ideal)
                      0.150000    0.000000    0.000000 ^ _650_/CLK (gf180mcu_fd_sc_mcu7t5v0__dffrnq_1)
     2    0.012176    0.118613    0.479898    0.479898 v _650_/Q (gf180mcu_fd_sc_mcu7t5v0__dffrnq_1)
                                                         clk_scaler.counter[4] (net)
                      0.118613    0.000000    0.479898 v _370_/A1 (gf180mcu_fd_sc_mcu7t5v0__xor2_1)
     1    0.004220    0.164382    0.124099    0.603997 ^ _370_/Z (gf180mcu_fd_sc_mcu7t5v0__xor2_1)
                                                         _139_ (net)
                      0.164382    0.000000    0.603997 ^ _371_/A2 (gf180mcu_fd_sc_mcu7t5v0__nor2_1)
     1    0.003038    0.098840    0.082260    0.686257 v _371_/ZN (gf180mcu_fd_sc_mcu7t5v0__nor2_1)
                                                         _004_ (net)
                      0.098840    0.000000    0.686257 v _650_/D (gf180mcu_fd_sc_mcu7t5v0__dffrnq_1)
                                              0.686257   data arrival time

                      0.150000    0.000000    0.000000   clock clk (rise edge)
                                  0.000000    0.000000   clock network delay (ideal)
                                  0.250000    0.250000   clock uncertainty
                                  0.000000    0.250000   clock reconvergence pessimism
                                              0.250000 ^ _650_/CLK (gf180mcu_fd_sc_mcu7t5v0__dffrnq_1)
                                  0.103352    0.353352   library hold time
                                              0.353352   data required time
---------------------------------------------------------------------------------------------
                                              0.353352   data required time
                                             -0.686257   data arrival time
---------------------------------------------------------------------------------------------
                                              0.332905   slack (MET)


Startpoint: _648_ (rising edge-triggered flip-flop clocked by clk)
Endpoint: _648_ (rising edge-triggered flip-flop clocked by clk)
Path Group: clk
Path Type: min

Fanout         Cap        Slew       Delay        Time   Description
---------------------------------------------------------------------------------------------
                      0.150000    0.000000    0.000000   clock clk (rise edge)
                                  0.000000    0.000000   clock network delay (ideal)
                      0.150000    0.000000    0.000000 ^ _648_/CLK (gf180mcu_fd_sc_mcu7t5v0__dffrnq_1)
     3    0.011072    0.112129    0.474983    0.474983 v _648_/Q (gf180mcu_fd_sc_mcu7t5v0__dffrnq_1)
                                                         clk_scaler.counter[2] (net)
                      0.112129    0.000000    0.474983 v _365_/B (gf180mcu_fd_sc_mcu7t5v0__aoi21_1)
     1    0.004057    0.147036    0.117815    0.592798 ^ _365_/ZN (gf180mcu_fd_sc_mcu7t5v0__aoi21_1)
                                                         _136_ (net)
                      0.147036    0.000000    0.592798 ^ _366_/A3 (gf180mcu_fd_sc_mcu7t5v0__nor3_1)
     1    0.003038    0.110874    0.104202    0.697000 v _366_/ZN (gf180mcu_fd_sc_mcu7t5v0__nor3_1)
                                                         _002_ (net)
                      0.110874    0.000000    0.697000 v _648_/D (gf180mcu_fd_sc_mcu7t5v0__dffrnq_1)
                                              0.697000   data arrival time

                      0.150000    0.000000    0.000000   clock clk (rise edge)
                                  0.000000    0.000000   clock network delay (ideal)
                                  0.250000    0.250000   clock uncertainty
                                  0.000000    0.250000   clock reconvergence pessimism
                                              0.250000 ^ _648_/CLK (gf180mcu_fd_sc_mcu7t5v0__dffrnq_1)
                                  0.100828    0.350828   library hold time
                                              0.350828   data required time
---------------------------------------------------------------------------------------------
                                              0.350828   data required time
                                             -0.697000   data arrival time
---------------------------------------------------------------------------------------------
                                              0.346172   slack (MET)


Startpoint: _646_ (rising edge-triggered flip-flop clocked by clk)
Endpoint: _646_ (rising edge-triggered flip-flop clocked by clk)
Path Group: clk
Path Type: min

Fanout         Cap        Slew       Delay        Time   Description
---------------------------------------------------------------------------------------------
                      0.150000    0.000000    0.000000   clock clk (rise edge)
                                  0.000000    0.000000   clock network delay (ideal)
                      0.150000    0.000000    0.000000 ^ _646_/CLK (gf180mcu_fd_sc_mcu7t5v0__dffrnq_1)
     5    0.023072    0.297791    0.669525    0.669525 ^ _646_/Q (gf180mcu_fd_sc_mcu7t5v0__dffrnq_1)
                                                         clk_scaler.counter[0] (net)
                      0.297791    0.000000    0.669525 ^ _361_/A1 (gf180mcu_fd_sc_mcu7t5v0__nor2_1)
     1    0.003038    0.109910    0.069008    0.738533 v _361_/ZN (gf180mcu_fd_sc_mcu7t5v0__nor2_1)
                                                         _000_ (net)
                      0.109910    0.000000    0.738533 v _646_/D (gf180mcu_fd_sc_mcu7t5v0__dffrnq_1)
                                              0.738533   data arrival time

                      0.150000    0.000000    0.000000   clock clk (rise edge)
                                  0.000000    0.000000   clock network delay (ideal)
                                  0.250000    0.250000   clock uncertainty
                                  0.000000    0.250000   clock reconvergence pessimism
                                              0.250000 ^ _646_/CLK (gf180mcu_fd_sc_mcu7t5v0__dffrnq_1)
                                  0.101027    0.351027   library hold time
                                              0.351027   data required time
---------------------------------------------------------------------------------------------
                                              0.351027   data required time
                                             -0.738533   data arrival time
---------------------------------------------------------------------------------------------
                                              0.387507   slack (MET)


Startpoint: _647_ (rising edge-triggered flip-flop clocked by clk)
Endpoint: _647_ (rising edge-triggered flip-flop clocked by clk)
Path Group: clk
Path Type: min

Fanout         Cap        Slew       Delay        Time   Description
---------------------------------------------------------------------------------------------
                      0.150000    0.000000    0.000000   clock clk (rise edge)
                                  0.000000    0.000000   clock network delay (ideal)
                      0.150000    0.000000    0.000000 ^ _647_/CLK (gf180mcu_fd_sc_mcu7t5v0__dffrnq_1)
     4    0.018871    0.157935    0.509705    0.509705 v _647_/Q (gf180mcu_fd_sc_mcu7t5v0__dffrnq_1)
                                                         clk_scaler.counter[1] (net)
                      0.157935    0.000000    0.509705 v _362_/A2 (gf180mcu_fd_sc_mcu7t5v0__xnor2_1)
     1    0.004220    0.170081    0.159968    0.669673 ^ _362_/ZN (gf180mcu_fd_sc_mcu7t5v0__xnor2_1)
                                                         _134_ (net)
                      0.170081    0.000000    0.669673 ^ _363_/A2 (gf180mcu_fd_sc_mcu7t5v0__nor2_1)
     1    0.003038    0.098840    0.082938    0.752611 v _363_/ZN (gf180mcu_fd_sc_mcu7t5v0__nor2_1)
                                                         _001_ (net)
                      0.098840    0.000000    0.752611 v _647_/D (gf180mcu_fd_sc_mcu7t5v0__dffrnq_1)
                                              0.752611   data arrival time

                      0.150000    0.000000    0.000000   clock clk (rise edge)
                                  0.000000    0.000000   clock network delay (ideal)
                                  0.250000    0.250000   clock uncertainty
                                  0.000000    0.250000   clock reconvergence pessimism
                                              0.250000 ^ _647_/CLK (gf180mcu_fd_sc_mcu7t5v0__dffrnq_1)
                                  0.103352    0.353352   library hold time
                                              0.353352   data required time
---------------------------------------------------------------------------------------------
                                              0.353352   data required time
                                             -0.752611   data arrival time
---------------------------------------------------------------------------------------------
                                              0.399259   slack (MET)


Startpoint: _649_ (rising edge-triggered flip-flop clocked by clk)
Endpoint: _649_ (rising edge-triggered flip-flop clocked by clk)
Path Group: clk
Path Type: min

Fanout         Cap        Slew       Delay        Time   Description
---------------------------------------------------------------------------------------------
                      0.150000    0.000000    0.000000   clock clk (rise edge)
                                  0.000000    0.000000   clock network delay (ideal)
                      0.150000    0.000000    0.000000 ^ _649_/CLK (gf180mcu_fd_sc_mcu7t5v0__dffrnq_1)
     3    0.012140    0.118401    0.479738    0.479738 v _649_/Q (gf180mcu_fd_sc_mcu7t5v0__dffrnq_1)
                                                         clk_scaler.counter[3] (net)
                      0.118401    0.000000    0.479738 v _368_/A1 (gf180mcu_fd_sc_mcu7t5v0__or2_1)
     1    0.002878    0.090171    0.226200    0.705938 v _368_/Z (gf180mcu_fd_sc_mcu7t5v0__or2_1)
                                                         _138_ (net)
                      0.090171    0.000000    0.705938 v _369_/A4 (gf180mcu_fd_sc_mcu7t5v0__and4_1)
     1    0.003038    0.072133    0.213106    0.919043 v _369_/Z (gf180mcu_fd_sc_mcu7t5v0__and4_1)
                                                         _003_ (net)
                      0.072133    0.000000    0.919043 v _649_/D (gf180mcu_fd_sc_mcu7t5v0__dffrnq_1)
                                              0.919043   data arrival time

                      0.150000    0.000000    0.000000   clock clk (rise edge)
                                  0.000000    0.000000   clock network delay (ideal)
                                  0.250000    0.250000   clock uncertainty
                                  0.000000    0.250000   clock reconvergence pessimism
                                              0.250000 ^ _649_/CLK (gf180mcu_fd_sc_mcu7t5v0__dffrnq_1)
                                  0.109612    0.359612   library hold time
                                              0.359612   data required time
---------------------------------------------------------------------------------------------
                                              0.359612   data required time
                                             -0.919043   data arrival time
---------------------------------------------------------------------------------------------
                                              0.559432   slack (MET)


Startpoint: _653_ (rising edge-triggered flip-flop clocked by clk)
Endpoint: _642_ (rising edge-triggered flip-flop clocked by clk)
Path Group: clk
Path Type: min

Fanout         Cap        Slew       Delay        Time   Description
---------------------------------------------------------------------------------------------
                      0.150000    0.000000    0.000000   clock clk (rise edge)
                                  0.000000    0.000000   clock network delay (ideal)
                      0.150000    0.000000    0.000000 ^ _653_/CLK (gf180mcu_fd_sc_mcu7t5v0__dffrnq_1)
     1    0.004215    0.104492    0.546270    0.546270 ^ _653_/Q (gf180mcu_fd_sc_mcu7t5v0__dffrnq_1)
                                                         clk_scaler.counter[7] (net)
                      0.104492    0.000000    0.546270 ^ _357_/A1 (gf180mcu_fd_sc_mcu7t5v0__nor3_1)
     1    0.004744    0.093320    0.085930    0.632201 v _357_/ZN (gf180mcu_fd_sc_mcu7t5v0__nor3_1)
                                                         _130_ (net)
                      0.093320    0.000000    0.632201 v _358_/B (gf180mcu_fd_sc_mcu7t5v0__oai21_1)
     2    0.011436    0.234649    0.165631    0.797832 ^ _358_/ZN (gf180mcu_fd_sc_mcu7t5v0__oai21_1)
                                                         _131_ (net)
                      0.234649    0.000000    0.797832 ^ _413_/A2 (gf180mcu_fd_sc_mcu7t5v0__xor2_1)
     1    0.002822    0.096760    0.066401    0.864233 v _413_/Z (gf180mcu_fd_sc_mcu7t5v0__xor2_1)
                                                         _169_ (net)
                      0.096760    0.000000    0.864233 v _414_/A2 (gf180mcu_fd_sc_mcu7t5v0__and2_1)
     1    0.003038    0.063900    0.164701    1.028934 v _414_/Z (gf180mcu_fd_sc_mcu7t5v0__and2_1)
                                                         _047_ (net)
                      0.063900    0.000000    1.028934 v _642_/D (gf180mcu_fd_sc_mcu7t5v0__dffrnq_1)
                                              1.028934   data arrival time

                      0.150000    0.000000    0.000000   clock clk (rise edge)
                                  0.000000    0.000000   clock network delay (ideal)
                                  0.250000    0.250000   clock uncertainty
                                  0.000000    0.250000   clock reconvergence pessimism
                                              0.250000 ^ _642_/CLK (gf180mcu_fd_sc_mcu7t5v0__dffrnq_1)
                                  0.111541    0.361541   library hold time
                                              0.361541   data required time
---------------------------------------------------------------------------------------------
                                              0.361541   data required time
                                             -1.028934   data arrival time
---------------------------------------------------------------------------------------------
                                              0.667392   slack (MET)


Startpoint: rst_n (input port clocked by clk)
Endpoint: _642_ (removal check against rising-edge clock clk)
Path Group: asynchronous
Path Type: min

Fanout         Cap        Slew       Delay        Time   Description
---------------------------------------------------------------------------------------------
                      0.150000    0.000000    0.000000   clock clk (rise edge)
                                  0.000000    0.000000   clock network delay (ideal)
                                  4.000000    4.000000 ^ input external delay
    59    0.344264    3.804497    2.181198    6.181199 ^ rst_n (in)
                                                         rst_n (net)
                      3.804497    0.000000    6.181199 ^ _642_/RN (gf180mcu_fd_sc_mcu7t5v0__dffrnq_1)
                                              6.181199   data arrival time

                      0.150000    0.000000    0.000000   clock clk (rise edge)
                                  0.000000    0.000000   clock network delay (ideal)
                                  0.250000    0.250000   clock uncertainty
                                  0.000000    0.250000   clock reconvergence pessimism
                                              0.250000 ^ _642_/CLK (gf180mcu_fd_sc_mcu7t5v0__dffrnq_1)
                                  0.255246    0.505246   library removal time
                                              0.505246   data required time
---------------------------------------------------------------------------------------------
                                              0.505246   data required time
                                             -6.181199   data arrival time
---------------------------------------------------------------------------------------------
                                              5.675952   slack (MET)


Startpoint: rst_n (input port clocked by clk)
Endpoint: _646_ (removal check against rising-edge clock clk)
Path Group: asynchronous
Path Type: min

Fanout         Cap        Slew       Delay        Time   Description
---------------------------------------------------------------------------------------------
                      0.150000    0.000000    0.000000   clock clk (rise edge)
                                  0.000000    0.000000   clock network delay (ideal)
                                  4.000000    4.000000 ^ input external delay
    59    0.344264    3.804497    2.181198    6.181199 ^ rst_n (in)
                                                         rst_n (net)
                      3.804497    0.000000    6.181199 ^ _646_/RN (gf180mcu_fd_sc_mcu7t5v0__dffrnq_1)
                                              6.181199   data arrival time

                      0.150000    0.000000    0.000000   clock clk (rise edge)
                                  0.000000    0.000000   clock network delay (ideal)
                                  0.250000    0.250000   clock uncertainty
                                  0.000000    0.250000   clock reconvergence pessimism
                                              0.250000 ^ _646_/CLK (gf180mcu_fd_sc_mcu7t5v0__dffrnq_1)
                                  0.255246    0.505246   library removal time
                                              0.505246   data required time
---------------------------------------------------------------------------------------------
                                              0.505246   data required time
                                             -6.181199   data arrival time
---------------------------------------------------------------------------------------------
                                              5.675952   slack (MET)


Startpoint: rst_n (input port clocked by clk)
Endpoint: _647_ (removal check against rising-edge clock clk)
Path Group: asynchronous
Path Type: min

Fanout         Cap        Slew       Delay        Time   Description
---------------------------------------------------------------------------------------------
                      0.150000    0.000000    0.000000   clock clk (rise edge)
                                  0.000000    0.000000   clock network delay (ideal)
                                  4.000000    4.000000 ^ input external delay
    59    0.344264    3.804497    2.181198    6.181199 ^ rst_n (in)
                                                         rst_n (net)
                      3.804497    0.000000    6.181199 ^ _647_/RN (gf180mcu_fd_sc_mcu7t5v0__dffrnq_1)
                                              6.181199   data arrival time

                      0.150000    0.000000    0.000000   clock clk (rise edge)
                                  0.000000    0.000000   clock network delay (ideal)
                                  0.250000    0.250000   clock uncertainty
                                  0.000000    0.250000   clock reconvergence pessimism
                                              0.250000 ^ _647_/CLK (gf180mcu_fd_sc_mcu7t5v0__dffrnq_1)
                                  0.255246    0.505246   library removal time
                                              0.505246   data required time
---------------------------------------------------------------------------------------------
                                              0.505246   data required time
                                             -6.181199   data arrival time
---------------------------------------------------------------------------------------------
                                              5.675952   slack (MET)


Startpoint: rst_n (input port clocked by clk)
Endpoint: _648_ (removal check against rising-edge clock clk)
Path Group: asynchronous
Path Type: min

Fanout         Cap        Slew       Delay        Time   Description
---------------------------------------------------------------------------------------------
                      0.150000    0.000000    0.000000   clock clk (rise edge)
                                  0.000000    0.000000   clock network delay (ideal)
                                  4.000000    4.000000 ^ input external delay
    59    0.344264    3.804497    2.181198    6.181199 ^ rst_n (in)
                                                         rst_n (net)
                      3.804497    0.000000    6.181199 ^ _648_/RN (gf180mcu_fd_sc_mcu7t5v0__dffrnq_1)
                                              6.181199   data arrival time

                      0.150000    0.000000    0.000000   clock clk (rise edge)
                                  0.000000    0.000000   clock network delay (ideal)
                                  0.250000    0.250000   clock uncertainty
                                  0.000000    0.250000   clock reconvergence pessimism
                                              0.250000 ^ _648_/CLK (gf180mcu_fd_sc_mcu7t5v0__dffrnq_1)
                                  0.255246    0.505246   library removal time
                                              0.505246   data required time
---------------------------------------------------------------------------------------------
                                              0.505246   data required time
                                             -6.181199   data arrival time
---------------------------------------------------------------------------------------------
                                              5.675952   slack (MET)


Startpoint: rst_n (input port clocked by clk)
Endpoint: _649_ (removal check against rising-edge clock clk)
Path Group: asynchronous
Path Type: min

Fanout         Cap        Slew       Delay        Time   Description
---------------------------------------------------------------------------------------------
                      0.150000    0.000000    0.000000   clock clk (rise edge)
                                  0.000000    0.000000   clock network delay (ideal)
                                  4.000000    4.000000 ^ input external delay
    59    0.344264    3.804497    2.181198    6.181199 ^ rst_n (in)
                                                         rst_n (net)
                      3.804497    0.000000    6.181199 ^ _649_/RN (gf180mcu_fd_sc_mcu7t5v0__dffrnq_1)
                                              6.181199   data arrival time

                      0.150000    0.000000    0.000000   clock clk (rise edge)
                                  0.000000    0.000000   clock network delay (ideal)
                                  0.250000    0.250000   clock uncertainty
                                  0.000000    0.250000   clock reconvergence pessimism
                                              0.250000 ^ _649_/CLK (gf180mcu_fd_sc_mcu7t5v0__dffrnq_1)
                                  0.255246    0.505246   library removal time
                                              0.505246   data required time
---------------------------------------------------------------------------------------------
                                              0.505246   data required time
                                             -6.181199   data arrival time
---------------------------------------------------------------------------------------------
                                              5.675952   slack (MET)


Startpoint: rst_n (input port clocked by clk)
Endpoint: _650_ (removal check against rising-edge clock clk)
Path Group: asynchronous
Path Type: min

Fanout         Cap        Slew       Delay        Time   Description
---------------------------------------------------------------------------------------------
                      0.150000    0.000000    0.000000   clock clk (rise edge)
                                  0.000000    0.000000   clock network delay (ideal)
                                  4.000000    4.000000 ^ input external delay
    59    0.344264    3.804497    2.181198    6.181199 ^ rst_n (in)
                                                         rst_n (net)
                      3.804497    0.000000    6.181199 ^ _650_/RN (gf180mcu_fd_sc_mcu7t5v0__dffrnq_1)
                                              6.181199   data arrival time

                      0.150000    0.000000    0.000000   clock clk (rise edge)
                                  0.000000    0.000000   clock network delay (ideal)
                                  0.250000    0.250000   clock uncertainty
                                  0.000000    0.250000   clock reconvergence pessimism
                                              0.250000 ^ _650_/CLK (gf180mcu_fd_sc_mcu7t5v0__dffrnq_1)
                                  0.255246    0.505246   library removal time
                                              0.505246   data required time
---------------------------------------------------------------------------------------------
                                              0.505246   data required time
                                             -6.181199   data arrival time
---------------------------------------------------------------------------------------------
                                              5.675952   slack (MET)


Startpoint: rst_n (input port clocked by clk)
Endpoint: _651_ (removal check against rising-edge clock clk)
Path Group: asynchronous
Path Type: min

Fanout         Cap        Slew       Delay        Time   Description
---------------------------------------------------------------------------------------------
                      0.150000    0.000000    0.000000   clock clk (rise edge)
                                  0.000000    0.000000   clock network delay (ideal)
                                  4.000000    4.000000 ^ input external delay
    59    0.344264    3.804497    2.181198    6.181199 ^ rst_n (in)
                                                         rst_n (net)
                      3.804497    0.000000    6.181199 ^ _651_/RN (gf180mcu_fd_sc_mcu7t5v0__dffrnq_1)
                                              6.181199   data arrival time

                      0.150000    0.000000    0.000000   clock clk (rise edge)
                                  0.000000    0.000000   clock network delay (ideal)
                                  0.250000    0.250000   clock uncertainty
                                  0.000000    0.250000   clock reconvergence pessimism
                                              0.250000 ^ _651_/CLK (gf180mcu_fd_sc_mcu7t5v0__dffrnq_1)
                                  0.255246    0.505246   library removal time
                                              0.505246   data required time
---------------------------------------------------------------------------------------------
                                              0.505246   data required time
                                             -6.181199   data arrival time
---------------------------------------------------------------------------------------------
                                              5.675952   slack (MET)


Startpoint: rst_n (input port clocked by clk)
Endpoint: _652_ (removal check against rising-edge clock clk)
Path Group: asynchronous
Path Type: min

Fanout         Cap        Slew       Delay        Time   Description
---------------------------------------------------------------------------------------------
                      0.150000    0.000000    0.000000   clock clk (rise edge)
                                  0.000000    0.000000   clock network delay (ideal)
                                  4.000000    4.000000 ^ input external delay
    59    0.344264    3.804497    2.181198    6.181199 ^ rst_n (in)
                                                         rst_n (net)
                      3.804497    0.000000    6.181199 ^ _652_/RN (gf180mcu_fd_sc_mcu7t5v0__dffrnq_1)
                                              6.181199   data arrival time

                      0.150000    0.000000    0.000000   clock clk (rise edge)
                                  0.000000    0.000000   clock network delay (ideal)
                                  0.250000    0.250000   clock uncertainty
                                  0.000000    0.250000   clock reconvergence pessimism
                                              0.250000 ^ _652_/CLK (gf180mcu_fd_sc_mcu7t5v0__dffrnq_1)
                                  0.255246    0.505246   library removal time
                                              0.505246   data required time
---------------------------------------------------------------------------------------------
                                              0.505246   data required time
                                             -6.181199   data arrival time
---------------------------------------------------------------------------------------------
                                              5.675952   slack (MET)


Startpoint: rst_n (input port clocked by clk)
Endpoint: _653_ (removal check against rising-edge clock clk)
Path Group: asynchronous
Path Type: min

Fanout         Cap        Slew       Delay        Time   Description
---------------------------------------------------------------------------------------------
                      0.150000    0.000000    0.000000   clock clk (rise edge)
                                  0.000000    0.000000   clock network delay (ideal)
                                  4.000000    4.000000 ^ input external delay
    59    0.344264    3.804497    2.181198    6.181199 ^ rst_n (in)
                                                         rst_n (net)
                      3.804497    0.000000    6.181199 ^ _653_/RN (gf180mcu_fd_sc_mcu7t5v0__dffrnq_1)
                                              6.181199   data arrival time

                      0.150000    0.000000    0.000000   clock clk (rise edge)
                                  0.000000    0.000000   clock network delay (ideal)
                                  0.250000    0.250000   clock uncertainty
                                  0.000000    0.250000   clock reconvergence pessimism
                                              0.250000 ^ _653_/CLK (gf180mcu_fd_sc_mcu7t5v0__dffrnq_1)
                                  0.255246    0.505246   library removal time
                                              0.505246   data required time
---------------------------------------------------------------------------------------------
                                              0.505246   data required time
                                             -6.181199   data arrival time
---------------------------------------------------------------------------------------------
                                              5.675952   slack (MET)



%OL_END_REPORT
%OL_CREATE_REPORT max.rpt

===========================================================================
report_checks -path_delay max (Setup)
============================================================================
======================= nom_ff_n40C_5v50 Corner ===================================

Startpoint: rst_n (input port clocked by clk)
Endpoint: _642_ (recovery check against rising-edge clock clk)
Path Group: asynchronous
Path Type: max

Fanout         Cap        Slew       Delay        Time   Description
---------------------------------------------------------------------------------------------
                      0.150000    0.000000    0.000000   clock clk (rise edge)
                                  0.000000    0.000000   clock network delay (ideal)
                                  4.000000    4.000000 ^ input external delay
    59    0.344264    3.804497    2.181198    6.181199 ^ rst_n (in)
                                                         rst_n (net)
                      3.804497    0.000000    6.181199 ^ _642_/RN (gf180mcu_fd_sc_mcu7t5v0__dffrnq_1)
                                              6.181199   data arrival time

                      0.150000   20.000000   20.000000   clock clk (rise edge)
                                  0.000000   20.000000   clock network delay (ideal)
                                 -0.250000   19.750002   clock uncertainty
                                  0.000000   19.750002   clock reconvergence pessimism
                                             19.750002 ^ _642_/CLK (gf180mcu_fd_sc_mcu7t5v0__dffrnq_1)
                                 -1.317339   18.432663   library recovery time
                                             18.432663   data required time
---------------------------------------------------------------------------------------------
                                             18.432663   data required time
                                             -6.181199   data arrival time
---------------------------------------------------------------------------------------------
                                             12.251464   slack (MET)


Startpoint: rst_n (input port clocked by clk)
Endpoint: _646_ (recovery check against rising-edge clock clk)
Path Group: asynchronous
Path Type: max

Fanout         Cap        Slew       Delay        Time   Description
---------------------------------------------------------------------------------------------
                      0.150000    0.000000    0.000000   clock clk (rise edge)
                                  0.000000    0.000000   clock network delay (ideal)
                                  4.000000    4.000000 ^ input external delay
    59    0.344264    3.804497    2.181198    6.181199 ^ rst_n (in)
                                                         rst_n (net)
                      3.804497    0.000000    6.181199 ^ _646_/RN (gf180mcu_fd_sc_mcu7t5v0__dffrnq_1)
                                              6.181199   data arrival time

                      0.150000   20.000000   20.000000   clock clk (rise edge)
                                  0.000000   20.000000   clock network delay (ideal)
                                 -0.250000   19.750002   clock uncertainty
                                  0.000000   19.750002   clock reconvergence pessimism
                                             19.750002 ^ _646_/CLK (gf180mcu_fd_sc_mcu7t5v0__dffrnq_1)
                                 -1.317339   18.432663   library recovery time
                                             18.432663   data required time
---------------------------------------------------------------------------------------------
                                             18.432663   data required time
                                             -6.181199   data arrival time
---------------------------------------------------------------------------------------------
                                             12.251464   slack (MET)


Startpoint: rst_n (input port clocked by clk)
Endpoint: _647_ (recovery check against rising-edge clock clk)
Path Group: asynchronous
Path Type: max

Fanout         Cap        Slew       Delay        Time   Description
---------------------------------------------------------------------------------------------
                      0.150000    0.000000    0.000000   clock clk (rise edge)
                                  0.000000    0.000000   clock network delay (ideal)
                                  4.000000    4.000000 ^ input external delay
    59    0.344264    3.804497    2.181198    6.181199 ^ rst_n (in)
                                                         rst_n (net)
                      3.804497    0.000000    6.181199 ^ _647_/RN (gf180mcu_fd_sc_mcu7t5v0__dffrnq_1)
                                              6.181199   data arrival time

                      0.150000   20.000000   20.000000   clock clk (rise edge)
                                  0.000000   20.000000   clock network delay (ideal)
                                 -0.250000   19.750002   clock uncertainty
                                  0.000000   19.750002   clock reconvergence pessimism
                                             19.750002 ^ _647_/CLK (gf180mcu_fd_sc_mcu7t5v0__dffrnq_1)
                                 -1.317339   18.432663   library recovery time
                                             18.432663   data required time
---------------------------------------------------------------------------------------------
                                             18.432663   data required time
                                             -6.181199   data arrival time
---------------------------------------------------------------------------------------------
                                             12.251464   slack (MET)


Startpoint: rst_n (input port clocked by clk)
Endpoint: _648_ (recovery check against rising-edge clock clk)
Path Group: asynchronous
Path Type: max

Fanout         Cap        Slew       Delay        Time   Description
---------------------------------------------------------------------------------------------
                      0.150000    0.000000    0.000000   clock clk (rise edge)
                                  0.000000    0.000000   clock network delay (ideal)
                                  4.000000    4.000000 ^ input external delay
    59    0.344264    3.804497    2.181198    6.181199 ^ rst_n (in)
                                                         rst_n (net)
                      3.804497    0.000000    6.181199 ^ _648_/RN (gf180mcu_fd_sc_mcu7t5v0__dffrnq_1)
                                              6.181199   data arrival time

                      0.150000   20.000000   20.000000   clock clk (rise edge)
                                  0.000000   20.000000   clock network delay (ideal)
                                 -0.250000   19.750002   clock uncertainty
                                  0.000000   19.750002   clock reconvergence pessimism
                                             19.750002 ^ _648_/CLK (gf180mcu_fd_sc_mcu7t5v0__dffrnq_1)
                                 -1.317339   18.432663   library recovery time
                                             18.432663   data required time
---------------------------------------------------------------------------------------------
                                             18.432663   data required time
                                             -6.181199   data arrival time
---------------------------------------------------------------------------------------------
                                             12.251464   slack (MET)


Startpoint: rst_n (input port clocked by clk)
Endpoint: _649_ (recovery check against rising-edge clock clk)
Path Group: asynchronous
Path Type: max

Fanout         Cap        Slew       Delay        Time   Description
---------------------------------------------------------------------------------------------
                      0.150000    0.000000    0.000000   clock clk (rise edge)
                                  0.000000    0.000000   clock network delay (ideal)
                                  4.000000    4.000000 ^ input external delay
    59    0.344264    3.804497    2.181198    6.181199 ^ rst_n (in)
                                                         rst_n (net)
                      3.804497    0.000000    6.181199 ^ _649_/RN (gf180mcu_fd_sc_mcu7t5v0__dffrnq_1)
                                              6.181199   data arrival time

                      0.150000   20.000000   20.000000   clock clk (rise edge)
                                  0.000000   20.000000   clock network delay (ideal)
                                 -0.250000   19.750002   clock uncertainty
                                  0.000000   19.750002   clock reconvergence pessimism
                                             19.750002 ^ _649_/CLK (gf180mcu_fd_sc_mcu7t5v0__dffrnq_1)
                                 -1.317339   18.432663   library recovery time
                                             18.432663   data required time
---------------------------------------------------------------------------------------------
                                             18.432663   data required time
                                             -6.181199   data arrival time
---------------------------------------------------------------------------------------------
                                             12.251464   slack (MET)


Startpoint: rst_n (input port clocked by clk)
Endpoint: _650_ (recovery check against rising-edge clock clk)
Path Group: asynchronous
Path Type: max

Fanout         Cap        Slew       Delay        Time   Description
---------------------------------------------------------------------------------------------
                      0.150000    0.000000    0.000000   clock clk (rise edge)
                                  0.000000    0.000000   clock network delay (ideal)
                                  4.000000    4.000000 ^ input external delay
    59    0.344264    3.804497    2.181198    6.181199 ^ rst_n (in)
                                                         rst_n (net)
                      3.804497    0.000000    6.181199 ^ _650_/RN (gf180mcu_fd_sc_mcu7t5v0__dffrnq_1)
                                              6.181199   data arrival time

                      0.150000   20.000000   20.000000   clock clk (rise edge)
                                  0.000000   20.000000   clock network delay (ideal)
                                 -0.250000   19.750002   clock uncertainty
                                  0.000000   19.750002   clock reconvergence pessimism
                                             19.750002 ^ _650_/CLK (gf180mcu_fd_sc_mcu7t5v0__dffrnq_1)
                                 -1.317339   18.432663   library recovery time
                                             18.432663   data required time
---------------------------------------------------------------------------------------------
                                             18.432663   data required time
                                             -6.181199   data arrival time
---------------------------------------------------------------------------------------------
                                             12.251464   slack (MET)


Startpoint: rst_n (input port clocked by clk)
Endpoint: _651_ (recovery check against rising-edge clock clk)
Path Group: asynchronous
Path Type: max

Fanout         Cap        Slew       Delay        Time   Description
---------------------------------------------------------------------------------------------
                      0.150000    0.000000    0.000000   clock clk (rise edge)
                                  0.000000    0.000000   clock network delay (ideal)
                                  4.000000    4.000000 ^ input external delay
    59    0.344264    3.804497    2.181198    6.181199 ^ rst_n (in)
                                                         rst_n (net)
                      3.804497    0.000000    6.181199 ^ _651_/RN (gf180mcu_fd_sc_mcu7t5v0__dffrnq_1)
                                              6.181199   data arrival time

                      0.150000   20.000000   20.000000   clock clk (rise edge)
                                  0.000000   20.000000   clock network delay (ideal)
                                 -0.250000   19.750002   clock uncertainty
                                  0.000000   19.750002   clock reconvergence pessimism
                                             19.750002 ^ _651_/CLK (gf180mcu_fd_sc_mcu7t5v0__dffrnq_1)
                                 -1.317339   18.432663   library recovery time
                                             18.432663   data required time
---------------------------------------------------------------------------------------------
                                             18.432663   data required time
                                             -6.181199   data arrival time
---------------------------------------------------------------------------------------------
                                             12.251464   slack (MET)


Startpoint: rst_n (input port clocked by clk)
Endpoint: _652_ (recovery check against rising-edge clock clk)
Path Group: asynchronous
Path Type: max

Fanout         Cap        Slew       Delay        Time   Description
---------------------------------------------------------------------------------------------
                      0.150000    0.000000    0.000000   clock clk (rise edge)
                                  0.000000    0.000000   clock network delay (ideal)
                                  4.000000    4.000000 ^ input external delay
    59    0.344264    3.804497    2.181198    6.181199 ^ rst_n (in)
                                                         rst_n (net)
                      3.804497    0.000000    6.181199 ^ _652_/RN (gf180mcu_fd_sc_mcu7t5v0__dffrnq_1)
                                              6.181199   data arrival time

                      0.150000   20.000000   20.000000   clock clk (rise edge)
                                  0.000000   20.000000   clock network delay (ideal)
                                 -0.250000   19.750002   clock uncertainty
                                  0.000000   19.750002   clock reconvergence pessimism
                                             19.750002 ^ _652_/CLK (gf180mcu_fd_sc_mcu7t5v0__dffrnq_1)
                                 -1.317339   18.432663   library recovery time
                                             18.432663   data required time
---------------------------------------------------------------------------------------------
                                             18.432663   data required time
                                             -6.181199   data arrival time
---------------------------------------------------------------------------------------------
                                             12.251464   slack (MET)


Startpoint: rst_n (input port clocked by clk)
Endpoint: _653_ (recovery check against rising-edge clock clk)
Path Group: asynchronous
Path Type: max

Fanout         Cap        Slew       Delay        Time   Description
---------------------------------------------------------------------------------------------
                      0.150000    0.000000    0.000000   clock clk (rise edge)
                                  0.000000    0.000000   clock network delay (ideal)
                                  4.000000    4.000000 ^ input external delay
    59    0.344264    3.804497    2.181198    6.181199 ^ rst_n (in)
                                                         rst_n (net)
                      3.804497    0.000000    6.181199 ^ _653_/RN (gf180mcu_fd_sc_mcu7t5v0__dffrnq_1)
                                              6.181199   data arrival time

                      0.150000   20.000000   20.000000   clock clk (rise edge)
                                  0.000000   20.000000   clock network delay (ideal)
                                 -0.250000   19.750002   clock uncertainty
                                  0.000000   19.750002   clock reconvergence pessimism
                                             19.750002 ^ _653_/CLK (gf180mcu_fd_sc_mcu7t5v0__dffrnq_1)
                                 -1.317339   18.432663   library recovery time
                                             18.432663   data required time
---------------------------------------------------------------------------------------------
                                             18.432663   data required time
                                             -6.181199   data arrival time
---------------------------------------------------------------------------------------------
                                             12.251464   slack (MET)


Startpoint: ena (input port clocked by clk)
Endpoint: _648_ (rising edge-triggered flip-flop clocked by clk)
Path Group: clk
Path Type: max

Fanout         Cap        Slew       Delay        Time   Description
---------------------------------------------------------------------------------------------
                      0.150000    0.000000    0.000000   clock clk (rise edge)
                                  0.000000    0.000000   clock network delay (ideal)
                                  4.000000    4.000000 ^ input external delay
     3    0.010536    0.147423    0.069922    4.069922 ^ ena (in)
                                                         ena (net)
                      0.147423    0.000000    4.069922 ^ _360_/A1 (gf180mcu_fd_sc_mcu7t5v0__nand2_1)
     4    0.017329    0.203974    0.150864    4.220786 v _360_/ZN (gf180mcu_fd_sc_mcu7t5v0__nand2_1)
                                                         _133_ (net)
                      0.203974    0.000000    4.220786 v _366_/A1 (gf180mcu_fd_sc_mcu7t5v0__nor3_1)
     1    0.003038    0.212485    0.158579    4.379365 ^ _366_/ZN (gf180mcu_fd_sc_mcu7t5v0__nor3_1)
                                                         _002_ (net)
                      0.212485    0.000000    4.379365 ^ _648_/D (gf180mcu_fd_sc_mcu7t5v0__dffrnq_1)
                                              4.379365   data arrival time

                      0.150000   20.000000   20.000000   clock clk (rise edge)
                                  0.000000   20.000000   clock network delay (ideal)
                                 -0.250000   19.750002   clock uncertainty
                                  0.000000   19.750002   clock reconvergence pessimism
                                             19.750002 ^ _648_/CLK (gf180mcu_fd_sc_mcu7t5v0__dffrnq_1)
                                 -0.195741   19.554260   library setup time
                                             19.554260   data required time
---------------------------------------------------------------------------------------------
                                             19.554260   data required time
                                             -4.379365   data arrival time
---------------------------------------------------------------------------------------------
                                             15.174896   slack (MET)


Startpoint: ena (input port clocked by clk)
Endpoint: _647_ (rising edge-triggered flip-flop clocked by clk)
Path Group: clk
Path Type: max

Fanout         Cap        Slew       Delay        Time   Description
---------------------------------------------------------------------------------------------
                      0.150000    0.000000    0.000000   clock clk (rise edge)
                                  0.000000    0.000000   clock network delay (ideal)
                                  4.000000    4.000000 ^ input external delay
     3    0.010536    0.147423    0.069922    4.069922 ^ ena (in)
                                                         ena (net)
                      0.147423    0.000000    4.069922 ^ _360_/A1 (gf180mcu_fd_sc_mcu7t5v0__nand2_1)
     4    0.017329    0.203974    0.150864    4.220786 v _360_/ZN (gf180mcu_fd_sc_mcu7t5v0__nand2_1)
                                                         _133_ (net)
                      0.203974    0.000000    4.220786 v _363_/A1 (gf180mcu_fd_sc_mcu7t5v0__nor2_1)
     1    0.003038    0.141421    0.127811    4.348597 ^ _363_/ZN (gf180mcu_fd_sc_mcu7t5v0__nor2_1)
                                                         _001_ (net)
                      0.141421    0.000000    4.348597 ^ _647_/D (gf180mcu_fd_sc_mcu7t5v0__dffrnq_1)
                                              4.348597   data arrival time

                      0.150000   20.000000   20.000000   clock clk (rise edge)
                                  0.000000   20.000000   clock network delay (ideal)
                                 -0.250000   19.750002   clock uncertainty
                                  0.000000   19.750002   clock reconvergence pessimism
                                             19.750002 ^ _647_/CLK (gf180mcu_fd_sc_mcu7t5v0__dffrnq_1)
                                 -0.180789   19.569212   library setup time
                                             19.569212   data required time
---------------------------------------------------------------------------------------------
                                             19.569212   data required time
                                             -4.348597   data arrival time
---------------------------------------------------------------------------------------------
                                             15.220614   slack (MET)


Startpoint: ena (input port clocked by clk)
Endpoint: _650_ (rising edge-triggered flip-flop clocked by clk)
Path Group: clk
Path Type: max

Fanout         Cap        Slew       Delay        Time   Description
---------------------------------------------------------------------------------------------
                      0.150000    0.000000    0.000000   clock clk (rise edge)
                                  0.000000    0.000000   clock network delay (ideal)
                                  4.000000    4.000000 ^ input external delay
     3    0.010536    0.147423    0.069922    4.069922 ^ ena (in)
                                                         ena (net)
                      0.147423    0.000000    4.069922 ^ _360_/A1 (gf180mcu_fd_sc_mcu7t5v0__nand2_1)
     4    0.017329    0.203974    0.150864    4.220786 v _360_/ZN (gf180mcu_fd_sc_mcu7t5v0__nand2_1)
                                                         _133_ (net)
                      0.203974    0.000000    4.220786 v _371_/A1 (gf180mcu_fd_sc_mcu7t5v0__nor2_1)
     1    0.003038    0.141421    0.127811    4.348597 ^ _371_/ZN (gf180mcu_fd_sc_mcu7t5v0__nor2_1)
                                                         _004_ (net)
                      0.141421    0.000000    4.348597 ^ _650_/D (gf180mcu_fd_sc_mcu7t5v0__dffrnq_1)
                                              4.348597   data arrival time

                      0.150000   20.000000   20.000000   clock clk (rise edge)
                                  0.000000   20.000000   clock network delay (ideal)
                                 -0.250000   19.750002   clock uncertainty
                                  0.000000   19.750002   clock reconvergence pessimism
                                             19.750002 ^ _650_/CLK (gf180mcu_fd_sc_mcu7t5v0__dffrnq_1)
                                 -0.180789   19.569212   library setup time
                                             19.569212   data required time
---------------------------------------------------------------------------------------------
                                             19.569212   data required time
                                             -4.348597   data arrival time
---------------------------------------------------------------------------------------------
                                             15.220614   slack (MET)


Startpoint: ena (input port clocked by clk)
Endpoint: _646_ (rising edge-triggered flip-flop clocked by clk)
Path Group: clk
Path Type: max

Fanout         Cap        Slew       Delay        Time   Description
---------------------------------------------------------------------------------------------
                      0.150000    0.000000    0.000000   clock clk (rise edge)
                                  0.000000    0.000000   clock network delay (ideal)
                                  4.000000    4.000000 ^ input external delay
     3    0.010536    0.147423    0.069922    4.069922 ^ ena (in)
                                                         ena (net)
                      0.147423    0.000000    4.069922 ^ _360_/A1 (gf180mcu_fd_sc_mcu7t5v0__nand2_1)
     4    0.017329    0.203974    0.150864    4.220786 v _360_/ZN (gf180mcu_fd_sc_mcu7t5v0__nand2_1)
                                                         _133_ (net)
                      0.203974    0.000000    4.220786 v _361_/A2 (gf180mcu_fd_sc_mcu7t5v0__nor2_1)
     1    0.003038    0.144607    0.124375    4.345161 ^ _361_/ZN (gf180mcu_fd_sc_mcu7t5v0__nor2_1)
                                                         _000_ (net)
                      0.144607    0.000000    4.345161 ^ _646_/D (gf180mcu_fd_sc_mcu7t5v0__dffrnq_1)
                                              4.345161   data arrival time

                      0.150000   20.000000   20.000000   clock clk (rise edge)
                                  0.000000   20.000000   clock network delay (ideal)
                                 -0.250000   19.750002   clock uncertainty
                                  0.000000   19.750002   clock reconvergence pessimism
                                             19.750002 ^ _646_/CLK (gf180mcu_fd_sc_mcu7t5v0__dffrnq_1)
                                 -0.181459   19.568542   library setup time
                                             19.568542   data required time
---------------------------------------------------------------------------------------------
                                             19.568542   data required time
                                             -4.345161   data arrival time
---------------------------------------------------------------------------------------------
                                             15.223382   slack (MET)


Startpoint: ena (input port clocked by clk)
Endpoint: _649_ (rising edge-triggered flip-flop clocked by clk)
Path Group: clk
Path Type: max

Fanout         Cap        Slew       Delay        Time   Description
---------------------------------------------------------------------------------------------
                      0.150000    0.000000    0.000000   clock clk (rise edge)
                                  0.000000    0.000000   clock network delay (ideal)
                                  4.000000    4.000000 ^ input external delay
     3    0.010536    0.147423    0.069922    4.069922 ^ ena (in)
                                                         ena (net)
                      0.147423    0.000000    4.069922 ^ _369_/A1 (gf180mcu_fd_sc_mcu7t5v0__and4_1)
     1    0.003038    0.108385    0.263459    4.333380 ^ _369_/Z (gf180mcu_fd_sc_mcu7t5v0__and4_1)
                                                         _003_ (net)
                      0.108385    0.000000    4.333380 ^ _649_/D (gf180mcu_fd_sc_mcu7t5v0__dffrnq_1)
                                              4.333380   data arrival time

                      0.150000   20.000000   20.000000   clock clk (rise edge)
                                  0.000000   20.000000   clock network delay (ideal)
                                 -0.250000   19.750002   clock uncertainty
                                  0.000000   19.750002   clock reconvergence pessimism
                                             19.750002 ^ _649_/CLK (gf180mcu_fd_sc_mcu7t5v0__dffrnq_1)
                                 -0.173837   19.576164   library setup time
                                             19.576164   data required time
---------------------------------------------------------------------------------------------
                                             19.576164   data required time
                                             -4.333380   data arrival time
---------------------------------------------------------------------------------------------
                                             15.242784   slack (MET)


Startpoint: ena (input port clocked by clk)
Endpoint: _642_ (rising edge-triggered flip-flop clocked by clk)
Path Group: clk
Path Type: max

Fanout         Cap        Slew       Delay        Time   Description
---------------------------------------------------------------------------------------------
                      0.150000    0.000000    0.000000   clock clk (rise edge)
                                  0.000000    0.000000   clock network delay (ideal)
                                  4.000000    4.000000 ^ input external delay
     3    0.010536    0.147423    0.069922    4.069922 ^ ena (in)
                                                         ena (net)
                      0.147423    0.000000    4.069922 ^ _414_/A1 (gf180mcu_fd_sc_mcu7t5v0__and2_1)
     1    0.003038    0.085692    0.174393    4.244314 ^ _414_/Z (gf180mcu_fd_sc_mcu7t5v0__and2_1)
                                                         _047_ (net)
                      0.085692    0.000000    4.244314 ^ _642_/D (gf180mcu_fd_sc_mcu7t5v0__dffrnq_1)
                                              4.244314   data arrival time

                      0.150000   20.000000   20.000000   clock clk (rise edge)
                                  0.000000   20.000000   clock network delay (ideal)
                                 -0.250000   19.750002   clock uncertainty
                                  0.000000   19.750002   clock reconvergence pessimism
                                             19.750002 ^ _642_/CLK (gf180mcu_fd_sc_mcu7t5v0__dffrnq_1)
                                 -0.170242   19.579760   library setup time
                                             19.579760   data required time
---------------------------------------------------------------------------------------------
                                             19.579760   data required time
                                             -4.244314   data arrival time
---------------------------------------------------------------------------------------------
                                             15.335445   slack (MET)



%OL_END_REPORT
%OL_CREATE_REPORT checks.rpt

===========================================================================
report_checks -unconstrained
===========================================================================
======================= nom_ff_n40C_5v50 Corner ===================================

Startpoint: rst_n (input port clocked by clk)
Endpoint: _642_ (recovery check against rising-edge clock clk)
Path Group: asynchronous
Path Type: max

Fanout         Cap        Slew       Delay        Time   Description
---------------------------------------------------------------------------------------------
                      0.150000    0.000000    0.000000   clock clk (rise edge)
                                  0.000000    0.000000   clock network delay (ideal)
                                  4.000000    4.000000 ^ input external delay
    59    0.344264    3.804497    2.181198    6.181199 ^ rst_n (in)
                                                         rst_n (net)
                      3.804497    0.000000    6.181199 ^ _642_/RN (gf180mcu_fd_sc_mcu7t5v0__dffrnq_1)
                                              6.181199   data arrival time

                      0.150000   20.000000   20.000000   clock clk (rise edge)
                                  0.000000   20.000000   clock network delay (ideal)
                                 -0.250000   19.750002   clock uncertainty
                                  0.000000   19.750002   clock reconvergence pessimism
                                             19.750002 ^ _642_/CLK (gf180mcu_fd_sc_mcu7t5v0__dffrnq_1)
                                 -1.317339   18.432663   library recovery time
                                             18.432663   data required time
---------------------------------------------------------------------------------------------
                                             18.432663   data required time
                                             -6.181199   data arrival time
---------------------------------------------------------------------------------------------
                                             12.251464   slack (MET)


Startpoint: ena (input port clocked by clk)
Endpoint: _648_ (rising edge-triggered flip-flop clocked by clk)
Path Group: clk
Path Type: max

Fanout         Cap        Slew       Delay        Time   Description
---------------------------------------------------------------------------------------------
                      0.150000    0.000000    0.000000   clock clk (rise edge)
                                  0.000000    0.000000   clock network delay (ideal)
                                  4.000000    4.000000 ^ input external delay
     3    0.010536    0.147423    0.069922    4.069922 ^ ena (in)
                                                         ena (net)
                      0.147423    0.000000    4.069922 ^ _360_/A1 (gf180mcu_fd_sc_mcu7t5v0__nand2_1)
     4    0.017329    0.203974    0.150864    4.220786 v _360_/ZN (gf180mcu_fd_sc_mcu7t5v0__nand2_1)
                                                         _133_ (net)
                      0.203974    0.000000    4.220786 v _366_/A1 (gf180mcu_fd_sc_mcu7t5v0__nor3_1)
     1    0.003038    0.212485    0.158579    4.379365 ^ _366_/ZN (gf180mcu_fd_sc_mcu7t5v0__nor3_1)
                                                         _002_ (net)
                      0.212485    0.000000    4.379365 ^ _648_/D (gf180mcu_fd_sc_mcu7t5v0__dffrnq_1)
                                              4.379365   data arrival time

                      0.150000   20.000000   20.000000   clock clk (rise edge)
                                  0.000000   20.000000   clock network delay (ideal)
                                 -0.250000   19.750002   clock uncertainty
                                  0.000000   19.750002   clock reconvergence pessimism
                                             19.750002 ^ _648_/CLK (gf180mcu_fd_sc_mcu7t5v0__dffrnq_1)
                                 -0.195741   19.554260   library setup time
                                             19.554260   data required time
---------------------------------------------------------------------------------------------
                                             19.554260   data required time
                                             -4.379365   data arrival time
---------------------------------------------------------------------------------------------
                                             15.174896   slack (MET)




===========================================================================
report_checks --slack_max -0.01
============================================================================
======================= nom_ff_n40C_5v50 Corner ===================================

No paths found.


===========================================================================
 report_check_types -max_slew -max_cap -max_fanout -violators
============================================================================
======================= nom_ff_n40C_5v50 Corner ===================================

max slew

Pin                                        Limit        Slew       Slack
------------------------------------------------------------------------
rst_n                                   2.600000    3.804497   -1.204497 (VIOLATED)
_324_/I                                 2.600000    3.804497   -1.204497 (VIOLATED)
_401_/A2                                2.600000    3.804497   -1.204497 (VIOLATED)
_402_/A2                                2.600000    3.804497   -1.204497 (VIOLATED)
_415_/A1                                2.600000    3.804497   -1.204497 (VIOLATED)
_552_/A1                                2.600000    3.804497   -1.204497 (VIOLATED)
_562_/C                                 2.600000    3.804497   -1.204497 (VIOLATED)
_579_/A2                                2.600000    3.804497   -1.204497 (VIOLATED)
_590_/B                                 2.600000    3.804497   -1.204497 (VIOLATED)
_593_/B                                 2.600000    3.804497   -1.204497 (VIOLATED)
_599_/B                                 2.600000    3.804497   -1.204497 (VIOLATED)
_602_/B                                 2.600000    3.804497   -1.204497 (VIOLATED)
_605_/B                                 2.600000    3.804497   -1.204497 (VIOLATED)
_608_/B                                 2.600000    3.804497   -1.204497 (VIOLATED)
_612_/I                                 2.600000    3.804497   -1.204497 (VIOLATED)
_613_/I                                 2.600000    3.804497   -1.204497 (VIOLATED)
_614_/I                                 2.600000    3.804497   -1.204497 (VIOLATED)
_615_/I                                 2.600000    3.804497   -1.204497 (VIOLATED)
_616_/I                                 2.600000    3.804497   -1.204497 (VIOLATED)
_617_/I                                 2.600000    3.804497   -1.204497 (VIOLATED)
_618_/I                                 2.600000    3.804497   -1.204497 (VIOLATED)
_619_/I                                 2.600000    3.804497   -1.204497 (VIOLATED)
_620_/I                                 2.600000    3.804497   -1.204497 (VIOLATED)
_621_/I                                 2.600000    3.804497   -1.204497 (VIOLATED)
_622_/I                                 2.600000    3.804497   -1.204497 (VIOLATED)
_623_/I                                 2.600000    3.804497   -1.204497 (VIOLATED)
_624_/I                                 2.600000    3.804497   -1.204497 (VIOLATED)
_642_/RN                                2.600000    3.804497   -1.204497 (VIOLATED)
_646_/RN                                2.600000    3.804497   -1.204497 (VIOLATED)
_647_/RN                                2.600000    3.804497   -1.204497 (VIOLATED)
_648_/RN                                2.600000    3.804497   -1.204497 (VIOLATED)
_649_/RN                                2.600000    3.804497   -1.204497 (VIOLATED)
_650_/RN                                2.600000    3.804497   -1.204497 (VIOLATED)
_651_/RN                                2.600000    3.804497   -1.204497 (VIOLATED)
_652_/RN                                2.600000    3.804497   -1.204497 (VIOLATED)
_653_/RN                                2.600000    3.804497   -1.204497 (VIOLATED)
_658_/RN                                2.600000    3.804497   -1.204497 (VIOLATED)
_680_/D                                 2.600000    3.804497   -1.204497 (VIOLATED)
_681_/SETN                              2.600000    3.804497   -1.204497 (VIOLATED)
_682_/RN                                2.600000    3.804497   -1.204497 (VIOLATED)
_683_/RN                                2.600000    3.804497   -1.204497 (VIOLATED)
_684_/RN                                2.600000    3.804497   -1.204497 (VIOLATED)
_685_/RN                                2.600000    3.804497   -1.204497 (VIOLATED)
_686_/SETN                              2.600000    3.804497   -1.204497 (VIOLATED)
_687_/SETN                              2.600000    3.804497   -1.204497 (VIOLATED)
_688_/SETN                              2.600000    3.804497   -1.204497 (VIOLATED)
_689_/RN                                2.600000    3.804497   -1.204497 (VIOLATED)
_690_/RN                                2.600000    3.804497   -1.204497 (VIOLATED)
_691_/SETN                              2.600000    3.804497   -1.204497 (VIOLATED)
_692_/SETN                              2.600000    3.804497   -1.204497 (VIOLATED)
_693_/RN                                2.600000    3.804497   -1.204497 (VIOLATED)
_694_/SETN                              2.600000    3.804497   -1.204497 (VIOLATED)
_697_/RN                                2.600000    3.804497   -1.204497 (VIOLATED)
_698_/RN                                2.600000    3.804497   -1.204497 (VIOLATED)
_699_/RN                                2.600000    3.804497   -1.204497 (VIOLATED)
_700_/RN                                2.600000    3.804497   -1.204497 (VIOLATED)
_701_/RN                                2.600000    3.804497   -1.204497 (VIOLATED)
_702_/RN                                2.600000    3.804497   -1.204497 (VIOLATED)
_703_/RN                                2.600000    3.804497   -1.204497 (VIOLATED)
_704_/RN                                2.600000    3.804497   -1.204497 (VIOLATED)
_413_/A1                                2.600000    3.038031   -0.438031 (VIOLATED)
_625_/CLK                               2.600000    3.038031   -0.438031 (VIOLATED)
_626_/CLK                               2.600000    3.038031   -0.438031 (VIOLATED)
_627_/CLK                               2.600000    3.038031   -0.438031 (VIOLATED)
_628_/CLK                               2.600000    3.038031   -0.438031 (VIOLATED)
_629_/CLK                               2.600000    3.038031   -0.438031 (VIOLATED)
_630_/CLK                               2.600000    3.038031   -0.438031 (VIOLATED)
_631_/CLK                               2.600000    3.038031   -0.438031 (VIOLATED)
_632_/CLK                               2.600000    3.038031   -0.438031 (VIOLATED)
_633_/CLK                               2.600000    3.038031   -0.438031 (VIOLATED)
_634_/CLK                               2.600000    3.038031   -0.438031 (VIOLATED)
_635_/CLK                               2.600000    3.038031   -0.438031 (VIOLATED)
_636_/CLK                               2.600000    3.038031   -0.438031 (VIOLATED)
_637_/CLK                               2.600000    3.038031   -0.438031 (VIOLATED)
_638_/CLK                               2.600000    3.038031   -0.438031 (VIOLATED)
_639_/CLK                               2.600000    3.038031   -0.438031 (VIOLATED)
_640_/CLK                               2.600000    3.038031   -0.438031 (VIOLATED)
_641_/CLK                               2.600000    3.038031   -0.438031 (VIOLATED)
_642_/Q                                 2.600000    3.038031   -0.438031 (VIOLATED)
_643_/CLK                               2.600000    3.038031   -0.438031 (VIOLATED)
_644_/CLK                               2.600000    3.038031   -0.438031 (VIOLATED)
_645_/CLK                               2.600000    3.038031   -0.438031 (VIOLATED)
_654_/CLK                               2.600000    3.038031   -0.438031 (VIOLATED)
_655_/CLK                               2.600000    3.038031   -0.438031 (VIOLATED)
_656_/CLK                               2.600000    3.038031   -0.438031 (VIOLATED)
_657_/CLK                               2.600000    3.038031   -0.438031 (VIOLATED)
_658_/CLK                               2.600000    3.038031   -0.438031 (VIOLATED)
_659_/CLK                               2.600000    3.038031   -0.438031 (VIOLATED)
_660_/CLK                               2.600000    3.038031   -0.438031 (VIOLATED)
_661_/CLK                               2.600000    3.038031   -0.438031 (VIOLATED)
_662_/CLK                               2.600000    3.038031   -0.438031 (VIOLATED)
_663_/CLK                               2.600000    3.038031   -0.438031 (VIOLATED)
_664_/CLK                               2.600000    3.038031   -0.438031 (VIOLATED)
_665_/CLK                               2.600000    3.038031   -0.438031 (VIOLATED)
_666_/CLK                               2.600000    3.038031   -0.438031 (VIOLATED)
_667_/CLK                               2.600000    3.038031   -0.438031 (VIOLATED)
_668_/CLK                               2.600000    3.038031   -0.438031 (VIOLATED)
_669_/CLK                               2.600000    3.038031   -0.438031 (VIOLATED)
_670_/CLK                               2.600000    3.038031   -0.438031 (VIOLATED)
_671_/CLK                               2.600000    3.038031   -0.438031 (VIOLATED)
_672_/CLK                               2.600000    3.038031   -0.438031 (VIOLATED)
_673_/CLK                               2.600000    3.038031   -0.438031 (VIOLATED)
_674_/CLK                               2.600000    3.038031   -0.438031 (VIOLATED)
_675_/CLK                               2.600000    3.038031   -0.438031 (VIOLATED)
_676_/CLK                               2.600000    3.038031   -0.438031 (VIOLATED)
_677_/CLK                               2.600000    3.038031   -0.438031 (VIOLATED)
_678_/CLK                               2.600000    3.038031   -0.438031 (VIOLATED)
_679_/CLK                               2.600000    3.038031   -0.438031 (VIOLATED)
_680_/CLK                               2.600000    3.038031   -0.438031 (VIOLATED)
_681_/CLK                               2.600000    3.038031   -0.438031 (VIOLATED)
_682_/CLK                               2.600000    3.038031   -0.438031 (VIOLATED)
_683_/CLK                               2.600000    3.038031   -0.438031 (VIOLATED)
_684_/CLK                               2.600000    3.038031   -0.438031 (VIOLATED)
_685_/CLK                               2.600000    3.038031   -0.438031 (VIOLATED)
_686_/CLK                               2.600000    3.038031   -0.438031 (VIOLATED)
_687_/CLK                               2.600000    3.038031   -0.438031 (VIOLATED)
_688_/CLK                               2.600000    3.038031   -0.438031 (VIOLATED)
_689_/CLK                               2.600000    3.038031   -0.438031 (VIOLATED)
_690_/CLK                               2.600000    3.038031   -0.438031 (VIOLATED)
_691_/CLK                               2.600000    3.038031   -0.438031 (VIOLATED)
_692_/CLK                               2.600000    3.038031   -0.438031 (VIOLATED)
_693_/CLK                               2.600000    3.038031   -0.438031 (VIOLATED)
_694_/CLK                               2.600000    3.038031   -0.438031 (VIOLATED)
_695_/CLK                               2.600000    3.038031   -0.438031 (VIOLATED)
_696_/CLK                               2.600000    3.038031   -0.438031 (VIOLATED)
_697_/CLK                               2.600000    3.038031   -0.438031 (VIOLATED)
_698_/CLK                               2.600000    3.038031   -0.438031 (VIOLATED)
_699_/CLK                               2.600000    3.038031   -0.438031 (VIOLATED)
_700_/CLK                               2.600000    3.038031   -0.438031 (VIOLATED)
_701_/CLK                               2.600000    3.038031   -0.438031 (VIOLATED)
_702_/CLK                               2.600000    3.038031   -0.438031 (VIOLATED)
_703_/CLK                               2.600000    3.038031   -0.438031 (VIOLATED)
_704_/CLK                               2.600000    3.038031   -0.438031 (VIOLATED)
_705_/CLK                               2.600000    3.038031   -0.438031 (VIOLATED)
_706_/CLK                               2.600000    3.038031   -0.438031 (VIOLATED)
_707_/CLK                               2.600000    3.038031   -0.438031 (VIOLATED)
_708_/CLK                               2.600000    3.038031   -0.438031 (VIOLATED)
_709_/CLK                               2.600000    3.038031   -0.438031 (VIOLATED)
_710_/CLK                               2.600000    3.038031   -0.438031 (VIOLATED)
_711_/CLK                               2.600000    3.038031   -0.438031 (VIOLATED)
_712_/CLK                               2.600000    3.038031   -0.438031 (VIOLATED)
_713_/CLK                               2.600000    3.038031   -0.438031 (VIOLATED)

max fanout

Pin                                   Limit Fanout  Slack
---------------------------------------------------------
_642_/Q                                  10     81    -71 (VIOLATED)
rst_n                                    10     59    -49 (VIOLATED)
_713_/Q                                  10     18     -8 (VIOLATED)
_400_/ZN                                 10     13     -3 (VIOLATED)
_644_/Q                                  10     12     -2 (VIOLATED)
_654_/Q                                  10     12     -2 (VIOLATED)

max capacitance

Pin                                        Limit         Cap       Slack
------------------------------------------------------------------------
rst_n                                   0.200000    0.344264   -0.144264 (VIOLATED)
_642_/Q                                 0.200000    0.273111   -0.073111 (VIOLATED)



===========================================================================
report_parasitic_annotation -report_unannotated
============================================================================
Found 415 unannotated drivers.
 address_in[0]
 address_in[1]
 address_in[2]
 clk
 data_in[0]
 data_in[1]
 data_in[2]
 data_in[3]
 data_in[4]
 ena
 rst_n
 write_strobe_in
 _314_/ZN
 _315_/ZN
 _316_/ZN
 _317_/ZN
 _318_/ZN
 _319_/ZN
 _320_/ZN
 _321_/ZN
 _322_/ZN
 _323_/ZN
 _324_/ZN
 _325_/ZN
 _326_/ZN
 _327_/ZN
 _328_/ZN
 _329_/ZN
 _330_/ZN
 _331_/ZN
 _332_/ZN
 _333_/ZN
 _334_/ZN
 _335_/Z
 _336_/ZN
 _337_/ZN
 _338_/Z
 _339_/Z
 _340_/Z
 _341_/ZN
 _342_/ZN
 _343_/Z
 _344_/ZN
 _345_/Z
 _346_/Z
 _347_/Z
 _348_/Z
 _349_/ZN
 _350_/ZN
 _351_/ZN
 _352_/Z
 _353_/Z
 _354_/Z
 _355_/ZN
 _356_/ZN
 _357_/ZN
 _358_/ZN
 _359_/ZN
 _360_/ZN
 _361_/ZN
 _362_/ZN
 _363_/ZN
 _364_/Z
 _365_/ZN
 _366_/ZN
 _367_/ZN
 _368_/Z
 _369_/Z
 _370_/Z
 _371_/ZN
 _372_/ZN
 _373_/ZN
 _374_/ZN
 _375_/ZN
 _376_/ZN
 _377_/ZN
 _378_/ZN
 _379_/ZN
 _380_/ZN
 _381_/Z
 _382_/ZN
 _383_/Z
 _384_/ZN
 _385_/ZN
 _386_/Z
 _387_/ZN
 _388_/ZN
 _389_/Z
 _390_/ZN
 _391_/ZN
 _392_/Z
 _393_/ZN
 _394_/ZN
 _395_/ZN
 _396_/Z
 _397_/Z
 _398_/Z
 _399_/ZN
 _400_/ZN
 _401_/Z
 _402_/ZN
 _403_/ZN
 _404_/ZN
 _405_/ZN
 _406_/ZN
 _407_/ZN
 _408_/ZN
 _409_/ZN
 _410_/ZN
 _411_/ZN
 _412_/ZN
 _413_/Z
 _414_/Z
 _415_/ZN
 _416_/Z
 _417_/ZN
 _418_/ZN
 _419_/ZN
 _420_/Z
 _421_/ZN
 _422_/Z
 _423_/ZN
 _424_/ZN
 _425_/ZN
 _426_/ZN
 _427_/ZN
 _428_/ZN
 _429_/Z
 _430_/ZN
 _431_/ZN
 _432_/ZN
 _433_/ZN
 _434_/ZN
 _435_/Z
 _436_/ZN
 _437_/ZN
 _438_/ZN
 _439_/ZN
 _440_/ZN
 _441_/ZN
 _442_/ZN
 _443_/ZN
 _444_/ZN
 _445_/Z
 _446_/ZN
 _447_/ZN
 _448_/ZN
 _449_/ZN
 _450_/ZN
 _451_/ZN
 _452_/Z
 _453_/ZN
 _454_/ZN
 _455_/Z
 _456_/ZN
 _457_/ZN
 _458_/Z
 _459_/Z
 _460_/Z
 _461_/Z
 _462_/Z
 _463_/Z
 _464_/Z
 _465_/ZN
 _466_/ZN
 _467_/Z
 _468_/ZN
 _469_/ZN
 _470_/Z
 _471_/Z
 _472_/ZN
 _473_/ZN
 _474_/ZN
 _475_/ZN
 _476_/ZN
 _477_/ZN
 _478_/ZN
 _479_/ZN
 _480_/ZN
 _481_/ZN
 _482_/ZN
 _483_/Z
 _484_/ZN
 _485_/ZN
 _486_/Z
 _487_/ZN
 _488_/ZN
 _489_/Z
 _490_/ZN
 _491_/Z
 _492_/ZN
 _493_/ZN
 _494_/ZN
 _495_/ZN
 _496_/ZN
 _497_/ZN
 _498_/Z
 _499_/ZN
 _500_/Z
 _501_/Z
 _502_/ZN
 _503_/Z
 _504_/Z
 _505_/ZN
 _506_/ZN
 _507_/ZN
 _508_/ZN
 _509_/Z
 _510_/ZN
 _511_/ZN
 _512_/Z
 _513_/ZN
 _514_/ZN
 _515_/ZN
 _516_/ZN
 _517_/Z
 _518_/ZN
 _519_/ZN
 _520_/ZN
 _521_/ZN
 _522_/ZN
 _523_/ZN
 _524_/ZN
 _525_/ZN
 _526_/Z
 _527_/Z
 _528_/Z
 _529_/ZN
 _530_/ZN
 _531_/ZN
 _532_/ZN
 _533_/ZN
 _534_/ZN
 _535_/ZN
 _536_/ZN
 _537_/Z
 _538_/ZN
 _539_/ZN
 _540_/ZN
 _541_/ZN
 _542_/ZN
 _543_/Z
 _544_/ZN
 _545_/ZN
 _546_/ZN
 _547_/Z
 _548_/ZN
 _549_/Z
 _550_/Z
 _551_/Z
 _552_/ZN
 _553_/ZN
 _554_/ZN
 _555_/Z
 _556_/Z
 _557_/ZN
 _558_/ZN
 _559_/ZN
 _560_/ZN
 _561_/ZN
 _562_/ZN
 _563_/ZN
 _564_/Z
 _565_/Z
 _566_/ZN
 _567_/ZN
 _568_/ZN
 _569_/Z
 _570_/Z
 _571_/Z
 _572_/Z
 _573_/Z
 _574_/Z
 _575_/Z
 _576_/Z
 _577_/Z
 _578_/Z
 _579_/ZN
 _580_/Z
 _581_/ZN
 _582_/ZN
 _583_/ZN
 _584_/ZN
 _585_/ZN
 _586_/ZN
 _587_/ZN
 _588_/ZN
 _589_/ZN
 _590_/ZN
 _591_/ZN
 _592_/ZN
 _593_/ZN
 _594_/ZN
 _595_/ZN
 _596_/Z
 _597_/ZN
 _598_/Z
 _599_/ZN
 _600_/ZN
 _601_/Z
 _602_/ZN
 _603_/ZN
 _604_/Z
 _605_/ZN
 _606_/ZN
 _607_/ZN
 _608_/ZN
 _609_/ZN
 _610_/Z
 _611_/ZN
 _612_/ZN
 _613_/ZN
 _614_/ZN
 _615_/ZN
 _616_/ZN
 _617_/ZN
 _618_/ZN
 _619_/ZN
 _620_/ZN
 _621_/ZN
 _622_/ZN
 _623_/ZN
 _624_/ZN
 _625_/Q
 _626_/Q
 _627_/Q
 _628_/Q
 _629_/Q
 _630_/Q
 _631_/Q
 _632_/Q
 _633_/Q
 _634_/Q
 _635_/Q
 _636_/Q
 _637_/Q
 _638_/Q
 _639_/Q
 _640_/Q
 _641_/Q
 _642_/Q
 _643_/Q
 _644_/Q
 _645_/Q
 _646_/Q
 _647_/Q
 _648_/Q
 _649_/Q
 _650_/Q
 _651_/Q
 _652_/Q
 _653_/Q
 _654_/Q
 _655_/Q
 _656_/Q
 _657_/Q
 _658_/Q
 _659_/Q
 _660_/Q
 _661_/Q
 _662_/Q
 _663_/Q
 _664_/Q
 _665_/Q
 _666_/Q
 _667_/Q
 _668_/Q
 _669_/Q
 _670_/Q
 _671_/Q
 _672_/Q
 _673_/Q
 _674_/Q
 _675_/Q
 _676_/Q
 _677_/Q
 _678_/Q
 _679_/Q
 _680_/Q
 _681_/Q
 _682_/Q
 _683_/Q
 _684_/Q
 _685_/Q
 _686_/Q
 _687_/Q
 _688_/Q
 _689_/Q
 _690_/Q
 _691_/Q
 _692_/Q
 _693_/Q
 _694_/Q
 _695_/Q
 _696_/Q
 _697_/Q
 _698_/Q
 _699_/Q
 _700_/Q
 _701_/Q
 _702_/Q
 _703_/Q
 _704_/Q
 _705_/Q
 _706_/Q
 _707_/Q
 _708_/Q
 _709_/Q
 _710_/Q
 _711_/Q
 _712_/Q
 _713_/Q
 _714_/ZN
 _715_/ZN
 _716_/ZN
Found 0 partially unannotated drivers.

===========================================================================
max slew violation count 142
%OL_METRIC_I design__max_slew_violation__count__corner:nom_ff_n40C_5v50 142
max fanout violation count 6
%OL_METRIC_I design__max_fanout_violation__count__corner:nom_ff_n40C_5v50 6
max cap violation count 2
%OL_METRIC_I design__max_cap_violation__count__corner:nom_ff_n40C_5v50 2
============================================================================

===========================================================================
check_setup -verbose -unconstrained_endpoints -multiple_clock -no_clock -no_input_delay -loops -generated_clocks
===========================================================================
Warning: There are 80 unclocked register/latch pins.
  _625_/CLK
  _626_/CLK
  _627_/CLK
  _628_/CLK
  _629_/CLK
  _630_/CLK
  _631_/CLK
  _632_/CLK
  _633_/CLK
  _634_/CLK
  _635_/CLK
  _636_/CLK
  _637_/CLK
  _638_/CLK
  _639_/CLK
  _640_/CLK
  _641_/CLK
  _643_/CLK
  _644_/CLK
  _645_/CLK
  _654_/CLK
  _655_/CLK
  _656_/CLK
  _657_/CLK
  _658_/CLK
  _659_/CLK
  _660_/CLK
  _661_/CLK
  _662_/CLK
  _663_/CLK
  _664_/CLK
  _665_/CLK
  _666_/CLK
  _667_/CLK
  _668_/CLK
  _669_/CLK
  _670_/CLK
  _671_/CLK
  _672_/CLK
  _673_/CLK
  _674_/CLK
  _675_/CLK
  _676_/CLK
  _677_/CLK
  _678_/CLK
  _679_/CLK
  _680_/CLK
  _681_/CLK
  _682_/CLK
  _683_/CLK
  _684_/CLK
  _685_/CLK
  _686_/CLK
  _687_/CLK
  _688_/CLK
  _689_/CLK
  _690_/CLK
  _691_/CLK
  _692_/CLK
  _693_/CLK
  _694_/CLK
  _695_/CLK
  _696_/CLK
  _697_/CLK
  _698_/CLK
  _699_/CLK
  _700_/CLK
  _701_/CLK
  _702_/CLK
  _703_/CLK
  _704_/CLK
  _705_/CLK
  _706_/CLK
  _707_/CLK
  _708_/CLK
  _709_/CLK
  _710_/CLK
  _711_/CLK
  _712_/CLK
  _713_/CLK
Warning: There are 84 unconstrained endpoints.
  signal_bit_out
  _625_/D
  _626_/D
  _627_/D
  _628_/D
  _629_/D
  _630_/D
  _631_/D
  _632_/D
  _633_/D
  _634_/D
  _635_/D
  _636_/D
  _637_/D
  _638_/D
  _639_/D
  _640_/D
  _641_/D
  _643_/D
  _644_/D
  _645_/D
  _651_/D
  _652_/D
  _653_/D
  _654_/D
  _655_/D
  _656_/D
  _657_/D
  _658_/D
  _659_/D
  _660_/D
  _661_/D
  _662_/D
  _663_/D
  _664_/D
  _665_/D
  _666_/D
  _667_/D
  _668_/D
  _669_/D
  _670_/D
  _671_/D
  _672_/D
  _673_/D
  _674_/D
  _675_/D
  _676_/D
  _677_/D
  _678_/D
  _679_/D
  _680_/D
  _681_/D
  _682_/D
  _683_/D
  _684_/D
  _685_/D
  _686_/D
  _687_/D
  _688_/D
  _689_/D
  _690_/D
  _691_/D
  _692_/D
  _693_/D
  _694_/D
  _695_/D
  _696_/D
  _697_/D
  _698_/D
  _699_/D
  _700_/D
  _701_/D
  _702_/D
  _703_/D
  _704_/D
  _705_/D
  _706_/D
  _707_/D
  _708_/D
  _709_/D
  _710_/D
  _711_/D
  _712_/D
  _713_/D
%OL_END_REPORT
%OL_CREATE_REPORT power.rpt

===========================================================================
 report_power
============================================================================
======================= nom_ff_n40C_5v50 Corner ===================================

Group                    Internal    Switching      Leakage        Total
                            Power        Power        Power        Power (Watts)
------------------------------------------------------------------------
Sequential           1.945359e-03 4.696098e-04 4.312122e-08 2.415012e-03  85.5%
Combinational        3.462535e-04 6.168050e-05 4.489603e-08 4.079789e-04  14.5%
Clock                0.000000e+00 0.000000e+00 0.000000e+00 0.000000e+00   0.0%
Macro                0.000000e+00 0.000000e+00 0.000000e+00 0.000000e+00   0.0%
Pad                  0.000000e+00 0.000000e+00 0.000000e+00 0.000000e+00   0.0%
------------------------------------------------------------------------
Total                2.291613e-03 5.312903e-04 8.801722e-08 2.822991e-03 100.0%
                            81.2%        18.8%         0.0%
%OL_METRIC_F power__internal__total 0.00229161255992949
%OL_METRIC_F power__switching__total 0.0005312903085723519
%OL_METRIC_F power__leakage__total 8.801722373164012e-8
%OL_METRIC_F power__total 0.002822990994900465

%OL_END_REPORT
%OL_CREATE_REPORT skew.min.rpt

===========================================================================
Clock Skew (Hold)
============================================================================
%OL_METRIC_F clock__skew__worst_hold__corner:nom_ff_n40C_5v50 -0.25
======================= nom_ff_n40C_5v50 Corner ===================================

Clock clk
0.051926 source latency _642_/CLK ^
-0.051926 target latency _642_/CLK ^
-0.250000 clock uncertainty
0.000000 CRPR
--------------
-0.250000 hold skew

%OL_END_REPORT
%OL_CREATE_REPORT skew.max.rpt

===========================================================================
Clock Skew (Setup)
============================================================================
%OL_METRIC_F clock__skew__worst_setup__corner:nom_ff_n40C_5v50 0.25
======================= nom_ff_n40C_5v50 Corner ===================================

Clock clk
0.051926 source latency _642_/CLK ^
-0.051926 target latency _642_/CLK ^
0.250000 clock uncertainty
0.000000 CRPR
--------------
0.250000 setup skew

%OL_END_REPORT
%OL_CREATE_REPORT ws.min.rpt

===========================================================================
Worst Slack (Hold)
============================================================================
%OL_METRIC_F timing__hold__ws__corner:nom_ff_n40C_5v50 0.3329051850636363
nom_ff_n40C_5v50: 0.3329051850636363
%OL_END_REPORT
%OL_CREATE_REPORT ws.max.rpt

===========================================================================
Worst Slack (Setup)
============================================================================
%OL_METRIC_F timing__setup__ws__corner:nom_ff_n40C_5v50 12.251464189921862
nom_ff_n40C_5v50: 12.251464189921862
%OL_END_REPORT
%OL_CREATE_REPORT tns.min.rpt

===========================================================================
Total Negative Slack (Hold)
============================================================================
%OL_METRIC_F timing__hold__tns__corner:nom_ff_n40C_5v50 0.0
nom_ff_n40C_5v50: 0.0
%OL_END_REPORT
%OL_CREATE_REPORT tns.max.rpt

===========================================================================
Total Negative Slack (Setup)
============================================================================
%OL_METRIC_F timing__setup__tns__corner:nom_ff_n40C_5v50 0.0
nom_ff_n40C_5v50: 0.0
%OL_END_REPORT
%OL_CREATE_REPORT wns.min.rpt

===========================================================================
Worst Negative Slack (Hold)
============================================================================
%OL_METRIC_F timing__hold__wns__corner:nom_ff_n40C_5v50 0
nom_ff_n40C_5v50: 0
%OL_END_REPORT
%OL_CREATE_REPORT wns.max.rpt

===========================================================================
Worst Negative Slack (Setup)
============================================================================
%OL_METRIC_F timing__setup__wns__corner:nom_ff_n40C_5v50 0.0
nom_ff_n40C_5v50: 0.0
%OL_END_REPORT
%OL_CREATE_REPORT violator_list.rpt

===========================================================================
Violator List
============================================================================
%OL_METRIC_I timing__hold_vio__count__corner:nom_ff_n40C_5v50 0
%OL_METRIC_F timing__hold_r2r__ws__corner:nom_ff_n40C_5v50 0.332905
%OL_METRIC_I timing__hold_r2r_vio__count__corner:nom_ff_n40C_5v50 0
%OL_METRIC_I timing__setup_vio__count__corner:nom_ff_n40C_5v50 0
%OL_METRIC_F timing__setup_r2r__ws__corner:nom_ff_n40C_5v50 inf
%OL_METRIC_I timing__setup_r2r_vio__count__corner:nom_ff_n40C_5v50 0
%OL_END_REPORT
%OL_CREATE_REPORT unpropagated.rpt
clk
%OL_END_REPORT
%OL_CREATE_REPORT clock.rpt
Clock: clk
Sources: clk 
Generated: no
Virtual: no
Propagated: no
Period: 20.000000

===========================================================================
report_clock_properties
============================================================================
Clock                   Period          Waveform
----------------------------------------------------
clk                  20.000000    0.000000 10.000000

===========================================================================
report_clock_latency
============================================================================
Clock clk
rise -> rise
    min     max
0.000000 0.000000 source latency
0.051926         network latency _642_/CLK
        2.248714 network latency _625_/CLK
---------------
0.051926 2.248714 latency
        2.196788 skew

rise -> fall
    min     max
0.000000 0.000000 source latency
1.535375         network latency _625_/CLK
        1.535375 network latency _625_/CLK
---------------
1.535375 1.535375 latency
        0.000000 skew

fall -> fall
    min     max
0.000000 0.000000 source latency
0.030414         network latency _642_/CLK
        0.030414 network latency _642_/CLK
---------------
0.030414 0.030414 latency
        0.000000 skew



===========================================================================
report_clock_min_period
============================================================================
clk period_min = 2.95 fmax = 339.06
%OL_END_REPORT
Writing SDF files for all corners…
