Clock: clk
Sources: clk 
Generated: no
Virtual: yes
Propagated: no
Period: 20.000000

===========================================================================
report_clock_properties
============================================================================
Clock                   Period          Waveform
----------------------------------------------------
clk                  20.000000    0.000000 10.000000

===========================================================================
report_clock_latency
============================================================================
Clock clk
rise -> rise
    min     max
0.000000 0.000000 source latency
0.541339         network latency _665_/CLK
        2.831374 network latency _706_/CLK
---------------
0.541339 2.831374 latency
        2.290035 skew

rise -> fall
    min     max
0.000000 0.000000 source latency
2.114324         network latency _656_/CLK
        2.635104 network latency _706_/CLK
---------------
2.114324 2.635104 latency
        0.520780 skew

fall -> fall
    min     max
0.000000 0.000000 source latency
0.501111         network latency _665_/CLK
        0.501997 network latency _666_/CLK
---------------
0.501111 0.501997 latency
        0.000886 skew



===========================================================================
report_clock_min_period
============================================================================
clk period_min = 3.04 fmax = 329.43
