[INFO PSM-0040] All shapes on net VDD are connected.
########## IR report #################
Net              : VDD
Corner           : nom_tt_025C_5v00
Supply voltage   : 5.00e+00 V
Worstcase voltage: 5.00e+00 V
Average voltage  : 5.00e+00 V
Average IR drop  : 3.34e-05 V
Worstcase IR drop: 1.43e-04 V
Percentage drop  : 0.00 %
######################################
[INFO PSM-0040] All shapes on net VSS are connected.
########## IR report #################
Net              : VSS
Corner           : nom_tt_025C_5v00
Supply voltage   : 0.00e+00 V
Worstcase voltage: 1.18e-04 V
Average voltage  : 3.23e-05 V
Average IR drop  : 3.23e-05 V
Worstcase IR drop: 1.18e-04 V
Percentage drop  : 0.00 %
######################################
