144. Printing statistics.

=== tt_um_felixfeierabend ===

        +----------Local Count, excluding submodules.
        |        +-Local Area, excluding submodules.
        |        | 
      941        - wires
     1246        - wire bits
       47        - public wires
      235        - public wire bits
        8        - ports
       43        - port bits
     1112 1.18E+04 cells
      216        -   $_ANDNOT_
       51        -   $_AND_
      290        -   $_MUX_
       53        -   $_NAND_
       42        -   $_NOR_
       24        -   $_NOT_
       32        -   $_ORNOT_
       73        -   $_OR_
       50        -   $_XNOR_
      100        -   $_XOR_
      155 9.87E+03   gf180mcu_fd_sc_mcu7t5v0__dffq_1
       26 1.94E+03   gf180mcu_fd_sc_mcu7t5v0__dffrnq_1

   Area for cell type $_NOT_ is unknown!
   Area for cell type $_AND_ is unknown!
   Area for cell type $_NAND_ is unknown!
   Area for cell type $_OR_ is unknown!
   Area for cell type $_NOR_ is unknown!
   Area for cell type $_XOR_ is unknown!
   Area for cell type $_XNOR_ is unknown!
   Area for cell type $_ANDNOT_ is unknown!
   Area for cell type $_ORNOT_ is unknown!
   Area for cell type $_MUX_ is unknown!

   Chip area for module '\tt_um_felixfeierabend': 11807.980800
     of which used for sequential elements: 11807.980800 (100.00%)

