Clock: clk
Sources: clk 
Generated: no
Virtual: yes
Propagated: no
Period: 20.000000

===========================================================================
report_clock_properties
============================================================================
Clock                   Period          Waveform
----------------------------------------------------
clk                  20.000000    0.000000 10.000000

===========================================================================
report_clock_latency
============================================================================
Clock clk
rise -> rise
    min     max
0.000000 0.000000 source latency
0.996763         network latency _224_/CLK
        4.644128 network latency _238_/CLK
---------------
0.996763 4.644128 latency
        3.647365 skew

rise -> fall
    min     max
0.000000 0.000000 source latency
2.499575         network latency _245_/CLK
        4.010385 network latency _238_/CLK
---------------
2.499575 4.010385 latency
        1.510810 skew

fall -> fall
    min     max
0.000000 0.000000 source latency
0.920872         network latency _224_/CLK
        0.924277 network latency _221_/CLK
---------------
0.920872 0.924277 latency
        0.003404 skew



===========================================================================
report_clock_min_period
============================================================================
clk period_min = 5.49 fmax = 182.02
