152. Printing statistics.

=== tiny_tonegen ===

        +----------Local Count, excluding submodules.
        |        +-Local Area, excluding submodules.
        |        | 
      444        - wires
      450        - wire bits
      108        - public wires
      114        - public wire bits
        7        - ports
       13        - port bits
      438 1.23E+04 cells
        9        -   $_ALDFF_PP_
       17  298.547   gf180mcu_fd_sc_mcu7t5v0__and2_1
        1   21.952   gf180mcu_fd_sc_mcu7t5v0__and3_1
        3   72.442   gf180mcu_fd_sc_mcu7t5v0__and4_1
        2   43.904   gf180mcu_fd_sc_mcu7t5v0__aoi211_1
       17  298.547   gf180mcu_fd_sc_mcu7t5v0__aoi21_1
        4   96.589   gf180mcu_fd_sc_mcu7t5v0__aoi221_1
       17  335.866   gf180mcu_fd_sc_mcu7t5v0__aoi22_1
       53  465.382   gf180mcu_fd_sc_mcu7t5v0__clkinv_1
       43 2.74E+03   gf180mcu_fd_sc_mcu7t5v0__dffq_1
       40 2.99E+03   gf180mcu_fd_sc_mcu7t5v0__dffrnq_1
       10  790.272   gf180mcu_fd_sc_mcu7t5v0__dffsnq_1
       24  790.272   gf180mcu_fd_sc_mcu7t5v0__mux2_2
       47  515.872   gf180mcu_fd_sc_mcu7t5v0__nand2_1
        7  107.565   gf180mcu_fd_sc_mcu7t5v0__nand3_1
        5   98.784   gf180mcu_fd_sc_mcu7t5v0__nand4_1
       31  408.307   gf180mcu_fd_sc_mcu7t5v0__nor2_1
       11  193.178   gf180mcu_fd_sc_mcu7t5v0__nor3_1
        1   21.952   gf180mcu_fd_sc_mcu7t5v0__nor4_1
        5   109.76   gf180mcu_fd_sc_mcu7t5v0__oai211_1
       22  386.355   gf180mcu_fd_sc_mcu7t5v0__oai21_1
        1   26.342   gf180mcu_fd_sc_mcu7t5v0__oai221_1
        6  131.712   gf180mcu_fd_sc_mcu7t5v0__oai22_1
        2   48.294   gf180mcu_fd_sc_mcu7t5v0__oai31_1
        1   26.342   gf180mcu_fd_sc_mcu7t5v0__oai32_1
        7  122.931   gf180mcu_fd_sc_mcu7t5v0__or2_1
        4   87.808   gf180mcu_fd_sc_mcu7t5v0__or3_1
        2   52.685   gf180mcu_fd_sc_mcu7t5v0__or4_1
       20  175.616   gf180mcu_fd_sc_mcu7t5v0__tiel
        1   28.538   gf180mcu_fd_sc_mcu7t5v0__xnor2_1
        1   52.685   gf180mcu_fd_sc_mcu7t5v0__xnor3_1
       19  500.506   gf180mcu_fd_sc_mcu7t5v0__xor2_1
        5  252.448   gf180mcu_fd_sc_mcu7t5v0__xor3_1

   Area for cell type $_ALDFF_PP_ is unknown!

   Chip area for module '\tiny_tonegen': 12284.339200
     of which used for sequential elements: 6513.158400 (53.02%)

