Reading OpenROAD database at '/foss/designs/kvic_336007_ws25-kvic_ws25_v6/librelane/runs/RUN_2025-12-02_21-25-06/24-openroad-ioplacement/tiny_tonegen.odb'…
Reading library file at '/foss/pdks/gf180mcuD/libs.ref/gf180mcu_fd_sc_mcu7t5v0/lib/gf180mcu_fd_sc_mcu7t5v0__tt_025C_5v00.lib'…
Reading design constraints file at '/foss/designs/kvic_336007_ws25-kvic_ws25_v6/librelane/impl.sdc'…
[INFO] Using clock clk…
[INFO] Setting output delay to: 4
[INFO] Setting input delay to: 4
[INFO] Setting load to: 0.07291
[INFO] Setting clock uncertainty to: 0.25
[INFO] Setting clock transition to: 0.1499999999999999944488848768742172978818416595458984375
[INFO] Setting timing derate to: 5%
[INFO] No information on clock propagation in input SDC file-- propagating all clocks.
[INFO] Setting RC values…
[INFO] Setting signal min routing layer to: Metal2 and clock min routing layer to Metal2. 
[INFO] Setting signal max routing layer to: Metal5 and clock max routing layer to Metal5. 
+ global_placement -density 0.6 -timing_driven -routability_driven -pad_right 0 -pad_left 0 -init_wirelength_coef 0.25
[INFO GPL-0002] DBU: 2000
[INFO GPL-0003] SiteSize: (  0.560  3.920 ) um
[INFO GPL-0004] CoreBBox: (  3.360  3.920 ) ( 156.240 94.080 ) um
[INFO GPL-0006] NumInstances:               249
[INFO GPL-0007] NumPlaceInstances:          162
[INFO GPL-0008] NumFixedInstances:           87
[INFO GPL-0009] NumDummyInstances:            0
[INFO GPL-0010] NumNets:                    174
[INFO GPL-0011] NumPins:                    576
[INFO GPL-0012] DieBBox:  (  0.000  0.000 ) ( 160.000 100.000 ) um
[INFO GPL-0013] CoreBBox: (  3.360  3.920 ) ( 156.240 94.080 ) um
[INFO GPL-0016] CoreArea:             13783.661 um^2
[INFO GPL-0017] NonPlaceInstsArea:      381.965 um^2
[INFO GPL-0018] PlaceInstsArea:        5670.202 um^2
[INFO GPL-0019] Util:                    42.310 %
[INFO GPL-0020] StdInstsArea:          5670.202 um^2
[INFO GPL-0021] MacroInstsArea:           0.000 um^2
[InitialPlace]  Iter: 1 CG residual: 0.00000006 HPWL: 9685429
[InitialPlace]  Iter: 2 CG residual: 0.00006171 HPWL: 7876357
[InitialPlace]  Iter: 3 CG residual: 0.00007433 HPWL: 7628764
[InitialPlace]  Iter: 4 CG residual: 0.00000961 HPWL: 7456005
[InitialPlace]  Iter: 5 CG residual: 0.00000005 HPWL: 7349476
[INFO GPL-0031] FillerInit:NumGCells:       232
[INFO GPL-0032] FillerInit:NumGNets:        174
[INFO GPL-0033] FillerInit:NumGPins:        576
[INFO GPL-0023] TargetDensity:            0.600
[INFO GPL-0024] AvrgPlaceInstArea:       35.001 um^2
[INFO GPL-0025] IdealBinArea:            58.335 um^2
[INFO GPL-0026] IdealBinCnt:                236
[INFO GPL-0027] TotalBinArea:         13783.661 um^2
[INFO GPL-0028] BinCnt:         8      8
[INFO GPL-0029] BinSize: ( 19.110 11.270 )
[INFO GPL-0030] NumBins: 64
[NesterovSolve] Iter:    1 overflow: 0.751 HPWL: 3002555
[INFO GPL-0100] Timing-driven: executing resizer for reweighting nets.
[INFO GPL-0101] Timing-driven: worst slack 1.48e-08
[INFO GPL-0103] Timing-driven: weighted 15 nets.
[NesterovSolve] Iter:   10 overflow: 0.706 HPWL: 3288465
[NesterovSolve] Iter:   20 overflow: 0.695 HPWL: 3313176
[NesterovSolve] Iter:   30 overflow: 0.697 HPWL: 3369544
[NesterovSolve] Iter:   40 overflow: 0.675 HPWL: 3418195
[NesterovSolve] Iter:   50 overflow: 0.642 HPWL: 3435512
[INFO GPL-0100] Timing-driven: executing resizer for reweighting nets.
[INFO GPL-0101] Timing-driven: worst slack 1.48e-08
[INFO GPL-0103] Timing-driven: weighted 15 nets.
[NesterovSolve] Iter:   60 overflow: 0.628 HPWL: 3464746
[NesterovSolve] Iter:   70 overflow: 0.630 HPWL: 3482636
[NesterovSolve] Iter:   80 overflow: 0.636 HPWL: 3481351
[NesterovSolve] Iter:   90 overflow: 0.643 HPWL: 3462679
[NesterovSolve] Iter:  100 overflow: 0.648 HPWL: 3448763
[NesterovSolve] Iter:  110 overflow: 0.651 HPWL: 3447220
[NesterovSolve] Iter:  120 overflow: 0.649 HPWL: 3450409
[NesterovSolve] Iter:  130 overflow: 0.643 HPWL: 3454644
[NesterovSolve] Iter:  140 overflow: 0.635 HPWL: 3461786
[NesterovSolve] Iter:  150 overflow: 0.627 HPWL: 3470470
[NesterovSolve] Iter:  160 overflow: 0.619 HPWL: 3478079
[NesterovSolve] Iter:  170 overflow: 0.613 HPWL: 3483540
[NesterovSolve] Snapshot saved at iter = 178
[NesterovSolve] Iter:  180 overflow: 0.595 HPWL: 3496275
[NesterovSolve] Iter:  190 overflow: 0.573 HPWL: 3520504
[NesterovSolve] Iter:  200 overflow: 0.567 HPWL: 3559798
[NesterovSolve] Iter:  210 overflow: 0.536 HPWL: 3605171
[NesterovSolve] Iter:  220 overflow: 0.512 HPWL: 3643637
[NesterovSolve] Iter:  230 overflow: 0.485 HPWL: 3705473
[INFO GPL-0100] Timing-driven: executing resizer for reweighting nets.
[INFO GPL-0101] Timing-driven: worst slack 1.48e-08
[INFO GPL-0103] Timing-driven: weighted 15 nets.
[NesterovSolve] Iter:  240 overflow: 0.451 HPWL: 3837914
[NesterovSolve] Iter:  250 overflow: 0.394 HPWL: 3895643
[NesterovSolve] Iter:  260 overflow: 0.357 HPWL: 3958312
[NesterovSolve] Iter:  270 overflow: 0.331 HPWL: 4031410
[NesterovSolve] Iter:  280 overflow: 0.307 HPWL: 4120525
[INFO GPL-0075] Routability numCall: 1 inflationIterCnt: 1 bloatIterCnt: 0
[INFO GPL-0036] TileBBox: (    0    0 ) ( 16800 16800 ) DBU
[INFO GPL-0038] TileCnt:      19   11
[INFO GPL-0040] NumTiles: 209
[INFO GPL-0081] TotalRouteOverflow: 0.0
[INFO GPL-0082] OverflowTileCnt: 0
[INFO GPL-0083] 0.5%RC: 0.5287119746208191
[INFO GPL-0084] 1.0%RC: 0.5218596259752909
[INFO GPL-0085] 2.0%RC: 0.5139195919036865
[INFO GPL-0086] 5.0%RC: 0.48886638879776
[INFO GPL-0087] FinalRC: 0.5252858
[INFO GPL-0077] FinalRC lower than targetRC(1.01), routability not needed.
[INFO GPL-0100] Timing-driven: executing resizer for reweighting nets.
[INFO GPL-0101] Timing-driven: worst slack 1.48e-08
[INFO GPL-0103] Timing-driven: weighted 15 nets.
[NesterovSolve] Iter:  290 overflow: 0.273 HPWL: 4211218
[NesterovSolve] Iter:  300 overflow: 0.238 HPWL: 4274839
[INFO GPL-0100] Timing-driven: executing resizer for reweighting nets.
[INFO GPL-0101] Timing-driven: worst slack 1.47e-08
[INFO GPL-0103] Timing-driven: weighted 16 nets.
[NesterovSolve] Iter:  310 overflow: 0.201 HPWL: 4336135
[NesterovSolve] Iter:  320 overflow: 0.179 HPWL: 4411181
[NesterovSolve] Iter:  330 overflow: 0.163 HPWL: 4475840
[INFO GPL-0100] Timing-driven: executing resizer for reweighting nets.
[INFO GPL-0101] Timing-driven: worst slack 1.47e-08
[INFO GPL-0103] Timing-driven: weighted 15 nets.
[NesterovSolve] Iter:  340 overflow: 0.129 HPWL: 4598080
[NesterovSolve] Iter:  350 overflow: 0.098 HPWL: 4648288
[NesterovSolve] Finished with Overflow: 0.098467
[INFO] Setting RC values…
Setting global connections for newly added cells…
[INFO] Setting global connections...
Updating metrics…
Cell type report:                       Count       Area
  Endcap cell                              46     201.96
  Tap cell                                 87     381.96
  Tie cell                                  3      26.34
  Inverter                                 16     140.49
  Sequential cell                          51    3597.93
  Multi-Input combinational cell           92    1905.43
  Total                                   295    6254.12
Writing OpenROAD database to '/foss/designs/kvic_336007_ws25-kvic_ws25_v6/librelane/runs/RUN_2025-12-02_21-25-06/27-openroad-globalplacement/tiny_tonegen.odb'…
Writing netlist to '/foss/designs/kvic_336007_ws25-kvic_ws25_v6/librelane/runs/RUN_2025-12-02_21-25-06/27-openroad-globalplacement/tiny_tonegen.nl.v'…
Writing powered netlist to '/foss/designs/kvic_336007_ws25-kvic_ws25_v6/librelane/runs/RUN_2025-12-02_21-25-06/27-openroad-globalplacement/tiny_tonegen.pnl.v'…
Writing layout to '/foss/designs/kvic_336007_ws25-kvic_ws25_v6/librelane/runs/RUN_2025-12-02_21-25-06/27-openroad-globalplacement/tiny_tonegen.def'…
Writing timing constraints to '/foss/designs/kvic_336007_ws25-kvic_ws25_v6/librelane/runs/RUN_2025-12-02_21-25-06/27-openroad-globalplacement/tiny_tonegen.sdc'…
