
===========================================================================
report_checks -path_delay min (Hold)
============================================================================
======================= nom_ss_125C_4v50 Corner ===================================

Startpoint: _221_ (rising edge-triggered flip-flop clocked by clk)
Endpoint: _221_ (rising edge-triggered flip-flop clocked by clk)
Path Group: clk
Path Type: min

Fanout         Cap        Slew       Delay        Time   Description
---------------------------------------------------------------------------------------------
                      0.150000    0.000000    0.000000   clock clk (rise edge)
                                  0.000000    0.000000   clock network delay (ideal)
                      0.150000    0.000000    0.000000 ^ _221_/CLK (gf180mcu_fd_sc_mcu7t5v0__dffrnq_1)
     2    0.008990    0.266150    1.333224    1.333224 v _221_/Q (gf180mcu_fd_sc_mcu7t5v0__dffrnq_1)
                                                         clk_scaler.counter[5] (net)
                      0.266150    0.000000    1.333224 v _166_/B (gf180mcu_fd_sc_mcu7t5v0__aoi21_1)
     1    0.004329    0.422982    0.353517    1.686741 ^ _166_/ZN (gf180mcu_fd_sc_mcu7t5v0__aoi21_1)
                                                         _082_ (net)
                      0.422982    0.000000    1.686741 ^ _167_/A2 (gf180mcu_fd_sc_mcu7t5v0__nor2_1)
     1    0.003014    0.255751    0.230821    1.917562 v _167_/ZN (gf180mcu_fd_sc_mcu7t5v0__nor2_1)
                                                         _007_ (net)
                      0.255751    0.000000    1.917562 v _221_/D (gf180mcu_fd_sc_mcu7t5v0__dffrnq_1)
                                              1.917562   data arrival time

                      0.150000    0.000000    0.000000   clock clk (rise edge)
                                  0.000000    0.000000   clock network delay (ideal)
                                  0.250000    0.250000   clock uncertainty
                                  0.000000    0.250000   clock reconvergence pessimism
                                              0.250000 ^ _221_/CLK (gf180mcu_fd_sc_mcu7t5v0__dffrnq_1)
                                  0.200302    0.450302   library hold time
                                              0.450302   data required time
---------------------------------------------------------------------------------------------
                                              0.450302   data required time
                                             -1.917562   data arrival time
---------------------------------------------------------------------------------------------
                                              1.467260   slack (MET)


Startpoint: _219_ (rising edge-triggered flip-flop clocked by clk)
Endpoint: _219_ (rising edge-triggered flip-flop clocked by clk)
Path Group: clk
Path Type: min

Fanout         Cap        Slew       Delay        Time   Description
---------------------------------------------------------------------------------------------
                      0.150000    0.000000    0.000000   clock clk (rise edge)
                                  0.000000    0.000000   clock network delay (ideal)
                      0.150000    0.000000    0.000000 ^ _219_/CLK (gf180mcu_fd_sc_mcu7t5v0__dffrnq_1)
     3    0.011694    0.305747    1.364068    1.364068 v _219_/Q (gf180mcu_fd_sc_mcu7t5v0__dffrnq_1)
                                                         clk_scaler.counter[3] (net)
                      0.305747    0.000000    1.364068 v _161_/A1 (gf180mcu_fd_sc_mcu7t5v0__nor2_1)
     1    0.004029    0.440874    0.328023    1.692091 ^ _161_/ZN (gf180mcu_fd_sc_mcu7t5v0__nor2_1)
                                                         _079_ (net)
                      0.440874    0.000000    1.692091 ^ _163_/A2 (gf180mcu_fd_sc_mcu7t5v0__nor3_1)
     1    0.003014    0.303849    0.283865    1.975955 v _163_/ZN (gf180mcu_fd_sc_mcu7t5v0__nor3_1)
                                                         _005_ (net)
                      0.303849    0.000000    1.975955 v _219_/D (gf180mcu_fd_sc_mcu7t5v0__dffrnq_1)
                                              1.975955   data arrival time

                      0.150000    0.000000    0.000000   clock clk (rise edge)
                                  0.000000    0.000000   clock network delay (ideal)
                                  0.250000    0.250000   clock uncertainty
                                  0.000000    0.250000   clock reconvergence pessimism
                                              0.250000 ^ _219_/CLK (gf180mcu_fd_sc_mcu7t5v0__dffrnq_1)
                                  0.189490    0.439490   library hold time
                                              0.439490   data required time
---------------------------------------------------------------------------------------------
                                              0.439490   data required time
                                             -1.975955   data arrival time
---------------------------------------------------------------------------------------------
                                              1.536465   slack (MET)


Startpoint: _218_ (rising edge-triggered flip-flop clocked by clk)
Endpoint: _218_ (rising edge-triggered flip-flop clocked by clk)
Path Group: clk
Path Type: min

Fanout         Cap        Slew       Delay        Time   Description
---------------------------------------------------------------------------------------------
                      0.150000    0.000000    0.000000   clock clk (rise edge)
                                  0.000000    0.000000   clock network delay (ideal)
                      0.150000    0.000000    0.000000 ^ _218_/CLK (gf180mcu_fd_sc_mcu7t5v0__dffrnq_1)
     3    0.010927    0.294515    1.355319    1.355319 v _218_/Q (gf180mcu_fd_sc_mcu7t5v0__dffrnq_1)
                                                         clk_scaler.counter[2] (net)
                      0.294515    0.000000    1.355319 v _158_/B (gf180mcu_fd_sc_mcu7t5v0__aoi21_1)
     1    0.004029    0.414717    0.352207    1.707526 ^ _158_/ZN (gf180mcu_fd_sc_mcu7t5v0__aoi21_1)
                                                         _077_ (net)
                      0.414717    0.000000    1.707526 ^ _160_/A2 (gf180mcu_fd_sc_mcu7t5v0__nor3_1)
     1    0.003014    0.298018    0.278876    1.986402 v _160_/ZN (gf180mcu_fd_sc_mcu7t5v0__nor3_1)
                                                         _004_ (net)
                      0.298018    0.000000    1.986402 v _218_/D (gf180mcu_fd_sc_mcu7t5v0__dffrnq_1)
                                              1.986402   data arrival time

                      0.150000    0.000000    0.000000   clock clk (rise edge)
                                  0.000000    0.000000   clock network delay (ideal)
                                  0.250000    0.250000   clock uncertainty
                                  0.000000    0.250000   clock reconvergence pessimism
                                              0.250000 ^ _218_/CLK (gf180mcu_fd_sc_mcu7t5v0__dffrnq_1)
                                  0.190801    0.440801   library hold time
                                              0.440801   data required time
---------------------------------------------------------------------------------------------
                                              0.440801   data required time
                                             -1.986402   data arrival time
---------------------------------------------------------------------------------------------
                                              1.545601   slack (MET)


Startpoint: _220_ (rising edge-triggered flip-flop clocked by clk)
Endpoint: _220_ (rising edge-triggered flip-flop clocked by clk)
Path Group: clk
Path Type: min

Fanout         Cap        Slew       Delay        Time   Description
---------------------------------------------------------------------------------------------
                      0.150000    0.000000    0.000000   clock clk (rise edge)
                                  0.000000    0.000000   clock network delay (ideal)
                      0.150000    0.000000    0.000000 ^ _220_/CLK (gf180mcu_fd_sc_mcu7t5v0__dffrnq_1)
     3    0.016821    0.380825    1.422551    1.422551 v _220_/Q (gf180mcu_fd_sc_mcu7t5v0__dffrnq_1)
                                                         clk_scaler.counter[4] (net)
                      0.380825    0.000000    1.422551 v _164_/A1 (gf180mcu_fd_sc_mcu7t5v0__xnor2_1)
     1    0.004329    0.479052    0.455816    1.878366 ^ _164_/ZN (gf180mcu_fd_sc_mcu7t5v0__xnor2_1)
                                                         _081_ (net)
                      0.479052    0.000000    1.878366 ^ _165_/A2 (gf180mcu_fd_sc_mcu7t5v0__nor2_1)
     1    0.003014    0.269756    0.239642    2.118009 v _165_/ZN (gf180mcu_fd_sc_mcu7t5v0__nor2_1)
                                                         _006_ (net)
                      0.269756    0.000000    2.118009 v _220_/D (gf180mcu_fd_sc_mcu7t5v0__dffrnq_1)
                                              2.118009   data arrival time

                      0.150000    0.000000    0.000000   clock clk (rise edge)
                                  0.000000    0.000000   clock network delay (ideal)
                                  0.250000    0.250000   clock uncertainty
                                  0.000000    0.250000   clock reconvergence pessimism
                                              0.250000 ^ _220_/CLK (gf180mcu_fd_sc_mcu7t5v0__dffrnq_1)
                                  0.197154    0.447154   library hold time
                                              0.447154   data required time
---------------------------------------------------------------------------------------------
                                              0.447154   data required time
                                             -2.118009   data arrival time
---------------------------------------------------------------------------------------------
                                              1.670855   slack (MET)


Startpoint: _216_ (rising edge-triggered flip-flop clocked by clk)
Endpoint: _216_ (rising edge-triggered flip-flop clocked by clk)
Path Group: clk
Path Type: min

Fanout         Cap        Slew       Delay        Time   Description
---------------------------------------------------------------------------------------------
                      0.150000    0.000000    0.000000   clock clk (rise edge)
                                  0.000000    0.000000   clock network delay (ideal)
                      0.150000    0.000000    0.000000 ^ _216_/CLK (gf180mcu_fd_sc_mcu7t5v0__dffrnq_1)
     4    0.020004    0.716813    1.943242    1.943242 ^ _216_/Q (gf180mcu_fd_sc_mcu7t5v0__dffrnq_1)
                                                         clk_scaler.counter[0] (net)
                      0.716813    0.000000    1.943242 ^ _155_/A1 (gf180mcu_fd_sc_mcu7t5v0__nor2_1)
     1    0.003014    0.274716    0.206309    2.149550 v _155_/ZN (gf180mcu_fd_sc_mcu7t5v0__nor2_1)
                                                         _000_ (net)
                      0.274716    0.000000    2.149550 v _216_/D (gf180mcu_fd_sc_mcu7t5v0__dffrnq_1)
                                              2.149550   data arrival time

                      0.150000    0.000000    0.000000   clock clk (rise edge)
                                  0.000000    0.000000   clock network delay (ideal)
                                  0.250000    0.250000   clock uncertainty
                                  0.000000    0.250000   clock reconvergence pessimism
                                              0.250000 ^ _216_/CLK (gf180mcu_fd_sc_mcu7t5v0__dffrnq_1)
                                  0.196039    0.446039   library hold time
                                              0.446039   data required time
---------------------------------------------------------------------------------------------
                                              0.446039   data required time
                                             -2.149550   data arrival time
---------------------------------------------------------------------------------------------
                                              1.703511   slack (MET)


Startpoint: _217_ (rising edge-triggered flip-flop clocked by clk)
Endpoint: _217_ (rising edge-triggered flip-flop clocked by clk)
Path Group: clk
Path Type: min

Fanout         Cap        Slew       Delay        Time   Description
---------------------------------------------------------------------------------------------
                      0.150000    0.000000    0.000000   clock clk (rise edge)
                                  0.000000    0.000000   clock network delay (ideal)
                      0.150000    0.000000    0.000000 ^ _217_/CLK (gf180mcu_fd_sc_mcu7t5v0__dffrnq_1)
     4    0.019147    0.414887    1.449083    1.449083 v _217_/Q (gf180mcu_fd_sc_mcu7t5v0__dffrnq_1)
                                                         clk_scaler.counter[1] (net)
                      0.414887    0.000000    1.449083 v _156_/A1 (gf180mcu_fd_sc_mcu7t5v0__xnor2_1)
     1    0.004329    0.478341    0.465970    1.915053 ^ _156_/ZN (gf180mcu_fd_sc_mcu7t5v0__xnor2_1)
                                                         _076_ (net)
                      0.478341    0.000000    1.915053 ^ _157_/A2 (gf180mcu_fd_sc_mcu7t5v0__nor2_1)
     1    0.003014    0.269578    0.239530    2.154584 v _157_/ZN (gf180mcu_fd_sc_mcu7t5v0__nor2_1)
                                                         _003_ (net)
                      0.269578    0.000000    2.154584 v _217_/D (gf180mcu_fd_sc_mcu7t5v0__dffrnq_1)
                                              2.154584   data arrival time

                      0.150000    0.000000    0.000000   clock clk (rise edge)
                                  0.000000    0.000000   clock network delay (ideal)
                                  0.250000    0.250000   clock uncertainty
                                  0.000000    0.250000   clock reconvergence pessimism
                                              0.250000 ^ _217_/CLK (gf180mcu_fd_sc_mcu7t5v0__dffrnq_1)
                                  0.197194    0.447194   library hold time
                                              0.447194   data required time
---------------------------------------------------------------------------------------------
                                              0.447194   data required time
                                             -2.154584   data arrival time
---------------------------------------------------------------------------------------------
                                              1.707390   slack (MET)


Startpoint: _223_ (rising edge-triggered flip-flop clocked by clk)
Endpoint: _247_ (rising edge-triggered flip-flop clocked by clk)
Path Group: clk
Path Type: min

Fanout         Cap        Slew       Delay        Time   Description
---------------------------------------------------------------------------------------------
                      0.150000    0.000000    0.000000   clock clk (rise edge)
                                  0.000000    0.000000   clock network delay (ideal)
                      0.150000    0.000000    0.000000 ^ _223_/CLK (gf180mcu_fd_sc_mcu7t5v0__dffrnq_1)
     1    0.004591    0.311105    1.666842    1.666842 ^ _223_/Q (gf180mcu_fd_sc_mcu7t5v0__dffrnq_1)
                                                         clk_scaler.counter[7] (net)
                      0.311105    0.000000    1.666842 ^ _150_/A1 (gf180mcu_fd_sc_mcu7t5v0__nor2_1)
     1    0.004657    0.218550    0.203318    1.870159 v _150_/ZN (gf180mcu_fd_sc_mcu7t5v0__nor2_1)
                                                         _071_ (net)
                      0.218550    0.000000    1.870159 v _152_/B (gf180mcu_fd_sc_mcu7t5v0__oai211_1)
     3    0.014163    0.898334    0.603973    2.474133 ^ _152_/ZN (gf180mcu_fd_sc_mcu7t5v0__oai211_1)
                                                         _073_ (net)
                      0.898334    0.000000    2.474133 ^ _203_/A2 (gf180mcu_fd_sc_mcu7t5v0__aoi21_1)
     1    0.003014    0.298256    0.196619    2.670752 v _203_/ZN (gf180mcu_fd_sc_mcu7t5v0__aoi21_1)
                                                         _044_ (net)
                      0.298256    0.000000    2.670752 v _247_/D (gf180mcu_fd_sc_mcu7t5v0__dffrnq_1)
                                              2.670752   data arrival time

                      0.150000    0.000000    0.000000   clock clk (rise edge)
                                  0.000000    0.000000   clock network delay (ideal)
                                  0.250000    0.250000   clock uncertainty
                                  0.000000    0.250000   clock reconvergence pessimism
                                              0.250000 ^ _247_/CLK (gf180mcu_fd_sc_mcu7t5v0__dffrnq_1)
                                  0.190748    0.440748   library hold time
                                              0.440748   data required time
---------------------------------------------------------------------------------------------
                                              0.440748   data required time
                                             -2.670752   data arrival time
---------------------------------------------------------------------------------------------
                                              2.230004   slack (MET)


Startpoint: rst_n (input port clocked by clk)
Endpoint: _216_ (removal check against rising-edge clock clk)
Path Group: asynchronous
Path Type: min

Fanout         Cap        Slew       Delay        Time   Description
---------------------------------------------------------------------------------------------
                      0.150000    0.000000    0.000000   clock clk (rise edge)
                                  0.000000    0.000000   clock network delay (ideal)
                                  4.000000    4.000000 ^ input external delay
    31    0.188552    5.369740    2.942202    6.942202 ^ rst_n (in)
                                                         rst_n (net)
                      5.369740    0.000000    6.942202 ^ _216_/RN (gf180mcu_fd_sc_mcu7t5v0__dffrnq_1)
                                              6.942202   data arrival time

                      0.150000    0.000000    0.000000   clock clk (rise edge)
                                  0.000000    0.000000   clock network delay (ideal)
                                  0.250000    0.250000   clock uncertainty
                                  0.000000    0.250000   clock reconvergence pessimism
                                              0.250000 ^ _216_/CLK (gf180mcu_fd_sc_mcu7t5v0__dffrnq_1)
                                  1.002456    1.252456   library removal time
                                              1.252456   data required time
---------------------------------------------------------------------------------------------
                                              1.252456   data required time
                                             -6.942202   data arrival time
---------------------------------------------------------------------------------------------
                                              5.689746   slack (MET)


Startpoint: rst_n (input port clocked by clk)
Endpoint: _217_ (removal check against rising-edge clock clk)
Path Group: asynchronous
Path Type: min

Fanout         Cap        Slew       Delay        Time   Description
---------------------------------------------------------------------------------------------
                      0.150000    0.000000    0.000000   clock clk (rise edge)
                                  0.000000    0.000000   clock network delay (ideal)
                                  4.000000    4.000000 ^ input external delay
    31    0.188552    5.369740    2.942202    6.942202 ^ rst_n (in)
                                                         rst_n (net)
                      5.369740    0.000000    6.942202 ^ _217_/RN (gf180mcu_fd_sc_mcu7t5v0__dffrnq_1)
                                              6.942202   data arrival time

                      0.150000    0.000000    0.000000   clock clk (rise edge)
                                  0.000000    0.000000   clock network delay (ideal)
                                  0.250000    0.250000   clock uncertainty
                                  0.000000    0.250000   clock reconvergence pessimism
                                              0.250000 ^ _217_/CLK (gf180mcu_fd_sc_mcu7t5v0__dffrnq_1)
                                  1.002456    1.252456   library removal time
                                              1.252456   data required time
---------------------------------------------------------------------------------------------
                                              1.252456   data required time
                                             -6.942202   data arrival time
---------------------------------------------------------------------------------------------
                                              5.689746   slack (MET)


Startpoint: rst_n (input port clocked by clk)
Endpoint: _218_ (removal check against rising-edge clock clk)
Path Group: asynchronous
Path Type: min

Fanout         Cap        Slew       Delay        Time   Description
---------------------------------------------------------------------------------------------
                      0.150000    0.000000    0.000000   clock clk (rise edge)
                                  0.000000    0.000000   clock network delay (ideal)
                                  4.000000    4.000000 ^ input external delay
    31    0.188552    5.369740    2.942202    6.942202 ^ rst_n (in)
                                                         rst_n (net)
                      5.369740    0.000000    6.942202 ^ _218_/RN (gf180mcu_fd_sc_mcu7t5v0__dffrnq_1)
                                              6.942202   data arrival time

                      0.150000    0.000000    0.000000   clock clk (rise edge)
                                  0.000000    0.000000   clock network delay (ideal)
                                  0.250000    0.250000   clock uncertainty
                                  0.000000    0.250000   clock reconvergence pessimism
                                              0.250000 ^ _218_/CLK (gf180mcu_fd_sc_mcu7t5v0__dffrnq_1)
                                  1.002456    1.252456   library removal time
                                              1.252456   data required time
---------------------------------------------------------------------------------------------
                                              1.252456   data required time
                                             -6.942202   data arrival time
---------------------------------------------------------------------------------------------
                                              5.689746   slack (MET)


Startpoint: rst_n (input port clocked by clk)
Endpoint: _219_ (removal check against rising-edge clock clk)
Path Group: asynchronous
Path Type: min

Fanout         Cap        Slew       Delay        Time   Description
---------------------------------------------------------------------------------------------
                      0.150000    0.000000    0.000000   clock clk (rise edge)
                                  0.000000    0.000000   clock network delay (ideal)
                                  4.000000    4.000000 ^ input external delay
    31    0.188552    5.369740    2.942202    6.942202 ^ rst_n (in)
                                                         rst_n (net)
                      5.369740    0.000000    6.942202 ^ _219_/RN (gf180mcu_fd_sc_mcu7t5v0__dffrnq_1)
                                              6.942202   data arrival time

                      0.150000    0.000000    0.000000   clock clk (rise edge)
                                  0.000000    0.000000   clock network delay (ideal)
                                  0.250000    0.250000   clock uncertainty
                                  0.000000    0.250000   clock reconvergence pessimism
                                              0.250000 ^ _219_/CLK (gf180mcu_fd_sc_mcu7t5v0__dffrnq_1)
                                  1.002456    1.252456   library removal time
                                              1.252456   data required time
---------------------------------------------------------------------------------------------
                                              1.252456   data required time
                                             -6.942202   data arrival time
---------------------------------------------------------------------------------------------
                                              5.689746   slack (MET)


Startpoint: rst_n (input port clocked by clk)
Endpoint: _220_ (removal check against rising-edge clock clk)
Path Group: asynchronous
Path Type: min

Fanout         Cap        Slew       Delay        Time   Description
---------------------------------------------------------------------------------------------
                      0.150000    0.000000    0.000000   clock clk (rise edge)
                                  0.000000    0.000000   clock network delay (ideal)
                                  4.000000    4.000000 ^ input external delay
    31    0.188552    5.369740    2.942202    6.942202 ^ rst_n (in)
                                                         rst_n (net)
                      5.369740    0.000000    6.942202 ^ _220_/RN (gf180mcu_fd_sc_mcu7t5v0__dffrnq_1)
                                              6.942202   data arrival time

                      0.150000    0.000000    0.000000   clock clk (rise edge)
                                  0.000000    0.000000   clock network delay (ideal)
                                  0.250000    0.250000   clock uncertainty
                                  0.000000    0.250000   clock reconvergence pessimism
                                              0.250000 ^ _220_/CLK (gf180mcu_fd_sc_mcu7t5v0__dffrnq_1)
                                  1.002456    1.252456   library removal time
                                              1.252456   data required time
---------------------------------------------------------------------------------------------
                                              1.252456   data required time
                                             -6.942202   data arrival time
---------------------------------------------------------------------------------------------
                                              5.689746   slack (MET)


Startpoint: rst_n (input port clocked by clk)
Endpoint: _221_ (removal check against rising-edge clock clk)
Path Group: asynchronous
Path Type: min

Fanout         Cap        Slew       Delay        Time   Description
---------------------------------------------------------------------------------------------
                      0.150000    0.000000    0.000000   clock clk (rise edge)
                                  0.000000    0.000000   clock network delay (ideal)
                                  4.000000    4.000000 ^ input external delay
    31    0.188552    5.369740    2.942202    6.942202 ^ rst_n (in)
                                                         rst_n (net)
                      5.369740    0.000000    6.942202 ^ _221_/RN (gf180mcu_fd_sc_mcu7t5v0__dffrnq_1)
                                              6.942202   data arrival time

                      0.150000    0.000000    0.000000   clock clk (rise edge)
                                  0.000000    0.000000   clock network delay (ideal)
                                  0.250000    0.250000   clock uncertainty
                                  0.000000    0.250000   clock reconvergence pessimism
                                              0.250000 ^ _221_/CLK (gf180mcu_fd_sc_mcu7t5v0__dffrnq_1)
                                  1.002456    1.252456   library removal time
                                              1.252456   data required time
---------------------------------------------------------------------------------------------
                                              1.252456   data required time
                                             -6.942202   data arrival time
---------------------------------------------------------------------------------------------
                                              5.689746   slack (MET)


Startpoint: rst_n (input port clocked by clk)
Endpoint: _222_ (removal check against rising-edge clock clk)
Path Group: asynchronous
Path Type: min

Fanout         Cap        Slew       Delay        Time   Description
---------------------------------------------------------------------------------------------
                      0.150000    0.000000    0.000000   clock clk (rise edge)
                                  0.000000    0.000000   clock network delay (ideal)
                                  4.000000    4.000000 ^ input external delay
    31    0.188552    5.369740    2.942202    6.942202 ^ rst_n (in)
                                                         rst_n (net)
                      5.369740    0.000000    6.942202 ^ _222_/RN (gf180mcu_fd_sc_mcu7t5v0__dffrnq_1)
                                              6.942202   data arrival time

                      0.150000    0.000000    0.000000   clock clk (rise edge)
                                  0.000000    0.000000   clock network delay (ideal)
                                  0.250000    0.250000   clock uncertainty
                                  0.000000    0.250000   clock reconvergence pessimism
                                              0.250000 ^ _222_/CLK (gf180mcu_fd_sc_mcu7t5v0__dffrnq_1)
                                  1.002456    1.252456   library removal time
                                              1.252456   data required time
---------------------------------------------------------------------------------------------
                                              1.252456   data required time
                                             -6.942202   data arrival time
---------------------------------------------------------------------------------------------
                                              5.689746   slack (MET)


Startpoint: rst_n (input port clocked by clk)
Endpoint: _223_ (removal check against rising-edge clock clk)
Path Group: asynchronous
Path Type: min

Fanout         Cap        Slew       Delay        Time   Description
---------------------------------------------------------------------------------------------
                      0.150000    0.000000    0.000000   clock clk (rise edge)
                                  0.000000    0.000000   clock network delay (ideal)
                                  4.000000    4.000000 ^ input external delay
    31    0.188552    5.369740    2.942202    6.942202 ^ rst_n (in)
                                                         rst_n (net)
                      5.369740    0.000000    6.942202 ^ _223_/RN (gf180mcu_fd_sc_mcu7t5v0__dffrnq_1)
                                              6.942202   data arrival time

                      0.150000    0.000000    0.000000   clock clk (rise edge)
                                  0.000000    0.000000   clock network delay (ideal)
                                  0.250000    0.250000   clock uncertainty
                                  0.000000    0.250000   clock reconvergence pessimism
                                              0.250000 ^ _223_/CLK (gf180mcu_fd_sc_mcu7t5v0__dffrnq_1)
                                  1.002456    1.252456   library removal time
                                              1.252456   data required time
---------------------------------------------------------------------------------------------
                                              1.252456   data required time
                                             -6.942202   data arrival time
---------------------------------------------------------------------------------------------
                                              5.689746   slack (MET)


Startpoint: rst_n (input port clocked by clk)
Endpoint: _224_ (removal check against rising-edge clock clk)
Path Group: asynchronous
Path Type: min

Fanout         Cap        Slew       Delay        Time   Description
---------------------------------------------------------------------------------------------
                      0.150000    0.000000    0.000000   clock clk (rise edge)
                                  0.000000    0.000000   clock network delay (ideal)
                                  4.000000    4.000000 ^ input external delay
    31    0.188552    5.369740    2.942202    6.942202 ^ rst_n (in)
                                                         rst_n (net)
                      5.369740    0.000000    6.942202 ^ _224_/RN (gf180mcu_fd_sc_mcu7t5v0__dffrnq_1)
                                              6.942202   data arrival time

                      0.150000    0.000000    0.000000   clock clk (rise edge)
                                  0.000000    0.000000   clock network delay (ideal)
                                  0.250000    0.250000   clock uncertainty
                                  0.000000    0.250000   clock reconvergence pessimism
                                              0.250000 ^ _224_/CLK (gf180mcu_fd_sc_mcu7t5v0__dffrnq_1)
                                  1.002456    1.252456   library removal time
                                              1.252456   data required time
---------------------------------------------------------------------------------------------
                                              1.252456   data required time
                                             -6.942202   data arrival time
---------------------------------------------------------------------------------------------
                                              5.689746   slack (MET)


Startpoint: rst_n (input port clocked by clk)
Endpoint: _225_ (removal check against rising-edge clock clk)
Path Group: asynchronous
Path Type: min

Fanout         Cap        Slew       Delay        Time   Description
---------------------------------------------------------------------------------------------
                      0.150000    0.000000    0.000000   clock clk (rise edge)
                                  0.000000    0.000000   clock network delay (ideal)
                                  4.000000    4.000000 ^ input external delay
    31    0.188552    5.369740    2.942202    6.942202 ^ rst_n (in)
                                                         rst_n (net)
                      5.369740    0.000000    6.942202 ^ _225_/RN (gf180mcu_fd_sc_mcu7t5v0__dffrnq_1)
                                              6.942202   data arrival time

                      0.150000    0.000000    0.000000   clock clk (rise edge)
                                  0.000000    0.000000   clock network delay (ideal)
                                  0.250000    0.250000   clock uncertainty
                                  0.000000    0.250000   clock reconvergence pessimism
                                              0.250000 ^ _225_/CLK (gf180mcu_fd_sc_mcu7t5v0__dffrnq_1)
                                  1.002456    1.252456   library removal time
                                              1.252456   data required time
---------------------------------------------------------------------------------------------
                                              1.252456   data required time
                                             -6.942202   data arrival time
---------------------------------------------------------------------------------------------
                                              5.689746   slack (MET)


Startpoint: rst_n (input port clocked by clk)
Endpoint: _226_ (removal check against rising-edge clock clk)
Path Group: asynchronous
Path Type: min

Fanout         Cap        Slew       Delay        Time   Description
---------------------------------------------------------------------------------------------
                      0.150000    0.000000    0.000000   clock clk (rise edge)
                                  0.000000    0.000000   clock network delay (ideal)
                                  4.000000    4.000000 ^ input external delay
    31    0.188552    5.369740    2.942202    6.942202 ^ rst_n (in)
                                                         rst_n (net)
                      5.369740    0.000000    6.942202 ^ _226_/RN (gf180mcu_fd_sc_mcu7t5v0__dffrnq_1)
                                              6.942202   data arrival time

                      0.150000    0.000000    0.000000   clock clk (rise edge)
                                  0.000000    0.000000   clock network delay (ideal)
                                  0.250000    0.250000   clock uncertainty
                                  0.000000    0.250000   clock reconvergence pessimism
                                              0.250000 ^ _226_/CLK (gf180mcu_fd_sc_mcu7t5v0__dffrnq_1)
                                  1.002456    1.252456   library removal time
                                              1.252456   data required time
---------------------------------------------------------------------------------------------
                                              1.252456   data required time
                                             -6.942202   data arrival time
---------------------------------------------------------------------------------------------
                                              5.689746   slack (MET)


Startpoint: rst_n (input port clocked by clk)
Endpoint: _227_ (removal check against rising-edge clock clk)
Path Group: asynchronous
Path Type: min

Fanout         Cap        Slew       Delay        Time   Description
---------------------------------------------------------------------------------------------
                      0.150000    0.000000    0.000000   clock clk (rise edge)
                                  0.000000    0.000000   clock network delay (ideal)
                                  4.000000    4.000000 ^ input external delay
    31    0.188552    5.369740    2.942202    6.942202 ^ rst_n (in)
                                                         rst_n (net)
                      5.369740    0.000000    6.942202 ^ _227_/RN (gf180mcu_fd_sc_mcu7t5v0__dffrnq_1)
                                              6.942202   data arrival time

                      0.150000    0.000000    0.000000   clock clk (rise edge)
                                  0.000000    0.000000   clock network delay (ideal)
                                  0.250000    0.250000   clock uncertainty
                                  0.000000    0.250000   clock reconvergence pessimism
                                              0.250000 ^ _227_/CLK (gf180mcu_fd_sc_mcu7t5v0__dffrnq_1)
                                  1.002456    1.252456   library removal time
                                              1.252456   data required time
---------------------------------------------------------------------------------------------
                                              1.252456   data required time
                                             -6.942202   data arrival time
---------------------------------------------------------------------------------------------
                                              5.689746   slack (MET)


Startpoint: rst_n (input port clocked by clk)
Endpoint: _247_ (removal check against rising-edge clock clk)
Path Group: asynchronous
Path Type: min

Fanout         Cap        Slew       Delay        Time   Description
---------------------------------------------------------------------------------------------
                      0.150000    0.000000    0.000000   clock clk (rise edge)
                                  0.000000    0.000000   clock network delay (ideal)
                                  4.000000    4.000000 ^ input external delay
    31    0.188552    5.369740    2.942202    6.942202 ^ rst_n (in)
                                                         rst_n (net)
                      5.369740    0.000000    6.942202 ^ _247_/RN (gf180mcu_fd_sc_mcu7t5v0__dffrnq_1)
                                              6.942202   data arrival time

                      0.150000    0.000000    0.000000   clock clk (rise edge)
                                  0.000000    0.000000   clock network delay (ideal)
                                  0.250000    0.250000   clock uncertainty
                                  0.000000    0.250000   clock reconvergence pessimism
                                              0.250000 ^ _247_/CLK (gf180mcu_fd_sc_mcu7t5v0__dffrnq_1)
                                  1.002456    1.252456   library removal time
                                              1.252456   data required time
---------------------------------------------------------------------------------------------
                                              1.252456   data required time
                                             -6.942202   data arrival time
---------------------------------------------------------------------------------------------
                                              5.689746   slack (MET)



