Starting…
Running 'Verilator.Lint' at 'runs/RUN_2025-11-30_19-01-03/01-verilator-lint'…
Logging subprocess to [repr.filename]'runs/RUN_2025-11-30_19-01-03/01-verilator-lint/verilator-lint.log'[/repr.filename]…
Running 'Checker.LintTimingConstructs' at 'runs/RUN_2025-11-30_19-01-03/02-checker-linttimingconstructs'…
Check for Lint Timing Errors clear.
Running 'Checker.LintErrors' at 'runs/RUN_2025-11-30_19-01-03/03-checker-linterrors'…
Check for Lint errors clear.
Running 'Checker.LintWarnings' at 'runs/RUN_2025-11-30_19-01-03/04-checker-lintwarnings'…
21 Lint warnings found.
Running 'Yosys.JsonHeader' at 'runs/RUN_2025-11-30_19-01-03/05-yosys-jsonheader'…
Logging subprocess to [repr.filename]'runs/RUN_2025-11-30_19-01-03/05-yosys-jsonheader/yosys-jsonheader.log'[/repr.filename]…
Running 'Yosys.Synthesis' at 'runs/RUN_2025-11-30_19-01-03/06-yosys-synthesis'…
Logging subprocess to [repr.filename]'runs/RUN_2025-11-30_19-01-03/06-yosys-synthesis/yosys-synthesis.log'[/repr.filename]…
Parsing synthesis checks…
Running 'Checker.YosysUnmappedCells' at 'runs/RUN_2025-11-30_19-01-03/07-checker-yosysunmappedcells'…
Check for Unmapped Yosys instances clear.
Running 'Checker.YosysSynthChecks' at 'runs/RUN_2025-11-30_19-01-03/08-checker-yosyssynthchecks'…
Check for Yosys check errors clear.
Running 'Checker.NetlistAssignStatements' at 'runs/RUN_2025-11-30_19-01-03/09-checker-netlistassignstatements'…
Running 'OpenROAD.CheckSDCFiles' at 'runs/RUN_2025-11-30_19-01-03/10-openroad-checksdcfiles'…
Running 'OpenROAD.CheckMacroInstances' at 'runs/RUN_2025-11-30_19-01-03/11-openroad-checkmacroinstances'…
No macros found, skipping instance check…
Running 'OpenROAD.STAPrePNR' at 'runs/RUN_2025-11-30_19-01-03/12-openroad-staprepnr'…
Starting STA for the nom_tt_025C_5v00 timing corner…
Starting STA for the nom_ss_125C_4v50 timing corner…
Starting STA for the nom_ff_n40C_5v50 timing corner…
Skipping corner min_tt_025C_5v00 for STA (identical to nom_tt_025C_5v00 at this stage)…
Skipping corner min_ss_125C_4v50 for STA (identical to nom_ss_125C_4v50 at this stage)…
Skipping corner min_ff_n40C_5v50 for STA (identical to nom_ff_n40C_5v50 at this stage)…
Skipping corner max_tt_025C_5v00 for STA (identical to nom_tt_025C_5v00 at this stage)…
Skipping corner max_ss_125C_4v50 for STA (identical to nom_ss_125C_4v50 at this stage)…
Logging subprocess to [repr.filename]'runs/RUN_2025-11-30_19-01-03/12-openroad-staprepnr/nom_tt_025C_5v00/sta.log'[/repr.filename]…
Skipping corner max_ff_n40C_5v50 for STA (identical to nom_ff_n40C_5v50 at this stage)…
Logging subprocess to [repr.filename]'runs/RUN_2025-11-30_19-01-03/12-openroad-staprepnr/nom_ff_n40C_5v50/sta.log'[/repr.filename]…
Logging subprocess to [repr.filename]'runs/RUN_2025-11-30_19-01-03/12-openroad-staprepnr/nom_ss_125C_4v50/sta.log'[/repr.filename]…
Finished STA for the nom_ff_n40C_5v50 timing corner.
Finished STA for the nom_tt_025C_5v00 timing corner.
Finished STA for the nom_ss_125C_4v50 timing corner.
Running 'OpenROAD.Floorplan' at 'runs/RUN_2025-11-30_19-01-03/13-openroad-floorplan'…
Logging subprocess to [repr.filename]'runs/RUN_2025-11-30_19-01-03/13-openroad-floorplan/openroad-floorplan.log'[/repr.filename]…
Running 'Odb.CheckMacroAntennaProperties' at 'runs/RUN_2025-11-30_19-01-03/14-odb-checkmacroantennaproperties'…
No cells provided, skipping…
Running 'Odb.SetPowerConnections' at 'runs/RUN_2025-11-30_19-01-03/15-odb-setpowerconnections'…
Logging subprocess to [repr.filename]'runs/RUN_2025-11-30_19-01-03/15-odb-setpowerconnections/odb-setpowerconnections.log'[/repr.filename]…
Running 'Odb.ManualMacroPlacement' at 'runs/RUN_2025-11-30_19-01-03/16-odb-manualmacroplacement'…
No instances found, skipping 'Odb.ManualMacroPlacement'…
Running 'OpenROAD.CutRows' at 'runs/RUN_2025-11-30_19-01-03/17-openroad-cutrows'…
Logging subprocess to [repr.filename]'runs/RUN_2025-11-30_19-01-03/17-openroad-cutrows/openroad-cutrows.log'[/repr.filename]…
Running 'OpenROAD.TapEndcapInsertion' at 'runs/RUN_2025-11-30_19-01-03/18-openroad-tapendcapinsertion'…
Logging subprocess to [repr.filename]'runs/RUN_2025-11-30_19-01-03/18-openroad-tapendcapinsertion/openroad-tapendcapinsertion.log'[/repr.filename]…
Running 'Odb.AddPDNObstructions' at 'runs/RUN_2025-11-30_19-01-03/19-odb-addpdnobstructions'…
'PDN_OBSTRUCTIONS' is not defined. Skipping 'Odb.AddPDNObstructions'…
Running 'OpenROAD.GeneratePDN' at 'runs/RUN_2025-11-30_19-01-03/20-openroad-generatepdn'…
'FP_PDN_CFG' not explicitly set, setting it to /usr/local/lib/python3.12/dist-packages/librelane/scripts/openroad/common/pdn_cfg.tcl…
Logging subprocess to [repr.filename]'runs/RUN_2025-11-30_19-01-03/20-openroad-generatepdn/openroad-generatepdn.log'[/repr.filename]…
Running 'Odb.RemovePDNObstructions' at 'runs/RUN_2025-11-30_19-01-03/21-odb-removepdnobstructions'…
'PDN_OBSTRUCTIONS' is not defined. Skipping 'Odb.RemovePDNObstructions'…
Running 'Odb.AddRoutingObstructions' at 'runs/RUN_2025-11-30_19-01-03/22-odb-addroutingobstructions'…
'ROUTING_OBSTRUCTIONS' is not defined. Skipping 'Odb.AddRoutingObstructions'…
Running 'OpenROAD.GlobalPlacementSkipIO' at 'runs/RUN_2025-11-30_19-01-03/23-openroad-globalplacementskipio'…
Logging subprocess to [repr.filename]'runs/RUN_2025-11-30_19-01-03/23-openroad-globalplacementskipio/openroad-globalplacementskipio.log'[/repr.filename]…
Running 'OpenROAD.IOPlacement' at 'runs/RUN_2025-11-30_19-01-03/24-openroad-ioplacement'…
Logging subprocess to [repr.filename]'runs/RUN_2025-11-30_19-01-03/24-openroad-ioplacement/openroad-ioplacement.log'[/repr.filename]…
Running 'Odb.CustomIOPlacement' at 'runs/RUN_2025-11-30_19-01-03/25-odb-customioplacement'…
No custom floorplan file configured, skipping…
Running 'Odb.ApplyDEFTemplate' at 'runs/RUN_2025-11-30_19-01-03/26-odb-applydeftemplate'…
No DEF template provided, skipping…
Running 'OpenROAD.GlobalPlacement' at 'runs/RUN_2025-11-30_19-01-03/27-openroad-globalplacement'…
Logging subprocess to [repr.filename]'runs/RUN_2025-11-30_19-01-03/27-openroad-globalplacement/openroad-globalplacement.log'[/repr.filename]…
Running 'Odb.WriteVerilogHeader' at 'runs/RUN_2025-11-30_19-01-03/28-odb-writeverilogheader'…
Logging subprocess to [repr.filename]'runs/RUN_2025-11-30_19-01-03/28-odb-writeverilogheader/odb-writeverilogheader.log'[/repr.filename]…
Running 'Checker.PowerGridViolations' at 'runs/RUN_2025-11-30_19-01-03/29-checker-powergridviolations'…
Check for power grid violations (as reported by OpenROAD PSM- you may ignore these if LVS passes) clear.
Running 'OpenROAD.STAMidPNR' at 'runs/RUN_2025-11-30_19-01-03/30-openroad-stamidpnr'…
Logging subprocess to [repr.filename]'runs/RUN_2025-11-30_19-01-03/30-openroad-stamidpnr/openroad-stamidpnr.log'[/repr.filename]…
[GRT-0097] No global routing found for nets.
Running 'OpenROAD.RepairDesignPostGPL' at 'runs/RUN_2025-11-30_19-01-03/31-openroad-repairdesignpostgpl'…
Logging subprocess to [repr.filename]'runs/RUN_2025-11-30_19-01-03/31-openroad-repairdesignpostgpl/openroad-repairdesignpostgpl.log'[/repr.filename]…
Running 'Odb.ManualGlobalPlacement' at 'runs/RUN_2025-11-30_19-01-03/32-odb-manualglobalplacement'…
'MANUAL_GLOBAL_PLACEMENTS' not set, skipping…
Running 'OpenROAD.DetailedPlacement' at 'runs/RUN_2025-11-30_19-01-03/33-openroad-detailedplacement'…
Logging subprocess to [repr.filename]'runs/RUN_2025-11-30_19-01-03/33-openroad-detailedplacement/openroad-detailedplacement.log'[/repr.filename]…
Running 'OpenROAD.CTS' at 'runs/RUN_2025-11-30_19-01-03/34-openroad-cts'…
Logging subprocess to [repr.filename]'runs/RUN_2025-11-30_19-01-03/34-openroad-cts/openroad-cts.log'[/repr.filename]…
Running 'OpenROAD.STAMidPNR-1' at 'runs/RUN_2025-11-30_19-01-03/35-openroad-stamidpnr-1'…
Logging subprocess to [repr.filename]'runs/RUN_2025-11-30_19-01-03/35-openroad-stamidpnr-1/openroad-stamidpnr-1.log'[/repr.filename]…
[GRT-0097] No global routing found for nets.
Running 'OpenROAD.ResizerTimingPostCTS' at 'runs/RUN_2025-11-30_19-01-03/36-openroad-resizertimingpostcts'…
Logging subprocess to [repr.filename]'runs/RUN_2025-11-30_19-01-03/36-openroad-resizertimingpostcts/openroad-resizertimingpostcts.log'[/repr.filename]…
Running 'OpenROAD.STAMidPNR-2' at 'runs/RUN_2025-11-30_19-01-03/37-openroad-stamidpnr-2'…
Logging subprocess to [repr.filename]'runs/RUN_2025-11-30_19-01-03/37-openroad-stamidpnr-2/openroad-stamidpnr-2.log'[/repr.filename]…
[GRT-0097] No global routing found for nets.
Running 'OpenROAD.GlobalRouting' at 'runs/RUN_2025-11-30_19-01-03/38-openroad-globalrouting'…
Logging subprocess to [repr.filename]'runs/RUN_2025-11-30_19-01-03/38-openroad-globalrouting/openroad-globalrouting.log'[/repr.filename]…
Running 'OpenROAD.CheckAntennas' at 'runs/RUN_2025-11-30_19-01-03/39-openroad-checkantennas'…
Logging subprocess to [repr.filename]'runs/RUN_2025-11-30_19-01-03/39-openroad-checkantennas/openroad-checkantennas.log'[/repr.filename]…
Gating variable for step 'OpenROAD.RepairDesignPostGRT' set to 'False'- the step will be skipped.
Skipping step 'Repair Design (Post-Global Routing)'…
Running 'Odb.DiodesOnPorts' at 'runs/RUN_2025-11-30_19-01-03/40-odb-diodesonports'…
'DIODE_ON_PORTS' is set to 'none': skipping…
Gating variable for step 'Odb.HeuristicDiodeInsertion' set to 'False'- the step will be skipped.
Skipping step 'Heuristic Diode Insertion'…
Running 'OpenROAD.RepairAntennas' at 'runs/RUN_2025-11-30_19-01-03/41-openroad-repairantennas'…
Running 'DiodeInsertion' at 'runs/RUN_2025-11-30_19-01-03/41-openroad-repairantennas/1-diodeinsertion'…
Logging subprocess to [repr.filename]'runs/RUN_2025-11-30_19-01-03/41-openroad-repairantennas/1-diodeinsertion/diodeinsertion.log'[/repr.filename]…
Running 'OpenROAD.CheckAntennas' at 'runs/RUN_2025-11-30_19-01-03/41-openroad-repairantennas/2-openroad-checkantennas'…
Logging subprocess to [repr.filename]'runs/RUN_2025-11-30_19-01-03/41-openroad-repairantennas/2-openroad-checkantennas/openroad-checkantennas.log'[/repr.filename]…
Gating variable for step 'OpenROAD.ResizerTimingPostGRT' set to 'False'- the step will be skipped.
Skipping step 'Resizer Timing Optimizations (Post-Global Routing)'…
Running 'OpenROAD.STAMidPNR-3' at 'runs/RUN_2025-11-30_19-01-03/42-openroad-stamidpnr-3'…
Logging subprocess to [repr.filename]'runs/RUN_2025-11-30_19-01-03/42-openroad-stamidpnr-3/openroad-stamidpnr-3.log'[/repr.filename]…
Running 'OpenROAD.DetailedRouting' at 'runs/RUN_2025-11-30_19-01-03/43-openroad-detailedrouting'…
Running TritonRoute with 16 threads…
Logging subprocess to [repr.filename]'runs/RUN_2025-11-30_19-01-03/43-openroad-detailedrouting/openroad-detailedrouting.log'[/repr.filename]…
[DRT-0349] LEF58_ENCLOSURE with no CUTCLASS is not supported. Skipping for layer Via1
[DRT-0349] LEF58_ENCLOSURE with no CUTCLASS is not supported. Skipping for layer Via1
[DRT-0349] LEF58_ENCLOSURE with no CUTCLASS is not supported. Skipping for layer Via2
[DRT-0349] LEF58_ENCLOSURE with no CUTCLASS is not supported. Skipping for layer Via2
[DRT-0349] LEF58_ENCLOSURE with no CUTCLASS is not supported. Skipping for layer Via3
[DRT-0349] LEF58_ENCLOSURE with no CUTCLASS is not supported. Skipping for layer Via3
[DRT-0349] LEF58_ENCLOSURE with no CUTCLASS is not supported. Skipping for layer Via4
[DRT-0349] LEF58_ENCLOSURE with no CUTCLASS is not supported. Skipping for layer Via4
Running 'Odb.RemoveRoutingObstructions' at 'runs/RUN_2025-11-30_19-01-03/44-odb-removeroutingobstructions'…
'ROUTING_OBSTRUCTIONS' is not defined. Skipping 'Odb.RemoveRoutingObstructions'…
Running 'OpenROAD.CheckAntennas-1' at 'runs/RUN_2025-11-30_19-01-03/45-openroad-checkantennas-1'…
Logging subprocess to [repr.filename]'runs/RUN_2025-11-30_19-01-03/45-openroad-checkantennas-1/openroad-checkantennas-1.log'[/repr.filename]…
Running 'Checker.TrDRC' at 'runs/RUN_2025-11-30_19-01-03/46-checker-trdrc'…
Check for Routing DRC errors clear.
Running 'Odb.ReportDisconnectedPins' at 'runs/RUN_2025-11-30_19-01-03/47-odb-reportdisconnectedpins'…
Logging subprocess to [repr.filename]'runs/RUN_2025-11-30_19-01-03/47-odb-reportdisconnectedpins/odb-reportdisconnectedpins.log'[/repr.filename]…
Running 'Checker.DisconnectedPins' at 'runs/RUN_2025-11-30_19-01-03/48-checker-disconnectedpins'…
Check for critical disconnected pins clear.
Running 'Odb.ReportWireLength' at 'runs/RUN_2025-11-30_19-01-03/49-odb-reportwirelength'…
Logging subprocess to [repr.filename]'runs/RUN_2025-11-30_19-01-03/49-odb-reportwirelength/odb-reportwirelength.log'[/repr.filename]…
Running 'Checker.WireLength' at 'runs/RUN_2025-11-30_19-01-03/50-checker-wirelength'…
Threshold for Threshold-surpassing long wires is not set. The checker will be skipped.
Running 'OpenROAD.FillInsertion' at 'runs/RUN_2025-11-30_19-01-03/51-openroad-fillinsertion'…
Logging subprocess to [repr.filename]'runs/RUN_2025-11-30_19-01-03/51-openroad-fillinsertion/openroad-fillinsertion.log'[/repr.filename]…
Running 'Odb.CellFrequencyTables' at 'runs/RUN_2025-11-30_19-01-03/52-odb-cellfrequencytables'…
Logging subprocess to [repr.filename]'runs/RUN_2025-11-30_19-01-03/52-odb-cellfrequencytables/buffer_list.txt'[/repr.filename]…
Logging subprocess to [repr.filename]'runs/RUN_2025-11-30_19-01-03/52-odb-cellfrequencytables/odb-cellfrequencytables.log'[/repr.filename]…
Running 'OpenROAD.RCX' at 'runs/RUN_2025-11-30_19-01-03/53-openroad-rcx'…
Running RCX for corners matching nom_* (/foss/designs/kvic_336007_ws25-kvic_ws25_v6/librelane/runs/RUN_2025-11-30_19-01-03/53-openroad-rcx/nom/rcx.log)…
Running RCX for corners matching min_* (/foss/designs/kvic_336007_ws25-kvic_ws25_v6/librelane/runs/RUN_2025-11-30_19-01-03/53-openroad-rcx/min/rcx.log)…
Running RCX for corners matching max_* (/foss/designs/kvic_336007_ws25-kvic_ws25_v6/librelane/runs/RUN_2025-11-30_19-01-03/53-openroad-rcx/max/rcx.log)…
Logging subprocess to [repr.filename]'runs/RUN_2025-11-30_19-01-03/53-openroad-rcx/nom/rcx.log'[/repr.filename]…
Logging subprocess to [repr.filename]'runs/RUN_2025-11-30_19-01-03/53-openroad-rcx/min/rcx.log'[/repr.filename]…
Logging subprocess to [repr.filename]'runs/RUN_2025-11-30_19-01-03/53-openroad-rcx/max/rcx.log'[/repr.filename]…
Finished RCX for corners matching nom_*.
Finished RCX for corners matching min_*.
Finished RCX for corners matching max_*.
Running 'OpenROAD.STAPostPNR' at 'runs/RUN_2025-11-30_19-01-03/54-openroad-stapostpnr'…
Starting STA for the nom_tt_025C_5v00 timing corner…
Starting STA for the nom_ss_125C_4v50 timing corner…
Starting STA for the nom_ff_n40C_5v50 timing corner…
Starting STA for the min_tt_025C_5v00 timing corner…
Starting STA for the min_ss_125C_4v50 timing corner…
Starting STA for the min_ff_n40C_5v50 timing corner…
Starting STA for the max_tt_025C_5v00 timing corner…
Logging subprocess to [repr.filename]'runs/RUN_2025-11-30_19-01-03/54-openroad-stapostpnr/nom_tt_025C_5v00/sta.log'[/repr.filename]…
Starting STA for the max_ss_125C_4v50 timing corner…
Starting STA for the max_ff_n40C_5v50 timing corner…
Logging subprocess to [repr.filename]'runs/RUN_2025-11-30_19-01-03/54-openroad-stapostpnr/nom_ss_125C_4v50/sta.log'[/repr.filename]…
Logging subprocess to [repr.filename]'runs/RUN_2025-11-30_19-01-03/54-openroad-stapostpnr/nom_ff_n40C_5v50/sta.log'[/repr.filename]…
Logging subprocess to [repr.filename]'runs/RUN_2025-11-30_19-01-03/54-openroad-stapostpnr/min_tt_025C_5v00/sta.log'[/repr.filename]…
Logging subprocess to [repr.filename]'runs/RUN_2025-11-30_19-01-03/54-openroad-stapostpnr/min_ss_125C_4v50/sta.log'[/repr.filename]…
Logging subprocess to [repr.filename]'runs/RUN_2025-11-30_19-01-03/54-openroad-stapostpnr/max_tt_025C_5v00/sta.log'[/repr.filename]…
Logging subprocess to [repr.filename]'runs/RUN_2025-11-30_19-01-03/54-openroad-stapostpnr/min_ff_n40C_5v50/sta.log'[/repr.filename]…
Logging subprocess to [repr.filename]'runs/RUN_2025-11-30_19-01-03/54-openroad-stapostpnr/max_ss_125C_4v50/sta.log'[/repr.filename]…
Logging subprocess to [repr.filename]'runs/RUN_2025-11-30_19-01-03/54-openroad-stapostpnr/max_ff_n40C_5v50/sta.log'[/repr.filename]…
Finished STA for the min_tt_025C_5v00 timing corner.
Finished STA for the nom_ff_n40C_5v50 timing corner.
Logging subprocess to [repr.filename]'runs/RUN_2025-11-30_19-01-03/54-openroad-stapostpnr/min_tt_025C_5v00/filter_unannotated.log'[/repr.filename]…
Finished STA for the nom_tt_025C_5v00 timing corner.
Logging subprocess to [repr.filename]'runs/RUN_2025-11-30_19-01-03/54-openroad-stapostpnr/nom_ff_n40C_5v50/filter_unannotated.log'[/repr.filename]…
Logging subprocess to [repr.filename]'runs/RUN_2025-11-30_19-01-03/54-openroad-stapostpnr/nom_tt_025C_5v00/filter_unannotated.log'[/repr.filename]…
Finished STA for the min_ff_n40C_5v50 timing corner.
Finished STA for the max_tt_025C_5v00 timing corner.
Finished STA for the nom_ss_125C_4v50 timing corner.
Finished STA for the max_ff_n40C_5v50 timing corner.
Logging subprocess to [repr.filename]'runs/RUN_2025-11-30_19-01-03/54-openroad-stapostpnr/nom_ss_125C_4v50/filter_unannotated.log'[/repr.filename]…
Logging subprocess to [repr.filename]'runs/RUN_2025-11-30_19-01-03/54-openroad-stapostpnr/max_ff_n40C_5v50/filter_unannotated.log'[/repr.filename]…
Logging subprocess to [repr.filename]'runs/RUN_2025-11-30_19-01-03/54-openroad-stapostpnr/min_ff_n40C_5v50/filter_unannotated.log'[/repr.filename]…
Logging subprocess to [repr.filename]'runs/RUN_2025-11-30_19-01-03/54-openroad-stapostpnr/max_tt_025C_5v00/filter_unannotated.log'[/repr.filename]…
Finished STA for the max_ss_125C_4v50 timing corner.
Finished STA for the min_ss_125C_4v50 timing corner.
Logging subprocess to [repr.filename]'runs/RUN_2025-11-30_19-01-03/54-openroad-stapostpnr/min_ss_125C_4v50/filter_unannotated.log'[/repr.filename]…
Logging subprocess to [repr.filename]'runs/RUN_2025-11-30_19-01-03/54-openroad-stapostpnr/max_ss_125C_4v50/filter_unannotated.log'[/repr.filename]…
Running 'OpenROAD.IRDropReport' at 'runs/RUN_2025-11-30_19-01-03/55-openroad-irdropreport'…
'VSRC_LOC_FILES' was not given a value, which may make the results of IR drop analysis inaccurate. If you are not integrating a top-level chip for manufacture, you may ignore this warning, otherwise, see the documentation for 'VSRC_LOC_FILES'.
Logging subprocess to [repr.filename]'runs/RUN_2025-11-30_19-01-03/55-openroad-irdropreport/openroad-irdropreport.log'[/repr.filename]…
[INFO PSM-0040] All shapes on net VDD are connected.
########## IR report #################
Net              : VDD
Corner           : nom_tt_025C_5v00
Supply voltage   : 5.00e+00 V
Worstcase voltage: 5.00e+00 V
Average voltage  : 5.00e+00 V
Average IR drop  : 2.49e-05 V
Worstcase IR drop: 9.32e-05 V
Percentage drop  : 0.00 %
######################################
[INFO PSM-0040] All shapes on net VSS are connected.
########## IR report #################
Net              : VSS
Corner           : nom_tt_025C_5v00
Supply voltage   : 0.00e+00 V
Worstcase voltage: 1.02e-04 V
Average voltage  : 2.49e-05 V
Average IR drop  : 2.49e-05 V
Worstcase IR drop: 1.02e-04 V
Percentage drop  : 0.00 %
######################################

Running 'Magic.StreamOut' at 'runs/RUN_2025-11-30_19-01-03/56-magic-streamout'…
Logging subprocess to [repr.filename]'runs/RUN_2025-11-30_19-01-03/56-magic-streamout/magic-streamout.log'[/repr.filename]…
Running 'KLayout.StreamOut' at 'runs/RUN_2025-11-30_19-01-03/57-klayout-streamout'…
Logging subprocess to [repr.filename]'runs/RUN_2025-11-30_19-01-03/57-klayout-streamout/klayout-streamout.log'[/repr.filename]…
Running 'Magic.WriteLEF' at 'runs/RUN_2025-11-30_19-01-03/58-magic-writelef'…
Logging subprocess to [repr.filename]'runs/RUN_2025-11-30_19-01-03/58-magic-writelef/magic-writelef.log'[/repr.filename]…
Running 'Odb.CheckDesignAntennaProperties' at 'runs/RUN_2025-11-30_19-01-03/59-odb-checkdesignantennaproperties'…
Logging subprocess to [repr.filename]'runs/RUN_2025-11-30_19-01-03/59-odb-checkdesignantennaproperties/odb-checkdesignantennaproperties.log'[/repr.filename]…
Gating variable for step 'KLayout.XOR' set to 'False'- the step will be skipped.
Skipping step 'KLayout vs. Magic XOR'…
Gating variable for step 'Checker.XOR' set to 'False'- the step will be skipped.
Skipping step 'XOR Difference Checker'…
Running 'Magic.DRC' at 'runs/RUN_2025-11-30_19-01-03/60-magic-drc'…
Logging subprocess to [repr.filename]'runs/RUN_2025-11-30_19-01-03/60-magic-drc/magic-drc.log'[/repr.filename]…
Gating variable for step 'KLayout.DRC' set to 'False'- the step will be skipped.
Skipping step 'Design Rule Check (KLayout)'…
Running 'Checker.MagicDRC' at 'runs/RUN_2025-11-30_19-01-03/61-checker-magicdrc'…
Check for Magic DRC errors clear.
Gating variable for step 'Checker.KLayoutDRC' set to 'False'- the step will be skipped.
Skipping step 'KLayout DRC Checker'…
Running 'Magic.SpiceExtraction' at 'runs/RUN_2025-11-30_19-01-03/62-magic-spiceextraction'…
Logging subprocess to [repr.filename]'runs/RUN_2025-11-30_19-01-03/62-magic-spiceextraction/magic-spiceextraction.log'[/repr.filename]…
Running 'Checker.IllegalOverlap' at 'runs/RUN_2025-11-30_19-01-03/63-checker-illegaloverlap'…
Check for Magic Illegal Overlap errors clear.
Running 'Netgen.LVS' at 'runs/RUN_2025-11-30_19-01-03/64-netgen-lvs'…
Logging subprocess to [repr.filename]'runs/RUN_2025-11-30_19-01-03/64-netgen-lvs/netgen-lvs.log'[/repr.filename]…
Running 'Checker.LVS' at 'runs/RUN_2025-11-30_19-01-03/65-checker-lvs'…
Check for LVS errors clear.
Gating variable for step 'Yosys.EQY' set to 'False'- the step will be skipped.
Skipping step 'Equivalence Check'…
Running 'Checker.SetupViolations' at 'runs/RUN_2025-11-30_19-01-03/66-checker-setupviolations'…
No setup violations found
Running 'Checker.HoldViolations' at 'runs/RUN_2025-11-30_19-01-03/67-checker-holdviolations'…
No hold violations found
Running 'Checker.MaxSlewViolations' at 'runs/RUN_2025-11-30_19-01-03/68-checker-maxslewviolations'…
No max slew violations found
Running 'Checker.MaxCapViolations' at 'runs/RUN_2025-11-30_19-01-03/69-checker-maxcapviolations'…
No max cap violations found
Running 'Misc.ReportManufacturability' at 'runs/RUN_2025-11-30_19-01-03/70-misc-reportmanufacturability'…
klayout__drc_error__count not reported. KLayout.DRC may have been skipped.
Saving views to '/foss/designs/kvic_336007_ws25-kvic_ws25_v6/librelane/runs/RUN_2025-11-30_19-01-03/final'…
Flow complete.
Starting…
Running 'OpenROAD.OpenGUI' at 'runs/RUN_2025-11-30_19-01-03/71-openroad-opengui'…
Logging subprocess to [repr.filename]'runs/RUN_2025-11-30_19-01-03/71-openroad-opengui/openroad-opengui.log'[/repr.filename]…
