Clock: clk
Sources: clk 
Generated: no
Virtual: yes
Propagated: no
Period: 20.000000

===========================================================================
report_clock_properties
============================================================================
Clock                   Period          Waveform
----------------------------------------------------
clk                  20.000000    0.000000 10.000000

===========================================================================
report_clock_latency
============================================================================
Clock clk
rise -> rise
    min     max
0.000000 0.000000 source latency
0.535835         network latency _225_/CLK
        2.403249 network latency _261_/CLK
---------------
0.535835 2.403249 latency
        1.867414 skew

rise -> fall
    min     max
0.000000 0.000000 source latency
1.653666         network latency _232_/CLK
        2.139591 network latency _261_/CLK
---------------
1.653666 2.139591 latency
        0.485925 skew

fall -> fall
    min     max
0.000000 0.000000 source latency
0.494315         network latency _225_/CLK
        0.495087 network latency _223_/CLK
---------------
0.494315 0.495087 latency
        0.000772 skew



===========================================================================
report_clock_min_period
============================================================================
clk period_min = 3.29 fmax = 304.04
