Clock: clk
Sources: clk 
Generated: no
Virtual: yes
Propagated: no
Period: 20.000000

===========================================================================
report_clock_properties
============================================================================
Clock                   Period          Waveform
----------------------------------------------------
clk                  20.000000    0.000000 10.000000

===========================================================================
report_clock_latency
============================================================================
Clock clk
rise -> rise
    min     max
0.000000 0.000000 source latency
0.559246         network latency _198_/CLK
        2.414736 network latency _186_/CLK
---------------
0.559246 2.414736 latency
        1.855490 skew

rise -> fall
    min     max
0.000000 0.000000 source latency
1.328982         network latency _187_/CLK
        2.125736 network latency _186_/CLK
---------------
1.328982 2.125736 latency
        0.796754 skew

fall -> fall
    min     max
0.000000 0.000000 source latency
0.514757         network latency _198_/CLK
        0.517955 network latency _169_/CLK
---------------
0.514757 0.517955 latency
        0.003198 skew



===========================================================================
report_clock_min_period
============================================================================
clk period_min = 3.06 fmax = 326.84
