
===========================================================================
report_checks -unconstrained
===========================================================================
======================= nom_tt_025C_5v00 Corner ===================================

Startpoint: rst_n (input port clocked by clk)
Endpoint: _666_ (recovery check against rising-edge clock clk)
Path Group: asynchronous
Path Type: max

Fanout         Cap        Slew       Delay        Time   Description
---------------------------------------------------------------------------------------------
                                  0.000000    0.000000   clock clk (rise edge)
                                  0.000000    0.000000   clock network delay (propagated)
                                  4.000000    4.000000 ^ input external delay
     1    0.004147    0.118197    0.041196    4.041196 ^ rst_n (in)
                                                         rst_n (net)
                      0.118197    0.000000    4.041196 ^ input10/I (gf180mcu_fd_sc_mcu7t5v0__clkbuf_1)
     2    0.021381    0.388177    0.363805    4.405002 ^ input10/Z (gf180mcu_fd_sc_mcu7t5v0__clkbuf_1)
                                                         net10 (net)
                      0.388177    0.000203    4.405204 ^ fanout34/I (gf180mcu_fd_sc_mcu7t5v0__buf_2)
     6    0.044663    0.394386    0.393963    4.799167 ^ fanout34/Z (gf180mcu_fd_sc_mcu7t5v0__buf_2)
                                                         net34 (net)
                      0.394386    0.000391    4.799558 ^ fanout33/I (gf180mcu_fd_sc_mcu7t5v0__clkbuf_4)
    10    0.082522    0.370913    0.479785    5.279343 ^ fanout33/Z (gf180mcu_fd_sc_mcu7t5v0__clkbuf_4)
                                                         net33 (net)
                      0.370913    0.000387    5.279730 ^ _666_/RN (gf180mcu_fd_sc_mcu7t5v0__dffrnq_1)
                                              5.279730   data arrival time

                                 20.000000   20.000000   clock clk (rise edge)
                                  0.000000   20.000000   clock source latency
     1    0.023498    0.129775    0.058765   20.058765 ^ clk (in)
                                                         clk (net)
                      0.129775    0.000000   20.058765 ^ clkbuf_0_clk/I (gf180mcu_fd_sc_mcu7t5v0__clkbuf_16)
     2    0.046821    0.112342    0.248395   20.307161 ^ clkbuf_0_clk/Z (gf180mcu_fd_sc_mcu7t5v0__clkbuf_16)
                                                         clknet_0_clk (net)
                      0.112342    0.000174   20.307335 ^ clkbuf_1_1__f_clk/I (gf180mcu_fd_sc_mcu7t5v0__clkbuf_16)
     4    0.023904    0.092008    0.229052   20.536386 ^ clkbuf_1_1__f_clk/Z (gf180mcu_fd_sc_mcu7t5v0__clkbuf_16)
                                                         clknet_1_1__leaf_clk (net)
                      0.092008    0.000046   20.536434 ^ _666_/CLK (gf180mcu_fd_sc_mcu7t5v0__dffrnq_1)
                                 -0.250000   20.286434   clock uncertainty
                                  0.000000   20.286434   clock reconvergence pessimism
                                  0.202827   20.489262   library recovery time
                                             20.489262   data required time
---------------------------------------------------------------------------------------------
                                             20.489262   data required time
                                             -5.279730   data arrival time
---------------------------------------------------------------------------------------------
                                             15.209532   slack (MET)


Startpoint: ena (input port clocked by clk)
Endpoint: _666_ (rising edge-triggered flip-flop clocked by clk)
Path Group: clk
Path Type: max

Fanout         Cap        Slew       Delay        Time   Description
---------------------------------------------------------------------------------------------
                                  0.000000    0.000000   clock clk (rise edge)
                                  0.000000    0.000000   clock network delay (propagated)
                                  4.000000    4.000000 ^ input external delay
     1    0.004645    0.126479    0.045981    4.045981 ^ ena (in)
                                                         ena (net)
                      0.126479    0.000000    4.045981 ^ input9/I (gf180mcu_fd_sc_mcu7t5v0__clkbuf_1)
     3    0.013549    0.265306    0.292823    4.338804 ^ input9/Z (gf180mcu_fd_sc_mcu7t5v0__clkbuf_1)
                                                         net9 (net)
                      0.265306    0.000111    4.338915 ^ _356_/A1 (gf180mcu_fd_sc_mcu7t5v0__nand2_1)
     4    0.021540    0.370306    0.280579    4.619494 v _356_/ZN (gf180mcu_fd_sc_mcu7t5v0__nand2_1)
                                                         _121_ (net)
                      0.370306    0.000135    4.619629 v _362_/A1 (gf180mcu_fd_sc_mcu7t5v0__nor3_1)
     1    0.004140    0.400664    0.298952    4.918581 ^ _362_/ZN (gf180mcu_fd_sc_mcu7t5v0__nor3_1)
                                                         _002_ (net)
                      0.400664    0.000016    4.918598 ^ _666_/D (gf180mcu_fd_sc_mcu7t5v0__dffrnq_1)
                                              4.918598   data arrival time

                                 20.000000   20.000000   clock clk (rise edge)
                                  0.000000   20.000000   clock source latency
     1    0.023498    0.129775    0.058765   20.058765 ^ clk (in)
                                                         clk (net)
                      0.129775    0.000000   20.058765 ^ clkbuf_0_clk/I (gf180mcu_fd_sc_mcu7t5v0__clkbuf_16)
     2    0.046821    0.112342    0.248395   20.307161 ^ clkbuf_0_clk/Z (gf180mcu_fd_sc_mcu7t5v0__clkbuf_16)
                                                         clknet_0_clk (net)
                      0.112342    0.000174   20.307335 ^ clkbuf_1_1__f_clk/I (gf180mcu_fd_sc_mcu7t5v0__clkbuf_16)
     4    0.023904    0.092008    0.229052   20.536386 ^ clkbuf_1_1__f_clk/Z (gf180mcu_fd_sc_mcu7t5v0__clkbuf_16)
                                                         clknet_1_1__leaf_clk (net)
                      0.092008    0.000046   20.536434 ^ _666_/CLK (gf180mcu_fd_sc_mcu7t5v0__dffrnq_1)
                                 -0.250000   20.286434   clock uncertainty
                                  0.000000   20.286434   clock reconvergence pessimism
                                 -0.354334   19.932100   library setup time
                                             19.932100   data required time
---------------------------------------------------------------------------------------------
                                             19.932100   data required time
                                             -4.918598   data arrival time
---------------------------------------------------------------------------------------------
                                             15.013502   slack (MET)




===========================================================================
report_checks --slack_max -0.01
============================================================================
======================= nom_tt_025C_5v00 Corner ===================================

No paths found.


===========================================================================
 report_check_types -max_slew -max_cap -max_fanout -violators
============================================================================
======================= nom_tt_025C_5v00 Corner ===================================



===========================================================================
report_parasitic_annotation -report_unannotated
============================================================================
Found 1 unannotated drivers.
 clkload0/ZN
Found 0 partially unannotated drivers.

===========================================================================
max slew violation count 0
Writing metric design__max_slew_violation__count__corner:nom_tt_025C_5v00: 0
max fanout violation count 0
Writing metric design__max_fanout_violation__count__corner:nom_tt_025C_5v00: 0
max cap violation count 0
Writing metric design__max_cap_violation__count__corner:nom_tt_025C_5v00: 0
============================================================================

===========================================================================
check_setup -verbose -unconstrained_endpoints -multiple_clock -no_clock -no_input_delay -loops -generated_clocks
===========================================================================
Warning: There are 80 unclocked register/latch pins.
  _643_/CLK
  _644_/CLK
  _645_/CLK
  _646_/CLK
  _647_/CLK
  _649_/CLK
  _650_/CLK
  _651_/CLK
  _652_/CLK
  _653_/CLK
  _654_/CLK
  _655_/CLK
  _656_/CLK
  _657_/CLK
  _658_/CLK
  _659_/CLK
  _660_/CLK
  _661_/CLK
  _662_/CLK
  _663_/CLK
  _672_/CLK
  _673_/CLK
  _674_/CLK
  _675_/CLK
  _676_/CLK
  _677_/CLK
  _678_/CLK
  _679_/CLK
  _680_/CLK
  _681_/CLK
  _682_/CLK
  _683_/CLK
  _684_/CLK
  _685_/CLK
  _686_/CLK
  _687_/CLK
  _688_/CLK
  _689_/CLK
  _690_/CLK
  _691_/CLK
  _692_/CLK
  _693_/CLK
  _694_/CLK
  _695_/CLK
  _696_/CLK
  _697_/CLK
  _698_/CLK
  _699_/CLK
  _700_/CLK
  _701_/CLK
  _702_/CLK
  _703_/CLK
  _704_/CLK
  _705_/CLK
  _706_/CLK
  _707_/CLK
  _708_/CLK
  _709_/CLK
  _710_/CLK
  _711_/CLK
  _712_/CLK
  _713_/CLK
  _714_/CLK
  _715_/CLK
  _716_/CLK
  _717_/CLK
  _718_/CLK
  _719_/CLK
  _720_/CLK
  _721_/CLK
  _722_/CLK
  _723_/CLK
  _724_/CLK
  _725_/CLK
  _726_/CLK
  _727_/CLK
  _728_/CLK
  _729_/CLK
  _730_/CLK
  _731_/CLK
Warning: There are 84 unconstrained endpoints.
  signal_bit_out
  _643_/D
  _644_/D
  _645_/D
  _646_/D
  _647_/D
  _649_/D
  _650_/D
  _651_/D
  _652_/D
  _653_/D
  _654_/D
  _655_/D
  _656_/D
  _657_/D
  _658_/D
  _659_/D
  _660_/D
  _661_/D
  _662_/D
  _663_/D
  _669_/D
  _670_/D
  _671_/D
  _672_/D
  _673_/D
  _674_/D
  _675_/D
  _676_/D
  _677_/D
  _678_/D
  _679_/D
  _680_/D
  _681_/D
  _682_/D
  _683_/D
  _684_/D
  _685_/D
  _686_/D
  _687_/D
  _688_/D
  _689_/D
  _690_/D
  _691_/D
  _692_/D
  _693_/D
  _694_/D
  _695_/D
  _696_/D
  _697_/D
  _698_/D
  _699_/D
  _700_/D
  _701_/D
  _702_/D
  _703_/D
  _704_/D
  _705_/D
  _706_/D
  _707_/D
  _708_/D
  _709_/D
  _710_/D
  _711_/D
  _712_/D
  _713_/D
  _714_/D
  _715_/D
  _716_/D
  _717_/D
  _718_/D
  _719_/D
  _720_/D
  _721_/D
  _722_/D
  _723_/D
  _724_/D
  _725_/D
  _726_/D
  _727_/D
  _728_/D
  _729_/D
  _730_/D
  _731_/D
