Clock: clk
Sources: clk 
Generated: no
Virtual: yes
Propagated: no
Period: 20.000000

===========================================================================
report_clock_properties
============================================================================
Clock                   Period          Waveform
----------------------------------------------------
clk                  20.000000    0.000000 10.000000

===========================================================================
report_clock_latency
============================================================================
Clock clk
rise -> rise
    min     max
0.000000 0.000000 source latency
0.965309         network latency _265_/CLK
        4.754091 network latency _261_/CLK
---------------
0.965309 4.754091 latency
        3.788782 skew

rise -> fall
    min     max
0.000000 0.000000 source latency
3.114831         network latency _233_/CLK
        4.162517 network latency _261_/CLK
---------------
3.114831 4.162517 latency
        1.047686 skew

fall -> fall
    min     max
0.000000 0.000000 source latency
0.893462         network latency _265_/CLK
        0.896470 network latency _223_/CLK
---------------
0.893462 0.896470 latency
        0.003008 skew



===========================================================================
report_clock_min_period
============================================================================
clk period_min = 6.20 fmax = 161.41
