152. Printing statistics.

=== tiny_tonegen ===

        +----------Local Count, excluding submodules.
        |        +-Local Area, excluding submodules.
        |        | 
      423        - wires
      429        - wire bits
      100        - public wires
      106        - public wire bits
        7        - ports
       13        - port bits
      417 1.23E+04 cells
       19   333.67   gf180mcu_fd_sc_mcu7t5v0__and2_1
        5   109.76   gf180mcu_fd_sc_mcu7t5v0__and3_1
        3   72.442   gf180mcu_fd_sc_mcu7t5v0__and4_1
        2   43.904   gf180mcu_fd_sc_mcu7t5v0__aoi211_1
       16  280.986   gf180mcu_fd_sc_mcu7t5v0__aoi21_1
        5  120.736   gf180mcu_fd_sc_mcu7t5v0__aoi221_1
       21  414.893   gf180mcu_fd_sc_mcu7t5v0__aoi22_1
       54  474.163   gf180mcu_fd_sc_mcu7t5v0__clkinv_1
       48 3.06E+03   gf180mcu_fd_sc_mcu7t5v0__dffq_1
       34 2.54E+03   gf180mcu_fd_sc_mcu7t5v0__dffrnq_1
       12  948.326   gf180mcu_fd_sc_mcu7t5v0__dffsnq_1
       24  790.272   gf180mcu_fd_sc_mcu7t5v0__mux2_2
       42  460.992   gf180mcu_fd_sc_mcu7t5v0__nand2_1
        3   46.099   gf180mcu_fd_sc_mcu7t5v0__nand3_1
        5   98.784   gf180mcu_fd_sc_mcu7t5v0__nand4_1
       37  487.334   gf180mcu_fd_sc_mcu7t5v0__nor2_1
        9  158.054   gf180mcu_fd_sc_mcu7t5v0__nor3_1
        1   21.952   gf180mcu_fd_sc_mcu7t5v0__nor4_1
        4   87.808   gf180mcu_fd_sc_mcu7t5v0__oai211_1
       28  491.725   gf180mcu_fd_sc_mcu7t5v0__oai21_1
        1   26.342   gf180mcu_fd_sc_mcu7t5v0__oai221_1
        3   65.856   gf180mcu_fd_sc_mcu7t5v0__oai22_1
        1   24.147   gf180mcu_fd_sc_mcu7t5v0__oai31_1
        2   52.685   gf180mcu_fd_sc_mcu7t5v0__oai32_1
        4   70.246   gf180mcu_fd_sc_mcu7t5v0__or2_1
        3   65.856   gf180mcu_fd_sc_mcu7t5v0__or3_1
        2   52.685   gf180mcu_fd_sc_mcu7t5v0__or4_1
        3   26.342   gf180mcu_fd_sc_mcu7t5v0__tiel
        5  142.688   gf180mcu_fd_sc_mcu7t5v0__xnor2_1
        2   105.37   gf180mcu_fd_sc_mcu7t5v0__xnor3_1
       12  316.109   gf180mcu_fd_sc_mcu7t5v0__xor2_1
        7  353.427   gf180mcu_fd_sc_mcu7t5v0__xor3_1

   Chip area for module '\tiny_tonegen': 12337.024000
     of which used for sequential elements: 6541.696000 (53.02%)

