
===========================================================================
report_checks -path_delay max (Setup)
============================================================================
======================= nom_ff_n40C_1v95 Corner ===================================

Startpoint: _43_ (rising edge-triggered flip-flop clocked by clk)
Endpoint: uo_out[0] (output port clocked by clk)
Path Group: clk
Path Type: max

Fanout         Cap        Slew       Delay        Time   Description
---------------------------------------------------------------------------------------------
                      0.150000    0.000000    0.000000   clock clk (rise edge)
                                  0.000000    0.000000   clock network delay (ideal)
                      0.150000    0.000000    0.000000 ^ _43_/CLK (sky130_fd_sc_hd__dfxtp_2)
     8    0.055854    0.215122    0.353502    0.353502 ^ _43_/Q (sky130_fd_sc_hd__dfxtp_2)
                                                         uo_out[0] (net)
                      0.215122    0.000000    0.353502 ^ uo_out[0] (out)
                                              0.353502   data arrival time

                      0.150000   20.000000   20.000000   clock clk (rise edge)
                                  0.000000   20.000000   clock network delay (ideal)
                                 -0.250000   19.750002   clock uncertainty
                                  0.000000   19.750002   clock reconvergence pessimism
                                 -4.000000   15.750001   output external delay
                                             15.750001   data required time
---------------------------------------------------------------------------------------------
                                             15.750001   data required time
                                             -0.353502   data arrival time
---------------------------------------------------------------------------------------------
                                             15.396499   slack (MET)


Startpoint: _44_ (rising edge-triggered flip-flop clocked by clk)
Endpoint: uo_out[1] (output port clocked by clk)
Path Group: clk
Path Type: max

Fanout         Cap        Slew       Delay        Time   Description
---------------------------------------------------------------------------------------------
                      0.150000    0.000000    0.000000   clock clk (rise edge)
                                  0.000000    0.000000   clock network delay (ideal)
                      0.150000    0.000000    0.000000 ^ _44_/CLK (sky130_fd_sc_hd__dfxtp_2)
     7    0.054342    0.209501    0.349640    0.349640 ^ _44_/Q (sky130_fd_sc_hd__dfxtp_2)
                                                         uo_out[1] (net)
                      0.209501    0.000000    0.349640 ^ uo_out[1] (out)
                                              0.349640   data arrival time

                      0.150000   20.000000   20.000000   clock clk (rise edge)
                                  0.000000   20.000000   clock network delay (ideal)
                                 -0.250000   19.750002   clock uncertainty
                                  0.000000   19.750002   clock reconvergence pessimism
                                 -4.000000   15.750001   output external delay
                                             15.750001   data required time
---------------------------------------------------------------------------------------------
                                             15.750001   data required time
                                             -0.349640   data arrival time
---------------------------------------------------------------------------------------------
                                             15.400360   slack (MET)


Startpoint: _39_ (rising edge-triggered flip-flop clocked by clk)
Endpoint: uo_out[4] (output port clocked by clk)
Path Group: clk
Path Type: max

Fanout         Cap        Slew       Delay        Time   Description
---------------------------------------------------------------------------------------------
                      0.150000    0.000000    0.000000   clock clk (rise edge)
                                  0.000000    0.000000   clock network delay (ideal)
                      0.150000    0.000000    0.000000 ^ _39_/CLK (sky130_fd_sc_hd__dfxtp_2)
     6    0.048778    0.188817    0.335425    0.335425 ^ _39_/Q (sky130_fd_sc_hd__dfxtp_2)
                                                         uo_out[4] (net)
                      0.188817    0.000000    0.335425 ^ uo_out[4] (out)
                                              0.335425   data arrival time

                      0.150000   20.000000   20.000000   clock clk (rise edge)
                                  0.000000   20.000000   clock network delay (ideal)
                                 -0.250000   19.750002   clock uncertainty
                                  0.000000   19.750002   clock reconvergence pessimism
                                 -4.000000   15.750001   output external delay
                                             15.750001   data required time
---------------------------------------------------------------------------------------------
                                             15.750001   data required time
                                             -0.335425   data arrival time
---------------------------------------------------------------------------------------------
                                             15.414575   slack (MET)


Startpoint: _45_ (rising edge-triggered flip-flop clocked by clk)
Endpoint: uo_out[2] (output port clocked by clk)
Path Group: clk
Path Type: max

Fanout         Cap        Slew       Delay        Time   Description
---------------------------------------------------------------------------------------------
                      0.150000    0.000000    0.000000   clock clk (rise edge)
                                  0.000000    0.000000   clock network delay (ideal)
                      0.150000    0.000000    0.000000 ^ _45_/CLK (sky130_fd_sc_hd__dfxtp_2)
     5    0.044953    0.174598    0.325654    0.325654 ^ _45_/Q (sky130_fd_sc_hd__dfxtp_2)
                                                         uo_out[2] (net)
                      0.174598    0.000000    0.325654 ^ uo_out[2] (out)
                                              0.325654   data arrival time

                      0.150000   20.000000   20.000000   clock clk (rise edge)
                                  0.000000   20.000000   clock network delay (ideal)
                                 -0.250000   19.750002   clock uncertainty
                                  0.000000   19.750002   clock reconvergence pessimism
                                 -4.000000   15.750001   output external delay
                                             15.750001   data required time
---------------------------------------------------------------------------------------------
                                             15.750001   data required time
                                             -0.325654   data arrival time
---------------------------------------------------------------------------------------------
                                             15.424347   slack (MET)


Startpoint: _42_ (rising edge-triggered flip-flop clocked by clk)
Endpoint: uo_out[7] (output port clocked by clk)
Path Group: clk
Path Type: max

Fanout         Cap        Slew       Delay        Time   Description
---------------------------------------------------------------------------------------------
                      0.150000    0.000000    0.000000   clock clk (rise edge)
                                  0.000000    0.000000   clock network delay (ideal)
                      0.150000    0.000000    0.000000 ^ _42_/CLK (sky130_fd_sc_hd__dfxtp_2)
     3    0.043145    0.167877    0.321035    0.321035 ^ _42_/Q (sky130_fd_sc_hd__dfxtp_2)
                                                         uo_out[7] (net)
                      0.167877    0.000000    0.321035 ^ uo_out[7] (out)
                                              0.321035   data arrival time

                      0.150000   20.000000   20.000000   clock clk (rise edge)
                                  0.000000   20.000000   clock network delay (ideal)
                                 -0.250000   19.750002   clock uncertainty
                                  0.000000   19.750002   clock reconvergence pessimism
                                 -4.000000   15.750001   output external delay
                                             15.750001   data required time
---------------------------------------------------------------------------------------------
                                             15.750001   data required time
                                             -0.321035   data arrival time
---------------------------------------------------------------------------------------------
                                             15.428967   slack (MET)


Startpoint: _40_ (rising edge-triggered flip-flop clocked by clk)
Endpoint: uo_out[5] (output port clocked by clk)
Path Group: clk
Path Type: max

Fanout         Cap        Slew       Delay        Time   Description
---------------------------------------------------------------------------------------------
                      0.150000    0.000000    0.000000   clock clk (rise edge)
                                  0.000000    0.000000   clock network delay (ideal)
                      0.150000    0.000000    0.000000 ^ _40_/CLK (sky130_fd_sc_hd__dfxtp_2)
     4    0.039321    0.153787    0.311211    0.311211 ^ _40_/Q (sky130_fd_sc_hd__dfxtp_2)
                                                         uo_out[5] (net)
                      0.153787    0.000000    0.311211 ^ uo_out[5] (out)
                                              0.311211   data arrival time

                      0.150000   20.000000   20.000000   clock clk (rise edge)
                                  0.000000   20.000000   clock network delay (ideal)
                                 -0.250000   19.750002   clock uncertainty
                                  0.000000   19.750002   clock reconvergence pessimism
                                 -4.000000   15.750001   output external delay
                                             15.750001   data required time
---------------------------------------------------------------------------------------------
                                             15.750001   data required time
                                             -0.311211   data arrival time
---------------------------------------------------------------------------------------------
                                             15.438790   slack (MET)


Startpoint: _38_ (rising edge-triggered flip-flop clocked by clk)
Endpoint: uo_out[3] (output port clocked by clk)
Path Group: clk
Path Type: max

Fanout         Cap        Slew       Delay        Time   Description
---------------------------------------------------------------------------------------------
                      0.150000    0.000000    0.000000   clock clk (rise edge)
                                  0.000000    0.000000   clock network delay (ideal)
                      0.150000    0.000000    0.000000 ^ _38_/CLK (sky130_fd_sc_hd__dfxtp_2)
     3    0.037675    0.147722    0.306982    0.306982 ^ _38_/Q (sky130_fd_sc_hd__dfxtp_2)
                                                         uo_out[3] (net)
                      0.147722    0.000000    0.306982 ^ uo_out[3] (out)
                                              0.306982   data arrival time

                      0.150000   20.000000   20.000000   clock clk (rise edge)
                                  0.000000   20.000000   clock network delay (ideal)
                                 -0.250000   19.750002   clock uncertainty
                                  0.000000   19.750002   clock reconvergence pessimism
                                 -4.000000   15.750001   output external delay
                                             15.750001   data required time
---------------------------------------------------------------------------------------------
                                             15.750001   data required time
                                             -0.306982   data arrival time
---------------------------------------------------------------------------------------------
                                             15.443018   slack (MET)


Startpoint: _41_ (rising edge-triggered flip-flop clocked by clk)
Endpoint: uo_out[6] (output port clocked by clk)
Path Group: clk
Path Type: max

Fanout         Cap        Slew       Delay        Time   Description
---------------------------------------------------------------------------------------------
                      0.150000    0.000000    0.000000   clock clk (rise edge)
                                  0.000000    0.000000   clock network delay (ideal)
                      0.150000    0.000000    0.000000 ^ _41_/CLK (sky130_fd_sc_hd__dfxtp_2)
     3    0.036740    0.144277    0.304580    0.304580 ^ _41_/Q (sky130_fd_sc_hd__dfxtp_2)
                                                         uo_out[6] (net)
                      0.144277    0.000000    0.304580 ^ uo_out[6] (out)
                                              0.304580   data arrival time

                      0.150000   20.000000   20.000000   clock clk (rise edge)
                                  0.000000   20.000000   clock network delay (ideal)
                                 -0.250000   19.750002   clock uncertainty
                                  0.000000   19.750002   clock reconvergence pessimism
                                 -4.000000   15.750001   output external delay
                                             15.750001   data required time
---------------------------------------------------------------------------------------------
                                             15.750001   data required time
                                             -0.304580   data arrival time
---------------------------------------------------------------------------------------------
                                             15.445419   slack (MET)


Startpoint: rst_n (input port clocked by clk)
Endpoint: _38_ (rising edge-triggered flip-flop clocked by clk)
Path Group: clk
Path Type: max

Fanout         Cap        Slew       Delay        Time   Description
---------------------------------------------------------------------------------------------
                      0.150000    0.000000    0.000000   clock clk (rise edge)
                                  0.000000    0.000000   clock network delay (ideal)
                                  4.000000    4.000000 v input external delay
     8    0.020567    0.032910    0.021612    4.021612 v rst_n (in)
                                                         rst_n (net)
                      0.032910    0.000000    4.021612 v _22_/B (sky130_fd_sc_hd__and3b_2)
     1    0.001783    0.025776    0.113151    4.134763 v _22_/X (sky130_fd_sc_hd__and3b_2)
                                                         _00_ (net)
                      0.025776    0.000000    4.134763 v _38_/D (sky130_fd_sc_hd__dfxtp_2)
                                              4.134763   data arrival time

                      0.150000   20.000000   20.000000   clock clk (rise edge)
                                  0.000000   20.000000   clock network delay (ideal)
                                 -0.250000   19.750002   clock uncertainty
                                  0.000000   19.750002   clock reconvergence pessimism
                                             19.750002 ^ _38_/CLK (sky130_fd_sc_hd__dfxtp_2)
                                 -0.057657   19.692345   library setup time
                                             19.692345   data required time
---------------------------------------------------------------------------------------------
                                             19.692345   data required time
                                             -4.134763   data arrival time
---------------------------------------------------------------------------------------------
                                             15.557581   slack (MET)


Startpoint: rst_n (input port clocked by clk)
Endpoint: _40_ (rising edge-triggered flip-flop clocked by clk)
Path Group: clk
Path Type: max

Fanout         Cap        Slew       Delay        Time   Description
---------------------------------------------------------------------------------------------
                      0.150000    0.000000    0.000000   clock clk (rise edge)
                                  0.000000    0.000000   clock network delay (ideal)
                                  4.000000    4.000000 v input external delay
     8    0.020567    0.032910    0.021612    4.021612 v rst_n (in)
                                                         rst_n (net)
                      0.032910    0.000000    4.021612 v _27_/B (sky130_fd_sc_hd__and3b_2)
     1    0.001783    0.025770    0.113151    4.134763 v _27_/X (sky130_fd_sc_hd__and3b_2)
                                                         _02_ (net)
                      0.025770    0.000000    4.134763 v _40_/D (sky130_fd_sc_hd__dfxtp_2)
                                              4.134763   data arrival time

                      0.150000   20.000000   20.000000   clock clk (rise edge)
                                  0.000000   20.000000   clock network delay (ideal)
                                 -0.250000   19.750002   clock uncertainty
                                  0.000000   19.750002   clock reconvergence pessimism
                                             19.750002 ^ _40_/CLK (sky130_fd_sc_hd__dfxtp_2)
                                 -0.057655   19.692347   library setup time
                                             19.692347   data required time
---------------------------------------------------------------------------------------------
                                             19.692347   data required time
                                             -4.134763   data arrival time
---------------------------------------------------------------------------------------------
                                             15.557582   slack (MET)


Startpoint: rst_n (input port clocked by clk)
Endpoint: _41_ (rising edge-triggered flip-flop clocked by clk)
Path Group: clk
Path Type: max

Fanout         Cap        Slew       Delay        Time   Description
---------------------------------------------------------------------------------------------
                      0.150000    0.000000    0.000000   clock clk (rise edge)
                                  0.000000    0.000000   clock network delay (ideal)
                                  4.000000    4.000000 v input external delay
     8    0.020567    0.032910    0.021612    4.021612 v rst_n (in)
                                                         rst_n (net)
                      0.032910    0.000000    4.021612 v _30_/B (sky130_fd_sc_hd__and3b_2)
     1    0.001783    0.025782    0.113151    4.134763 v _30_/X (sky130_fd_sc_hd__and3b_2)
                                                         _03_ (net)
                      0.025782    0.000000    4.134763 v _41_/D (sky130_fd_sc_hd__dfxtp_2)
                                              4.134763   data arrival time

                      0.150000   20.000000   20.000000   clock clk (rise edge)
                                  0.000000   20.000000   clock network delay (ideal)
                                 -0.250000   19.750002   clock uncertainty
                                  0.000000   19.750002   clock reconvergence pessimism
                                             19.750002 ^ _41_/CLK (sky130_fd_sc_hd__dfxtp_2)
                                 -0.057659   19.692343   library setup time
                                             19.692343   data required time
---------------------------------------------------------------------------------------------
                                             19.692343   data required time
                                             -4.134763   data arrival time
---------------------------------------------------------------------------------------------
                                             15.557579   slack (MET)


Startpoint: rst_n (input port clocked by clk)
Endpoint: _43_ (rising edge-triggered flip-flop clocked by clk)
Path Group: clk
Path Type: max

Fanout         Cap        Slew       Delay        Time   Description
---------------------------------------------------------------------------------------------
                      0.150000    0.000000    0.000000   clock clk (rise edge)
                                  0.000000    0.000000   clock network delay (ideal)
                                  4.000000    4.000000 v input external delay
     8    0.020567    0.032910    0.021612    4.021612 v rst_n (in)
                                                         rst_n (net)
                      0.032910    0.000000    4.021612 v _33_/B (sky130_fd_sc_hd__and2b_2)
     1    0.001783    0.024034    0.110558    4.132170 v _33_/X (sky130_fd_sc_hd__and2b_2)
                                                         _05_ (net)
                      0.024034    0.000000    4.132170 v _43_/D (sky130_fd_sc_hd__dfxtp_2)
                                              4.132170   data arrival time

                      0.150000   20.000000   20.000000   clock clk (rise edge)
                                  0.000000   20.000000   clock network delay (ideal)
                                 -0.250000   19.750002   clock uncertainty
                                  0.000000   19.750002   clock reconvergence pessimism
                                             19.750002 ^ _43_/CLK (sky130_fd_sc_hd__dfxtp_2)
                                 -0.057038   19.692965   library setup time
                                             19.692965   data required time
---------------------------------------------------------------------------------------------
                                             19.692965   data required time
                                             -4.132170   data arrival time
---------------------------------------------------------------------------------------------
                                             15.560794   slack (MET)


Startpoint: rst_n (input port clocked by clk)
Endpoint: _45_ (rising edge-triggered flip-flop clocked by clk)
Path Group: clk
Path Type: max

Fanout         Cap        Slew       Delay        Time   Description
---------------------------------------------------------------------------------------------
                      0.150000    0.000000    0.000000   clock clk (rise edge)
                                  0.000000    0.000000   clock network delay (ideal)
                                  4.000000    4.000000 v input external delay
     8    0.020567    0.032910    0.021612    4.021612 v rst_n (in)
                                                         rst_n (net)
                      0.032910    0.000000    4.021612 v _37_/A (sky130_fd_sc_hd__and3_2)
     1    0.001783    0.025594    0.100828    4.122440 v _37_/X (sky130_fd_sc_hd__and3_2)
                                                         _07_ (net)
                      0.025594    0.000000    4.122440 v _45_/D (sky130_fd_sc_hd__dfxtp_2)
                                              4.122440   data arrival time

                      0.150000   20.000000   20.000000   clock clk (rise edge)
                                  0.000000   20.000000   clock network delay (ideal)
                                 -0.250000   19.750002   clock uncertainty
                                  0.000000   19.750002   clock reconvergence pessimism
                                             19.750002 ^ _45_/CLK (sky130_fd_sc_hd__dfxtp_2)
                                 -0.057592   19.692408   library setup time
                                             19.692408   data required time
---------------------------------------------------------------------------------------------
                                             19.692408   data required time
                                             -4.122440   data arrival time
---------------------------------------------------------------------------------------------
                                             15.569967   slack (MET)


Startpoint: rst_n (input port clocked by clk)
Endpoint: _44_ (rising edge-triggered flip-flop clocked by clk)
Path Group: clk
Path Type: max

Fanout         Cap        Slew       Delay        Time   Description
---------------------------------------------------------------------------------------------
                      0.150000    0.000000    0.000000   clock clk (rise edge)
                                  0.000000    0.000000   clock network delay (ideal)
                                  4.000000    4.000000 ^ input external delay
     8    0.021970    0.079656    0.053300    4.053300 ^ rst_n (in)
                                                         rst_n (net)
                      0.079656    0.000000    4.053300 ^ _34_/B1 (sky130_fd_sc_hd__o21ai_2)
     1    0.004215    0.047355    0.024470    4.077770 v _34_/Y (sky130_fd_sc_hd__o21ai_2)
                                                         _17_ (net)
                      0.047355    0.000000    4.077770 v _35_/B1 (sky130_fd_sc_hd__a21oi_2)
     1    0.001748    0.052836    0.043759    4.121529 ^ _35_/Y (sky130_fd_sc_hd__a21oi_2)
                                                         _06_ (net)
                      0.052836    0.000000    4.121529 ^ _44_/D (sky130_fd_sc_hd__dfxtp_2)
                                              4.121529   data arrival time

                      0.150000   20.000000   20.000000   clock clk (rise edge)
                                  0.000000   20.000000   clock network delay (ideal)
                                 -0.250000   19.750002   clock uncertainty
                                  0.000000   19.750002   clock reconvergence pessimism
                                             19.750002 ^ _44_/CLK (sky130_fd_sc_hd__dfxtp_2)
                                 -0.029628   19.720373   library setup time
                                             19.720373   data required time
---------------------------------------------------------------------------------------------
                                             19.720373   data required time
                                             -4.121529   data arrival time
---------------------------------------------------------------------------------------------
                                             15.598844   slack (MET)


Startpoint: rst_n (input port clocked by clk)
Endpoint: _39_ (rising edge-triggered flip-flop clocked by clk)
Path Group: clk
Path Type: max

Fanout         Cap        Slew       Delay        Time   Description
---------------------------------------------------------------------------------------------
                      0.150000    0.000000    0.000000   clock clk (rise edge)
                                  0.000000    0.000000   clock network delay (ideal)
                                  4.000000    4.000000 ^ input external delay
     8    0.021970    0.079656    0.053300    4.053300 ^ rst_n (in)
                                                         rst_n (net)
                      0.079656    0.000000    4.053300 ^ _23_/B1 (sky130_fd_sc_hd__o21ai_2)
     1    0.004215    0.044054    0.024470    4.077770 v _23_/Y (sky130_fd_sc_hd__o21ai_2)
                                                         _11_ (net)
                      0.044054    0.000000    4.077770 v _24_/B1 (sky130_fd_sc_hd__a21oi_2)
     1    0.001748    0.051052    0.042362    4.120132 ^ _24_/Y (sky130_fd_sc_hd__a21oi_2)
                                                         _01_ (net)
                      0.051052    0.000000    4.120132 ^ _39_/D (sky130_fd_sc_hd__dfxtp_2)
                                              4.120132   data arrival time

                      0.150000   20.000000   20.000000   clock clk (rise edge)
                                  0.000000   20.000000   clock network delay (ideal)
                                 -0.250000   19.750002   clock uncertainty
                                  0.000000   19.750002   clock reconvergence pessimism
                                             19.750002 ^ _39_/CLK (sky130_fd_sc_hd__dfxtp_2)
                                 -0.029466   19.720535   library setup time
                                             19.720535   data required time
---------------------------------------------------------------------------------------------
                                             19.720535   data required time
                                             -4.120132   data arrival time
---------------------------------------------------------------------------------------------
                                             15.600403   slack (MET)


Startpoint: rst_n (input port clocked by clk)
Endpoint: _42_ (rising edge-triggered flip-flop clocked by clk)
Path Group: clk
Path Type: max

Fanout         Cap        Slew       Delay        Time   Description
---------------------------------------------------------------------------------------------
                      0.150000    0.000000    0.000000   clock clk (rise edge)
                                  0.000000    0.000000   clock network delay (ideal)
                                  4.000000    4.000000 ^ input external delay
     8    0.021970    0.079656    0.053300    4.053300 ^ rst_n (in)
                                                         rst_n (net)
                      0.079656    0.000000    4.053300 ^ _31_/B1 (sky130_fd_sc_hd__o21ai_2)
     1    0.004215    0.041427    0.024470    4.077770 v _31_/Y (sky130_fd_sc_hd__o21ai_2)
                                                         _16_ (net)
                      0.041427    0.000000    4.077770 v _32_/B1 (sky130_fd_sc_hd__a21oi_2)
     1    0.001748    0.051027    0.041249    4.119019 ^ _32_/Y (sky130_fd_sc_hd__a21oi_2)
                                                         _04_ (net)
                      0.051027    0.000000    4.119019 ^ _42_/D (sky130_fd_sc_hd__dfxtp_2)
                                              4.119019   data arrival time

                      0.150000   20.000000   20.000000   clock clk (rise edge)
                                  0.000000   20.000000   clock network delay (ideal)
                                 -0.250000   19.750002   clock uncertainty
                                  0.000000   19.750002   clock reconvergence pessimism
                                             19.750002 ^ _42_/CLK (sky130_fd_sc_hd__dfxtp_2)
                                 -0.029463   19.720539   library setup time
                                             19.720539   data required time
---------------------------------------------------------------------------------------------
                                             19.720539   data required time
                                             -4.119019   data arrival time
---------------------------------------------------------------------------------------------
                                             15.601519   slack (MET)



