Clock: clk
Sources: clk 
Generated: no
Virtual: yes
Propagated: no
Period: 20.000000

===========================================================================
report_clock_properties
============================================================================
Clock                   Period          Waveform
----------------------------------------------------
clk                  20.000000    0.000000 10.000000

===========================================================================
report_clock_latency
============================================================================
Clock clk
rise -> rise
    min     max
0.000000 0.000000 source latency
0.544920         network latency _642_/CLK
        3.096988 network latency _680_/CLK
---------------
0.544920 3.096988 latency
        2.552068 skew

rise -> fall
    min     max
0.000000 0.000000 source latency
1.823524         network latency _667_/CLK
        2.759635 network latency _680_/CLK
---------------
1.823524 2.759635 latency
        0.936111 skew

fall -> fall
    min     max
0.000000 0.000000 source latency
0.503095         network latency _642_/CLK
        0.505933 network latency _651_/CLK
---------------
0.503095 0.505933 latency
        0.002838 skew



===========================================================================
report_clock_min_period
============================================================================
clk period_min = 3.82 fmax = 261.81
