144. Printing statistics.

=== tt_um_felixfeierabend ===

        +----------Local Count, excluding submodules.
        |        +-Local Area, excluding submodules.
        |        | 
      845        - wires
     1117        - wire bits
       44        - public wires
      225        - public wire bits
        8        - ports
       43        - port bits
     1009 1.12E+04 cells
      180        -   $_ANDNOT_
       47        -   $_AND_
      269        -   $_MUX_
       56        -   $_NAND_
       32        -   $_NOR_
       16        -   $_NOT_
       28        -   $_ORNOT_
       66        -   $_OR_
       49        -   $_XNOR_
       95        -   $_XOR_
      145 9.23E+03   gf180mcu_fd_sc_mcu7t5v0__dffq_1
       26 1.94E+03   gf180mcu_fd_sc_mcu7t5v0__dffrnq_1

   Area for cell type $_NOT_ is unknown!
   Area for cell type $_AND_ is unknown!
   Area for cell type $_NAND_ is unknown!
   Area for cell type $_OR_ is unknown!
   Area for cell type $_NOR_ is unknown!
   Area for cell type $_XOR_ is unknown!
   Area for cell type $_XNOR_ is unknown!
   Area for cell type $_ANDNOT_ is unknown!
   Area for cell type $_ORNOT_ is unknown!
   Area for cell type $_MUX_ is unknown!

   Chip area for module '\tt_um_felixfeierabend': 11171.372800
     of which used for sequential elements: 11171.372800 (100.00%)

