142. Printing statistics.

=== tt_um_felixfeierabend ===

        +----------Local Count, excluding submodules.
        | 
      629 wires
      901 wire bits
       44 public wires
      225 public wire bits
        8 ports
       43 port bits
      793 cells
      180   $_ANDNOT_
       47   $_AND_
        2   $_DFFE_PN0P_
       49   $_DFFE_PP_
       24   $_DFF_PN0_
        2   $_DFF_P_
       53   $_MUX_
       56   $_NAND_
       32   $_NOR_
       16   $_NOT_
       28   $_ORNOT_
       66   $_OR_
        5   $_SDFFCE_PN0P_
        1   $_SDFFCE_PN1P_
       11   $_SDFFCE_PP0P_
       47   $_SDFFE_PN0P_
        7   $_SDFFE_PN1P_
       15   $_SDFF_PN0_
        8   $_SDFF_PP0_
       49   $_XNOR_
       95   $_XOR_

   Area for cell type $_NOT_ is unknown!
   Area for cell type $_AND_ is unknown!
   Area for cell type $_NAND_ is unknown!
   Area for cell type $_OR_ is unknown!
   Area for cell type $_NOR_ is unknown!
   Area for cell type $_XOR_ is unknown!
   Area for cell type $_XNOR_ is unknown!
   Area for cell type $_ANDNOT_ is unknown!
   Area for cell type $_ORNOT_ is unknown!
   Area for cell type $_MUX_ is unknown!
   Area for cell type $_DFF_P_ is unknown!
   Area for cell type $_DFFE_PP_ is unknown!
   Area for cell type $_DFF_PN0_ is unknown!
   Area for cell type $_DFFE_PN0P_ is unknown!
   Area for cell type $_SDFF_PN0_ is unknown!
   Area for cell type $_SDFF_PP0_ is unknown!
   Area for cell type $_SDFFE_PN0P_ is unknown!
   Area for cell type $_SDFFE_PN1P_ is unknown!
   Area for cell type $_SDFFCE_PN0P_ is unknown!
   Area for cell type $_SDFFCE_PN1P_ is unknown!
   Area for cell type $_SDFFCE_PP0P_ is unknown!

