Reading timing models for corner nom_ff_n40C_5v50…
Reading cell library for the 'nom_ff_n40C_5v50' corner at '/foss/pdks/gf180mcuD/libs.ref/gf180mcu_fd_sc_mcu7t5v0/lib/gf180mcu_fd_sc_mcu7t5v0__ff_n40C_5v50.lib'…
Reading top-level netlist at '/foss/designs/kvic_336007_ws25-kvic_ws25_v6/librelane/runs/RUN_2025-12-02_21-23-53/06-yosys-synthesis/tiny_tonegen.nl.v'…
Linking design 'tiny_tonegen' from netlist…
Reading design constraints file at '/foss/designs/kvic_336007_ws25-kvic_ws25_v6/librelane/impl.sdc'…
[INFO] Using clock clk…
[INFO] Setting output delay to: 4
[INFO] Setting input delay to: 4
[INFO] Setting load to: 0.07291
[INFO] Setting clock uncertainty to: 0.25
[INFO] Setting clock transition to: 0.1499999999999999944488848768742172978818416595458984375
[INFO] Setting timing derate to: 5%
[INFO] No information on clock propagation in input SDC file-- unpropagating all clocks.
%OL_CREATE_REPORT min.rpt

===========================================================================
report_checks -path_delay min (Hold)
============================================================================
======================= nom_ff_n40C_5v50 Corner ===================================

Startpoint: _690_ (rising edge-triggered flip-flop clocked by clk)
Endpoint: _690_ (rising edge-triggered flip-flop clocked by clk)
Path Group: clk
Path Type: min

Fanout         Cap        Slew       Delay        Time   Description
---------------------------------------------------------------------------------------------
                      0.150000    0.000000    0.000000   clock clk (rise edge)
                                  0.000000    0.000000   clock network delay (ideal)
                      0.150000    0.000000    0.000000 ^ _690_/CLK (gf180mcu_fd_sc_mcu7t5v0__dffrnq_1)
     2    0.012176    0.118613    0.479898    0.479898 v _690_/Q (gf180mcu_fd_sc_mcu7t5v0__dffrnq_1)
                                                         clk_scaler.counter[4] (net)
                      0.118613    0.000000    0.479898 v _389_/A1 (gf180mcu_fd_sc_mcu7t5v0__xor2_1)
     1    0.004220    0.164382    0.124099    0.603997 ^ _389_/Z (gf180mcu_fd_sc_mcu7t5v0__xor2_1)
                                                         _143_ (net)
                      0.164382    0.000000    0.603997 ^ _390_/A2 (gf180mcu_fd_sc_mcu7t5v0__nor2_1)
     1    0.003038    0.098840    0.082260    0.686257 v _390_/ZN (gf180mcu_fd_sc_mcu7t5v0__nor2_1)
                                                         _004_ (net)
                      0.098840    0.000000    0.686257 v _690_/D (gf180mcu_fd_sc_mcu7t5v0__dffrnq_1)
                                              0.686257   data arrival time

                      0.150000    0.000000    0.000000   clock clk (rise edge)
                                  0.000000    0.000000   clock network delay (ideal)
                                  0.250000    0.250000   clock uncertainty
                                  0.000000    0.250000   clock reconvergence pessimism
                                              0.250000 ^ _690_/CLK (gf180mcu_fd_sc_mcu7t5v0__dffrnq_1)
                                  0.103352    0.353352   library hold time
                                              0.353352   data required time
---------------------------------------------------------------------------------------------
                                              0.353352   data required time
                                             -0.686257   data arrival time
---------------------------------------------------------------------------------------------
                                              0.332905   slack (MET)


Startpoint: _688_ (rising edge-triggered flip-flop clocked by clk)
Endpoint: _688_ (rising edge-triggered flip-flop clocked by clk)
Path Group: clk
Path Type: min

Fanout         Cap        Slew       Delay        Time   Description
---------------------------------------------------------------------------------------------
                      0.150000    0.000000    0.000000   clock clk (rise edge)
                                  0.000000    0.000000   clock network delay (ideal)
                      0.150000    0.000000    0.000000 ^ _688_/CLK (gf180mcu_fd_sc_mcu7t5v0__dffrnq_1)
     3    0.011072    0.112129    0.474983    0.474983 v _688_/Q (gf180mcu_fd_sc_mcu7t5v0__dffrnq_1)
                                                         clk_scaler.counter[2] (net)
                      0.112129    0.000000    0.474983 v _384_/B (gf180mcu_fd_sc_mcu7t5v0__aoi21_1)
     1    0.004057    0.147036    0.117815    0.592798 ^ _384_/ZN (gf180mcu_fd_sc_mcu7t5v0__aoi21_1)
                                                         _140_ (net)
                      0.147036    0.000000    0.592798 ^ _385_/A3 (gf180mcu_fd_sc_mcu7t5v0__nor3_1)
     1    0.003038    0.110874    0.104202    0.697000 v _385_/ZN (gf180mcu_fd_sc_mcu7t5v0__nor3_1)
                                                         _002_ (net)
                      0.110874    0.000000    0.697000 v _688_/D (gf180mcu_fd_sc_mcu7t5v0__dffrnq_1)
                                              0.697000   data arrival time

                      0.150000    0.000000    0.000000   clock clk (rise edge)
                                  0.000000    0.000000   clock network delay (ideal)
                                  0.250000    0.250000   clock uncertainty
                                  0.000000    0.250000   clock reconvergence pessimism
                                              0.250000 ^ _688_/CLK (gf180mcu_fd_sc_mcu7t5v0__dffrnq_1)
                                  0.100828    0.350828   library hold time
                                              0.350828   data required time
---------------------------------------------------------------------------------------------
                                              0.350828   data required time
                                             -0.697000   data arrival time
---------------------------------------------------------------------------------------------
                                              0.346172   slack (MET)


Startpoint: _686_ (rising edge-triggered flip-flop clocked by clk)
Endpoint: _686_ (rising edge-triggered flip-flop clocked by clk)
Path Group: clk
Path Type: min

Fanout         Cap        Slew       Delay        Time   Description
---------------------------------------------------------------------------------------------
                      0.150000    0.000000    0.000000   clock clk (rise edge)
                                  0.000000    0.000000   clock network delay (ideal)
                      0.150000    0.000000    0.000000 ^ _686_/CLK (gf180mcu_fd_sc_mcu7t5v0__dffrnq_1)
     5    0.023072    0.297791    0.669525    0.669525 ^ _686_/Q (gf180mcu_fd_sc_mcu7t5v0__dffrnq_1)
                                                         clk_scaler.counter[0] (net)
                      0.297791    0.000000    0.669525 ^ _380_/A1 (gf180mcu_fd_sc_mcu7t5v0__nor2_1)
     1    0.003038    0.109910    0.069008    0.738533 v _380_/ZN (gf180mcu_fd_sc_mcu7t5v0__nor2_1)
                                                         _000_ (net)
                      0.109910    0.000000    0.738533 v _686_/D (gf180mcu_fd_sc_mcu7t5v0__dffrnq_1)
                                              0.738533   data arrival time

                      0.150000    0.000000    0.000000   clock clk (rise edge)
                                  0.000000    0.000000   clock network delay (ideal)
                                  0.250000    0.250000   clock uncertainty
                                  0.000000    0.250000   clock reconvergence pessimism
                                              0.250000 ^ _686_/CLK (gf180mcu_fd_sc_mcu7t5v0__dffrnq_1)
                                  0.101027    0.351027   library hold time
                                              0.351027   data required time
---------------------------------------------------------------------------------------------
                                              0.351027   data required time
                                             -0.738533   data arrival time
---------------------------------------------------------------------------------------------
                                              0.387507   slack (MET)


Startpoint: _687_ (rising edge-triggered flip-flop clocked by clk)
Endpoint: _687_ (rising edge-triggered flip-flop clocked by clk)
Path Group: clk
Path Type: min

Fanout         Cap        Slew       Delay        Time   Description
---------------------------------------------------------------------------------------------
                      0.150000    0.000000    0.000000   clock clk (rise edge)
                                  0.000000    0.000000   clock network delay (ideal)
                      0.150000    0.000000    0.000000 ^ _687_/CLK (gf180mcu_fd_sc_mcu7t5v0__dffrnq_1)
     4    0.018871    0.157935    0.509705    0.509705 v _687_/Q (gf180mcu_fd_sc_mcu7t5v0__dffrnq_1)
                                                         clk_scaler.counter[1] (net)
                      0.157935    0.000000    0.509705 v _381_/A2 (gf180mcu_fd_sc_mcu7t5v0__xnor2_1)
     1    0.004220    0.170081    0.159968    0.669673 ^ _381_/ZN (gf180mcu_fd_sc_mcu7t5v0__xnor2_1)
                                                         _138_ (net)
                      0.170081    0.000000    0.669673 ^ _382_/A2 (gf180mcu_fd_sc_mcu7t5v0__nor2_1)
     1    0.003038    0.098840    0.082938    0.752611 v _382_/ZN (gf180mcu_fd_sc_mcu7t5v0__nor2_1)
                                                         _001_ (net)
                      0.098840    0.000000    0.752611 v _687_/D (gf180mcu_fd_sc_mcu7t5v0__dffrnq_1)
                                              0.752611   data arrival time

                      0.150000    0.000000    0.000000   clock clk (rise edge)
                                  0.000000    0.000000   clock network delay (ideal)
                                  0.250000    0.250000   clock uncertainty
                                  0.000000    0.250000   clock reconvergence pessimism
                                              0.250000 ^ _687_/CLK (gf180mcu_fd_sc_mcu7t5v0__dffrnq_1)
                                  0.103352    0.353352   library hold time
                                              0.353352   data required time
---------------------------------------------------------------------------------------------
                                              0.353352   data required time
                                             -0.752611   data arrival time
---------------------------------------------------------------------------------------------
                                              0.399259   slack (MET)


Startpoint: _689_ (rising edge-triggered flip-flop clocked by clk)
Endpoint: _689_ (rising edge-triggered flip-flop clocked by clk)
Path Group: clk
Path Type: min

Fanout         Cap        Slew       Delay        Time   Description
---------------------------------------------------------------------------------------------
                      0.150000    0.000000    0.000000   clock clk (rise edge)
                                  0.000000    0.000000   clock network delay (ideal)
                      0.150000    0.000000    0.000000 ^ _689_/CLK (gf180mcu_fd_sc_mcu7t5v0__dffrnq_1)
     3    0.012140    0.118401    0.479738    0.479738 v _689_/Q (gf180mcu_fd_sc_mcu7t5v0__dffrnq_1)
                                                         clk_scaler.counter[3] (net)
                      0.118401    0.000000    0.479738 v _387_/A1 (gf180mcu_fd_sc_mcu7t5v0__or2_1)
     1    0.002878    0.090171    0.226200    0.705938 v _387_/Z (gf180mcu_fd_sc_mcu7t5v0__or2_1)
                                                         _142_ (net)
                      0.090171    0.000000    0.705938 v _388_/A4 (gf180mcu_fd_sc_mcu7t5v0__and4_1)
     1    0.003038    0.072133    0.213106    0.919043 v _388_/Z (gf180mcu_fd_sc_mcu7t5v0__and4_1)
                                                         _003_ (net)
                      0.072133    0.000000    0.919043 v _689_/D (gf180mcu_fd_sc_mcu7t5v0__dffrnq_1)
                                              0.919043   data arrival time

                      0.150000    0.000000    0.000000   clock clk (rise edge)
                                  0.000000    0.000000   clock network delay (ideal)
                                  0.250000    0.250000   clock uncertainty
                                  0.000000    0.250000   clock reconvergence pessimism
                                              0.250000 ^ _689_/CLK (gf180mcu_fd_sc_mcu7t5v0__dffrnq_1)
                                  0.109612    0.359612   library hold time
                                              0.359612   data required time
---------------------------------------------------------------------------------------------
                                              0.359612   data required time
                                             -0.919043   data arrival time
---------------------------------------------------------------------------------------------
                                              0.559432   slack (MET)


Startpoint: _693_ (rising edge-triggered flip-flop clocked by clk)
Endpoint: _682_ (rising edge-triggered flip-flop clocked by clk)
Path Group: clk
Path Type: min

Fanout         Cap        Slew       Delay        Time   Description
---------------------------------------------------------------------------------------------
                      0.150000    0.000000    0.000000   clock clk (rise edge)
                                  0.000000    0.000000   clock network delay (ideal)
                      0.150000    0.000000    0.000000 ^ _693_/CLK (gf180mcu_fd_sc_mcu7t5v0__dffrnq_1)
     1    0.004215    0.104492    0.546270    0.546270 ^ _693_/Q (gf180mcu_fd_sc_mcu7t5v0__dffrnq_1)
                                                         clk_scaler.counter[7] (net)
                      0.104492    0.000000    0.546270 ^ _376_/A1 (gf180mcu_fd_sc_mcu7t5v0__nor3_1)
     1    0.004744    0.093320    0.085930    0.632201 v _376_/ZN (gf180mcu_fd_sc_mcu7t5v0__nor3_1)
                                                         _134_ (net)
                      0.093320    0.000000    0.632201 v _377_/B (gf180mcu_fd_sc_mcu7t5v0__oai21_1)
     2    0.011436    0.234649    0.165631    0.797832 ^ _377_/ZN (gf180mcu_fd_sc_mcu7t5v0__oai21_1)
                                                         _135_ (net)
                      0.234649    0.000000    0.797832 ^ _433_/A2 (gf180mcu_fd_sc_mcu7t5v0__xor2_1)
     1    0.002822    0.096760    0.066401    0.864233 v _433_/Z (gf180mcu_fd_sc_mcu7t5v0__xor2_1)
                                                         _174_ (net)
                      0.096760    0.000000    0.864233 v _434_/A2 (gf180mcu_fd_sc_mcu7t5v0__and2_1)
     1    0.003038    0.063900    0.164701    1.028934 v _434_/Z (gf180mcu_fd_sc_mcu7t5v0__and2_1)
                                                         _047_ (net)
                      0.063900    0.000000    1.028934 v _682_/D (gf180mcu_fd_sc_mcu7t5v0__dffrnq_1)
                                              1.028934   data arrival time

                      0.150000    0.000000    0.000000   clock clk (rise edge)
                                  0.000000    0.000000   clock network delay (ideal)
                                  0.250000    0.250000   clock uncertainty
                                  0.000000    0.250000   clock reconvergence pessimism
                                              0.250000 ^ _682_/CLK (gf180mcu_fd_sc_mcu7t5v0__dffrnq_1)
                                  0.111541    0.361541   library hold time
                                              0.361541   data required time
---------------------------------------------------------------------------------------------
                                              0.361541   data required time
                                             -1.028934   data arrival time
---------------------------------------------------------------------------------------------
                                              0.667392   slack (MET)


Startpoint: rst_n (input port clocked by clk)
Endpoint: _682_ (removal check against rising-edge clock clk)
Path Group: asynchronous
Path Type: min

Fanout         Cap        Slew       Delay        Time   Description
---------------------------------------------------------------------------------------------
                      0.150000    0.000000    0.000000   clock clk (rise edge)
                                  0.000000    0.000000   clock network delay (ideal)
                                  4.000000    4.000000 ^ input external delay
    61    0.351624    3.885040    2.227617    6.227617 ^ rst_n (in)
                                                         rst_n (net)
                      3.885040    0.000000    6.227617 ^ _682_/RN (gf180mcu_fd_sc_mcu7t5v0__dffrnq_1)
                                              6.227617   data arrival time

                      0.150000    0.000000    0.000000   clock clk (rise edge)
                                  0.000000    0.000000   clock network delay (ideal)
                                  0.250000    0.250000   clock uncertainty
                                  0.000000    0.250000   clock reconvergence pessimism
                                              0.250000 ^ _682_/CLK (gf180mcu_fd_sc_mcu7t5v0__dffrnq_1)
                                  0.254956    0.504956   library removal time
                                              0.504956   data required time
---------------------------------------------------------------------------------------------
                                              0.504956   data required time
                                             -6.227617   data arrival time
---------------------------------------------------------------------------------------------
                                              5.722661   slack (MET)


Startpoint: rst_n (input port clocked by clk)
Endpoint: _686_ (removal check against rising-edge clock clk)
Path Group: asynchronous
Path Type: min

Fanout         Cap        Slew       Delay        Time   Description
---------------------------------------------------------------------------------------------
                      0.150000    0.000000    0.000000   clock clk (rise edge)
                                  0.000000    0.000000   clock network delay (ideal)
                                  4.000000    4.000000 ^ input external delay
    61    0.351624    3.885040    2.227617    6.227617 ^ rst_n (in)
                                                         rst_n (net)
                      3.885040    0.000000    6.227617 ^ _686_/RN (gf180mcu_fd_sc_mcu7t5v0__dffrnq_1)
                                              6.227617   data arrival time

                      0.150000    0.000000    0.000000   clock clk (rise edge)
                                  0.000000    0.000000   clock network delay (ideal)
                                  0.250000    0.250000   clock uncertainty
                                  0.000000    0.250000   clock reconvergence pessimism
                                              0.250000 ^ _686_/CLK (gf180mcu_fd_sc_mcu7t5v0__dffrnq_1)
                                  0.254956    0.504956   library removal time
                                              0.504956   data required time
---------------------------------------------------------------------------------------------
                                              0.504956   data required time
                                             -6.227617   data arrival time
---------------------------------------------------------------------------------------------
                                              5.722661   slack (MET)


Startpoint: rst_n (input port clocked by clk)
Endpoint: _687_ (removal check against rising-edge clock clk)
Path Group: asynchronous
Path Type: min

Fanout         Cap        Slew       Delay        Time   Description
---------------------------------------------------------------------------------------------
                      0.150000    0.000000    0.000000   clock clk (rise edge)
                                  0.000000    0.000000   clock network delay (ideal)
                                  4.000000    4.000000 ^ input external delay
    61    0.351624    3.885040    2.227617    6.227617 ^ rst_n (in)
                                                         rst_n (net)
                      3.885040    0.000000    6.227617 ^ _687_/RN (gf180mcu_fd_sc_mcu7t5v0__dffrnq_1)
                                              6.227617   data arrival time

                      0.150000    0.000000    0.000000   clock clk (rise edge)
                                  0.000000    0.000000   clock network delay (ideal)
                                  0.250000    0.250000   clock uncertainty
                                  0.000000    0.250000   clock reconvergence pessimism
                                              0.250000 ^ _687_/CLK (gf180mcu_fd_sc_mcu7t5v0__dffrnq_1)
                                  0.254956    0.504956   library removal time
                                              0.504956   data required time
---------------------------------------------------------------------------------------------
                                              0.504956   data required time
                                             -6.227617   data arrival time
---------------------------------------------------------------------------------------------
                                              5.722661   slack (MET)


Startpoint: rst_n (input port clocked by clk)
Endpoint: _688_ (removal check against rising-edge clock clk)
Path Group: asynchronous
Path Type: min

Fanout         Cap        Slew       Delay        Time   Description
---------------------------------------------------------------------------------------------
                      0.150000    0.000000    0.000000   clock clk (rise edge)
                                  0.000000    0.000000   clock network delay (ideal)
                                  4.000000    4.000000 ^ input external delay
    61    0.351624    3.885040    2.227617    6.227617 ^ rst_n (in)
                                                         rst_n (net)
                      3.885040    0.000000    6.227617 ^ _688_/RN (gf180mcu_fd_sc_mcu7t5v0__dffrnq_1)
                                              6.227617   data arrival time

                      0.150000    0.000000    0.000000   clock clk (rise edge)
                                  0.000000    0.000000   clock network delay (ideal)
                                  0.250000    0.250000   clock uncertainty
                                  0.000000    0.250000   clock reconvergence pessimism
                                              0.250000 ^ _688_/CLK (gf180mcu_fd_sc_mcu7t5v0__dffrnq_1)
                                  0.254956    0.504956   library removal time
                                              0.504956   data required time
---------------------------------------------------------------------------------------------
                                              0.504956   data required time
                                             -6.227617   data arrival time
---------------------------------------------------------------------------------------------
                                              5.722661   slack (MET)


Startpoint: rst_n (input port clocked by clk)
Endpoint: _689_ (removal check against rising-edge clock clk)
Path Group: asynchronous
Path Type: min

Fanout         Cap        Slew       Delay        Time   Description
---------------------------------------------------------------------------------------------
                      0.150000    0.000000    0.000000   clock clk (rise edge)
                                  0.000000    0.000000   clock network delay (ideal)
                                  4.000000    4.000000 ^ input external delay
    61    0.351624    3.885040    2.227617    6.227617 ^ rst_n (in)
                                                         rst_n (net)
                      3.885040    0.000000    6.227617 ^ _689_/RN (gf180mcu_fd_sc_mcu7t5v0__dffrnq_1)
                                              6.227617   data arrival time

                      0.150000    0.000000    0.000000   clock clk (rise edge)
                                  0.000000    0.000000   clock network delay (ideal)
                                  0.250000    0.250000   clock uncertainty
                                  0.000000    0.250000   clock reconvergence pessimism
                                              0.250000 ^ _689_/CLK (gf180mcu_fd_sc_mcu7t5v0__dffrnq_1)
                                  0.254956    0.504956   library removal time
                                              0.504956   data required time
---------------------------------------------------------------------------------------------
                                              0.504956   data required time
                                             -6.227617   data arrival time
---------------------------------------------------------------------------------------------
                                              5.722661   slack (MET)


Startpoint: rst_n (input port clocked by clk)
Endpoint: _690_ (removal check against rising-edge clock clk)
Path Group: asynchronous
Path Type: min

Fanout         Cap        Slew       Delay        Time   Description
---------------------------------------------------------------------------------------------
                      0.150000    0.000000    0.000000   clock clk (rise edge)
                                  0.000000    0.000000   clock network delay (ideal)
                                  4.000000    4.000000 ^ input external delay
    61    0.351624    3.885040    2.227617    6.227617 ^ rst_n (in)
                                                         rst_n (net)
                      3.885040    0.000000    6.227617 ^ _690_/RN (gf180mcu_fd_sc_mcu7t5v0__dffrnq_1)
                                              6.227617   data arrival time

                      0.150000    0.000000    0.000000   clock clk (rise edge)
                                  0.000000    0.000000   clock network delay (ideal)
                                  0.250000    0.250000   clock uncertainty
                                  0.000000    0.250000   clock reconvergence pessimism
                                              0.250000 ^ _690_/CLK (gf180mcu_fd_sc_mcu7t5v0__dffrnq_1)
                                  0.254956    0.504956   library removal time
                                              0.504956   data required time
---------------------------------------------------------------------------------------------
                                              0.504956   data required time
                                             -6.227617   data arrival time
---------------------------------------------------------------------------------------------
                                              5.722661   slack (MET)


Startpoint: rst_n (input port clocked by clk)
Endpoint: _691_ (removal check against rising-edge clock clk)
Path Group: asynchronous
Path Type: min

Fanout         Cap        Slew       Delay        Time   Description
---------------------------------------------------------------------------------------------
                      0.150000    0.000000    0.000000   clock clk (rise edge)
                                  0.000000    0.000000   clock network delay (ideal)
                                  4.000000    4.000000 ^ input external delay
    61    0.351624    3.885040    2.227617    6.227617 ^ rst_n (in)
                                                         rst_n (net)
                      3.885040    0.000000    6.227617 ^ _691_/RN (gf180mcu_fd_sc_mcu7t5v0__dffrnq_1)
                                              6.227617   data arrival time

                      0.150000    0.000000    0.000000   clock clk (rise edge)
                                  0.000000    0.000000   clock network delay (ideal)
                                  0.250000    0.250000   clock uncertainty
                                  0.000000    0.250000   clock reconvergence pessimism
                                              0.250000 ^ _691_/CLK (gf180mcu_fd_sc_mcu7t5v0__dffrnq_1)
                                  0.254956    0.504956   library removal time
                                              0.504956   data required time
---------------------------------------------------------------------------------------------
                                              0.504956   data required time
                                             -6.227617   data arrival time
---------------------------------------------------------------------------------------------
                                              5.722661   slack (MET)


Startpoint: rst_n (input port clocked by clk)
Endpoint: _692_ (removal check against rising-edge clock clk)
Path Group: asynchronous
Path Type: min

Fanout         Cap        Slew       Delay        Time   Description
---------------------------------------------------------------------------------------------
                      0.150000    0.000000    0.000000   clock clk (rise edge)
                                  0.000000    0.000000   clock network delay (ideal)
                                  4.000000    4.000000 ^ input external delay
    61    0.351624    3.885040    2.227617    6.227617 ^ rst_n (in)
                                                         rst_n (net)
                      3.885040    0.000000    6.227617 ^ _692_/RN (gf180mcu_fd_sc_mcu7t5v0__dffrnq_1)
                                              6.227617   data arrival time

                      0.150000    0.000000    0.000000   clock clk (rise edge)
                                  0.000000    0.000000   clock network delay (ideal)
                                  0.250000    0.250000   clock uncertainty
                                  0.000000    0.250000   clock reconvergence pessimism
                                              0.250000 ^ _692_/CLK (gf180mcu_fd_sc_mcu7t5v0__dffrnq_1)
                                  0.254956    0.504956   library removal time
                                              0.504956   data required time
---------------------------------------------------------------------------------------------
                                              0.504956   data required time
                                             -6.227617   data arrival time
---------------------------------------------------------------------------------------------
                                              5.722661   slack (MET)


Startpoint: rst_n (input port clocked by clk)
Endpoint: _693_ (removal check against rising-edge clock clk)
Path Group: asynchronous
Path Type: min

Fanout         Cap        Slew       Delay        Time   Description
---------------------------------------------------------------------------------------------
                      0.150000    0.000000    0.000000   clock clk (rise edge)
                                  0.000000    0.000000   clock network delay (ideal)
                                  4.000000    4.000000 ^ input external delay
    61    0.351624    3.885040    2.227617    6.227617 ^ rst_n (in)
                                                         rst_n (net)
                      3.885040    0.000000    6.227617 ^ _693_/RN (gf180mcu_fd_sc_mcu7t5v0__dffrnq_1)
                                              6.227617   data arrival time

                      0.150000    0.000000    0.000000   clock clk (rise edge)
                                  0.000000    0.000000   clock network delay (ideal)
                                  0.250000    0.250000   clock uncertainty
                                  0.000000    0.250000   clock reconvergence pessimism
                                              0.250000 ^ _693_/CLK (gf180mcu_fd_sc_mcu7t5v0__dffrnq_1)
                                  0.254956    0.504956   library removal time
                                              0.504956   data required time
---------------------------------------------------------------------------------------------
                                              0.504956   data required time
                                             -6.227617   data arrival time
---------------------------------------------------------------------------------------------
                                              5.722661   slack (MET)



%OL_END_REPORT
%OL_CREATE_REPORT max.rpt

===========================================================================
report_checks -path_delay max (Setup)
============================================================================
======================= nom_ff_n40C_5v50 Corner ===================================

Startpoint: rst_n (input port clocked by clk)
Endpoint: _682_ (recovery check against rising-edge clock clk)
Path Group: asynchronous
Path Type: max

Fanout         Cap        Slew       Delay        Time   Description
---------------------------------------------------------------------------------------------
                      0.150000    0.000000    0.000000   clock clk (rise edge)
                                  0.000000    0.000000   clock network delay (ideal)
                                  4.000000    4.000000 ^ input external delay
    61    0.351624    3.885040    2.227617    6.227617 ^ rst_n (in)
                                                         rst_n (net)
                      3.885040    0.000000    6.227617 ^ _682_/RN (gf180mcu_fd_sc_mcu7t5v0__dffrnq_1)
                                              6.227617   data arrival time

                      0.150000   20.000000   20.000000   clock clk (rise edge)
                                  0.000000   20.000000   clock network delay (ideal)
                                 -0.250000   19.750002   clock uncertainty
                                  0.000000   19.750002   clock reconvergence pessimism
                                             19.750002 ^ _682_/CLK (gf180mcu_fd_sc_mcu7t5v0__dffrnq_1)
                                 -1.352431   18.397570   library recovery time
                                             18.397570   data required time
---------------------------------------------------------------------------------------------
                                             18.397570   data required time
                                             -6.227617   data arrival time
---------------------------------------------------------------------------------------------
                                             12.169953   slack (MET)


Startpoint: rst_n (input port clocked by clk)
Endpoint: _686_ (recovery check against rising-edge clock clk)
Path Group: asynchronous
Path Type: max

Fanout         Cap        Slew       Delay        Time   Description
---------------------------------------------------------------------------------------------
                      0.150000    0.000000    0.000000   clock clk (rise edge)
                                  0.000000    0.000000   clock network delay (ideal)
                                  4.000000    4.000000 ^ input external delay
    61    0.351624    3.885040    2.227617    6.227617 ^ rst_n (in)
                                                         rst_n (net)
                      3.885040    0.000000    6.227617 ^ _686_/RN (gf180mcu_fd_sc_mcu7t5v0__dffrnq_1)
                                              6.227617   data arrival time

                      0.150000   20.000000   20.000000   clock clk (rise edge)
                                  0.000000   20.000000   clock network delay (ideal)
                                 -0.250000   19.750002   clock uncertainty
                                  0.000000   19.750002   clock reconvergence pessimism
                                             19.750002 ^ _686_/CLK (gf180mcu_fd_sc_mcu7t5v0__dffrnq_1)
                                 -1.352431   18.397570   library recovery time
                                             18.397570   data required time
---------------------------------------------------------------------------------------------
                                             18.397570   data required time
                                             -6.227617   data arrival time
---------------------------------------------------------------------------------------------
                                             12.169953   slack (MET)


Startpoint: rst_n (input port clocked by clk)
Endpoint: _687_ (recovery check against rising-edge clock clk)
Path Group: asynchronous
Path Type: max

Fanout         Cap        Slew       Delay        Time   Description
---------------------------------------------------------------------------------------------
                      0.150000    0.000000    0.000000   clock clk (rise edge)
                                  0.000000    0.000000   clock network delay (ideal)
                                  4.000000    4.000000 ^ input external delay
    61    0.351624    3.885040    2.227617    6.227617 ^ rst_n (in)
                                                         rst_n (net)
                      3.885040    0.000000    6.227617 ^ _687_/RN (gf180mcu_fd_sc_mcu7t5v0__dffrnq_1)
                                              6.227617   data arrival time

                      0.150000   20.000000   20.000000   clock clk (rise edge)
                                  0.000000   20.000000   clock network delay (ideal)
                                 -0.250000   19.750002   clock uncertainty
                                  0.000000   19.750002   clock reconvergence pessimism
                                             19.750002 ^ _687_/CLK (gf180mcu_fd_sc_mcu7t5v0__dffrnq_1)
                                 -1.352431   18.397570   library recovery time
                                             18.397570   data required time
---------------------------------------------------------------------------------------------
                                             18.397570   data required time
                                             -6.227617   data arrival time
---------------------------------------------------------------------------------------------
                                             12.169953   slack (MET)


Startpoint: rst_n (input port clocked by clk)
Endpoint: _688_ (recovery check against rising-edge clock clk)
Path Group: asynchronous
Path Type: max

Fanout         Cap        Slew       Delay        Time   Description
---------------------------------------------------------------------------------------------
                      0.150000    0.000000    0.000000   clock clk (rise edge)
                                  0.000000    0.000000   clock network delay (ideal)
                                  4.000000    4.000000 ^ input external delay
    61    0.351624    3.885040    2.227617    6.227617 ^ rst_n (in)
                                                         rst_n (net)
                      3.885040    0.000000    6.227617 ^ _688_/RN (gf180mcu_fd_sc_mcu7t5v0__dffrnq_1)
                                              6.227617   data arrival time

                      0.150000   20.000000   20.000000   clock clk (rise edge)
                                  0.000000   20.000000   clock network delay (ideal)
                                 -0.250000   19.750002   clock uncertainty
                                  0.000000   19.750002   clock reconvergence pessimism
                                             19.750002 ^ _688_/CLK (gf180mcu_fd_sc_mcu7t5v0__dffrnq_1)
                                 -1.352431   18.397570   library recovery time
                                             18.397570   data required time
---------------------------------------------------------------------------------------------
                                             18.397570   data required time
                                             -6.227617   data arrival time
---------------------------------------------------------------------------------------------
                                             12.169953   slack (MET)


Startpoint: rst_n (input port clocked by clk)
Endpoint: _689_ (recovery check against rising-edge clock clk)
Path Group: asynchronous
Path Type: max

Fanout         Cap        Slew       Delay        Time   Description
---------------------------------------------------------------------------------------------
                      0.150000    0.000000    0.000000   clock clk (rise edge)
                                  0.000000    0.000000   clock network delay (ideal)
                                  4.000000    4.000000 ^ input external delay
    61    0.351624    3.885040    2.227617    6.227617 ^ rst_n (in)
                                                         rst_n (net)
                      3.885040    0.000000    6.227617 ^ _689_/RN (gf180mcu_fd_sc_mcu7t5v0__dffrnq_1)
                                              6.227617   data arrival time

                      0.150000   20.000000   20.000000   clock clk (rise edge)
                                  0.000000   20.000000   clock network delay (ideal)
                                 -0.250000   19.750002   clock uncertainty
                                  0.000000   19.750002   clock reconvergence pessimism
                                             19.750002 ^ _689_/CLK (gf180mcu_fd_sc_mcu7t5v0__dffrnq_1)
                                 -1.352431   18.397570   library recovery time
                                             18.397570   data required time
---------------------------------------------------------------------------------------------
                                             18.397570   data required time
                                             -6.227617   data arrival time
---------------------------------------------------------------------------------------------
                                             12.169953   slack (MET)


Startpoint: rst_n (input port clocked by clk)
Endpoint: _690_ (recovery check against rising-edge clock clk)
Path Group: asynchronous
Path Type: max

Fanout         Cap        Slew       Delay        Time   Description
---------------------------------------------------------------------------------------------
                      0.150000    0.000000    0.000000   clock clk (rise edge)
                                  0.000000    0.000000   clock network delay (ideal)
                                  4.000000    4.000000 ^ input external delay
    61    0.351624    3.885040    2.227617    6.227617 ^ rst_n (in)
                                                         rst_n (net)
                      3.885040    0.000000    6.227617 ^ _690_/RN (gf180mcu_fd_sc_mcu7t5v0__dffrnq_1)
                                              6.227617   data arrival time

                      0.150000   20.000000   20.000000   clock clk (rise edge)
                                  0.000000   20.000000   clock network delay (ideal)
                                 -0.250000   19.750002   clock uncertainty
                                  0.000000   19.750002   clock reconvergence pessimism
                                             19.750002 ^ _690_/CLK (gf180mcu_fd_sc_mcu7t5v0__dffrnq_1)
                                 -1.352431   18.397570   library recovery time
                                             18.397570   data required time
---------------------------------------------------------------------------------------------
                                             18.397570   data required time
                                             -6.227617   data arrival time
---------------------------------------------------------------------------------------------
                                             12.169953   slack (MET)


Startpoint: rst_n (input port clocked by clk)
Endpoint: _691_ (recovery check against rising-edge clock clk)
Path Group: asynchronous
Path Type: max

Fanout         Cap        Slew       Delay        Time   Description
---------------------------------------------------------------------------------------------
                      0.150000    0.000000    0.000000   clock clk (rise edge)
                                  0.000000    0.000000   clock network delay (ideal)
                                  4.000000    4.000000 ^ input external delay
    61    0.351624    3.885040    2.227617    6.227617 ^ rst_n (in)
                                                         rst_n (net)
                      3.885040    0.000000    6.227617 ^ _691_/RN (gf180mcu_fd_sc_mcu7t5v0__dffrnq_1)
                                              6.227617   data arrival time

                      0.150000   20.000000   20.000000   clock clk (rise edge)
                                  0.000000   20.000000   clock network delay (ideal)
                                 -0.250000   19.750002   clock uncertainty
                                  0.000000   19.750002   clock reconvergence pessimism
                                             19.750002 ^ _691_/CLK (gf180mcu_fd_sc_mcu7t5v0__dffrnq_1)
                                 -1.352431   18.397570   library recovery time
                                             18.397570   data required time
---------------------------------------------------------------------------------------------
                                             18.397570   data required time
                                             -6.227617   data arrival time
---------------------------------------------------------------------------------------------
                                             12.169953   slack (MET)


Startpoint: rst_n (input port clocked by clk)
Endpoint: _692_ (recovery check against rising-edge clock clk)
Path Group: asynchronous
Path Type: max

Fanout         Cap        Slew       Delay        Time   Description
---------------------------------------------------------------------------------------------
                      0.150000    0.000000    0.000000   clock clk (rise edge)
                                  0.000000    0.000000   clock network delay (ideal)
                                  4.000000    4.000000 ^ input external delay
    61    0.351624    3.885040    2.227617    6.227617 ^ rst_n (in)
                                                         rst_n (net)
                      3.885040    0.000000    6.227617 ^ _692_/RN (gf180mcu_fd_sc_mcu7t5v0__dffrnq_1)
                                              6.227617   data arrival time

                      0.150000   20.000000   20.000000   clock clk (rise edge)
                                  0.000000   20.000000   clock network delay (ideal)
                                 -0.250000   19.750002   clock uncertainty
                                  0.000000   19.750002   clock reconvergence pessimism
                                             19.750002 ^ _692_/CLK (gf180mcu_fd_sc_mcu7t5v0__dffrnq_1)
                                 -1.352431   18.397570   library recovery time
                                             18.397570   data required time
---------------------------------------------------------------------------------------------
                                             18.397570   data required time
                                             -6.227617   data arrival time
---------------------------------------------------------------------------------------------
                                             12.169953   slack (MET)


Startpoint: rst_n (input port clocked by clk)
Endpoint: _693_ (recovery check against rising-edge clock clk)
Path Group: asynchronous
Path Type: max

Fanout         Cap        Slew       Delay        Time   Description
---------------------------------------------------------------------------------------------
                      0.150000    0.000000    0.000000   clock clk (rise edge)
                                  0.000000    0.000000   clock network delay (ideal)
                                  4.000000    4.000000 ^ input external delay
    61    0.351624    3.885040    2.227617    6.227617 ^ rst_n (in)
                                                         rst_n (net)
                      3.885040    0.000000    6.227617 ^ _693_/RN (gf180mcu_fd_sc_mcu7t5v0__dffrnq_1)
                                              6.227617   data arrival time

                      0.150000   20.000000   20.000000   clock clk (rise edge)
                                  0.000000   20.000000   clock network delay (ideal)
                                 -0.250000   19.750002   clock uncertainty
                                  0.000000   19.750002   clock reconvergence pessimism
                                             19.750002 ^ _693_/CLK (gf180mcu_fd_sc_mcu7t5v0__dffrnq_1)
                                 -1.352431   18.397570   library recovery time
                                             18.397570   data required time
---------------------------------------------------------------------------------------------
                                             18.397570   data required time
                                             -6.227617   data arrival time
---------------------------------------------------------------------------------------------
                                             12.169953   slack (MET)


Startpoint: ena (input port clocked by clk)
Endpoint: _688_ (rising edge-triggered flip-flop clocked by clk)
Path Group: clk
Path Type: max

Fanout         Cap        Slew       Delay        Time   Description
---------------------------------------------------------------------------------------------
                      0.150000    0.000000    0.000000   clock clk (rise edge)
                                  0.000000    0.000000   clock network delay (ideal)
                                  4.000000    4.000000 ^ input external delay
     3    0.010536    0.147423    0.069922    4.069922 ^ ena (in)
                                                         ena (net)
                      0.147423    0.000000    4.069922 ^ _379_/A1 (gf180mcu_fd_sc_mcu7t5v0__nand2_1)
     4    0.017329    0.203974    0.150864    4.220786 v _379_/ZN (gf180mcu_fd_sc_mcu7t5v0__nand2_1)
                                                         _137_ (net)
                      0.203974    0.000000    4.220786 v _385_/A1 (gf180mcu_fd_sc_mcu7t5v0__nor3_1)
     1    0.003038    0.212485    0.158579    4.379365 ^ _385_/ZN (gf180mcu_fd_sc_mcu7t5v0__nor3_1)
                                                         _002_ (net)
                      0.212485    0.000000    4.379365 ^ _688_/D (gf180mcu_fd_sc_mcu7t5v0__dffrnq_1)
                                              4.379365   data arrival time

                      0.150000   20.000000   20.000000   clock clk (rise edge)
                                  0.000000   20.000000   clock network delay (ideal)
                                 -0.250000   19.750002   clock uncertainty
                                  0.000000   19.750002   clock reconvergence pessimism
                                             19.750002 ^ _688_/CLK (gf180mcu_fd_sc_mcu7t5v0__dffrnq_1)
                                 -0.195741   19.554260   library setup time
                                             19.554260   data required time
---------------------------------------------------------------------------------------------
                                             19.554260   data required time
                                             -4.379365   data arrival time
---------------------------------------------------------------------------------------------
                                             15.174896   slack (MET)


Startpoint: ena (input port clocked by clk)
Endpoint: _687_ (rising edge-triggered flip-flop clocked by clk)
Path Group: clk
Path Type: max

Fanout         Cap        Slew       Delay        Time   Description
---------------------------------------------------------------------------------------------
                      0.150000    0.000000    0.000000   clock clk (rise edge)
                                  0.000000    0.000000   clock network delay (ideal)
                                  4.000000    4.000000 ^ input external delay
     3    0.010536    0.147423    0.069922    4.069922 ^ ena (in)
                                                         ena (net)
                      0.147423    0.000000    4.069922 ^ _379_/A1 (gf180mcu_fd_sc_mcu7t5v0__nand2_1)
     4    0.017329    0.203974    0.150864    4.220786 v _379_/ZN (gf180mcu_fd_sc_mcu7t5v0__nand2_1)
                                                         _137_ (net)
                      0.203974    0.000000    4.220786 v _382_/A1 (gf180mcu_fd_sc_mcu7t5v0__nor2_1)
     1    0.003038    0.141421    0.127811    4.348597 ^ _382_/ZN (gf180mcu_fd_sc_mcu7t5v0__nor2_1)
                                                         _001_ (net)
                      0.141421    0.000000    4.348597 ^ _687_/D (gf180mcu_fd_sc_mcu7t5v0__dffrnq_1)
                                              4.348597   data arrival time

                      0.150000   20.000000   20.000000   clock clk (rise edge)
                                  0.000000   20.000000   clock network delay (ideal)
                                 -0.250000   19.750002   clock uncertainty
                                  0.000000   19.750002   clock reconvergence pessimism
                                             19.750002 ^ _687_/CLK (gf180mcu_fd_sc_mcu7t5v0__dffrnq_1)
                                 -0.180789   19.569212   library setup time
                                             19.569212   data required time
---------------------------------------------------------------------------------------------
                                             19.569212   data required time
                                             -4.348597   data arrival time
---------------------------------------------------------------------------------------------
                                             15.220614   slack (MET)


Startpoint: ena (input port clocked by clk)
Endpoint: _690_ (rising edge-triggered flip-flop clocked by clk)
Path Group: clk
Path Type: max

Fanout         Cap        Slew       Delay        Time   Description
---------------------------------------------------------------------------------------------
                      0.150000    0.000000    0.000000   clock clk (rise edge)
                                  0.000000    0.000000   clock network delay (ideal)
                                  4.000000    4.000000 ^ input external delay
     3    0.010536    0.147423    0.069922    4.069922 ^ ena (in)
                                                         ena (net)
                      0.147423    0.000000    4.069922 ^ _379_/A1 (gf180mcu_fd_sc_mcu7t5v0__nand2_1)
     4    0.017329    0.203974    0.150864    4.220786 v _379_/ZN (gf180mcu_fd_sc_mcu7t5v0__nand2_1)
                                                         _137_ (net)
                      0.203974    0.000000    4.220786 v _390_/A1 (gf180mcu_fd_sc_mcu7t5v0__nor2_1)
     1    0.003038    0.141421    0.127811    4.348597 ^ _390_/ZN (gf180mcu_fd_sc_mcu7t5v0__nor2_1)
                                                         _004_ (net)
                      0.141421    0.000000    4.348597 ^ _690_/D (gf180mcu_fd_sc_mcu7t5v0__dffrnq_1)
                                              4.348597   data arrival time

                      0.150000   20.000000   20.000000   clock clk (rise edge)
                                  0.000000   20.000000   clock network delay (ideal)
                                 -0.250000   19.750002   clock uncertainty
                                  0.000000   19.750002   clock reconvergence pessimism
                                             19.750002 ^ _690_/CLK (gf180mcu_fd_sc_mcu7t5v0__dffrnq_1)
                                 -0.180789   19.569212   library setup time
                                             19.569212   data required time
---------------------------------------------------------------------------------------------
                                             19.569212   data required time
                                             -4.348597   data arrival time
---------------------------------------------------------------------------------------------
                                             15.220614   slack (MET)


Startpoint: ena (input port clocked by clk)
Endpoint: _686_ (rising edge-triggered flip-flop clocked by clk)
Path Group: clk
Path Type: max

Fanout         Cap        Slew       Delay        Time   Description
---------------------------------------------------------------------------------------------
                      0.150000    0.000000    0.000000   clock clk (rise edge)
                                  0.000000    0.000000   clock network delay (ideal)
                                  4.000000    4.000000 ^ input external delay
     3    0.010536    0.147423    0.069922    4.069922 ^ ena (in)
                                                         ena (net)
                      0.147423    0.000000    4.069922 ^ _379_/A1 (gf180mcu_fd_sc_mcu7t5v0__nand2_1)
     4    0.017329    0.203974    0.150864    4.220786 v _379_/ZN (gf180mcu_fd_sc_mcu7t5v0__nand2_1)
                                                         _137_ (net)
                      0.203974    0.000000    4.220786 v _380_/A2 (gf180mcu_fd_sc_mcu7t5v0__nor2_1)
     1    0.003038    0.144607    0.124375    4.345161 ^ _380_/ZN (gf180mcu_fd_sc_mcu7t5v0__nor2_1)
                                                         _000_ (net)
                      0.144607    0.000000    4.345161 ^ _686_/D (gf180mcu_fd_sc_mcu7t5v0__dffrnq_1)
                                              4.345161   data arrival time

                      0.150000   20.000000   20.000000   clock clk (rise edge)
                                  0.000000   20.000000   clock network delay (ideal)
                                 -0.250000   19.750002   clock uncertainty
                                  0.000000   19.750002   clock reconvergence pessimism
                                             19.750002 ^ _686_/CLK (gf180mcu_fd_sc_mcu7t5v0__dffrnq_1)
                                 -0.181459   19.568542   library setup time
                                             19.568542   data required time
---------------------------------------------------------------------------------------------
                                             19.568542   data required time
                                             -4.345161   data arrival time
---------------------------------------------------------------------------------------------
                                             15.223382   slack (MET)


Startpoint: ena (input port clocked by clk)
Endpoint: _689_ (rising edge-triggered flip-flop clocked by clk)
Path Group: clk
Path Type: max

Fanout         Cap        Slew       Delay        Time   Description
---------------------------------------------------------------------------------------------
                      0.150000    0.000000    0.000000   clock clk (rise edge)
                                  0.000000    0.000000   clock network delay (ideal)
                                  4.000000    4.000000 ^ input external delay
     3    0.010536    0.147423    0.069922    4.069922 ^ ena (in)
                                                         ena (net)
                      0.147423    0.000000    4.069922 ^ _388_/A1 (gf180mcu_fd_sc_mcu7t5v0__and4_1)
     1    0.003038    0.108385    0.263459    4.333380 ^ _388_/Z (gf180mcu_fd_sc_mcu7t5v0__and4_1)
                                                         _003_ (net)
                      0.108385    0.000000    4.333380 ^ _689_/D (gf180mcu_fd_sc_mcu7t5v0__dffrnq_1)
                                              4.333380   data arrival time

                      0.150000   20.000000   20.000000   clock clk (rise edge)
                                  0.000000   20.000000   clock network delay (ideal)
                                 -0.250000   19.750002   clock uncertainty
                                  0.000000   19.750002   clock reconvergence pessimism
                                             19.750002 ^ _689_/CLK (gf180mcu_fd_sc_mcu7t5v0__dffrnq_1)
                                 -0.173837   19.576164   library setup time
                                             19.576164   data required time
---------------------------------------------------------------------------------------------
                                             19.576164   data required time
                                             -4.333380   data arrival time
---------------------------------------------------------------------------------------------
                                             15.242784   slack (MET)


Startpoint: ena (input port clocked by clk)
Endpoint: _682_ (rising edge-triggered flip-flop clocked by clk)
Path Group: clk
Path Type: max

Fanout         Cap        Slew       Delay        Time   Description
---------------------------------------------------------------------------------------------
                      0.150000    0.000000    0.000000   clock clk (rise edge)
                                  0.000000    0.000000   clock network delay (ideal)
                                  4.000000    4.000000 ^ input external delay
     3    0.010536    0.147423    0.069922    4.069922 ^ ena (in)
                                                         ena (net)
                      0.147423    0.000000    4.069922 ^ _434_/A1 (gf180mcu_fd_sc_mcu7t5v0__and2_1)
     1    0.003038    0.086018    0.174393    4.244314 ^ _434_/Z (gf180mcu_fd_sc_mcu7t5v0__and2_1)
                                                         _047_ (net)
                      0.086018    0.000000    4.244314 ^ _682_/D (gf180mcu_fd_sc_mcu7t5v0__dffrnq_1)
                                              4.244314   data arrival time

                      0.150000   20.000000   20.000000   clock clk (rise edge)
                                  0.000000   20.000000   clock network delay (ideal)
                                 -0.250000   19.750002   clock uncertainty
                                  0.000000   19.750002   clock reconvergence pessimism
                                             19.750002 ^ _682_/CLK (gf180mcu_fd_sc_mcu7t5v0__dffrnq_1)
                                 -0.170284   19.579716   library setup time
                                             19.579716   data required time
---------------------------------------------------------------------------------------------
                                             19.579716   data required time
                                             -4.244314   data arrival time
---------------------------------------------------------------------------------------------
                                             15.335402   slack (MET)



%OL_END_REPORT
%OL_CREATE_REPORT checks.rpt

===========================================================================
report_checks -unconstrained
===========================================================================
======================= nom_ff_n40C_5v50 Corner ===================================

Startpoint: rst_n (input port clocked by clk)
Endpoint: _682_ (recovery check against rising-edge clock clk)
Path Group: asynchronous
Path Type: max

Fanout         Cap        Slew       Delay        Time   Description
---------------------------------------------------------------------------------------------
                      0.150000    0.000000    0.000000   clock clk (rise edge)
                                  0.000000    0.000000   clock network delay (ideal)
                                  4.000000    4.000000 ^ input external delay
    61    0.351624    3.885040    2.227617    6.227617 ^ rst_n (in)
                                                         rst_n (net)
                      3.885040    0.000000    6.227617 ^ _682_/RN (gf180mcu_fd_sc_mcu7t5v0__dffrnq_1)
                                              6.227617   data arrival time

                      0.150000   20.000000   20.000000   clock clk (rise edge)
                                  0.000000   20.000000   clock network delay (ideal)
                                 -0.250000   19.750002   clock uncertainty
                                  0.000000   19.750002   clock reconvergence pessimism
                                             19.750002 ^ _682_/CLK (gf180mcu_fd_sc_mcu7t5v0__dffrnq_1)
                                 -1.352431   18.397570   library recovery time
                                             18.397570   data required time
---------------------------------------------------------------------------------------------
                                             18.397570   data required time
                                             -6.227617   data arrival time
---------------------------------------------------------------------------------------------
                                             12.169953   slack (MET)


Startpoint: ena (input port clocked by clk)
Endpoint: _688_ (rising edge-triggered flip-flop clocked by clk)
Path Group: clk
Path Type: max

Fanout         Cap        Slew       Delay        Time   Description
---------------------------------------------------------------------------------------------
                      0.150000    0.000000    0.000000   clock clk (rise edge)
                                  0.000000    0.000000   clock network delay (ideal)
                                  4.000000    4.000000 ^ input external delay
     3    0.010536    0.147423    0.069922    4.069922 ^ ena (in)
                                                         ena (net)
                      0.147423    0.000000    4.069922 ^ _379_/A1 (gf180mcu_fd_sc_mcu7t5v0__nand2_1)
     4    0.017329    0.203974    0.150864    4.220786 v _379_/ZN (gf180mcu_fd_sc_mcu7t5v0__nand2_1)
                                                         _137_ (net)
                      0.203974    0.000000    4.220786 v _385_/A1 (gf180mcu_fd_sc_mcu7t5v0__nor3_1)
     1    0.003038    0.212485    0.158579    4.379365 ^ _385_/ZN (gf180mcu_fd_sc_mcu7t5v0__nor3_1)
                                                         _002_ (net)
                      0.212485    0.000000    4.379365 ^ _688_/D (gf180mcu_fd_sc_mcu7t5v0__dffrnq_1)
                                              4.379365   data arrival time

                      0.150000   20.000000   20.000000   clock clk (rise edge)
                                  0.000000   20.000000   clock network delay (ideal)
                                 -0.250000   19.750002   clock uncertainty
                                  0.000000   19.750002   clock reconvergence pessimism
                                             19.750002 ^ _688_/CLK (gf180mcu_fd_sc_mcu7t5v0__dffrnq_1)
                                 -0.195741   19.554260   library setup time
                                             19.554260   data required time
---------------------------------------------------------------------------------------------
                                             19.554260   data required time
                                             -4.379365   data arrival time
---------------------------------------------------------------------------------------------
                                             15.174896   slack (MET)




===========================================================================
report_checks --slack_max -0.01
============================================================================
======================= nom_ff_n40C_5v50 Corner ===================================

No paths found.


===========================================================================
 report_check_types -max_slew -max_cap -max_fanout -violators
============================================================================
======================= nom_ff_n40C_5v50 Corner ===================================

max slew

Pin                                        Limit        Slew       Slack
------------------------------------------------------------------------
rst_n                                   2.600000    3.885040   -1.285040 (VIOLATED)
_343_/I                                 2.600000    3.885040   -1.285040 (VIOLATED)
_421_/A2                                2.600000    3.885040   -1.285040 (VIOLATED)
_422_/A2                                2.600000    3.885040   -1.285040 (VIOLATED)
_435_/A1                                2.600000    3.885040   -1.285040 (VIOLATED)
_560_/A2                                2.600000    3.885040   -1.285040 (VIOLATED)
_591_/A1                                2.600000    3.885040   -1.285040 (VIOLATED)
_601_/B                                 2.600000    3.885040   -1.285040 (VIOLATED)
_618_/A2                                2.600000    3.885040   -1.285040 (VIOLATED)
_630_/A1                                2.600000    3.885040   -1.285040 (VIOLATED)
_632_/B                                 2.600000    3.885040   -1.285040 (VIOLATED)
_638_/B                                 2.600000    3.885040   -1.285040 (VIOLATED)
_642_/A1                                2.600000    3.885040   -1.285040 (VIOLATED)
_645_/A1                                2.600000    3.885040   -1.285040 (VIOLATED)
_648_/A1                                2.600000    3.885040   -1.285040 (VIOLATED)
_650_/B                                 2.600000    3.885040   -1.285040 (VIOLATED)
_652_/I                                 2.600000    3.885040   -1.285040 (VIOLATED)
_653_/I                                 2.600000    3.885040   -1.285040 (VIOLATED)
_654_/I                                 2.600000    3.885040   -1.285040 (VIOLATED)
_655_/I                                 2.600000    3.885040   -1.285040 (VIOLATED)
_656_/I                                 2.600000    3.885040   -1.285040 (VIOLATED)
_657_/I                                 2.600000    3.885040   -1.285040 (VIOLATED)
_658_/I                                 2.600000    3.885040   -1.285040 (VIOLATED)
_659_/I                                 2.600000    3.885040   -1.285040 (VIOLATED)
_660_/I                                 2.600000    3.885040   -1.285040 (VIOLATED)
_661_/I                                 2.600000    3.885040   -1.285040 (VIOLATED)
_662_/I                                 2.600000    3.885040   -1.285040 (VIOLATED)
_663_/I                                 2.600000    3.885040   -1.285040 (VIOLATED)
_664_/I                                 2.600000    3.885040   -1.285040 (VIOLATED)
_682_/RN                                2.600000    3.885040   -1.285040 (VIOLATED)
_686_/RN                                2.600000    3.885040   -1.285040 (VIOLATED)
_687_/RN                                2.600000    3.885040   -1.285040 (VIOLATED)
_688_/RN                                2.600000    3.885040   -1.285040 (VIOLATED)
_689_/RN                                2.600000    3.885040   -1.285040 (VIOLATED)
_690_/RN                                2.600000    3.885040   -1.285040 (VIOLATED)
_691_/RN                                2.600000    3.885040   -1.285040 (VIOLATED)
_692_/RN                                2.600000    3.885040   -1.285040 (VIOLATED)
_693_/RN                                2.600000    3.885040   -1.285040 (VIOLATED)
_698_/RN                                2.600000    3.885040   -1.285040 (VIOLATED)
_725_/D                                 2.600000    3.885040   -1.285040 (VIOLATED)
_726_/SETN                              2.600000    3.885040   -1.285040 (VIOLATED)
_727_/RN                                2.600000    3.885040   -1.285040 (VIOLATED)
_728_/RN                                2.600000    3.885040   -1.285040 (VIOLATED)
_729_/RN                                2.600000    3.885040   -1.285040 (VIOLATED)
_730_/RN                                2.600000    3.885040   -1.285040 (VIOLATED)
_731_/SETN                              2.600000    3.885040   -1.285040 (VIOLATED)
_732_/SETN                              2.600000    3.885040   -1.285040 (VIOLATED)
_733_/SETN                              2.600000    3.885040   -1.285040 (VIOLATED)
_734_/RN                                2.600000    3.885040   -1.285040 (VIOLATED)
_735_/RN                                2.600000    3.885040   -1.285040 (VIOLATED)
_736_/SETN                              2.600000    3.885040   -1.285040 (VIOLATED)
_737_/SETN                              2.600000    3.885040   -1.285040 (VIOLATED)
_738_/RN                                2.600000    3.885040   -1.285040 (VIOLATED)
_739_/SETN                              2.600000    3.885040   -1.285040 (VIOLATED)
_742_/RN                                2.600000    3.885040   -1.285040 (VIOLATED)
_743_/RN                                2.600000    3.885040   -1.285040 (VIOLATED)
_744_/RN                                2.600000    3.885040   -1.285040 (VIOLATED)
_745_/RN                                2.600000    3.885040   -1.285040 (VIOLATED)
_746_/RN                                2.600000    3.885040   -1.285040 (VIOLATED)
_747_/RN                                2.600000    3.885040   -1.285040 (VIOLATED)
_748_/RN                                2.600000    3.885040   -1.285040 (VIOLATED)
_749_/RN                                2.600000    3.885040   -1.285040 (VIOLATED)
_433_/A1                                2.600000    3.216757   -0.616757 (VIOLATED)
_665_/CLK                               2.600000    3.216757   -0.616757 (VIOLATED)
_666_/CLK                               2.600000    3.216757   -0.616757 (VIOLATED)
_667_/CLK                               2.600000    3.216757   -0.616757 (VIOLATED)
_668_/CLK                               2.600000    3.216757   -0.616757 (VIOLATED)
_669_/CLK                               2.600000    3.216757   -0.616757 (VIOLATED)
_670_/CLK                               2.600000    3.216757   -0.616757 (VIOLATED)
_671_/CLK                               2.600000    3.216757   -0.616757 (VIOLATED)
_672_/CLK                               2.600000    3.216757   -0.616757 (VIOLATED)
_673_/CLK                               2.600000    3.216757   -0.616757 (VIOLATED)
_674_/CLK                               2.600000    3.216757   -0.616757 (VIOLATED)
_675_/CLK                               2.600000    3.216757   -0.616757 (VIOLATED)
_676_/CLK                               2.600000    3.216757   -0.616757 (VIOLATED)
_677_/CLK                               2.600000    3.216757   -0.616757 (VIOLATED)
_678_/CLK                               2.600000    3.216757   -0.616757 (VIOLATED)
_679_/CLK                               2.600000    3.216757   -0.616757 (VIOLATED)
_680_/CLK                               2.600000    3.216757   -0.616757 (VIOLATED)
_681_/CLK                               2.600000    3.216757   -0.616757 (VIOLATED)
_682_/Q                                 2.600000    3.216757   -0.616757 (VIOLATED)
_683_/CLK                               2.600000    3.216757   -0.616757 (VIOLATED)
_684_/CLK                               2.600000    3.216757   -0.616757 (VIOLATED)
_685_/CLK                               2.600000    3.216757   -0.616757 (VIOLATED)
_694_/CLK                               2.600000    3.216757   -0.616757 (VIOLATED)
_695_/CLK                               2.600000    3.216757   -0.616757 (VIOLATED)
_696_/CLK                               2.600000    3.216757   -0.616757 (VIOLATED)
_697_/CLK                               2.600000    3.216757   -0.616757 (VIOLATED)
_698_/CLK                               2.600000    3.216757   -0.616757 (VIOLATED)
_699_/CLK                               2.600000    3.216757   -0.616757 (VIOLATED)
_700_/CLK                               2.600000    3.216757   -0.616757 (VIOLATED)
_701_/CLK                               2.600000    3.216757   -0.616757 (VIOLATED)
_702_/CLK                               2.600000    3.216757   -0.616757 (VIOLATED)
_703_/CLK                               2.600000    3.216757   -0.616757 (VIOLATED)
_704_/CLK                               2.600000    3.216757   -0.616757 (VIOLATED)
_705_/CLK                               2.600000    3.216757   -0.616757 (VIOLATED)
_706_/CLK                               2.600000    3.216757   -0.616757 (VIOLATED)
_707_/CLK                               2.600000    3.216757   -0.616757 (VIOLATED)
_708_/CLK                               2.600000    3.216757   -0.616757 (VIOLATED)
_709_/CLK                               2.600000    3.216757   -0.616757 (VIOLATED)
_710_/CLK                               2.600000    3.216757   -0.616757 (VIOLATED)
_711_/CLK                               2.600000    3.216757   -0.616757 (VIOLATED)
_712_/CLK                               2.600000    3.216757   -0.616757 (VIOLATED)
_713_/CLK                               2.600000    3.216757   -0.616757 (VIOLATED)
_714_/CLK                               2.600000    3.216757   -0.616757 (VIOLATED)
_715_/CLK                               2.600000    3.216757   -0.616757 (VIOLATED)
_716_/CLK                               2.600000    3.216757   -0.616757 (VIOLATED)
_717_/CLK                               2.600000    3.216757   -0.616757 (VIOLATED)
_718_/CLK                               2.600000    3.216757   -0.616757 (VIOLATED)
_719_/CLK                               2.600000    3.216757   -0.616757 (VIOLATED)
_720_/CLK                               2.600000    3.216757   -0.616757 (VIOLATED)
_721_/CLK                               2.600000    3.216757   -0.616757 (VIOLATED)
_722_/CLK                               2.600000    3.216757   -0.616757 (VIOLATED)
_723_/CLK                               2.600000    3.216757   -0.616757 (VIOLATED)
_724_/CLK                               2.600000    3.216757   -0.616757 (VIOLATED)
_725_/CLK                               2.600000    3.216757   -0.616757 (VIOLATED)
_726_/CLK                               2.600000    3.216757   -0.616757 (VIOLATED)
_727_/CLK                               2.600000    3.216757   -0.616757 (VIOLATED)
_728_/CLK                               2.600000    3.216757   -0.616757 (VIOLATED)
_729_/CLK                               2.600000    3.216757   -0.616757 (VIOLATED)
_730_/CLK                               2.600000    3.216757   -0.616757 (VIOLATED)
_731_/CLK                               2.600000    3.216757   -0.616757 (VIOLATED)
_732_/CLK                               2.600000    3.216757   -0.616757 (VIOLATED)
_733_/CLK                               2.600000    3.216757   -0.616757 (VIOLATED)
_734_/CLK                               2.600000    3.216757   -0.616757 (VIOLATED)
_735_/CLK                               2.600000    3.216757   -0.616757 (VIOLATED)
_736_/CLK                               2.600000    3.216757   -0.616757 (VIOLATED)
_737_/CLK                               2.600000    3.216757   -0.616757 (VIOLATED)
_738_/CLK                               2.600000    3.216757   -0.616757 (VIOLATED)
_739_/CLK                               2.600000    3.216757   -0.616757 (VIOLATED)
_740_/CLK                               2.600000    3.216757   -0.616757 (VIOLATED)
_741_/CLK                               2.600000    3.216757   -0.616757 (VIOLATED)
_742_/CLK                               2.600000    3.216757   -0.616757 (VIOLATED)
_743_/CLK                               2.600000    3.216757   -0.616757 (VIOLATED)
_744_/CLK                               2.600000    3.216757   -0.616757 (VIOLATED)
_745_/CLK                               2.600000    3.216757   -0.616757 (VIOLATED)
_746_/CLK                               2.600000    3.216757   -0.616757 (VIOLATED)
_747_/CLK                               2.600000    3.216757   -0.616757 (VIOLATED)
_748_/CLK                               2.600000    3.216757   -0.616757 (VIOLATED)
_749_/CLK                               2.600000    3.216757   -0.616757 (VIOLATED)
_750_/CLK                               2.600000    3.216757   -0.616757 (VIOLATED)
_751_/CLK                               2.600000    3.216757   -0.616757 (VIOLATED)
_752_/CLK                               2.600000    3.216757   -0.616757 (VIOLATED)
_753_/CLK                               2.600000    3.216757   -0.616757 (VIOLATED)
_754_/CLK                               2.600000    3.216757   -0.616757 (VIOLATED)
_755_/CLK                               2.600000    3.216757   -0.616757 (VIOLATED)
_756_/CLK                               2.600000    3.216757   -0.616757 (VIOLATED)
_757_/CLK                               2.600000    3.216757   -0.616757 (VIOLATED)
_758_/CLK                               2.600000    3.216757   -0.616757 (VIOLATED)

max fanout

Pin                                   Limit Fanout  Slack
---------------------------------------------------------
_682_/Q                                  10     86    -76 (VIOLATED)
rst_n                                    10     61    -51 (VIOLATED)
_758_/Q                                  10     18     -8 (VIOLATED)
_420_/ZN                                 10     17     -7 (VIOLATED)
_421_/Z                                  10     12     -2 (VIOLATED)
_684_/Q                                  10     11        (VIOLATED)

max capacitance

Pin                                        Limit         Cap       Slack
------------------------------------------------------------------------
rst_n                                   0.200000    0.351624   -0.151624 (VIOLATED)
_682_/Q                                 0.200000    0.289351   -0.089351 (VIOLATED)



===========================================================================
report_parasitic_annotation -report_unannotated
============================================================================
Found 440 unannotated drivers.
 address_in[0]
 address_in[1]
 address_in[2]
 clk
 data_in[0]
 data_in[1]
 data_in[2]
 data_in[3]
 data_in[4]
 ena
 rst_n
 write_strobe_in
 _334_/ZN
 _335_/ZN
 _336_/ZN
 _337_/ZN
 _338_/ZN
 _339_/ZN
 _340_/ZN
 _341_/ZN
 _342_/ZN
 _343_/ZN
 _344_/ZN
 _345_/ZN
 _346_/ZN
 _347_/ZN
 _348_/ZN
 _349_/ZN
 _350_/ZN
 _351_/ZN
 _352_/ZN
 _353_/ZN
 _354_/Z
 _355_/ZN
 _356_/ZN
 _357_/ZN
 _358_/ZN
 _359_/ZN
 _360_/ZN
 _361_/Z
 _362_/Z
 _363_/Z
 _364_/ZN
 _365_/Z
 _366_/Z
 _367_/Z
 _368_/Z
 _369_/ZN
 _370_/Z
 _371_/Z
 _372_/Z
 _373_/Z
 _374_/ZN
 _375_/ZN
 _376_/ZN
 _377_/ZN
 _378_/ZN
 _379_/ZN
 _380_/ZN
 _381_/ZN
 _382_/ZN
 _383_/Z
 _384_/ZN
 _385_/ZN
 _386_/ZN
 _387_/Z
 _388_/Z
 _389_/Z
 _390_/ZN
 _391_/ZN
 _392_/ZN
 _393_/ZN
 _394_/ZN
 _395_/ZN
 _396_/ZN
 _397_/ZN
 _398_/ZN
 _399_/ZN
 _400_/ZN
 _401_/Z
 _402_/ZN
 _403_/Z
 _404_/ZN
 _405_/ZN
 _406_/Z
 _407_/ZN
 _408_/ZN
 _409_/Z
 _410_/ZN
 _411_/ZN
 _412_/Z
 _413_/ZN
 _414_/ZN
 _415_/ZN
 _416_/ZN
 _417_/ZN
 _418_/Z
 _419_/ZN
 _420_/ZN
 _421_/Z
 _422_/ZN
 _423_/ZN
 _424_/ZN
 _425_/ZN
 _426_/ZN
 _427_/ZN
 _428_/ZN
 _429_/ZN
 _430_/ZN
 _431_/ZN
 _432_/ZN
 _433_/Z
 _434_/Z
 _435_/ZN
 _436_/Z
 _437_/ZN
 _438_/Z
 _439_/ZN
 _440_/ZN
 _441_/ZN
 _442_/ZN
 _443_/ZN
 _444_/Z
 _445_/ZN
 _446_/ZN
 _447_/ZN
 _448_/ZN
 _449_/Z
 _450_/ZN
 _451_/Z
 _452_/ZN
 _453_/ZN
 _454_/ZN
 _455_/ZN
 _456_/ZN
 _457_/ZN
 _458_/ZN
 _459_/ZN
 _460_/ZN
 _461_/Z
 _462_/ZN
 _463_/ZN
 _464_/ZN
 _465_/ZN
 _466_/Z
 _467_/ZN
 _468_/ZN
 _469_/ZN
 _470_/ZN
 _471_/ZN
 _472_/ZN
 _473_/Z
 _474_/ZN
 _475_/ZN
 _476_/ZN
 _477_/Z
 _478_/ZN
 _479_/ZN
 _480_/Z
 _481_/Z
 _482_/Z
 _483_/Z
 _484_/Z
 _485_/Z
 _486_/Z
 _487_/ZN
 _488_/Z
 _489_/ZN
 _490_/ZN
 _491_/ZN
 _492_/Z
 _493_/Z
 _494_/Z
 _495_/ZN
 _496_/ZN
 _497_/ZN
 _498_/ZN
 _499_/ZN
 _500_/ZN
 _501_/ZN
 _502_/Z
 _503_/ZN
 _504_/ZN
 _505_/ZN
 _506_/ZN
 _507_/ZN
 _508_/Z
 _509_/Z
 _510_/ZN
 _511_/ZN
 _512_/Z
 _513_/Z
 _514_/ZN
 _515_/ZN
 _516_/ZN
 _517_/ZN
 _518_/ZN
 _519_/ZN
 _520_/ZN
 _521_/ZN
 _522_/ZN
 _523_/ZN
 _524_/Z
 _525_/Z
 _526_/Z
 _527_/ZN
 _528_/ZN
 _529_/ZN
 _530_/ZN
 _531_/ZN
 _532_/ZN
 _533_/Z
 _534_/ZN
 _535_/ZN
 _536_/ZN
 _537_/ZN
 _538_/ZN
 _539_/ZN
 _540_/ZN
 _541_/ZN
 _542_/Z
 _543_/Z
 _544_/ZN
 _545_/Z
 _546_/ZN
 _547_/ZN
 _548_/ZN
 _549_/ZN
 _550_/ZN
 _551_/ZN
 _552_/Z
 _553_/ZN
 _554_/Z
 _555_/ZN
 _556_/ZN
 _557_/ZN
 _558_/ZN
 _559_/ZN
 _560_/ZN
 _561_/ZN
 _562_/Z
 _563_/ZN
 _564_/ZN
 _565_/ZN
 _566_/ZN
 _567_/ZN
 _568_/ZN
 _569_/ZN
 _570_/ZN
 _571_/ZN
 _572_/ZN
 _573_/ZN
 _574_/ZN
 _575_/ZN
 _576_/Z
 _577_/ZN
 _578_/ZN
 _579_/ZN
 _580_/ZN
 _581_/ZN
 _582_/Z
 _583_/ZN
 _584_/ZN
 _585_/ZN
 _586_/Z
 _587_/ZN
 _588_/Z
 _589_/Z
 _590_/Z
 _591_/ZN
 _592_/ZN
 _593_/ZN
 _594_/ZN
 _595_/Z
 _596_/ZN
 _597_/ZN
 _598_/ZN
 _599_/ZN
 _600_/ZN
 _601_/ZN
 _602_/ZN
 _603_/Z
 _604_/Z
 _605_/ZN
 _606_/ZN
 _607_/ZN
 _608_/Z
 _609_/Z
 _610_/Z
 _611_/Z
 _612_/Z
 _613_/Z
 _614_/Z
 _615_/Z
 _616_/Z
 _617_/Z
 _618_/ZN
 _619_/Z
 _620_/ZN
 _621_/ZN
 _622_/ZN
 _623_/ZN
 _624_/ZN
 _625_/ZN
 _626_/ZN
 _627_/ZN
 _628_/ZN
 _629_/ZN
 _630_/Z
 _631_/ZN
 _632_/ZN
 _633_/ZN
 _634_/ZN
 _635_/Z
 _636_/ZN
 _637_/Z
 _638_/ZN
 _639_/ZN
 _640_/ZN
 _641_/ZN
 _642_/ZN
 _643_/ZN
 _644_/ZN
 _645_/ZN
 _646_/ZN
 _647_/Z
 _648_/ZN
 _649_/ZN
 _650_/ZN
 _651_/ZN
 _652_/ZN
 _653_/ZN
 _654_/ZN
 _655_/ZN
 _656_/ZN
 _657_/ZN
 _658_/ZN
 _659_/ZN
 _660_/ZN
 _661_/ZN
 _662_/ZN
 _663_/ZN
 _664_/ZN
 _665_/Q
 _666_/Q
 _667_/Q
 _668_/Q
 _669_/Q
 _670_/Q
 _671_/Q
 _672_/Q
 _673_/Q
 _674_/Q
 _675_/Q
 _676_/Q
 _677_/Q
 _678_/Q
 _679_/Q
 _680_/Q
 _681_/Q
 _682_/Q
 _683_/Q
 _684_/Q
 _685_/Q
 _686_/Q
 _687_/Q
 _688_/Q
 _689_/Q
 _690_/Q
 _691_/Q
 _692_/Q
 _693_/Q
 _694_/Q
 _695_/Q
 _696_/Q
 _697_/Q
 _698_/Q
 _699_/Q
 _700_/Q
 _701_/Q
 _702_/Q
 _703_/Q
 _704_/Q
 _705_/Q
 _706_/Q
 _707_/Q
 _708_/Q
 _709_/Q
 _710_/Q
 _711_/Q
 _712_/Q
 _713_/Q
 _714_/Q
 _715_/Q
 _716_/Q
 _717_/Q
 _718_/Q
 _719_/Q
 _720_/Q
 _721_/Q
 _722_/Q
 _723_/Q
 _724_/Q
 _725_/Q
 _726_/Q
 _727_/Q
 _728_/Q
 _729_/Q
 _730_/Q
 _731_/Q
 _732_/Q
 _733_/Q
 _734_/Q
 _735_/Q
 _736_/Q
 _737_/Q
 _738_/Q
 _739_/Q
 _740_/Q
 _741_/Q
 _742_/Q
 _743_/Q
 _744_/Q
 _745_/Q
 _746_/Q
 _747_/Q
 _748_/Q
 _749_/Q
 _750_/Q
 _751_/Q
 _752_/Q
 _753_/Q
 _754_/Q
 _755_/Q
 _756_/Q
 _757_/Q
 _758_/Q
 _759_/ZN
 _760_/ZN
 _761_/ZN
Found 0 partially unannotated drivers.

===========================================================================
max slew violation count 149
%OL_METRIC_I design__max_slew_violation__count__corner:nom_ff_n40C_5v50 149
max fanout violation count 6
%OL_METRIC_I design__max_fanout_violation__count__corner:nom_ff_n40C_5v50 6
max cap violation count 2
%OL_METRIC_I design__max_cap_violation__count__corner:nom_ff_n40C_5v50 2
============================================================================

===========================================================================
check_setup -verbose -unconstrained_endpoints -multiple_clock -no_clock -no_input_delay -loops -generated_clocks
===========================================================================
Warning: There are 85 unclocked register/latch pins.
  _665_/CLK
  _666_/CLK
  _667_/CLK
  _668_/CLK
  _669_/CLK
  _670_/CLK
  _671_/CLK
  _672_/CLK
  _673_/CLK
  _674_/CLK
  _675_/CLK
  _676_/CLK
  _677_/CLK
  _678_/CLK
  _679_/CLK
  _680_/CLK
  _681_/CLK
  _683_/CLK
  _684_/CLK
  _685_/CLK
  _694_/CLK
  _695_/CLK
  _696_/CLK
  _697_/CLK
  _698_/CLK
  _699_/CLK
  _700_/CLK
  _701_/CLK
  _702_/CLK
  _703_/CLK
  _704_/CLK
  _705_/CLK
  _706_/CLK
  _707_/CLK
  _708_/CLK
  _709_/CLK
  _710_/CLK
  _711_/CLK
  _712_/CLK
  _713_/CLK
  _714_/CLK
  _715_/CLK
  _716_/CLK
  _717_/CLK
  _718_/CLK
  _719_/CLK
  _720_/CLK
  _721_/CLK
  _722_/CLK
  _723_/CLK
  _724_/CLK
  _725_/CLK
  _726_/CLK
  _727_/CLK
  _728_/CLK
  _729_/CLK
  _730_/CLK
  _731_/CLK
  _732_/CLK
  _733_/CLK
  _734_/CLK
  _735_/CLK
  _736_/CLK
  _737_/CLK
  _738_/CLK
  _739_/CLK
  _740_/CLK
  _741_/CLK
  _742_/CLK
  _743_/CLK
  _744_/CLK
  _745_/CLK
  _746_/CLK
  _747_/CLK
  _748_/CLK
  _749_/CLK
  _750_/CLK
  _751_/CLK
  _752_/CLK
  _753_/CLK
  _754_/CLK
  _755_/CLK
  _756_/CLK
  _757_/CLK
  _758_/CLK
Warning: There are 89 unconstrained endpoints.
  signal_bit_out
  _665_/D
  _666_/D
  _667_/D
  _668_/D
  _669_/D
  _670_/D
  _671_/D
  _672_/D
  _673_/D
  _674_/D
  _675_/D
  _676_/D
  _677_/D
  _678_/D
  _679_/D
  _680_/D
  _681_/D
  _683_/D
  _684_/D
  _685_/D
  _691_/D
  _692_/D
  _693_/D
  _694_/D
  _695_/D
  _696_/D
  _697_/D
  _698_/D
  _699_/D
  _700_/D
  _701_/D
  _702_/D
  _703_/D
  _704_/D
  _705_/D
  _706_/D
  _707_/D
  _708_/D
  _709_/D
  _710_/D
  _711_/D
  _712_/D
  _713_/D
  _714_/D
  _715_/D
  _716_/D
  _717_/D
  _718_/D
  _719_/D
  _720_/D
  _721_/D
  _722_/D
  _723_/D
  _724_/D
  _725_/D
  _726_/D
  _727_/D
  _728_/D
  _729_/D
  _730_/D
  _731_/D
  _732_/D
  _733_/D
  _734_/D
  _735_/D
  _736_/D
  _737_/D
  _738_/D
  _739_/D
  _740_/D
  _741_/D
  _742_/D
  _743_/D
  _744_/D
  _745_/D
  _746_/D
  _747_/D
  _748_/D
  _749_/D
  _750_/D
  _751_/D
  _752_/D
  _753_/D
  _754_/D
  _755_/D
  _756_/D
  _757_/D
  _758_/D
%OL_END_REPORT
%OL_CREATE_REPORT power.rpt

===========================================================================
 report_power
============================================================================
======================= nom_ff_n40C_5v50 Corner ===================================

Group                    Internal    Switching      Leakage        Total
                            Power        Power        Power        Power (Watts)
------------------------------------------------------------------------
Sequential           2.061718e-03 5.264238e-04 4.528633e-08 2.588188e-03  83.8%
Combinational        4.199383e-04 8.199221e-05 4.777021e-08 5.019783e-04  16.2%
Clock                0.000000e+00 0.000000e+00 0.000000e+00 0.000000e+00   0.0%
Macro                0.000000e+00 0.000000e+00 0.000000e+00 0.000000e+00   0.0%
Pad                  0.000000e+00 0.000000e+00 0.000000e+00 0.000000e+00   0.0%
------------------------------------------------------------------------
Total                2.481657e-03 6.084159e-04 9.305652e-08 3.090166e-03 100.0%
                            80.3%        19.7%         0.0%
%OL_METRIC_F power__internal__total 0.0024816568475216627
%OL_METRIC_F power__switching__total 0.0006084159249439836
%OL_METRIC_F power__leakage__total 9.305652071134318e-8
%OL_METRIC_F power__total 0.0030901660211384296

%OL_END_REPORT
%OL_CREATE_REPORT skew.min.rpt

===========================================================================
Clock Skew (Hold)
============================================================================
%OL_METRIC_F clock__skew__worst_hold__corner:nom_ff_n40C_5v50 -0.25
======================= nom_ff_n40C_5v50 Corner ===================================

Clock clk
0.051926 source latency _682_/CLK ^
-0.051926 target latency _682_/CLK ^
-0.250000 clock uncertainty
0.000000 CRPR
--------------
-0.250000 hold skew

%OL_END_REPORT
%OL_CREATE_REPORT skew.max.rpt

===========================================================================
Clock Skew (Setup)
============================================================================
%OL_METRIC_F clock__skew__worst_setup__corner:nom_ff_n40C_5v50 0.25
======================= nom_ff_n40C_5v50 Corner ===================================

Clock clk
0.051926 source latency _682_/CLK ^
-0.051926 target latency _682_/CLK ^
0.250000 clock uncertainty
0.000000 CRPR
--------------
0.250000 setup skew

%OL_END_REPORT
%OL_CREATE_REPORT ws.min.rpt

===========================================================================
Worst Slack (Hold)
============================================================================
%OL_METRIC_F timing__hold__ws__corner:nom_ff_n40C_5v50 0.3329051850636363
nom_ff_n40C_5v50: 0.3329051850636363
%OL_END_REPORT
%OL_CREATE_REPORT ws.max.rpt

===========================================================================
Worst Slack (Setup)
============================================================================
%OL_METRIC_F timing__setup__ws__corner:nom_ff_n40C_5v50 12.169953389505439
nom_ff_n40C_5v50: 12.169953389505439
%OL_END_REPORT
%OL_CREATE_REPORT tns.min.rpt

===========================================================================
Total Negative Slack (Hold)
============================================================================
%OL_METRIC_F timing__hold__tns__corner:nom_ff_n40C_5v50 0.0
nom_ff_n40C_5v50: 0.0
%OL_END_REPORT
%OL_CREATE_REPORT tns.max.rpt

===========================================================================
Total Negative Slack (Setup)
============================================================================
%OL_METRIC_F timing__setup__tns__corner:nom_ff_n40C_5v50 0.0
nom_ff_n40C_5v50: 0.0
%OL_END_REPORT
%OL_CREATE_REPORT wns.min.rpt

===========================================================================
Worst Negative Slack (Hold)
============================================================================
%OL_METRIC_F timing__hold__wns__corner:nom_ff_n40C_5v50 0
nom_ff_n40C_5v50: 0
%OL_END_REPORT
%OL_CREATE_REPORT wns.max.rpt

===========================================================================
Worst Negative Slack (Setup)
============================================================================
%OL_METRIC_F timing__setup__wns__corner:nom_ff_n40C_5v50 0.0
nom_ff_n40C_5v50: 0.0
%OL_END_REPORT
%OL_CREATE_REPORT violator_list.rpt

===========================================================================
Violator List
============================================================================
%OL_METRIC_I timing__hold_vio__count__corner:nom_ff_n40C_5v50 0
%OL_METRIC_F timing__hold_r2r__ws__corner:nom_ff_n40C_5v50 0.332905
%OL_METRIC_I timing__hold_r2r_vio__count__corner:nom_ff_n40C_5v50 0
%OL_METRIC_I timing__setup_vio__count__corner:nom_ff_n40C_5v50 0
%OL_METRIC_F timing__setup_r2r__ws__corner:nom_ff_n40C_5v50 inf
%OL_METRIC_I timing__setup_r2r_vio__count__corner:nom_ff_n40C_5v50 0
%OL_END_REPORT
%OL_CREATE_REPORT unpropagated.rpt
clk
%OL_END_REPORT
%OL_CREATE_REPORT clock.rpt
Clock: clk
Sources: clk 
Generated: no
Virtual: no
Propagated: no
Period: 20.000000

===========================================================================
report_clock_properties
============================================================================
Clock                   Period          Waveform
----------------------------------------------------
clk                  20.000000    0.000000 10.000000

===========================================================================
report_clock_latency
============================================================================
Clock clk
rise -> rise
    min     max
0.000000 0.000000 source latency
0.051926         network latency _682_/CLK
        2.351658 network latency _665_/CLK
---------------
0.051926 2.351658 latency
        2.299732 skew

rise -> fall
    min     max
0.000000 0.000000 source latency
1.600965         network latency _665_/CLK
        1.600965 network latency _665_/CLK
---------------
1.600965 1.600965 latency
        0.000000 skew

fall -> fall
    min     max
0.000000 0.000000 source latency
0.030414         network latency _682_/CLK
        0.030414 network latency _682_/CLK
---------------
0.030414 0.030414 latency
        0.000000 skew



===========================================================================
report_clock_min_period
============================================================================
clk period_min = 3.04 fmax = 328.97
%OL_END_REPORT
Writing SDF files for all corners…
