Clock: clk
Sources: clk 
Generated: no
Virtual: yes
Propagated: no
Period: 20.000000

===========================================================================
report_clock_properties
============================================================================
Clock                   Period          Waveform
----------------------------------------------------
clk                  20.000000    0.000000 10.000000

===========================================================================
report_clock_latency
============================================================================
Clock clk
rise -> rise
    min     max
0.000000 0.000000 source latency
0.353254         network latency _265_/CLK
        1.726698 network latency _261_/CLK
---------------
0.353254 1.726698 latency
        1.373444 skew

rise -> fall
    min     max
0.000000 0.000000 source latency
1.127978         network latency _233_/CLK
        1.535164 network latency _261_/CLK
---------------
1.127978 1.535164 latency
        0.407186 skew

fall -> fall
    min     max
0.000000 0.000000 source latency
0.324528         network latency _265_/CLK
        0.325820 network latency _223_/CLK
---------------
0.324528 0.325820 latency
        0.001292 skew



===========================================================================
report_clock_min_period
============================================================================
clk period_min = 2.18 fmax = 458.25
