
===========================================================================
report_checks -path_delay min (Hold)
============================================================================
======================= max_ff_n40C_5v50 Corner ===================================

Startpoint: _222_ (rising edge-triggered flip-flop clocked by clk)
Endpoint: _222_ (rising edge-triggered flip-flop clocked by clk)
Path Group: clk
Path Type: min

Fanout         Cap        Slew       Delay        Time   Description
---------------------------------------------------------------------------------------------
                                  0.000000    0.000000   clock clk (rise edge)
                                  0.000000    0.000000   clock source latency
     1    0.025078    0.088860    0.042844    0.042844 ^ clk (in)
                                                         clk (net)
                      0.088860    0.000000    0.042844 ^ clkbuf_0_clk/I (gf180mcu_fd_sc_mcu7t5v0__clkbuf_16)
     2    0.048465    0.072822    0.161033    0.203877 ^ clkbuf_0_clk/Z (gf180mcu_fd_sc_mcu7t5v0__clkbuf_16)
                                                         clknet_0_clk (net)
                      0.072823    0.000384    0.204261 ^ clkbuf_1_1__f_clk/I (gf180mcu_fd_sc_mcu7t5v0__clkbuf_16)
     5    0.029250    0.062055    0.149684    0.353945 ^ clkbuf_1_1__f_clk/Z (gf180mcu_fd_sc_mcu7t5v0__clkbuf_16)
                                                         clknet_1_1__leaf_clk (net)
                      0.062055    0.000169    0.354115 ^ _222_/CLK (gf180mcu_fd_sc_mcu7t5v0__dffrnq_1)
     3    0.025223    0.190590    0.518237    0.872351 v _222_/Q (gf180mcu_fd_sc_mcu7t5v0__dffrnq_1)
                                                         clk_scaler.counter[3] (net)
                      0.190593    0.000471    0.872822 v _142_/A1 (gf180mcu_fd_sc_mcu7t5v0__xnor2_1)
     1    0.009226    0.226108    0.221771    1.094594 ^ _142_/ZN (gf180mcu_fd_sc_mcu7t5v0__xnor2_1)
                                                         _077_ (net)
                      0.226108    0.000225    1.094818 ^ _143_/A2 (gf180mcu_fd_sc_mcu7t5v0__nor2_1)
     1    0.004057    0.105928    0.096928    1.191746 v _143_/ZN (gf180mcu_fd_sc_mcu7t5v0__nor2_1)
                                                         _003_ (net)
                      0.105928    0.000077    1.191824 v _222_/D (gf180mcu_fd_sc_mcu7t5v0__dffrnq_1)
                                              1.191824   data arrival time

                                  0.000000    0.000000   clock clk (rise edge)
                                  0.000000    0.000000   clock source latency
     1    0.025078    0.088860    0.042844    0.042844 ^ clk (in)
                                                         clk (net)
                      0.088860    0.000000    0.042844 ^ clkbuf_0_clk/I (gf180mcu_fd_sc_mcu7t5v0__clkbuf_16)
     2    0.048465    0.072822    0.161033    0.203877 ^ clkbuf_0_clk/Z (gf180mcu_fd_sc_mcu7t5v0__clkbuf_16)
                                                         clknet_0_clk (net)
                      0.072823    0.000384    0.204261 ^ clkbuf_1_1__f_clk/I (gf180mcu_fd_sc_mcu7t5v0__clkbuf_16)
     5    0.029250    0.062055    0.149684    0.353945 ^ clkbuf_1_1__f_clk/Z (gf180mcu_fd_sc_mcu7t5v0__clkbuf_16)
                                                         clknet_1_1__leaf_clk (net)
                      0.062055    0.000169    0.354115 ^ _222_/CLK (gf180mcu_fd_sc_mcu7t5v0__dffrnq_1)
                                  0.100000    0.454115   clock uncertainty
                                  0.000000    0.454115   clock reconvergence pessimism
                                  0.086268    0.540383   library hold time
                                              0.540383   data required time
---------------------------------------------------------------------------------------------
                                              0.540383   data required time
                                             -1.191824   data arrival time
---------------------------------------------------------------------------------------------
                                              0.651441   slack (MET)


Startpoint: _223_ (rising edge-triggered flip-flop clocked by clk)
Endpoint: _223_ (rising edge-triggered flip-flop clocked by clk)
Path Group: clk
Path Type: min

Fanout         Cap        Slew       Delay        Time   Description
---------------------------------------------------------------------------------------------
                                  0.000000    0.000000   clock clk (rise edge)
                                  0.000000    0.000000   clock source latency
     1    0.025078    0.088860    0.042844    0.042844 ^ clk (in)
                                                         clk (net)
                      0.088860    0.000000    0.042844 ^ clkbuf_0_clk/I (gf180mcu_fd_sc_mcu7t5v0__clkbuf_16)
     2    0.048465    0.072822    0.161033    0.203877 ^ clkbuf_0_clk/Z (gf180mcu_fd_sc_mcu7t5v0__clkbuf_16)
                                                         clknet_0_clk (net)
                      0.072823    0.000384    0.204261 ^ clkbuf_1_1__f_clk/I (gf180mcu_fd_sc_mcu7t5v0__clkbuf_16)
     5    0.029250    0.062055    0.149684    0.353945 ^ clkbuf_1_1__f_clk/Z (gf180mcu_fd_sc_mcu7t5v0__clkbuf_16)
                                                         clknet_1_1__leaf_clk (net)
                      0.062056    0.000503    0.354448 ^ _223_/CLK (gf180mcu_fd_sc_mcu7t5v0__dffrnq_1)
     2    0.020248    0.160979    0.498016    0.852464 v _223_/Q (gf180mcu_fd_sc_mcu7t5v0__dffrnq_1)
                                                         clk_scaler.counter[4] (net)
                      0.160982    0.000452    0.852916 v _144_/A1 (gf180mcu_fd_sc_mcu7t5v0__xor2_1)
     1    0.008378    0.238925    0.179672    1.032587 ^ _144_/Z (gf180mcu_fd_sc_mcu7t5v0__xor2_1)
                                                         _078_ (net)
                      0.238925    0.000209    1.032796 ^ _145_/A2 (gf180mcu_fd_sc_mcu7t5v0__nor2_1)
     1    0.012251    0.165807    0.151747    1.184543 v _145_/ZN (gf180mcu_fd_sc_mcu7t5v0__nor2_1)
                                                         _004_ (net)
                      0.165807    0.000386    1.184929 v _223_/D (gf180mcu_fd_sc_mcu7t5v0__dffrnq_1)
                                              1.184929   data arrival time

                                  0.000000    0.000000   clock clk (rise edge)
                                  0.000000    0.000000   clock source latency
     1    0.025078    0.088860    0.042844    0.042844 ^ clk (in)
                                                         clk (net)
                      0.088860    0.000000    0.042844 ^ clkbuf_0_clk/I (gf180mcu_fd_sc_mcu7t5v0__clkbuf_16)
     2    0.048465    0.072822    0.161033    0.203877 ^ clkbuf_0_clk/Z (gf180mcu_fd_sc_mcu7t5v0__clkbuf_16)
                                                         clknet_0_clk (net)
                      0.072823    0.000384    0.204261 ^ clkbuf_1_1__f_clk/I (gf180mcu_fd_sc_mcu7t5v0__clkbuf_16)
     5    0.029250    0.062055    0.149684    0.353945 ^ clkbuf_1_1__f_clk/Z (gf180mcu_fd_sc_mcu7t5v0__clkbuf_16)
                                                         clknet_1_1__leaf_clk (net)
                      0.062056    0.000503    0.354448 ^ _223_/CLK (gf180mcu_fd_sc_mcu7t5v0__dffrnq_1)
                                  0.100000    0.454448   clock uncertainty
                                  0.000000    0.454448   clock reconvergence pessimism
                                  0.075426    0.529874   library hold time
                                              0.529874   data required time
---------------------------------------------------------------------------------------------
                                              0.529874   data required time
                                             -1.184929   data arrival time
---------------------------------------------------------------------------------------------
                                              0.655055   slack (MET)


Startpoint: _221_ (rising edge-triggered flip-flop clocked by clk)
Endpoint: _221_ (rising edge-triggered flip-flop clocked by clk)
Path Group: clk
Path Type: min

Fanout         Cap        Slew       Delay        Time   Description
---------------------------------------------------------------------------------------------
                                  0.000000    0.000000   clock clk (rise edge)
                                  0.000000    0.000000   clock source latency
     1    0.025078    0.088860    0.042844    0.042844 ^ clk (in)
                                                         clk (net)
                      0.088860    0.000000    0.042844 ^ clkbuf_0_clk/I (gf180mcu_fd_sc_mcu7t5v0__clkbuf_16)
     2    0.048465    0.072822    0.161033    0.203877 ^ clkbuf_0_clk/Z (gf180mcu_fd_sc_mcu7t5v0__clkbuf_16)
                                                         clknet_0_clk (net)
                      0.072823    0.000384    0.204261 ^ clkbuf_1_1__f_clk/I (gf180mcu_fd_sc_mcu7t5v0__clkbuf_16)
     5    0.029250    0.062055    0.149684    0.353945 ^ clkbuf_1_1__f_clk/Z (gf180mcu_fd_sc_mcu7t5v0__clkbuf_16)
                                                         clknet_1_1__leaf_clk (net)
                      0.062056    0.000287    0.354233 ^ _221_/CLK (gf180mcu_fd_sc_mcu7t5v0__dffrnq_1)
     3    0.034028    0.243661    0.553959    0.908191 v _221_/Q (gf180mcu_fd_sc_mcu7t5v0__dffrnq_1)
                                                         clk_scaler.counter[2] (net)
                      0.243668    0.000876    0.909068 v _139_/B (gf180mcu_fd_sc_mcu7t5v0__aoi21_1)
     1    0.007693    0.210359    0.174989    1.084057 ^ _139_/ZN (gf180mcu_fd_sc_mcu7t5v0__aoi21_1)
                                                         _075_ (net)
                      0.210359    0.000109    1.084167 ^ _140_/A3 (gf180mcu_fd_sc_mcu7t5v0__nor3_1)
     1    0.006274    0.137647    0.139839    1.224006 v _140_/ZN (gf180mcu_fd_sc_mcu7t5v0__nor3_1)
                                                         _002_ (net)
                      0.137647    0.000090    1.224096 v _221_/D (gf180mcu_fd_sc_mcu7t5v0__dffrnq_1)
                                              1.224096   data arrival time

                                  0.000000    0.000000   clock clk (rise edge)
                                  0.000000    0.000000   clock source latency
     1    0.025078    0.088860    0.042844    0.042844 ^ clk (in)
                                                         clk (net)
                      0.088860    0.000000    0.042844 ^ clkbuf_0_clk/I (gf180mcu_fd_sc_mcu7t5v0__clkbuf_16)
     2    0.048465    0.072822    0.161033    0.203877 ^ clkbuf_0_clk/Z (gf180mcu_fd_sc_mcu7t5v0__clkbuf_16)
                                                         clknet_0_clk (net)
                      0.072823    0.000384    0.204261 ^ clkbuf_1_1__f_clk/I (gf180mcu_fd_sc_mcu7t5v0__clkbuf_16)
     5    0.029250    0.062055    0.149684    0.353945 ^ clkbuf_1_1__f_clk/Z (gf180mcu_fd_sc_mcu7t5v0__clkbuf_16)
                                                         clknet_1_1__leaf_clk (net)
                      0.062056    0.000287    0.354233 ^ _221_/CLK (gf180mcu_fd_sc_mcu7t5v0__dffrnq_1)
                                  0.100000    0.454233   clock uncertainty
                                  0.000000    0.454233   clock reconvergence pessimism
                                  0.080525    0.534758   library hold time
                                              0.534758   data required time
---------------------------------------------------------------------------------------------
                                              0.534758   data required time
                                             -1.224096   data arrival time
---------------------------------------------------------------------------------------------
                                              0.689339   slack (MET)


Startpoint: _219_ (rising edge-triggered flip-flop clocked by clk)
Endpoint: _219_ (rising edge-triggered flip-flop clocked by clk)
Path Group: clk
Path Type: min

Fanout         Cap        Slew       Delay        Time   Description
---------------------------------------------------------------------------------------------
                                  0.000000    0.000000   clock clk (rise edge)
                                  0.000000    0.000000   clock source latency
     1    0.025078    0.088860    0.042844    0.042844 ^ clk (in)
                                                         clk (net)
                      0.088860    0.000000    0.042844 ^ clkbuf_0_clk/I (gf180mcu_fd_sc_mcu7t5v0__clkbuf_16)
     2    0.048465    0.072822    0.161033    0.203877 ^ clkbuf_0_clk/Z (gf180mcu_fd_sc_mcu7t5v0__clkbuf_16)
                                                         clknet_0_clk (net)
                      0.072823    0.000384    0.204261 ^ clkbuf_1_1__f_clk/I (gf180mcu_fd_sc_mcu7t5v0__clkbuf_16)
     5    0.029250    0.062055    0.149684    0.353945 ^ clkbuf_1_1__f_clk/Z (gf180mcu_fd_sc_mcu7t5v0__clkbuf_16)
                                                         clknet_1_1__leaf_clk (net)
                      0.062056    0.000475    0.354421 ^ _219_/CLK (gf180mcu_fd_sc_mcu7t5v0__dffrnq_1)
     5    0.048068    0.546985    0.808258    1.162678 ^ _219_/Q (gf180mcu_fd_sc_mcu7t5v0__dffrnq_1)
                                                         clk_scaler.counter[0] (net)
                      0.546988    0.000729    1.163407 ^ _135_/A1 (gf180mcu_fd_sc_mcu7t5v0__nor2_1)
     1    0.004803    0.134750    0.085226    1.248634 v _135_/ZN (gf180mcu_fd_sc_mcu7t5v0__nor2_1)
                                                         _000_ (net)
                      0.134750    0.000103    1.248737 v _219_/D (gf180mcu_fd_sc_mcu7t5v0__dffrnq_1)
                                              1.248737   data arrival time

                                  0.000000    0.000000   clock clk (rise edge)
                                  0.000000    0.000000   clock source latency
     1    0.025078    0.088860    0.042844    0.042844 ^ clk (in)
                                                         clk (net)
                      0.088860    0.000000    0.042844 ^ clkbuf_0_clk/I (gf180mcu_fd_sc_mcu7t5v0__clkbuf_16)
     2    0.048465    0.072822    0.161033    0.203877 ^ clkbuf_0_clk/Z (gf180mcu_fd_sc_mcu7t5v0__clkbuf_16)
                                                         clknet_0_clk (net)
                      0.072823    0.000384    0.204261 ^ clkbuf_1_1__f_clk/I (gf180mcu_fd_sc_mcu7t5v0__clkbuf_16)
     5    0.029250    0.062055    0.149684    0.353945 ^ clkbuf_1_1__f_clk/Z (gf180mcu_fd_sc_mcu7t5v0__clkbuf_16)
                                                         clknet_1_1__leaf_clk (net)
                      0.062056    0.000475    0.354421 ^ _219_/CLK (gf180mcu_fd_sc_mcu7t5v0__dffrnq_1)
                                  0.100000    0.454421   clock uncertainty
                                  0.000000    0.454421   clock reconvergence pessimism
                                  0.081050    0.535470   library hold time
                                              0.535470   data required time
---------------------------------------------------------------------------------------------
                                              0.535470   data required time
                                             -1.248737   data arrival time
---------------------------------------------------------------------------------------------
                                              0.713266   slack (MET)


Startpoint: _220_ (rising edge-triggered flip-flop clocked by clk)
Endpoint: _220_ (rising edge-triggered flip-flop clocked by clk)
Path Group: clk
Path Type: min

Fanout         Cap        Slew       Delay        Time   Description
---------------------------------------------------------------------------------------------
                                  0.000000    0.000000   clock clk (rise edge)
                                  0.000000    0.000000   clock source latency
     1    0.025078    0.088860    0.042844    0.042844 ^ clk (in)
                                                         clk (net)
                      0.088860    0.000000    0.042844 ^ clkbuf_0_clk/I (gf180mcu_fd_sc_mcu7t5v0__clkbuf_16)
     2    0.048465    0.072822    0.161033    0.203877 ^ clkbuf_0_clk/Z (gf180mcu_fd_sc_mcu7t5v0__clkbuf_16)
                                                         clknet_0_clk (net)
                      0.072823    0.000384    0.204261 ^ clkbuf_1_1__f_clk/I (gf180mcu_fd_sc_mcu7t5v0__clkbuf_16)
     5    0.029250    0.062055    0.149684    0.353945 ^ clkbuf_1_1__f_clk/Z (gf180mcu_fd_sc_mcu7t5v0__clkbuf_16)
                                                         clknet_1_1__leaf_clk (net)
                      0.062056    0.000437    0.354382 ^ _220_/CLK (gf180mcu_fd_sc_mcu7t5v0__dffrnq_1)
     4    0.044704    0.310852    0.596897    0.951279 v _220_/Q (gf180mcu_fd_sc_mcu7t5v0__dffrnq_1)
                                                         clk_scaler.counter[1] (net)
                      0.310856    0.000565    0.951845 v _136_/A2 (gf180mcu_fd_sc_mcu7t5v0__xnor2_1)
     1    0.005736    0.185566    0.209730    1.161574 ^ _136_/ZN (gf180mcu_fd_sc_mcu7t5v0__xnor2_1)
                                                         _073_ (net)
                      0.185566    0.000064    1.161638 ^ _137_/A2 (gf180mcu_fd_sc_mcu7t5v0__nor2_1)
     1    0.005644    0.118761    0.102677    1.264315 v _137_/ZN (gf180mcu_fd_sc_mcu7t5v0__nor2_1)
                                                         _001_ (net)
                      0.118761    0.000121    1.264436 v _220_/D (gf180mcu_fd_sc_mcu7t5v0__dffrnq_1)
                                              1.264436   data arrival time

                                  0.000000    0.000000   clock clk (rise edge)
                                  0.000000    0.000000   clock source latency
     1    0.025078    0.088860    0.042844    0.042844 ^ clk (in)
                                                         clk (net)
                      0.088860    0.000000    0.042844 ^ clkbuf_0_clk/I (gf180mcu_fd_sc_mcu7t5v0__clkbuf_16)
     2    0.048465    0.072822    0.161033    0.203877 ^ clkbuf_0_clk/Z (gf180mcu_fd_sc_mcu7t5v0__clkbuf_16)
                                                         clknet_0_clk (net)
                      0.072823    0.000384    0.204261 ^ clkbuf_1_1__f_clk/I (gf180mcu_fd_sc_mcu7t5v0__clkbuf_16)
     5    0.029250    0.062055    0.149684    0.353945 ^ clkbuf_1_1__f_clk/Z (gf180mcu_fd_sc_mcu7t5v0__clkbuf_16)
                                                         clknet_1_1__leaf_clk (net)
                      0.062056    0.000437    0.354382 ^ _220_/CLK (gf180mcu_fd_sc_mcu7t5v0__dffrnq_1)
                                  0.100000    0.454382   clock uncertainty
                                  0.000000    0.454382   clock reconvergence pessimism
                                  0.083945    0.538326   library hold time
                                              0.538326   data required time
---------------------------------------------------------------------------------------------
                                              0.538326   data required time
                                             -1.264436   data arrival time
---------------------------------------------------------------------------------------------
                                              0.726110   slack (MET)


Startpoint: _225_ (rising edge-triggered flip-flop clocked by clk)
Endpoint: _265_ (rising edge-triggered flip-flop clocked by clk)
Path Group: clk
Path Type: min

Fanout         Cap        Slew       Delay        Time   Description
---------------------------------------------------------------------------------------------
                                  0.000000    0.000000   clock clk (rise edge)
                                  0.000000    0.000000   clock source latency
     1    0.025078    0.088860    0.042844    0.042844 ^ clk (in)
                                                         clk (net)
                      0.088860    0.000000    0.042844 ^ clkbuf_0_clk/I (gf180mcu_fd_sc_mcu7t5v0__clkbuf_16)
     2    0.048465    0.072822    0.161033    0.203877 ^ clkbuf_0_clk/Z (gf180mcu_fd_sc_mcu7t5v0__clkbuf_16)
                                                         clknet_0_clk (net)
                      0.072825    0.000771    0.204648 ^ clkbuf_1_0__f_clk/I (gf180mcu_fd_sc_mcu7t5v0__clkbuf_16)
     5    0.026236    0.060199    0.148276    0.352924 ^ clkbuf_1_0__f_clk/Z (gf180mcu_fd_sc_mcu7t5v0__clkbuf_16)
                                                         clknet_1_0__leaf_clk (net)
                      0.060199    0.000402    0.353326 ^ _225_/CLK (gf180mcu_fd_sc_mcu7t5v0__dffrnq_1)
     1    0.010139    0.159859    0.569643    0.922969 ^ _225_/Q (gf180mcu_fd_sc_mcu7t5v0__dffrnq_1)
                                                         clk_scaler.counter[6] (net)
                      0.159859    0.000226    0.923196 ^ _132_/A1 (gf180mcu_fd_sc_mcu7t5v0__nor3_2)
     2    0.030749    0.202088    0.165567    1.088763 v _132_/ZN (gf180mcu_fd_sc_mcu7t5v0__nor3_2)
                                                         _070_ (net)
                      0.202089    0.000584    1.089346 v _133_/B (gf180mcu_fd_sc_mcu7t5v0__oai21_1)
     1    0.012088    0.241405    0.202049    1.291396 ^ _133_/ZN (gf180mcu_fd_sc_mcu7t5v0__oai21_1)
                                                         _071_ (net)
                      0.241406    0.000303    1.291698 ^ _213_/A2 (gf180mcu_fd_sc_mcu7t5v0__xor2_1)
     1    0.005191    0.114716    0.083394    1.375092 v _213_/Z (gf180mcu_fd_sc_mcu7t5v0__xor2_1)
                                                         _110_ (net)
                      0.114716    0.000066    1.375158 v _214_/A2 (gf180mcu_fd_sc_mcu7t5v0__and2_1)
     1    0.004351    0.075055    0.177309    1.552467 v _214_/Z (gf180mcu_fd_sc_mcu7t5v0__and2_1)
                                                         _036_ (net)
                      0.075055    0.000051    1.552518 v _265_/D (gf180mcu_fd_sc_mcu7t5v0__dffrnq_1)
                                              1.552518   data arrival time

                                  0.000000    0.000000   clock clk (rise edge)
                                  0.000000    0.000000   clock source latency
     1    0.025078    0.088860    0.042844    0.042844 ^ clk (in)
                                                         clk (net)
                      0.088860    0.000000    0.042844 ^ clkbuf_0_clk/I (gf180mcu_fd_sc_mcu7t5v0__clkbuf_16)
     2    0.048465    0.072822    0.161033    0.203877 ^ clkbuf_0_clk/Z (gf180mcu_fd_sc_mcu7t5v0__clkbuf_16)
                                                         clknet_0_clk (net)
                      0.072825    0.000771    0.204648 ^ clkbuf_1_0__f_clk/I (gf180mcu_fd_sc_mcu7t5v0__clkbuf_16)
     5    0.026236    0.060199    0.148276    0.352924 ^ clkbuf_1_0__f_clk/Z (gf180mcu_fd_sc_mcu7t5v0__clkbuf_16)
                                                         clknet_1_0__leaf_clk (net)
                      0.060199    0.000330    0.353254 ^ _265_/CLK (gf180mcu_fd_sc_mcu7t5v0__dffrnq_1)
                                  0.100000    0.453254   clock uncertainty
                                  0.000000    0.453254   clock reconvergence pessimism
                                  0.092191    0.545444   library hold time
                                              0.545444   data required time
---------------------------------------------------------------------------------------------
                                              0.545444   data required time
                                             -1.552518   data arrival time
---------------------------------------------------------------------------------------------
                                              1.007074   slack (MET)


Startpoint: rst_n (input port clocked by clk)
Endpoint: _223_ (removal check against rising-edge clock clk)
Path Group: asynchronous
Path Type: min

Fanout         Cap        Slew       Delay        Time   Description
---------------------------------------------------------------------------------------------
                                  0.000000    0.000000   clock clk (rise edge)
                                  0.000000    0.000000   clock network delay (propagated)
                                  4.000000    4.000000 ^ input external delay
     1    0.006757    0.102512    0.045321    4.045321 ^ rst_n (in)
                                                         rst_n (net)
                      0.102512    0.000000    4.045321 ^ input9/I (gf180mcu_fd_sc_mcu7t5v0__buf_1)
     4    0.037759    0.434511    0.347437    4.392757 ^ input9/Z (gf180mcu_fd_sc_mcu7t5v0__buf_1)
                                                         net9 (net)
                      0.434511    0.000386    4.393144 ^ fanout22/I (gf180mcu_fd_sc_mcu7t5v0__clkbuf_3)
    10    0.089840    0.263924    0.360529    4.753673 ^ fanout22/Z (gf180mcu_fd_sc_mcu7t5v0__clkbuf_3)
                                                         net22 (net)
                      0.263961    0.001651    4.755323 ^ _223_/RN (gf180mcu_fd_sc_mcu7t5v0__dffrnq_1)
                                              4.755323   data arrival time

                                  0.000000    0.000000   clock clk (rise edge)
                                  0.000000    0.000000   clock source latency
     1    0.025078    0.088860    0.042844    0.042844 ^ clk (in)
                                                         clk (net)
                      0.088860    0.000000    0.042844 ^ clkbuf_0_clk/I (gf180mcu_fd_sc_mcu7t5v0__clkbuf_16)
     2    0.048465    0.072822    0.161033    0.203877 ^ clkbuf_0_clk/Z (gf180mcu_fd_sc_mcu7t5v0__clkbuf_16)
                                                         clknet_0_clk (net)
                      0.072823    0.000384    0.204261 ^ clkbuf_1_1__f_clk/I (gf180mcu_fd_sc_mcu7t5v0__clkbuf_16)
     5    0.029250    0.062055    0.149684    0.353945 ^ clkbuf_1_1__f_clk/Z (gf180mcu_fd_sc_mcu7t5v0__clkbuf_16)
                                                         clknet_1_1__leaf_clk (net)
                      0.062056    0.000503    0.354448 ^ _223_/CLK (gf180mcu_fd_sc_mcu7t5v0__dffrnq_1)
                                  0.100000    0.454448   clock uncertainty
                                  0.000000    0.454448   clock reconvergence pessimism
                                  0.225774    0.680222   library removal time
                                              0.680222   data required time
---------------------------------------------------------------------------------------------
                                              0.680222   data required time
                                             -4.755323   data arrival time
---------------------------------------------------------------------------------------------
                                              4.075101   slack (MET)


Startpoint: rst_n (input port clocked by clk)
Endpoint: _265_ (removal check against rising-edge clock clk)
Path Group: asynchronous
Path Type: min

Fanout         Cap        Slew       Delay        Time   Description
---------------------------------------------------------------------------------------------
                                  0.000000    0.000000   clock clk (rise edge)
                                  0.000000    0.000000   clock network delay (propagated)
                                  4.000000    4.000000 ^ input external delay
     1    0.006757    0.102512    0.045321    4.045321 ^ rst_n (in)
                                                         rst_n (net)
                      0.102512    0.000000    4.045321 ^ input9/I (gf180mcu_fd_sc_mcu7t5v0__buf_1)
     4    0.037759    0.434511    0.347437    4.392757 ^ input9/Z (gf180mcu_fd_sc_mcu7t5v0__buf_1)
                                                         net9 (net)
                      0.434511    0.000386    4.393144 ^ fanout22/I (gf180mcu_fd_sc_mcu7t5v0__clkbuf_3)
    10    0.089840    0.263924    0.360529    4.753673 ^ fanout22/Z (gf180mcu_fd_sc_mcu7t5v0__clkbuf_3)
                                                         net22 (net)
                      0.263950    0.001344    4.755016 ^ _265_/RN (gf180mcu_fd_sc_mcu7t5v0__dffrnq_1)
                                              4.755016   data arrival time

                                  0.000000    0.000000   clock clk (rise edge)
                                  0.000000    0.000000   clock source latency
     1    0.025078    0.088860    0.042844    0.042844 ^ clk (in)
                                                         clk (net)
                      0.088860    0.000000    0.042844 ^ clkbuf_0_clk/I (gf180mcu_fd_sc_mcu7t5v0__clkbuf_16)
     2    0.048465    0.072822    0.161033    0.203877 ^ clkbuf_0_clk/Z (gf180mcu_fd_sc_mcu7t5v0__clkbuf_16)
                                                         clknet_0_clk (net)
                      0.072825    0.000771    0.204648 ^ clkbuf_1_0__f_clk/I (gf180mcu_fd_sc_mcu7t5v0__clkbuf_16)
     5    0.026236    0.060199    0.148276    0.352924 ^ clkbuf_1_0__f_clk/Z (gf180mcu_fd_sc_mcu7t5v0__clkbuf_16)
                                                         clknet_1_0__leaf_clk (net)
                      0.060199    0.000330    0.353254 ^ _265_/CLK (gf180mcu_fd_sc_mcu7t5v0__dffrnq_1)
                                  0.100000    0.453254   clock uncertainty
                                  0.000000    0.453254   clock reconvergence pessimism
                                  0.225566    0.678820   library removal time
                                              0.678820   data required time
---------------------------------------------------------------------------------------------
                                              0.678820   data required time
                                             -4.755016   data arrival time
---------------------------------------------------------------------------------------------
                                              4.076197   slack (MET)


Startpoint: rst_n (input port clocked by clk)
Endpoint: _225_ (removal check against rising-edge clock clk)
Path Group: asynchronous
Path Type: min

Fanout         Cap        Slew       Delay        Time   Description
---------------------------------------------------------------------------------------------
                                  0.000000    0.000000   clock clk (rise edge)
                                  0.000000    0.000000   clock network delay (propagated)
                                  4.000000    4.000000 ^ input external delay
     1    0.006757    0.102512    0.045321    4.045321 ^ rst_n (in)
                                                         rst_n (net)
                      0.102512    0.000000    4.045321 ^ input9/I (gf180mcu_fd_sc_mcu7t5v0__buf_1)
     4    0.037759    0.434511    0.347437    4.392757 ^ input9/Z (gf180mcu_fd_sc_mcu7t5v0__buf_1)
                                                         net9 (net)
                      0.434511    0.000386    4.393144 ^ fanout22/I (gf180mcu_fd_sc_mcu7t5v0__clkbuf_3)
    10    0.089840    0.263924    0.360529    4.753673 ^ fanout22/Z (gf180mcu_fd_sc_mcu7t5v0__clkbuf_3)
                                                         net22 (net)
                      0.263963    0.001703    4.755375 ^ _225_/RN (gf180mcu_fd_sc_mcu7t5v0__dffrnq_1)
                                              4.755375   data arrival time

                                  0.000000    0.000000   clock clk (rise edge)
                                  0.000000    0.000000   clock source latency
     1    0.025078    0.088860    0.042844    0.042844 ^ clk (in)
                                                         clk (net)
                      0.088860    0.000000    0.042844 ^ clkbuf_0_clk/I (gf180mcu_fd_sc_mcu7t5v0__clkbuf_16)
     2    0.048465    0.072822    0.161033    0.203877 ^ clkbuf_0_clk/Z (gf180mcu_fd_sc_mcu7t5v0__clkbuf_16)
                                                         clknet_0_clk (net)
                      0.072825    0.000771    0.204648 ^ clkbuf_1_0__f_clk/I (gf180mcu_fd_sc_mcu7t5v0__clkbuf_16)
     5    0.026236    0.060199    0.148276    0.352924 ^ clkbuf_1_0__f_clk/Z (gf180mcu_fd_sc_mcu7t5v0__clkbuf_16)
                                                         clknet_1_0__leaf_clk (net)
                      0.060199    0.000402    0.353326 ^ _225_/CLK (gf180mcu_fd_sc_mcu7t5v0__dffrnq_1)
                                  0.100000    0.453326   clock uncertainty
                                  0.000000    0.453326   clock reconvergence pessimism
                                  0.225567    0.678893   library removal time
                                              0.678893   data required time
---------------------------------------------------------------------------------------------
                                              0.678893   data required time
                                             -4.755375   data arrival time
---------------------------------------------------------------------------------------------
                                              4.076483   slack (MET)


Startpoint: rst_n (input port clocked by clk)
Endpoint: _226_ (removal check against rising-edge clock clk)
Path Group: asynchronous
Path Type: min

Fanout         Cap        Slew       Delay        Time   Description
---------------------------------------------------------------------------------------------
                                  0.000000    0.000000   clock clk (rise edge)
                                  0.000000    0.000000   clock network delay (propagated)
                                  4.000000    4.000000 ^ input external delay
     1    0.006757    0.102512    0.045321    4.045321 ^ rst_n (in)
                                                         rst_n (net)
                      0.102512    0.000000    4.045321 ^ input9/I (gf180mcu_fd_sc_mcu7t5v0__buf_1)
     4    0.037759    0.434511    0.347437    4.392757 ^ input9/Z (gf180mcu_fd_sc_mcu7t5v0__buf_1)
                                                         net9 (net)
                      0.434511    0.000386    4.393144 ^ fanout22/I (gf180mcu_fd_sc_mcu7t5v0__clkbuf_3)
    10    0.089840    0.263924    0.360529    4.753673 ^ fanout22/Z (gf180mcu_fd_sc_mcu7t5v0__clkbuf_3)
                                                         net22 (net)
                      0.263986    0.002223    4.755896 ^ _226_/RN (gf180mcu_fd_sc_mcu7t5v0__dffrnq_1)
                                              4.755896   data arrival time

                                  0.000000    0.000000   clock clk (rise edge)
                                  0.000000    0.000000   clock source latency
     1    0.025078    0.088860    0.042844    0.042844 ^ clk (in)
                                                         clk (net)
                      0.088860    0.000000    0.042844 ^ clkbuf_0_clk/I (gf180mcu_fd_sc_mcu7t5v0__clkbuf_16)
     2    0.048465    0.072822    0.161033    0.203877 ^ clkbuf_0_clk/Z (gf180mcu_fd_sc_mcu7t5v0__clkbuf_16)
                                                         clknet_0_clk (net)
                      0.072825    0.000771    0.204648 ^ clkbuf_1_0__f_clk/I (gf180mcu_fd_sc_mcu7t5v0__clkbuf_16)
     5    0.026236    0.060199    0.148276    0.352924 ^ clkbuf_1_0__f_clk/Z (gf180mcu_fd_sc_mcu7t5v0__clkbuf_16)
                                                         clknet_1_0__leaf_clk (net)
                      0.060200    0.000565    0.353488 ^ _226_/CLK (gf180mcu_fd_sc_mcu7t5v0__dffrnq_1)
                                  0.100000    0.453488   clock uncertainty
                                  0.000000    0.453488   clock reconvergence pessimism
                                  0.225568    0.679056   library removal time
                                              0.679056   data required time
---------------------------------------------------------------------------------------------
                                              0.679056   data required time
                                             -4.755896   data arrival time
---------------------------------------------------------------------------------------------
                                              4.076839   slack (MET)


Startpoint: rst_n (input port clocked by clk)
Endpoint: _224_ (removal check against rising-edge clock clk)
Path Group: asynchronous
Path Type: min

Fanout         Cap        Slew       Delay        Time   Description
---------------------------------------------------------------------------------------------
                                  0.000000    0.000000   clock clk (rise edge)
                                  0.000000    0.000000   clock network delay (propagated)
                                  4.000000    4.000000 ^ input external delay
     1    0.006757    0.102512    0.045321    4.045321 ^ rst_n (in)
                                                         rst_n (net)
                      0.102512    0.000000    4.045321 ^ input9/I (gf180mcu_fd_sc_mcu7t5v0__buf_1)
     4    0.037759    0.434511    0.347437    4.392757 ^ input9/Z (gf180mcu_fd_sc_mcu7t5v0__buf_1)
                                                         net9 (net)
                      0.434511    0.000386    4.393144 ^ fanout22/I (gf180mcu_fd_sc_mcu7t5v0__clkbuf_3)
    10    0.089840    0.263924    0.360529    4.753673 ^ fanout22/Z (gf180mcu_fd_sc_mcu7t5v0__clkbuf_3)
                                                         net22 (net)
                      0.263996    0.002421    4.756094 ^ _224_/RN (gf180mcu_fd_sc_mcu7t5v0__dffrnq_1)
                                              4.756094   data arrival time

                                  0.000000    0.000000   clock clk (rise edge)
                                  0.000000    0.000000   clock source latency
     1    0.025078    0.088860    0.042844    0.042844 ^ clk (in)
                                                         clk (net)
                      0.088860    0.000000    0.042844 ^ clkbuf_0_clk/I (gf180mcu_fd_sc_mcu7t5v0__clkbuf_16)
     2    0.048465    0.072822    0.161033    0.203877 ^ clkbuf_0_clk/Z (gf180mcu_fd_sc_mcu7t5v0__clkbuf_16)
                                                         clknet_0_clk (net)
                      0.072825    0.000771    0.204648 ^ clkbuf_1_0__f_clk/I (gf180mcu_fd_sc_mcu7t5v0__clkbuf_16)
     5    0.026236    0.060199    0.148276    0.352924 ^ clkbuf_1_0__f_clk/Z (gf180mcu_fd_sc_mcu7t5v0__clkbuf_16)
                                                         clknet_1_0__leaf_clk (net)
                      0.060200    0.000560    0.353483 ^ _224_/CLK (gf180mcu_fd_sc_mcu7t5v0__dffrnq_1)
                                  0.100000    0.453483   clock uncertainty
                                  0.000000    0.453483   clock reconvergence pessimism
                                  0.225568    0.679052   library removal time
                                              0.679052   data required time
---------------------------------------------------------------------------------------------
                                              0.679052   data required time
                                             -4.756094   data arrival time
---------------------------------------------------------------------------------------------
                                              4.077042   slack (MET)


Startpoint: rst_n (input port clocked by clk)
Endpoint: _222_ (removal check against rising-edge clock clk)
Path Group: asynchronous
Path Type: min

Fanout         Cap        Slew       Delay        Time   Description
---------------------------------------------------------------------------------------------
                                  0.000000    0.000000   clock clk (rise edge)
                                  0.000000    0.000000   clock network delay (propagated)
                                  4.000000    4.000000 ^ input external delay
     1    0.006757    0.102512    0.045321    4.045321 ^ rst_n (in)
                                                         rst_n (net)
                      0.102512    0.000000    4.045321 ^ input9/I (gf180mcu_fd_sc_mcu7t5v0__buf_1)
     4    0.037759    0.434511    0.347437    4.392757 ^ input9/Z (gf180mcu_fd_sc_mcu7t5v0__buf_1)
                                                         net9 (net)
                      0.434511    0.000386    4.393144 ^ fanout22/I (gf180mcu_fd_sc_mcu7t5v0__clkbuf_3)
    10    0.089840    0.263924    0.360529    4.753673 ^ fanout22/Z (gf180mcu_fd_sc_mcu7t5v0__clkbuf_3)
                                                         net22 (net)
                      0.263946    0.001255    4.754927 ^ fanout21/I (gf180mcu_fd_sc_mcu7t5v0__clkbuf_3)
    10    0.089476    0.261216    0.327775    5.082703 ^ fanout21/Z (gf180mcu_fd_sc_mcu7t5v0__clkbuf_3)
                                                         net21 (net)
                      0.261239    0.001320    5.084023 ^ _222_/RN (gf180mcu_fd_sc_mcu7t5v0__dffrnq_1)
                                              5.084023   data arrival time

                                  0.000000    0.000000   clock clk (rise edge)
                                  0.000000    0.000000   clock source latency
     1    0.025078    0.088860    0.042844    0.042844 ^ clk (in)
                                                         clk (net)
                      0.088860    0.000000    0.042844 ^ clkbuf_0_clk/I (gf180mcu_fd_sc_mcu7t5v0__clkbuf_16)
     2    0.048465    0.072822    0.161033    0.203877 ^ clkbuf_0_clk/Z (gf180mcu_fd_sc_mcu7t5v0__clkbuf_16)
                                                         clknet_0_clk (net)
                      0.072823    0.000384    0.204261 ^ clkbuf_1_1__f_clk/I (gf180mcu_fd_sc_mcu7t5v0__clkbuf_16)
     5    0.029250    0.062055    0.149684    0.353945 ^ clkbuf_1_1__f_clk/Z (gf180mcu_fd_sc_mcu7t5v0__clkbuf_16)
                                                         clknet_1_1__leaf_clk (net)
                      0.062055    0.000169    0.354115 ^ _222_/CLK (gf180mcu_fd_sc_mcu7t5v0__dffrnq_1)
                                  0.100000    0.454115   clock uncertainty
                                  0.000000    0.454115   clock reconvergence pessimism
                                  0.225632    0.679746   library removal time
                                              0.679746   data required time
---------------------------------------------------------------------------------------------
                                              0.679746   data required time
                                             -5.084023   data arrival time
---------------------------------------------------------------------------------------------
                                              4.404276   slack (MET)


Startpoint: rst_n (input port clocked by clk)
Endpoint: _219_ (removal check against rising-edge clock clk)
Path Group: asynchronous
Path Type: min

Fanout         Cap        Slew       Delay        Time   Description
---------------------------------------------------------------------------------------------
                                  0.000000    0.000000   clock clk (rise edge)
                                  0.000000    0.000000   clock network delay (propagated)
                                  4.000000    4.000000 ^ input external delay
     1    0.006757    0.102512    0.045321    4.045321 ^ rst_n (in)
                                                         rst_n (net)
                      0.102512    0.000000    4.045321 ^ input9/I (gf180mcu_fd_sc_mcu7t5v0__buf_1)
     4    0.037759    0.434511    0.347437    4.392757 ^ input9/Z (gf180mcu_fd_sc_mcu7t5v0__buf_1)
                                                         net9 (net)
                      0.434511    0.000386    4.393144 ^ fanout22/I (gf180mcu_fd_sc_mcu7t5v0__clkbuf_3)
    10    0.089840    0.263924    0.360529    4.753673 ^ fanout22/Z (gf180mcu_fd_sc_mcu7t5v0__clkbuf_3)
                                                         net22 (net)
                      0.263946    0.001255    4.754927 ^ fanout21/I (gf180mcu_fd_sc_mcu7t5v0__clkbuf_3)
    10    0.089476    0.261216    0.327775    5.082703 ^ fanout21/Z (gf180mcu_fd_sc_mcu7t5v0__clkbuf_3)
                                                         net21 (net)
                      0.261269    0.001996    5.084699 ^ _219_/RN (gf180mcu_fd_sc_mcu7t5v0__dffrnq_1)
                                              5.084699   data arrival time

                                  0.000000    0.000000   clock clk (rise edge)
                                  0.000000    0.000000   clock source latency
     1    0.025078    0.088860    0.042844    0.042844 ^ clk (in)
                                                         clk (net)
                      0.088860    0.000000    0.042844 ^ clkbuf_0_clk/I (gf180mcu_fd_sc_mcu7t5v0__clkbuf_16)
     2    0.048465    0.072822    0.161033    0.203877 ^ clkbuf_0_clk/Z (gf180mcu_fd_sc_mcu7t5v0__clkbuf_16)
                                                         clknet_0_clk (net)
                      0.072823    0.000384    0.204261 ^ clkbuf_1_1__f_clk/I (gf180mcu_fd_sc_mcu7t5v0__clkbuf_16)
     5    0.029250    0.062055    0.149684    0.353945 ^ clkbuf_1_1__f_clk/Z (gf180mcu_fd_sc_mcu7t5v0__clkbuf_16)
                                                         clknet_1_1__leaf_clk (net)
                      0.062056    0.000475    0.354421 ^ _219_/CLK (gf180mcu_fd_sc_mcu7t5v0__dffrnq_1)
                                  0.100000    0.454421   clock uncertainty
                                  0.000000    0.454421   clock reconvergence pessimism
                                  0.225633    0.680054   library removal time
                                              0.680054   data required time
---------------------------------------------------------------------------------------------
                                              0.680054   data required time
                                             -5.084699   data arrival time
---------------------------------------------------------------------------------------------
                                              4.404645   slack (MET)


Startpoint: rst_n (input port clocked by clk)
Endpoint: _220_ (removal check against rising-edge clock clk)
Path Group: asynchronous
Path Type: min

Fanout         Cap        Slew       Delay        Time   Description
---------------------------------------------------------------------------------------------
                                  0.000000    0.000000   clock clk (rise edge)
                                  0.000000    0.000000   clock network delay (propagated)
                                  4.000000    4.000000 ^ input external delay
     1    0.006757    0.102512    0.045321    4.045321 ^ rst_n (in)
                                                         rst_n (net)
                      0.102512    0.000000    4.045321 ^ input9/I (gf180mcu_fd_sc_mcu7t5v0__buf_1)
     4    0.037759    0.434511    0.347437    4.392757 ^ input9/Z (gf180mcu_fd_sc_mcu7t5v0__buf_1)
                                                         net9 (net)
                      0.434511    0.000386    4.393144 ^ fanout22/I (gf180mcu_fd_sc_mcu7t5v0__clkbuf_3)
    10    0.089840    0.263924    0.360529    4.753673 ^ fanout22/Z (gf180mcu_fd_sc_mcu7t5v0__clkbuf_3)
                                                         net22 (net)
                      0.263946    0.001255    4.754927 ^ fanout21/I (gf180mcu_fd_sc_mcu7t5v0__clkbuf_3)
    10    0.089476    0.261216    0.327775    5.082703 ^ fanout21/Z (gf180mcu_fd_sc_mcu7t5v0__clkbuf_3)
                                                         net21 (net)
                      0.261313    0.002756    5.085458 ^ _220_/RN (gf180mcu_fd_sc_mcu7t5v0__dffrnq_1)
                                              5.085458   data arrival time

                                  0.000000    0.000000   clock clk (rise edge)
                                  0.000000    0.000000   clock source latency
     1    0.025078    0.088860    0.042844    0.042844 ^ clk (in)
                                                         clk (net)
                      0.088860    0.000000    0.042844 ^ clkbuf_0_clk/I (gf180mcu_fd_sc_mcu7t5v0__clkbuf_16)
     2    0.048465    0.072822    0.161033    0.203877 ^ clkbuf_0_clk/Z (gf180mcu_fd_sc_mcu7t5v0__clkbuf_16)
                                                         clknet_0_clk (net)
                      0.072823    0.000384    0.204261 ^ clkbuf_1_1__f_clk/I (gf180mcu_fd_sc_mcu7t5v0__clkbuf_16)
     5    0.029250    0.062055    0.149684    0.353945 ^ clkbuf_1_1__f_clk/Z (gf180mcu_fd_sc_mcu7t5v0__clkbuf_16)
                                                         clknet_1_1__leaf_clk (net)
                      0.062056    0.000437    0.354382 ^ _220_/CLK (gf180mcu_fd_sc_mcu7t5v0__dffrnq_1)
                                  0.100000    0.454382   clock uncertainty
                                  0.000000    0.454382   clock reconvergence pessimism
                                  0.225636    0.680017   library removal time
                                              0.680017   data required time
---------------------------------------------------------------------------------------------
                                              0.680017   data required time
                                             -5.085458   data arrival time
---------------------------------------------------------------------------------------------
                                              4.405441   slack (MET)


Startpoint: rst_n (input port clocked by clk)
Endpoint: _221_ (removal check against rising-edge clock clk)
Path Group: asynchronous
Path Type: min

Fanout         Cap        Slew       Delay        Time   Description
---------------------------------------------------------------------------------------------
                                  0.000000    0.000000   clock clk (rise edge)
                                  0.000000    0.000000   clock network delay (propagated)
                                  4.000000    4.000000 ^ input external delay
     1    0.006757    0.102512    0.045321    4.045321 ^ rst_n (in)
                                                         rst_n (net)
                      0.102512    0.000000    4.045321 ^ input9/I (gf180mcu_fd_sc_mcu7t5v0__buf_1)
     4    0.037759    0.434511    0.347437    4.392757 ^ input9/Z (gf180mcu_fd_sc_mcu7t5v0__buf_1)
                                                         net9 (net)
                      0.434511    0.000386    4.393144 ^ fanout22/I (gf180mcu_fd_sc_mcu7t5v0__clkbuf_3)
    10    0.089840    0.263924    0.360529    4.753673 ^ fanout22/Z (gf180mcu_fd_sc_mcu7t5v0__clkbuf_3)
                                                         net22 (net)
                      0.263946    0.001255    4.754927 ^ fanout21/I (gf180mcu_fd_sc_mcu7t5v0__clkbuf_3)
    10    0.089476    0.261216    0.327775    5.082703 ^ fanout21/Z (gf180mcu_fd_sc_mcu7t5v0__clkbuf_3)
                                                         net21 (net)
                      0.261307    0.002663    5.085366 ^ _221_/RN (gf180mcu_fd_sc_mcu7t5v0__dffrnq_1)
                                              5.085366   data arrival time

                                  0.000000    0.000000   clock clk (rise edge)
                                  0.000000    0.000000   clock source latency
     1    0.025078    0.088860    0.042844    0.042844 ^ clk (in)
                                                         clk (net)
                      0.088860    0.000000    0.042844 ^ clkbuf_0_clk/I (gf180mcu_fd_sc_mcu7t5v0__clkbuf_16)
     2    0.048465    0.072822    0.161033    0.203877 ^ clkbuf_0_clk/Z (gf180mcu_fd_sc_mcu7t5v0__clkbuf_16)
                                                         clknet_0_clk (net)
                      0.072823    0.000384    0.204261 ^ clkbuf_1_1__f_clk/I (gf180mcu_fd_sc_mcu7t5v0__clkbuf_16)
     5    0.029250    0.062055    0.149684    0.353945 ^ clkbuf_1_1__f_clk/Z (gf180mcu_fd_sc_mcu7t5v0__clkbuf_16)
                                                         clknet_1_1__leaf_clk (net)
                      0.062056    0.000287    0.354233 ^ _221_/CLK (gf180mcu_fd_sc_mcu7t5v0__dffrnq_1)
                                  0.100000    0.454233   clock uncertainty
                                  0.000000    0.454233   clock reconvergence pessimism
                                  0.225635    0.679868   library removal time
                                              0.679868   data required time
---------------------------------------------------------------------------------------------
                                              0.679868   data required time
                                             -5.085366   data arrival time
---------------------------------------------------------------------------------------------
                                              4.405498   slack (MET)



