Reading OpenROAD database at '/foss/designs/kvic_336007_ws25-kvic_ws25_v6/librelane/runs/RUN_2025-12-02_21-16-21/20-openroad-generatepdn/tiny_tonegen.odb'…
Reading library file at '/foss/pdks/gf180mcuD/libs.ref/gf180mcu_fd_sc_mcu7t5v0/lib/gf180mcu_fd_sc_mcu7t5v0__tt_025C_5v00.lib'…
Reading design constraints file at '/foss/designs/kvic_336007_ws25-kvic_ws25_v6/librelane/impl.sdc'…
[INFO] Using clock clk…
[INFO] Setting output delay to: 4
[INFO] Setting input delay to: 4
[INFO] Setting load to: 0.07291
[INFO] Setting clock uncertainty to: 0.25
[INFO] Setting clock transition to: 0.1499999999999999944488848768742172978818416595458984375
[INFO] Setting timing derate to: 5%
[INFO] No information on clock propagation in input SDC file-- propagating all clocks.
+ global_placement -density 0.6 -skip_io -pad_right 0 -pad_left 0 -init_wirelength_coef 0.25
[INFO GPL-0002] DBU: 2000
[INFO GPL-0003] SiteSize: (  0.560  3.920 ) um
[INFO GPL-0004] CoreBBox: (  3.360  3.920 ) ( 156.240 94.080 ) um
[INFO GPL-0006] NumInstances:               491
[INFO GPL-0007] NumPlaceInstances:          404
[INFO GPL-0008] NumFixedInstances:           87
[INFO GPL-0009] NumDummyInstances:            0
[INFO GPL-0010] NumNets:                    416
[INFO GPL-0011] NumPins:                   1387
[INFO GPL-0012] DieBBox:  (  0.000  0.000 ) ( 160.000 100.000 ) um
[INFO GPL-0013] CoreBBox: (  3.360  3.920 ) ( 156.240 94.080 ) um
[INFO GPL-0016] CoreArea:             13783.661 um^2
[INFO GPL-0017] NonPlaceInstsArea:      381.965 um^2
[INFO GPL-0018] PlaceInstsArea:       12139.456 um^2
[INFO GPL-0019] Util:                    90.581 %
[INFO GPL-0020] StdInstsArea:         12139.456 um^2
[INFO GPL-0021] MacroInstsArea:           0.000 um^2
[ERROR GPL-0302] Use a higher -density or re-floorplan with a larger core area.
Given target density: 0.60
Suggested target density: 0.91
Error: gpl.tcl, 79 GPL-0302
