Reading OpenROAD database at '/foss/designs/kvic_336007_ws25-kvic_ws25_v6/librelane/runs/RUN_2025-11-27_18-17-01/18-openroad-tapendcapinsertion/tt_um_felixfeierabend.odb'…
Reading library file at '/foss/pdks/gf180mcuD/libs.ref/gf180mcu_fd_sc_mcu7t5v0/lib/gf180mcu_fd_sc_mcu7t5v0__tt_025C_5v00.lib'…
Reading design constraints file at '/foss/designs/kvic_336007_ws25-kvic_ws25_v6/librelane/impl.sdc'…
[INFO] Using clock clk…
[INFO] Setting output delay to: 4
[INFO] Setting input delay to: 4
[INFO] Setting load to: 0.07291
[INFO] Setting clock uncertainty to: 0.25
[INFO] Setting clock transition to: 0.1499999999999999944488848768742172978818416595458984375
[INFO] Setting timing derate to: 5%
[INFO] No information on clock propagation in input SDC file-- propagating all clocks.
[INFO] Setting global connections...
[INFO PDN-0001] Inserting grid: stdcell_grid
Setting global connections for newly added cells…
[INFO] Setting global connections...
Updating metrics…
Cell type report:                       Count       Area
  Endcap cell                              46     201.96
  Tap cell                                 87     381.96
  Tie cell                                 33     289.77
  Buffer                                    1      13.17
  Inverter                                 19     166.84
  Sequential cell                          31    2318.13
  Multi-Input combinational cell           60    1115.16
  Total                                   277    4486.99
Writing OpenROAD database to '/foss/designs/kvic_336007_ws25-kvic_ws25_v6/librelane/runs/RUN_2025-11-27_18-17-01/20-openroad-generatepdn/tt_um_felixfeierabend.odb'…
Writing netlist to '/foss/designs/kvic_336007_ws25-kvic_ws25_v6/librelane/runs/RUN_2025-11-27_18-17-01/20-openroad-generatepdn/tt_um_felixfeierabend.nl.v'…
Writing powered netlist to '/foss/designs/kvic_336007_ws25-kvic_ws25_v6/librelane/runs/RUN_2025-11-27_18-17-01/20-openroad-generatepdn/tt_um_felixfeierabend.pnl.v'…
Writing layout to '/foss/designs/kvic_336007_ws25-kvic_ws25_v6/librelane/runs/RUN_2025-11-27_18-17-01/20-openroad-generatepdn/tt_um_felixfeierabend.def'…
Writing timing constraints to '/foss/designs/kvic_336007_ws25-kvic_ws25_v6/librelane/runs/RUN_2025-11-27_18-17-01/20-openroad-generatepdn/tt_um_felixfeierabend.sdc'…
[INFO PSM-0040] All shapes on net VDD are connected.
[INFO PSM-0040] All shapes on net VSS are connected.
