Clock: clk
Sources: clk 
Generated: no
Virtual: yes
Propagated: no
Period: 20.000000

===========================================================================
report_clock_properties
============================================================================
Clock                   Period          Waveform
----------------------------------------------------
clk                  20.000000    0.000000 10.000000

===========================================================================
report_clock_latency
============================================================================
Clock clk
rise -> rise
    min     max
0.000000 0.000000 source latency
0.357444         network latency _231_/CLK
        1.611260 network latency _235_/CLK
---------------
0.357444 1.611260 latency
        1.253816 skew

rise -> fall
    min     max
0.000000 0.000000 source latency
0.876179         network latency _242_/CLK
        1.428381 network latency _235_/CLK
---------------
0.876179 1.428381 latency
        0.552201 skew

fall -> fall
    min     max
0.000000 0.000000 source latency
0.328360         network latency _231_/CLK
        0.331143 network latency _223_/CLK
---------------
0.328360 0.331143 latency
        0.002784 skew



===========================================================================
report_clock_min_period
============================================================================
clk period_min = 1.82 fmax = 550.23
