
===========================================================================
report_checks -path_delay min (Hold)
============================================================================
======================= nom_tt_025C_5v00 Corner ===================================

Startpoint: _1377_ (rising edge-triggered flip-flop clocked by clk)
Endpoint: _1377_ (rising edge-triggered flip-flop clocked by clk)
Path Group: clk
Path Type: min

Fanout         Cap        Slew       Delay        Time   Description
---------------------------------------------------------------------------------------------
                      0.150000    0.000000    0.000000   clock clk (rise edge)
                                  0.000000    0.000000   clock network delay (ideal)
                      0.150000    0.000000    0.000000 ^ _1377_/CLK (gf180mcu_fd_sc_mcu7t5v0__dffq_1)
     2    0.005571    0.122103    0.664307    0.664307 v _1377_/Q (gf180mcu_fd_sc_mcu7t5v0__dffq_1)
                                                         clk_scaler.counter[10] (net)
                      0.122103    0.000000    0.664307 v _1167_/A1 (gf180mcu_fd_sc_mcu7t5v0__and2_1)
     1    0.002389    0.092735    0.228314    0.892622 v _1167_/Z (gf180mcu_fd_sc_mcu7t5v0__and2_1)
                                                         _0147_ (net)
                      0.092735    0.000000    0.892622 v _1377_/D (gf180mcu_fd_sc_mcu7t5v0__dffq_1)
                                              0.892622   data arrival time

                      0.150000    0.000000    0.000000   clock clk (rise edge)
                                  0.000000    0.000000   clock network delay (ideal)
                                  0.250000    0.250000   clock uncertainty
                                  0.000000    0.250000   clock reconvergence pessimism
                                              0.250000 ^ _1377_/CLK (gf180mcu_fd_sc_mcu7t5v0__dffq_1)
                                  0.096390    0.346390   library hold time
                                              0.346390   data required time
---------------------------------------------------------------------------------------------
                                              0.346390   data required time
                                             -0.892622   data arrival time
---------------------------------------------------------------------------------------------
                                              0.546231   slack (MET)


Startpoint: _1375_ (rising edge-triggered flip-flop clocked by clk)
Endpoint: _1375_ (rising edge-triggered flip-flop clocked by clk)
Path Group: clk
Path Type: min

Fanout         Cap        Slew       Delay        Time   Description
---------------------------------------------------------------------------------------------
                      0.150000    0.000000    0.000000   clock clk (rise edge)
                                  0.000000    0.000000   clock network delay (ideal)
                      0.150000    0.000000    0.000000 ^ _1375_/CLK (gf180mcu_fd_sc_mcu7t5v0__dffq_1)
     2    0.005627    0.122617    0.664756    0.664756 v _1375_/Q (gf180mcu_fd_sc_mcu7t5v0__dffq_1)
                                                         clk_scaler.counter[8] (net)
                      0.122617    0.000000    0.664756 v _1165_/A1 (gf180mcu_fd_sc_mcu7t5v0__and2_1)
     1    0.002389    0.092736    0.228456    0.893212 v _1165_/Z (gf180mcu_fd_sc_mcu7t5v0__and2_1)
                                                         _0145_ (net)
                      0.092736    0.000000    0.893212 v _1375_/D (gf180mcu_fd_sc_mcu7t5v0__dffq_1)
                                              0.893212   data arrival time

                      0.150000    0.000000    0.000000   clock clk (rise edge)
                                  0.000000    0.000000   clock network delay (ideal)
                                  0.250000    0.250000   clock uncertainty
                                  0.000000    0.250000   clock reconvergence pessimism
                                              0.250000 ^ _1375_/CLK (gf180mcu_fd_sc_mcu7t5v0__dffq_1)
                                  0.096390    0.346390   library hold time
                                              0.346390   data required time
---------------------------------------------------------------------------------------------
                                              0.346390   data required time
                                             -0.893212   data arrival time
---------------------------------------------------------------------------------------------
                                              0.546822   slack (MET)


Startpoint: _1376_ (rising edge-triggered flip-flop clocked by clk)
Endpoint: _1376_ (rising edge-triggered flip-flop clocked by clk)
Path Group: clk
Path Type: min

Fanout         Cap        Slew       Delay        Time   Description
---------------------------------------------------------------------------------------------
                      0.150000    0.000000    0.000000   clock clk (rise edge)
                                  0.000000    0.000000   clock network delay (ideal)
                      0.150000    0.000000    0.000000 ^ _1376_/CLK (gf180mcu_fd_sc_mcu7t5v0__dffq_1)
     2    0.005675    0.123058    0.665141    0.665141 v _1376_/Q (gf180mcu_fd_sc_mcu7t5v0__dffq_1)
                                                         clk_scaler.counter[9] (net)
                      0.123058    0.000000    0.665141 v _1166_/A1 (gf180mcu_fd_sc_mcu7t5v0__and2_1)
     1    0.002389    0.092737    0.228577    0.893718 v _1166_/Z (gf180mcu_fd_sc_mcu7t5v0__and2_1)
                                                         _0146_ (net)
                      0.092737    0.000000    0.893718 v _1376_/D (gf180mcu_fd_sc_mcu7t5v0__dffq_1)
                                              0.893718   data arrival time

                      0.150000    0.000000    0.000000   clock clk (rise edge)
                                  0.000000    0.000000   clock network delay (ideal)
                                  0.250000    0.250000   clock uncertainty
                                  0.000000    0.250000   clock reconvergence pessimism
                                              0.250000 ^ _1376_/CLK (gf180mcu_fd_sc_mcu7t5v0__dffq_1)
                                  0.096390    0.346390   library hold time
                                              0.346390   data required time
---------------------------------------------------------------------------------------------
                                              0.346390   data required time
                                             -0.893718   data arrival time
---------------------------------------------------------------------------------------------
                                              0.547328   slack (MET)


Startpoint: _1373_ (rising edge-triggered flip-flop clocked by clk)
Endpoint: _1373_ (rising edge-triggered flip-flop clocked by clk)
Path Group: clk
Path Type: min

Fanout         Cap        Slew       Delay        Time   Description
---------------------------------------------------------------------------------------------
                      0.150000    0.000000    0.000000   clock clk (rise edge)
                                  0.000000    0.000000   clock network delay (ideal)
                      0.150000    0.000000    0.000000 ^ _1373_/CLK (gf180mcu_fd_sc_mcu7t5v0__dffq_1)
     2    0.006452    0.130196    0.671369    0.671369 v _1373_/Q (gf180mcu_fd_sc_mcu7t5v0__dffq_1)
                                                         clk_scaler.counter[6] (net)
                      0.130196    0.000000    0.671369 v _1163_/A1 (gf180mcu_fd_sc_mcu7t5v0__and2_1)
     1    0.002389    0.092756    0.230540    0.901908 v _1163_/Z (gf180mcu_fd_sc_mcu7t5v0__and2_1)
                                                         _0143_ (net)
                      0.092756    0.000000    0.901908 v _1373_/D (gf180mcu_fd_sc_mcu7t5v0__dffq_1)
                                              0.901908   data arrival time

                      0.150000    0.000000    0.000000   clock clk (rise edge)
                                  0.000000    0.000000   clock network delay (ideal)
                                  0.250000    0.250000   clock uncertainty
                                  0.000000    0.250000   clock reconvergence pessimism
                                              0.250000 ^ _1373_/CLK (gf180mcu_fd_sc_mcu7t5v0__dffq_1)
                                  0.096385    0.346385   library hold time
                                              0.346385   data required time
---------------------------------------------------------------------------------------------
                                              0.346385   data required time
                                             -0.901908   data arrival time
---------------------------------------------------------------------------------------------
                                              0.555523   slack (MET)


Startpoint: _1374_ (rising edge-triggered flip-flop clocked by clk)
Endpoint: _1374_ (rising edge-triggered flip-flop clocked by clk)
Path Group: clk
Path Type: min

Fanout         Cap        Slew       Delay        Time   Description
---------------------------------------------------------------------------------------------
                      0.150000    0.000000    0.000000   clock clk (rise edge)
                                  0.000000    0.000000   clock network delay (ideal)
                      0.150000    0.000000    0.000000 ^ _1374_/CLK (gf180mcu_fd_sc_mcu7t5v0__dffq_1)
     2    0.006827    0.133641    0.674375    0.674375 v _1374_/Q (gf180mcu_fd_sc_mcu7t5v0__dffq_1)
                                                         clk_scaler.counter[7] (net)
                      0.133641    0.000000    0.674375 v _1164_/A1 (gf180mcu_fd_sc_mcu7t5v0__and2_1)
     1    0.002389    0.092766    0.231487    0.905861 v _1164_/Z (gf180mcu_fd_sc_mcu7t5v0__and2_1)
                                                         _0144_ (net)
                      0.092766    0.000000    0.905861 v _1374_/D (gf180mcu_fd_sc_mcu7t5v0__dffq_1)
                                              0.905861   data arrival time

                      0.150000    0.000000    0.000000   clock clk (rise edge)
                                  0.000000    0.000000   clock network delay (ideal)
                                  0.250000    0.250000   clock uncertainty
                                  0.000000    0.250000   clock reconvergence pessimism
                                              0.250000 ^ _1374_/CLK (gf180mcu_fd_sc_mcu7t5v0__dffq_1)
                                  0.096383    0.346383   library hold time
                                              0.346383   data required time
---------------------------------------------------------------------------------------------
                                              0.346383   data required time
                                             -0.905861   data arrival time
---------------------------------------------------------------------------------------------
                                              0.559478   slack (MET)


Startpoint: _1367_ (rising edge-triggered flip-flop clocked by clk)
Endpoint: _1367_ (rising edge-triggered flip-flop clocked by clk)
Path Group: clk
Path Type: min

Fanout         Cap        Slew       Delay        Time   Description
---------------------------------------------------------------------------------------------
                      0.150000    0.000000    0.000000   clock clk (rise edge)
                                  0.000000    0.000000   clock network delay (ideal)
                      0.150000    0.000000    0.000000 ^ _1367_/CLK (gf180mcu_fd_sc_mcu7t5v0__dffq_1)
     4    0.016499    0.219046    0.741357    0.741357 v _1367_/Q (gf180mcu_fd_sc_mcu7t5v0__dffq_1)
                                                         clk_scaler.counter[0] (net)
                      0.219046    0.000000    0.741357 v _1148_/A1 (gf180mcu_fd_sc_mcu7t5v0__aoi21_1)
     1    0.002389    0.193616    0.173994    0.915352 ^ _1148_/ZN (gf180mcu_fd_sc_mcu7t5v0__aoi21_1)
                                                         _0137_ (net)
                      0.193616    0.000000    0.915352 ^ _1367_/D (gf180mcu_fd_sc_mcu7t5v0__dffq_1)
                                              0.915352   data arrival time

                      0.150000    0.000000    0.000000   clock clk (rise edge)
                                  0.000000    0.000000   clock network delay (ideal)
                                  0.250000    0.250000   clock uncertainty
                                  0.000000    0.250000   clock reconvergence pessimism
                                              0.250000 ^ _1367_/CLK (gf180mcu_fd_sc_mcu7t5v0__dffq_1)
                                  0.047292    0.297292   library hold time
                                              0.297292   data required time
---------------------------------------------------------------------------------------------
                                              0.297292   data required time
                                             -0.915352   data arrival time
---------------------------------------------------------------------------------------------
                                              0.618059   slack (MET)


Startpoint: _1372_ (rising edge-triggered flip-flop clocked by clk)
Endpoint: _1372_ (rising edge-triggered flip-flop clocked by clk)
Path Group: clk
Path Type: min

Fanout         Cap        Slew       Delay        Time   Description
---------------------------------------------------------------------------------------------
                      0.150000    0.000000    0.000000   clock clk (rise edge)
                                  0.000000    0.000000   clock network delay (ideal)
                      0.150000    0.000000    0.000000 ^ _1372_/CLK (gf180mcu_fd_sc_mcu7t5v0__dffq_1)
     2    0.008815    0.151736    0.689796    0.689796 v _1372_/Q (gf180mcu_fd_sc_mcu7t5v0__dffq_1)
                                                         clk_scaler.counter[5] (net)
                      0.151736    0.000000    0.689796 v _1161_/B (gf180mcu_fd_sc_mcu7t5v0__aoi21_1)
     1    0.004243    0.233425    0.188867    0.878664 ^ _1161_/ZN (gf180mcu_fd_sc_mcu7t5v0__aoi21_1)
                                                         _0574_ (net)
                      0.233425    0.000000    0.878664 ^ _1162_/A2 (gf180mcu_fd_sc_mcu7t5v0__nor2_1)
     1    0.002389    0.138989    0.120320    0.998983 v _1162_/ZN (gf180mcu_fd_sc_mcu7t5v0__nor2_1)
                                                         _0142_ (net)
                      0.138989    0.000000    0.998983 v _1372_/D (gf180mcu_fd_sc_mcu7t5v0__dffq_1)
                                              0.998983   data arrival time

                      0.150000    0.000000    0.000000   clock clk (rise edge)
                                  0.000000    0.000000   clock network delay (ideal)
                                  0.250000    0.250000   clock uncertainty
                                  0.000000    0.250000   clock reconvergence pessimism
                                              0.250000 ^ _1372_/CLK (gf180mcu_fd_sc_mcu7t5v0__dffq_1)
                                  0.085453    0.335453   library hold time
                                              0.335453   data required time
---------------------------------------------------------------------------------------------
                                              0.335453   data required time
                                             -0.998983   data arrival time
---------------------------------------------------------------------------------------------
                                              0.663530   slack (MET)


Startpoint: _1369_ (rising edge-triggered flip-flop clocked by clk)
Endpoint: _1369_ (rising edge-triggered flip-flop clocked by clk)
Path Group: clk
Path Type: min

Fanout         Cap        Slew       Delay        Time   Description
---------------------------------------------------------------------------------------------
                      0.150000    0.000000    0.000000   clock clk (rise edge)
                                  0.000000    0.000000   clock network delay (ideal)
                      0.150000    0.000000    0.000000 ^ _1369_/CLK (gf180mcu_fd_sc_mcu7t5v0__dffq_1)
     3    0.011262    0.173171    0.706216    0.706216 v _1369_/Q (gf180mcu_fd_sc_mcu7t5v0__dffq_1)
                                                         clk_scaler.counter[2] (net)
                      0.173171    0.000000    0.706216 v _1154_/A1 (gf180mcu_fd_sc_mcu7t5v0__nor2_1)
     1    0.004090    0.241345    0.179092    0.885308 ^ _1154_/ZN (gf180mcu_fd_sc_mcu7t5v0__nor2_1)
                                                         _0570_ (net)
                      0.241345    0.000000    0.885308 ^ _1155_/A3 (gf180mcu_fd_sc_mcu7t5v0__nor3_1)
     1    0.002389    0.165440    0.158843    1.044151 v _1155_/ZN (gf180mcu_fd_sc_mcu7t5v0__nor3_1)
                                                         _0139_ (net)
                      0.165440    0.000000    1.044151 v _1369_/D (gf180mcu_fd_sc_mcu7t5v0__dffq_1)
                                              1.044151   data arrival time

                      0.150000    0.000000    0.000000   clock clk (rise edge)
                                  0.000000    0.000000   clock network delay (ideal)
                                  0.250000    0.250000   clock uncertainty
                                  0.000000    0.250000   clock reconvergence pessimism
                                              0.250000 ^ _1369_/CLK (gf180mcu_fd_sc_mcu7t5v0__dffq_1)
                                  0.078091    0.328091   library hold time
                                              0.328091   data required time
---------------------------------------------------------------------------------------------
                                              0.328091   data required time
                                             -1.044151   data arrival time
---------------------------------------------------------------------------------------------
                                              0.716059   slack (MET)


Startpoint: _1370_ (rising edge-triggered flip-flop clocked by clk)
Endpoint: _1370_ (rising edge-triggered flip-flop clocked by clk)
Path Group: clk
Path Type: min

Fanout         Cap        Slew       Delay        Time   Description
---------------------------------------------------------------------------------------------
                      0.150000    0.000000    0.000000   clock clk (rise edge)
                                  0.000000    0.000000   clock network delay (ideal)
                      0.150000    0.000000    0.000000 ^ _1370_/CLK (gf180mcu_fd_sc_mcu7t5v0__dffq_1)
     3    0.011373    0.174144    0.706961    0.706961 v _1370_/Q (gf180mcu_fd_sc_mcu7t5v0__dffq_1)
                                                         clk_scaler.counter[3] (net)
                      0.174144    0.000000    0.706961 v _1157_/A1 (gf180mcu_fd_sc_mcu7t5v0__nor2_1)
     1    0.004090    0.241454    0.179383    0.886344 ^ _1157_/ZN (gf180mcu_fd_sc_mcu7t5v0__nor2_1)
                                                         _0572_ (net)
                      0.241454    0.000000    0.886344 ^ _1158_/A3 (gf180mcu_fd_sc_mcu7t5v0__nor3_1)
     1    0.002389    0.185495    0.158863    1.045206 v _1158_/ZN (gf180mcu_fd_sc_mcu7t5v0__nor3_1)
                                                         _0140_ (net)
                      0.185495    0.000000    1.045206 v _1370_/D (gf180mcu_fd_sc_mcu7t5v0__dffq_1)
                                              1.045206   data arrival time

                      0.150000    0.000000    0.000000   clock clk (rise edge)
                                  0.000000    0.000000   clock network delay (ideal)
                                  0.250000    0.250000   clock uncertainty
                                  0.000000    0.250000   clock reconvergence pessimism
                                              0.250000 ^ _1370_/CLK (gf180mcu_fd_sc_mcu7t5v0__dffq_1)
                                  0.072318    0.322318   library hold time
                                              0.322318   data required time
---------------------------------------------------------------------------------------------
                                              0.322318   data required time
                                             -1.045206   data arrival time
---------------------------------------------------------------------------------------------
                                              0.722888   slack (MET)


Startpoint: _1368_ (rising edge-triggered flip-flop clocked by clk)
Endpoint: _1368_ (rising edge-triggered flip-flop clocked by clk)
Path Group: clk
Path Type: min

Fanout         Cap        Slew       Delay        Time   Description
---------------------------------------------------------------------------------------------
                      0.150000    0.000000    0.000000   clock clk (rise edge)
                                  0.000000    0.000000   clock network delay (ideal)
                      0.150000    0.000000    0.000000 ^ _1368_/CLK (gf180mcu_fd_sc_mcu7t5v0__dffq_1)
     3    0.011060    0.171402    0.704861    0.704861 v _1368_/Q (gf180mcu_fd_sc_mcu7t5v0__dffq_1)
                                                         clk_scaler.counter[1] (net)
                      0.171402    0.000000    0.704861 v _1151_/B (gf180mcu_fd_sc_mcu7t5v0__aoi21_1)
     1    0.004090    0.233099    0.190767    0.895627 ^ _1151_/ZN (gf180mcu_fd_sc_mcu7t5v0__aoi21_1)
                                                         _0568_ (net)
                      0.233099    0.000000    0.895627 ^ _1152_/A3 (gf180mcu_fd_sc_mcu7t5v0__nor3_1)
     1    0.002389    0.170990    0.157334    1.052961 v _1152_/ZN (gf180mcu_fd_sc_mcu7t5v0__nor3_1)
                                                         _0138_ (net)
                      0.170990    0.000000    1.052961 v _1368_/D (gf180mcu_fd_sc_mcu7t5v0__dffq_1)
                                              1.052961   data arrival time

                      0.150000    0.000000    0.000000   clock clk (rise edge)
                                  0.000000    0.000000   clock network delay (ideal)
                                  0.250000    0.250000   clock uncertainty
                                  0.000000    0.250000   clock reconvergence pessimism
                                              0.250000 ^ _1368_/CLK (gf180mcu_fd_sc_mcu7t5v0__dffq_1)
                                  0.076493    0.326493   library hold time
                                              0.326493   data required time
---------------------------------------------------------------------------------------------
                                              0.326493   data required time
                                             -1.052961   data arrival time
---------------------------------------------------------------------------------------------
                                              0.726468   slack (MET)


Startpoint: _1371_ (rising edge-triggered flip-flop clocked by clk)
Endpoint: _1371_ (rising edge-triggered flip-flop clocked by clk)
Path Group: clk
Path Type: min

Fanout         Cap        Slew       Delay        Time   Description
---------------------------------------------------------------------------------------------
                      0.150000    0.000000    0.000000   clock clk (rise edge)
                                  0.000000    0.000000   clock network delay (ideal)
                      0.150000    0.000000    0.000000 ^ _1371_/CLK (gf180mcu_fd_sc_mcu7t5v0__dffq_1)
     3    0.016475    0.218836    0.741196    0.741196 v _1371_/Q (gf180mcu_fd_sc_mcu7t5v0__dffq_1)
                                                         clk_scaler.counter[4] (net)
                      0.218836    0.000000    0.741196 v _1159_/A1 (gf180mcu_fd_sc_mcu7t5v0__xnor2_1)
     1    0.004243    0.268942    0.244824    0.986021 ^ _1159_/ZN (gf180mcu_fd_sc_mcu7t5v0__xnor2_1)
                                                         _0573_ (net)
                      0.268942    0.000000    0.986021 ^ _1160_/A2 (gf180mcu_fd_sc_mcu7t5v0__nor2_1)
     1    0.002389    0.148214    0.124706    1.110727 v _1160_/ZN (gf180mcu_fd_sc_mcu7t5v0__nor2_1)
                                                         _0141_ (net)
                      0.148214    0.000000    1.110727 v _1371_/D (gf180mcu_fd_sc_mcu7t5v0__dffq_1)
                                              1.110727   data arrival time

                      0.150000    0.000000    0.000000   clock clk (rise edge)
                                  0.000000    0.000000   clock network delay (ideal)
                                  0.250000    0.250000   clock uncertainty
                                  0.000000    0.250000   clock reconvergence pessimism
                                              0.250000 ^ _1371_/CLK (gf180mcu_fd_sc_mcu7t5v0__dffq_1)
                                  0.083050    0.333050   library hold time
                                              0.333050   data required time
---------------------------------------------------------------------------------------------
                                              0.333050   data required time
                                             -1.110727   data arrival time
---------------------------------------------------------------------------------------------
                                              0.777676   slack (MET)


Startpoint: _1374_ (rising edge-triggered flip-flop clocked by clk)
Endpoint: _1378_ (rising edge-triggered flip-flop clocked by clk)
Path Group: clk
Path Type: min

Fanout         Cap        Slew       Delay        Time   Description
---------------------------------------------------------------------------------------------
                      0.150000    0.000000    0.000000   clock clk (rise edge)
                                  0.000000    0.000000   clock network delay (ideal)
                      0.150000    0.000000    0.000000 ^ _1374_/CLK (gf180mcu_fd_sc_mcu7t5v0__dffq_1)
     2    0.006827    0.178203    0.759389    0.759389 ^ _1374_/Q (gf180mcu_fd_sc_mcu7t5v0__dffq_1)
                                                         clk_scaler.counter[7] (net)
                      0.178203    0.000000    0.759389 ^ _1145_/A1 (gf180mcu_fd_sc_mcu7t5v0__nor4_1)
     3    0.017093    0.421973    0.311933    1.071322 v _1145_/ZN (gf180mcu_fd_sc_mcu7t5v0__nor4_1)
                                                         _0563_ (net)
                      0.421973    0.000000    1.071322 v _1168_/A2 (gf180mcu_fd_sc_mcu7t5v0__xor2_1)
     1    0.004090    0.280999    0.305800    1.377122 ^ _1168_/Z (gf180mcu_fd_sc_mcu7t5v0__xor2_1)
                                                         _0575_ (net)
                      0.280999    0.000000    1.377122 ^ _1169_/A3 (gf180mcu_fd_sc_mcu7t5v0__nor3_1)
     1    0.002389    0.199555    0.166096    1.543218 v _1169_/ZN (gf180mcu_fd_sc_mcu7t5v0__nor3_1)
                                                         _0148_ (net)
                      0.199555    0.000000    1.543218 v _1378_/D (gf180mcu_fd_sc_mcu7t5v0__dffq_1)
                                              1.543218   data arrival time

                      0.150000    0.000000    0.000000   clock clk (rise edge)
                                  0.000000    0.000000   clock network delay (ideal)
                                  0.250000    0.250000   clock uncertainty
                                  0.000000    0.250000   clock reconvergence pessimism
                                              0.250000 ^ _1378_/CLK (gf180mcu_fd_sc_mcu7t5v0__dffq_1)
                                  0.068270    0.318270   library hold time
                                              0.318270   data required time
---------------------------------------------------------------------------------------------
                                              0.318270   data required time
                                             -1.543218   data arrival time
---------------------------------------------------------------------------------------------
                                              1.224948   slack (MET)



