
 /----------------------------------------------------------------------------\
 |  yosys -- Yosys Open SYnthesis Suite                                       |
 |  Copyright (C) 2012 - 2025  Claire Xenia Wolf <claire@yosyshq.com>         |
 |  Distributed under an ISC-like license, type "license" to see terms        |
 \----------------------------------------------------------------------------/
 Yosys 0.57 (git sha1 3aca86049, g++ 13.3.0-6ubuntu2~24.04 -fPIC -O3)

1. Executing Liberty frontend: /foss/pdks/gf180mcuD/libs.ref/gf180mcu_fd_sc_mcu7t5v0/lib/gf180mcu_fd_sc_mcu7t5v0__tt_025C_5v00.lib
Imported 229 cell types from liberty file.
[INFO] Using SDC file '/foss/designs/kvic_336007_ws25-kvic_ws25_v6/librelane/runs/RUN_2025-11-27_18-17-01/06-yosys-synthesis/synthesis.abc.sdc' for ABC…

2. Executing Verilog-2005 frontend: /foss/designs/kvic_336007_ws25-kvic_ws25_v6/verilog/src/tt_um_felixfeierabend.v
Parsing SystemVerilog input from `/foss/designs/kvic_336007_ws25-kvic_ws25_v6/verilog/src/tt_um_felixfeierabend.v' to AST representation.
Storing AST representation for module `$abstract\tonegen'.
Storing AST representation for module `$abstract\signal_generator'.
Storing AST representation for module `$abstract\clock_scale'.
Storing AST representation for module `$abstract\tt_um_felixfeierabend'.
Successfully finished Verilog frontend.

3. Executing HIERARCHY pass (managing design hierarchy).

4. Executing AST frontend in derive mode using pre-parsed AST for module `\tt_um_felixfeierabend'.
Generating RTLIL representation for module `\tt_um_felixfeierabend'.

4.1. Analyzing design hierarchy..
Top module:  \tt_um_felixfeierabend

4.2. Executing AST frontend in derive mode using pre-parsed AST for module `\signal_generator'.
Generating RTLIL representation for module `\signal_generator'.

4.3. Executing AST frontend in derive mode using pre-parsed AST for module `\clock_scale'.
Generating RTLIL representation for module `\clock_scale'.

4.4. Analyzing design hierarchy..
Top module:  \tt_um_felixfeierabend
Used module:     \signal_generator
Used module:         \clock_scale

4.5. Analyzing design hierarchy..
Top module:  \tt_um_felixfeierabend
Used module:     \signal_generator
Used module:         \clock_scale
Removing unused module `$abstract\tt_um_felixfeierabend'.
Removing unused module `$abstract\clock_scale'.
Removing unused module `$abstract\signal_generator'.
Removing unused module `$abstract\tonegen'.
Removed 4 unused modules.
Renaming module tt_um_felixfeierabend to tt_um_felixfeierabend.

5. Generating Graphviz representation of design.
Writing dot description to `/foss/designs/kvic_336007_ws25-kvic_ws25_v6/librelane/runs/RUN_2025-11-27_18-17-01/06-yosys-synthesis/hierarchy.dot'.
Dumping module tt_um_felixfeierabend to page 1.

6. Executing HIERARCHY pass (managing design hierarchy).

6.1. Analyzing design hierarchy..
Top module:  \tt_um_felixfeierabend
Used module:     \signal_generator
Used module:         \clock_scale

6.2. Analyzing design hierarchy..
Top module:  \tt_um_felixfeierabend
Used module:     \signal_generator
Used module:         \clock_scale
Removed 0 unused modules.

7. Executing PROC_CLEAN pass (remove empty switches from decision trees).
Cleaned up 0 empty switches.

8. Executing PROC_RMDEAD pass (remove dead branches from decision trees).
Marked 1 switch rules as full_case in process $proc$/foss/designs/kvic_336007_ws25-kvic_ws25_v6/verilog/src/./signal_gen.v:40$2 in module signal_generator.
Marked 3 switch rules as full_case in process $proc$/foss/designs/kvic_336007_ws25-kvic_ws25_v6/verilog/src/./clock_scaler.v:12$6 in module clock_scale.
Removed a total of 0 dead cases.

9. Executing PROC_PRUNE pass (remove redundant assignments in processes).
Removed 1 redundant assignment.
Promoted 8 assignments to connections.

10. Executing PROC_INIT pass (extract init attributes).
Found init rule in `\signal_generator.$proc$/foss/designs/kvic_336007_ws25-kvic_ws25_v6/verilog/src/./signal_gen.v:20$4'.
  Set init value: \volA = 4'1000
Found init rule in `\signal_generator.$proc$/foss/designs/kvic_336007_ws25-kvic_ws25_v6/verilog/src/./signal_gen.v:19$3'.
  Set init value: \periodA = 12'000011001000
Found init rule in `\clock_scale.$proc$/foss/designs/kvic_336007_ws25-kvic_ws25_v6/verilog/src/./clock_scaler.v:8$11'.
  Set init value: \counter = 12'000000000000

11. Executing PROC_ARST pass (detect async resets in processes).
Found async reset \rst in `\signal_generator.$proc$/foss/designs/kvic_336007_ws25-kvic_ws25_v6/verilog/src/./signal_gen.v:40$2'.
Found async reset \rst in `\clock_scale.$proc$/foss/designs/kvic_336007_ws25-kvic_ws25_v6/verilog/src/./clock_scaler.v:12$6'.

12. Executing PROC_ROM pass (convert switches to ROMs).
Converted 0 switches.
<suppressed ~4 debug messages>

13. Executing PROC_MUX pass (convert decision trees to multiplexers).
Creating decoders for process `\signal_generator.$proc$/foss/designs/kvic_336007_ws25-kvic_ws25_v6/verilog/src/./signal_gen.v:22$5'.
Creating decoders for process `\signal_generator.$proc$/foss/designs/kvic_336007_ws25-kvic_ws25_v6/verilog/src/./signal_gen.v:20$4'.
Creating decoders for process `\signal_generator.$proc$/foss/designs/kvic_336007_ws25-kvic_ws25_v6/verilog/src/./signal_gen.v:19$3'.
Creating decoders for process `\signal_generator.$proc$/foss/designs/kvic_336007_ws25-kvic_ws25_v6/verilog/src/./signal_gen.v:40$2'.
     1/2: $1\volA[3:0]
     2/2: $1\periodA[11:0]
Creating decoders for process `\clock_scale.$proc$/foss/designs/kvic_336007_ws25-kvic_ws25_v6/verilog/src/./clock_scaler.v:10$13'.
Creating decoders for process `\clock_scale.$proc$/foss/designs/kvic_336007_ws25-kvic_ws25_v6/verilog/src/./clock_scaler.v:9$12'.
Creating decoders for process `\clock_scale.$proc$/foss/designs/kvic_336007_ws25-kvic_ws25_v6/verilog/src/./clock_scaler.v:8$11'.
Creating decoders for process `\clock_scale.$proc$/foss/designs/kvic_336007_ws25-kvic_ws25_v6/verilog/src/./clock_scaler.v:12$6'.
     1/2: $0\counter[11:0]
     2/2: $0\clk_out[0:0]

14. Executing PROC_DLATCH pass (convert process syncs to latches).
No latch inferred for signal `\signal_generator.\enableA' from process `\signal_generator.$proc$/foss/designs/kvic_336007_ws25-kvic_ws25_v6/verilog/src/./signal_gen.v:22$5'.
No latch inferred for signal `\clock_scale.\clk_val' from process `\clock_scale.$proc$/foss/designs/kvic_336007_ws25-kvic_ws25_v6/verilog/src/./clock_scaler.v:10$13'.
No latch inferred for signal `\clock_scale.\next_counter' from process `\clock_scale.$proc$/foss/designs/kvic_336007_ws25-kvic_ws25_v6/verilog/src/./clock_scaler.v:9$12'.

15. Executing PROC_DFF pass (convert process syncs to FFs).
Creating register for signal `\signal_generator.\periodA' using process `\signal_generator.$proc$/foss/designs/kvic_336007_ws25-kvic_ws25_v6/verilog/src/./signal_gen.v:40$2'.
  created $adff cell `$procdff$32' with positive edge clock and positive level reset.
Creating register for signal `\signal_generator.\volA' using process `\signal_generator.$proc$/foss/designs/kvic_336007_ws25-kvic_ws25_v6/verilog/src/./signal_gen.v:40$2'.
  created $adff cell `$procdff$35' with positive edge clock and positive level reset.
Creating register for signal `\clock_scale.\clk_out' using process `\clock_scale.$proc$/foss/designs/kvic_336007_ws25-kvic_ws25_v6/verilog/src/./clock_scaler.v:12$6'.
  created $adff cell `$procdff$40' with positive edge clock and positive level reset.
Creating register for signal `\clock_scale.\counter' using process `\clock_scale.$proc$/foss/designs/kvic_336007_ws25-kvic_ws25_v6/verilog/src/./clock_scaler.v:12$6'.
  created $adff cell `$procdff$45' with positive edge clock and positive level reset.

16. Executing PROC_MEMWR pass (convert process memory writes to cells).

17. Executing PROC_CLEAN pass (remove empty switches from decision trees).
Removing empty process `signal_generator.$proc$/foss/designs/kvic_336007_ws25-kvic_ws25_v6/verilog/src/./signal_gen.v:22$5'.
Removing empty process `signal_generator.$proc$/foss/designs/kvic_336007_ws25-kvic_ws25_v6/verilog/src/./signal_gen.v:20$4'.
Removing empty process `signal_generator.$proc$/foss/designs/kvic_336007_ws25-kvic_ws25_v6/verilog/src/./signal_gen.v:19$3'.
Found and cleaned up 2 empty switches in `\signal_generator.$proc$/foss/designs/kvic_336007_ws25-kvic_ws25_v6/verilog/src/./signal_gen.v:40$2'.
Removing empty process `signal_generator.$proc$/foss/designs/kvic_336007_ws25-kvic_ws25_v6/verilog/src/./signal_gen.v:40$2'.
Removing empty process `clock_scale.$proc$/foss/designs/kvic_336007_ws25-kvic_ws25_v6/verilog/src/./clock_scaler.v:10$13'.
Removing empty process `clock_scale.$proc$/foss/designs/kvic_336007_ws25-kvic_ws25_v6/verilog/src/./clock_scaler.v:9$12'.
Removing empty process `clock_scale.$proc$/foss/designs/kvic_336007_ws25-kvic_ws25_v6/verilog/src/./clock_scaler.v:8$11'.
Found and cleaned up 2 empty switches in `\clock_scale.$proc$/foss/designs/kvic_336007_ws25-kvic_ws25_v6/verilog/src/./clock_scaler.v:12$6'.
Removing empty process `clock_scale.$proc$/foss/designs/kvic_336007_ws25-kvic_ws25_v6/verilog/src/./clock_scaler.v:12$6'.
Cleaned up 4 empty switches.

18. Executing CHECK pass (checking for obvious problems).
Checking module tt_um_felixfeierabend...
Checking module signal_generator...
Checking module clock_scale...
Found and reported 0 problems.

19. Executing OPT_EXPR pass (perform const folding).
Optimizing module tt_um_felixfeierabend.
Optimizing module signal_generator.
<suppressed ~3 debug messages>
Optimizing module clock_scale.
<suppressed ~4 debug messages>

20. Executing FLATTEN pass (flatten design).
Deleting now unused module signal_generator.
Deleting now unused module clock_scale.
<suppressed ~3 debug messages>

21. Executing OPT_EXPR pass (perform const folding).
Optimizing module tt_um_felixfeierabend.
<suppressed ~9 debug messages>

22. Executing OPT_CLEAN pass (remove unused cells and wires).
Finding unused cells or wires in module \tt_um_felixfeierabend..
Removed 5 unused cells and 44 unused wires.
<suppressed ~9 debug messages>

23. Executing OPT_EXPR pass (perform const folding).
Optimizing module tt_um_felixfeierabend.

24. Executing OPT_MERGE pass (detect identical cells).
Finding identical cells in module `\tt_um_felixfeierabend'.
Removed a total of 0 cells.

25. Executing OPT_MUXTREE pass (detect dead branches in mux trees).
Running muxtree optimizer on module \tt_um_felixfeierabend..
  Creating internal representation of mux trees.
  Evaluating internal representation of mux trees.
  Analyzing evaluation results.
Removed 0 multiplexer ports.
<suppressed ~13 debug messages>

26. Executing OPT_REDUCE pass (consolidate $*mux and $reduce_* inputs).
  Optimizing cells in module \tt_um_felixfeierabend.
Performed a total of 0 changes.

27. Executing OPT_MERGE pass (detect identical cells).
Finding identical cells in module `\tt_um_felixfeierabend'.
Removed a total of 0 cells.

28. Executing OPT_DFF pass (perform DFF optimizations).

29. Executing OPT_CLEAN pass (remove unused cells and wires).
Finding unused cells or wires in module \tt_um_felixfeierabend..

30. Executing OPT_EXPR pass (perform const folding).
Optimizing module tt_um_felixfeierabend.

31. Executing FSM pass (extract and optimize FSM).

31.1. Executing FSM_DETECT pass (finding FSMs in design).

31.2. Executing FSM_EXTRACT pass (extracting FSM from design).

31.3. Executing FSM_OPT pass (simple optimizations of FSMs).

31.4. Executing OPT_CLEAN pass (remove unused cells and wires).
Finding unused cells or wires in module \tt_um_felixfeierabend..

31.5. Executing FSM_OPT pass (simple optimizations of FSMs).

31.6. Executing FSM_RECODE pass (re-assigning FSM state encoding).

31.7. Executing FSM_INFO pass (dumping all available information on FSM cells).

31.8. Executing FSM_MAP pass (mapping FSMs to basic logic).

32. Executing OPT_EXPR pass (perform const folding).
Optimizing module tt_um_felixfeierabend.

33. Executing OPT_MERGE pass (detect identical cells).
Finding identical cells in module `\tt_um_felixfeierabend'.
Removed a total of 0 cells.

34. Executing OPT_MUXTREE pass (detect dead branches in mux trees).
Running muxtree optimizer on module \tt_um_felixfeierabend..
  Creating internal representation of mux trees.
  Evaluating internal representation of mux trees.
  Analyzing evaluation results.
Removed 0 multiplexer ports.
<suppressed ~13 debug messages>

35. Executing OPT_REDUCE pass (consolidate $*mux and $reduce_* inputs).
  Optimizing cells in module \tt_um_felixfeierabend.
Performed a total of 0 changes.

36. Executing OPT_MERGE pass (detect identical cells).
Finding identical cells in module `\tt_um_felixfeierabend'.
Removed a total of 0 cells.

37. Executing OPT_DFF pass (perform DFF optimizations).
Adding EN signal on $flatten\signal_gen.\tonegenA.$procdff$40 ($adff) from module tt_um_felixfeierabend (D = $flatten\signal_gen.\tonegenA.$not$/foss/designs/kvic_336007_ws25-kvic_ws25_v6/verilog/src/./clock_scaler.v:19$9_Y, Q = \signal_gen.tonegenA.clk_out).
Adding EN signal on $flatten\signal_gen.$procdff$32 ($adff) from module tt_um_felixfeierabend (D = \ui_in [7:3], Q = \signal_gen.periodA [4:0]).
Adding EN signal on $flatten\signal_gen.$procdff$32 ($adff) from module tt_um_felixfeierabend (D = \signal_gen.periodA [11:5], Q = \signal_gen.periodA [11:5]).
Handling D = Q on $auto$ff.cc:266:slice$53 ($adffe) from module tt_um_felixfeierabend (removing D path).
Adding EN signal on $flatten\clk_scaler.$procdff$40 ($adff) from module tt_um_felixfeierabend (D = $flatten\clk_scaler.$0\clk_out[0:0], Q = \clk_scaler.clk_out).
Setting constant 0-bit at position 0 on $auto$ff.cc:266:slice$53 ($dlatch) from module tt_um_felixfeierabend.
Setting constant 1-bit at position 1 on $auto$ff.cc:266:slice$53 ($dlatch) from module tt_um_felixfeierabend.
Setting constant 1-bit at position 2 on $auto$ff.cc:266:slice$53 ($dlatch) from module tt_um_felixfeierabend.
Setting constant 0-bit at position 3 on $auto$ff.cc:266:slice$53 ($dlatch) from module tt_um_felixfeierabend.
Setting constant 0-bit at position 4 on $auto$ff.cc:266:slice$53 ($dlatch) from module tt_um_felixfeierabend.
Setting constant 0-bit at position 5 on $auto$ff.cc:266:slice$53 ($dlatch) from module tt_um_felixfeierabend.
Setting constant 0-bit at position 6 on $auto$ff.cc:266:slice$53 ($dlatch) from module tt_um_felixfeierabend.

38. Executing OPT_CLEAN pass (remove unused cells and wires).
Finding unused cells or wires in module \tt_um_felixfeierabend..
Removed 5 unused cells and 5 unused wires.
<suppressed ~6 debug messages>

39. Executing OPT_EXPR pass (perform const folding).
Optimizing module tt_um_felixfeierabend.

40. Rerunning OPT passes. (Maybe there is more to do…)

41. Executing OPT_MUXTREE pass (detect dead branches in mux trees).
Running muxtree optimizer on module \tt_um_felixfeierabend..
  Creating internal representation of mux trees.
  Evaluating internal representation of mux trees.
  Analyzing evaluation results.
Removed 0 multiplexer ports.
<suppressed ~8 debug messages>

42. Executing OPT_REDUCE pass (consolidate $*mux and $reduce_* inputs).
  Optimizing cells in module \tt_um_felixfeierabend.
Performed a total of 0 changes.

43. Executing OPT_MERGE pass (detect identical cells).
Finding identical cells in module `\tt_um_felixfeierabend'.
Removed a total of 0 cells.

44. Executing OPT_DFF pass (perform DFF optimizations).

45. Executing OPT_CLEAN pass (remove unused cells and wires).
Finding unused cells or wires in module \tt_um_felixfeierabend..

46. Executing OPT_EXPR pass (perform const folding).
Optimizing module tt_um_felixfeierabend.

47. Executing WREDUCE pass (reducing word size of cells).
Removed top 31 bits (of 32) from port B of cell tt_um_felixfeierabend.$flatten\clk_scaler.$add$/foss/designs/kvic_336007_ws25-kvic_ws25_v6/verilog/src/./clock_scaler.v:21$10 ($add).
Removed top 20 bits (of 32) from port Y of cell tt_um_felixfeierabend.$flatten\clk_scaler.$add$/foss/designs/kvic_336007_ws25-kvic_ws25_v6/verilog/src/./clock_scaler.v:21$10 ($add).
Removed top 6 bits (of 12) from port B of cell tt_um_felixfeierabend.$flatten\clk_scaler.$ge$/foss/designs/kvic_336007_ws25-kvic_ws25_v6/verilog/src/./clock_scaler.v:17$8 ($ge).
Removed top 1 bits (of 2) from port B of cell tt_um_felixfeierabend.$auto$opt_dff.cc:248:make_patterns_logic$60 ($ne).
Removed top 4 bits (of 12) from port B of cell tt_um_felixfeierabend.$flatten\signal_gen.\tonegenA.$ge$/foss/designs/kvic_336007_ws25-kvic_ws25_v6/verilog/src/./clock_scaler.v:17$8 ($ge).
Removed top 31 bits (of 32) from port B of cell tt_um_felixfeierabend.$flatten\signal_gen.\tonegenA.$add$/foss/designs/kvic_336007_ws25-kvic_ws25_v6/verilog/src/./clock_scaler.v:21$10 ($add).
Removed top 20 bits (of 32) from port Y of cell tt_um_felixfeierabend.$flatten\signal_gen.\tonegenA.$add$/foss/designs/kvic_336007_ws25-kvic_ws25_v6/verilog/src/./clock_scaler.v:21$10 ($add).
Removed top 20 bits (of 32) from wire tt_um_felixfeierabend.$flatten\clk_scaler.$add$/foss/designs/kvic_336007_ws25-kvic_ws25_v6/verilog/src/./clock_scaler.v:21$10_Y.

48. Executing PEEPOPT pass (run peephole optimizers).

49. Executing OPT_CLEAN pass (remove unused cells and wires).
Finding unused cells or wires in module \tt_um_felixfeierabend..
Removed 0 unused cells and 1 unused wires.
<suppressed ~1 debug messages>

50. Executing ALUMACC pass (create $alu and $macc cells).
Extracting $alu and $macc cells in module tt_um_felixfeierabend:
  creating $macc model for $flatten\clk_scaler.$add$/foss/designs/kvic_336007_ws25-kvic_ws25_v6/verilog/src/./clock_scaler.v:21$10 ($add).
  creating $macc model for $flatten\signal_gen.\tonegenA.$add$/foss/designs/kvic_336007_ws25-kvic_ws25_v6/verilog/src/./clock_scaler.v:21$10 ($add).
  creating $alu model for $macc $flatten\signal_gen.\tonegenA.$add$/foss/designs/kvic_336007_ws25-kvic_ws25_v6/verilog/src/./clock_scaler.v:21$10.
  creating $alu model for $macc $flatten\clk_scaler.$add$/foss/designs/kvic_336007_ws25-kvic_ws25_v6/verilog/src/./clock_scaler.v:21$10.
  creating $alu model for $flatten\clk_scaler.$ge$/foss/designs/kvic_336007_ws25-kvic_ws25_v6/verilog/src/./clock_scaler.v:17$8 ($ge): new $alu
  creating $alu model for $flatten\signal_gen.\tonegenA.$ge$/foss/designs/kvic_336007_ws25-kvic_ws25_v6/verilog/src/./clock_scaler.v:17$8 ($ge): new $alu
  creating $alu cell for $flatten\signal_gen.\tonegenA.$ge$/foss/designs/kvic_336007_ws25-kvic_ws25_v6/verilog/src/./clock_scaler.v:17$8: $auto$alumacc.cc:495:replace_alu$64
  creating $alu cell for $flatten\clk_scaler.$ge$/foss/designs/kvic_336007_ws25-kvic_ws25_v6/verilog/src/./clock_scaler.v:17$8: $auto$alumacc.cc:495:replace_alu$77
  creating $alu cell for $flatten\clk_scaler.$add$/foss/designs/kvic_336007_ws25-kvic_ws25_v6/verilog/src/./clock_scaler.v:21$10: $auto$alumacc.cc:495:replace_alu$90
  creating $alu cell for $flatten\signal_gen.\tonegenA.$add$/foss/designs/kvic_336007_ws25-kvic_ws25_v6/verilog/src/./clock_scaler.v:21$10: $auto$alumacc.cc:495:replace_alu$93
  created 4 $alu and 0 $macc cells.

51. Executing SHARE pass (SAT-based resource sharing).

52. Executing OPT_EXPR pass (perform const folding).
Optimizing module tt_um_felixfeierabend.

53. Executing OPT_MERGE pass (detect identical cells).
Finding identical cells in module `\tt_um_felixfeierabend'.
Removed a total of 0 cells.

54. Executing OPT_MUXTREE pass (detect dead branches in mux trees).
Running muxtree optimizer on module \tt_um_felixfeierabend..
  Creating internal representation of mux trees.
  Evaluating internal representation of mux trees.
  Analyzing evaluation results.
Removed 0 multiplexer ports.
<suppressed ~8 debug messages>

55. Executing OPT_REDUCE pass (consolidate $*mux and $reduce_* inputs).
  Optimizing cells in module \tt_um_felixfeierabend.
Performed a total of 0 changes.

56. Executing OPT_MERGE pass (detect identical cells).
Finding identical cells in module `\tt_um_felixfeierabend'.
Removed a total of 0 cells.

57. Executing OPT_DFF pass (perform DFF optimizations).

58. Executing OPT_CLEAN pass (remove unused cells and wires).
Finding unused cells or wires in module \tt_um_felixfeierabend..
Removed 0 unused cells and 2 unused wires.
<suppressed ~1 debug messages>

59. Executing OPT_EXPR pass (perform const folding).
Optimizing module tt_um_felixfeierabend.

60. Rerunning OPT passes. (Maybe there is more to do…)

61. Executing OPT_MUXTREE pass (detect dead branches in mux trees).
Running muxtree optimizer on module \tt_um_felixfeierabend..
  Creating internal representation of mux trees.
  Evaluating internal representation of mux trees.
  Analyzing evaluation results.
Removed 0 multiplexer ports.
<suppressed ~8 debug messages>

62. Executing OPT_REDUCE pass (consolidate $*mux and $reduce_* inputs).
  Optimizing cells in module \tt_um_felixfeierabend.
Performed a total of 0 changes.

63. Executing OPT_MERGE pass (detect identical cells).
Finding identical cells in module `\tt_um_felixfeierabend'.
Removed a total of 0 cells.

64. Executing OPT_DFF pass (perform DFF optimizations).

65. Executing OPT_CLEAN pass (remove unused cells and wires).
Finding unused cells or wires in module \tt_um_felixfeierabend..

66. Executing OPT_EXPR pass (perform const folding).
Optimizing module tt_um_felixfeierabend.

67. Executing MEMORY pass.

67.1. Executing OPT_MEM pass (optimize memories).
Performed a total of 0 transformations.

67.2. Executing OPT_MEM_PRIORITY pass (removing unnecessary memory write priority relations).
Performed a total of 0 transformations.

67.3. Executing OPT_MEM_FEEDBACK pass (finding memory read-to-write feedback paths).

67.4. Executing MEMORY_BMUX2ROM pass (converting muxes to ROMs).

67.5. Executing MEMORY_DFF pass (merging $dff cells to $memrd).

67.6. Executing OPT_CLEAN pass (remove unused cells and wires).
Finding unused cells or wires in module \tt_um_felixfeierabend..

67.7. Executing MEMORY_SHARE pass (consolidating $memrd/$memwr cells).

67.8. Executing OPT_MEM_WIDEN pass (optimize memories where all ports are wide).
Performed a total of 0 transformations.

67.9. Executing OPT_CLEAN pass (remove unused cells and wires).
Finding unused cells or wires in module \tt_um_felixfeierabend..

67.10. Executing MEMORY_COLLECT pass (generating $mem cells).

68. Executing OPT_CLEAN pass (remove unused cells and wires).
Finding unused cells or wires in module \tt_um_felixfeierabend..

69. Executing OPT_EXPR pass (perform const folding).
Optimizing module tt_um_felixfeierabend.
<suppressed ~3 debug messages>

70. Executing OPT_MERGE pass (detect identical cells).
Finding identical cells in module `\tt_um_felixfeierabend'.
Removed a total of 0 cells.

71. Executing OPT_DFF pass (perform DFF optimizations).

72. Executing OPT_CLEAN pass (remove unused cells and wires).
Finding unused cells or wires in module \tt_um_felixfeierabend..
Removed 0 unused cells and 2 unused wires.
<suppressed ~1 debug messages>

73. Executing MEMORY_MAP pass (converting memories to logic and flip-flops).

74. Executing OPT_EXPR pass (perform const folding).
Optimizing module tt_um_felixfeierabend.

75. Executing OPT_MERGE pass (detect identical cells).
Finding identical cells in module `\tt_um_felixfeierabend'.
Removed a total of 0 cells.

76. Executing OPT_MUXTREE pass (detect dead branches in mux trees).
Running muxtree optimizer on module \tt_um_felixfeierabend..
  Creating internal representation of mux trees.
  Evaluating internal representation of mux trees.
  Analyzing evaluation results.
Removed 0 multiplexer ports.
<suppressed ~5 debug messages>

77. Executing OPT_REDUCE pass (consolidate $*mux and $reduce_* inputs).
  Optimizing cells in module \tt_um_felixfeierabend.
Performed a total of 0 changes.

78. Executing OPT_MERGE pass (detect identical cells).
Finding identical cells in module `\tt_um_felixfeierabend'.
Removed a total of 0 cells.

79. Executing OPT_SHARE pass.

80. Executing OPT_DFF pass (perform DFF optimizations).

81. Executing OPT_CLEAN pass (remove unused cells and wires).
Finding unused cells or wires in module \tt_um_felixfeierabend..

82. Executing OPT_EXPR pass (perform const folding).
Optimizing module tt_um_felixfeierabend.

83. Executing TECHMAP pass (map to technology primitives).

83.1. Executing Verilog-2005 frontend: /foss/tools/yosys/bin/../share/yosys/techmap.v
Parsing Verilog input from `/foss/tools/yosys/bin/../share/yosys/techmap.v' to AST representation.
Generating RTLIL representation for module `\_90_simplemap_bool_ops'.
Generating RTLIL representation for module `\_90_simplemap_reduce_ops'.
Generating RTLIL representation for module `\_90_simplemap_logic_ops'.
Generating RTLIL representation for module `\_90_simplemap_compare_ops'.
Generating RTLIL representation for module `\_90_simplemap_various'.
Generating RTLIL representation for module `\_90_simplemap_registers'.
Generating RTLIL representation for module `\_90_shift_ops_shr_shl_sshl_sshr'.
Generating RTLIL representation for module `\_90_shift_shiftx'.
Generating RTLIL representation for module `\_90_fa'.
Generating RTLIL representation for module `\_90_lcu_brent_kung'.
Generating RTLIL representation for module `\_90_alu'.
Generating RTLIL representation for module `\_90_macc'.
Generating RTLIL representation for module `\_90_alumacc'.
Generating RTLIL representation for module `\$__div_mod_u'.
Generating RTLIL representation for module `\$__div_mod_trunc'.
Generating RTLIL representation for module `\_90_div'.
Generating RTLIL representation for module `\_90_mod'.
Generating RTLIL representation for module `\$__div_mod_floor'.
Generating RTLIL representation for module `\_90_divfloor'.
Generating RTLIL representation for module `\_90_modfloor'.
Generating RTLIL representation for module `\_90_pow'.
Generating RTLIL representation for module `\_90_pmux'.
Generating RTLIL representation for module `\_90_demux'.
Generating RTLIL representation for module `\_90_lut'.
Successfully finished Verilog frontend.

83.2. Continuing TECHMAP pass.
Using extmapper simplemap for cells of type $not.
Using extmapper simplemap for cells of type $adffe.
Using extmapper simplemap for cells of type $adff.
Using extmapper simplemap for cells of type $and.
Using extmapper simplemap for cells of type $mux.
Using template $paramod$8f780356cb6cdb52f6a744190131b65634639c4e\_90_alu for cells of type $alu.
Using extmapper simplemap for cells of type $reduce_or.
Using extmapper simplemap for cells of type $or.
Using extmapper simplemap for cells of type $reduce_and.
Using extmapper simplemap for cells of type $ne.
Using template $paramod$a0e100ff180a74c7f306c1b94734a8ec46e8ca57\_90_alu for cells of type $alu.
Using template $paramod$d3e499519851dde9078ab579ebdae65be5ccdc33\_90_alu for cells of type $alu.
Using extmapper simplemap for cells of type $logic_not.
Using extmapper simplemap for cells of type $xor.
Using template $paramod\_90_lcu_brent_kung\WIDTH=32'00000000000000000000000000001100 for cells of type $lcu.
Using extmapper simplemap for cells of type $pos.
Using template $paramod\_90_lcu_brent_kung\WIDTH=32'00000000000000000000000000001011 for cells of type $lcu.
No more expansions possible.
<suppressed ~598 debug messages>

84. Executing OPT_EXPR pass (perform const folding).
Optimizing module tt_um_felixfeierabend.
<suppressed ~224 debug messages>

85. Executing OPT_MERGE pass (detect identical cells).
Finding identical cells in module `\tt_um_felixfeierabend'.
<suppressed ~78 debug messages>
Removed a total of 26 cells.

86. Executing OPT_DFF pass (perform DFF optimizations).

87. Executing OPT_CLEAN pass (remove unused cells and wires).
Finding unused cells or wires in module \tt_um_felixfeierabend..
Removed 59 unused cells and 209 unused wires.
<suppressed ~60 debug messages>

88. Executing OPT_EXPR pass (perform const folding).
Optimizing module tt_um_felixfeierabend.

89. Executing OPT_MERGE pass (detect identical cells).
Finding identical cells in module `\tt_um_felixfeierabend'.
Removed a total of 0 cells.

90. Executing OPT_DFF pass (perform DFF optimizations).

91. Executing OPT_CLEAN pass (remove unused cells and wires).
Finding unused cells or wires in module \tt_um_felixfeierabend..

92. Executing ABC pass (technology mapping using ABC).

92.1. Extracting gate netlist of module `\tt_um_felixfeierabend' to `<abc-temp-dir>/input.blif'..
Extracted 197 gates and 234 wires to a netlist network with 36 inputs and 29 outputs.

92.1.1. Executing ABC.
Running ABC command: "<yosys-exe-dir>/yosys-abc" -s -f <abc-temp-dir>/abc.script 2>&1
ABC: ABC command line: "source <abc-temp-dir>/abc.script".
ABC: 
ABC: + read_blif <abc-temp-dir>/input.blif 
ABC: + read_library <abc-temp-dir>/stdcells.genlib 
ABC: + strash 
ABC: + dretime 
ABC: + map 
ABC: + write_blif <abc-temp-dir>/output.blif 

92.1.2. Re-integrating ABC results.
ABC RESULTS:               AND cells:        3
ABC RESULTS:            ANDNOT cells:       56
ABC RESULTS:              NAND cells:       14
ABC RESULTS:               NOR cells:        9
ABC RESULTS:               NOT cells:        3
ABC RESULTS:                OR cells:       38
ABC RESULTS:             ORNOT cells:       13
ABC RESULTS:              XNOR cells:        7
ABC RESULTS:               XOR cells:       20
ABC RESULTS:        internal signals:      169
ABC RESULTS:           input signals:       36
ABC RESULTS:          output signals:       29
Removing temp directory.

93. Executing OPT pass (performing simple optimizations).

93.1. Executing OPT_EXPR pass (perform const folding).
Optimizing module tt_um_felixfeierabend.

93.2. Executing OPT_MERGE pass (detect identical cells).
Finding identical cells in module `\tt_um_felixfeierabend'.
<suppressed ~3 debug messages>
Removed a total of 1 cells.

93.3. Executing OPT_DFF pass (perform DFF optimizations).

93.4. Executing OPT_CLEAN pass (remove unused cells and wires).
Finding unused cells or wires in module \tt_um_felixfeierabend..
Removed 0 unused cells and 117 unused wires.
<suppressed ~1 debug messages>

93.5. Finished fast OPT passes.

94. Executing HIERARCHY pass (managing design hierarchy).

94.1. Analyzing design hierarchy..
Top module:  \tt_um_felixfeierabend

94.2. Analyzing design hierarchy..
Top module:  \tt_um_felixfeierabend
Removed 0 unused modules.

95. Executing CHECK pass (checking for obvious problems).
Checking module tt_um_felixfeierabend...
Found and reported 0 problems.

96. Printing statistics.

=== tt_um_felixfeierabend ===

        +----------Local Count, excluding submodules.
        | 
      197 wires
      327 wire bits
       35 public wires
      165 public wire bits
        8 ports
       43 port bits
      196 cells
       56   $_ANDNOT_
        3   $_AND_
        5   $_DFFE_PN0P_
        1   $_DFFE_PN1P_
        1   $_DFFE_PP0P_
       12   $_DFF_PN0_
       12   $_DFF_PP0_
       14   $_NAND_
        8   $_NOR_
        3   $_NOT_
       13   $_ORNOT_
       38   $_OR_
        7   $_XNOR_
       20   $_XOR_
        3   $scopeinfo

97. Generating Graphviz representation of design.
Writing dot description to `/foss/designs/kvic_336007_ws25-kvic_ws25_v6/librelane/runs/RUN_2025-11-27_18-17-01/06-yosys-synthesis/primitive_techmap.dot'.
Dumping module tt_um_felixfeierabend to page 1.

98. Executing OPT pass (performing simple optimizations).

98.1. Executing OPT_EXPR pass (perform const folding).
Optimizing module tt_um_felixfeierabend.

98.2. Executing OPT_MERGE pass (detect identical cells).
Finding identical cells in module `\tt_um_felixfeierabend'.
Removed a total of 0 cells.

98.3. Executing OPT_MUXTREE pass (detect dead branches in mux trees).
Running muxtree optimizer on module \tt_um_felixfeierabend..
  Creating internal representation of mux trees.
  No muxes found in this module.
Removed 0 multiplexer ports.

98.4. Executing OPT_REDUCE pass (consolidate $*mux and $reduce_* inputs).
  Optimizing cells in module \tt_um_felixfeierabend.
Performed a total of 0 changes.

98.5. Executing OPT_MERGE pass (detect identical cells).
Finding identical cells in module `\tt_um_felixfeierabend'.
Removed a total of 0 cells.

98.6. Executing OPT_DFF pass (perform DFF optimizations).

98.7. Executing OPT_CLEAN pass (remove unused cells and wires).
Finding unused cells or wires in module \tt_um_felixfeierabend..

98.8. Executing OPT_EXPR pass (perform const folding).
Optimizing module tt_um_felixfeierabend.

98.9. Finished OPT passes. (There is nothing left to do.)

99. Executing OPT_CLEAN pass (remove unused cells and wires).
Finding unused cells or wires in module \tt_um_felixfeierabend..
Removed 3 unused cells and 22 unused wires.
<suppressed ~25 debug messages>
{
   "creator": "Yosys 0.57 (git sha1 3aca86049, g++ 13.3.0-6ubuntu2~24.04 -fPIC -O3)",
   "invocation": "stat -json -liberty /foss/designs/kvic_336007_ws25-kvic_ws25_v6/librelane/runs/RUN_2025-11-27_18-17-01/tmp/800e289b531f4ba2a18debbcc437cf0c.lib ",
   "modules": {
      "\\tt_um_felixfeierabend": {
         "num_wires":         175,
         "num_wire_bits":     243,
         "num_pub_wires":     13,
         "num_pub_wire_bits": 81,
         "num_ports":         8,
         "num_port_bits":     43,
         "num_memories":      0,
         "num_memory_bits":   0,
         "num_processes":     0,
         "num_cells":         193,
         "num_submodules":       0,
         "num_cells_by_type": {
            "$_ANDNOT_": 56,
            "$_AND_": 3,
            "$_DFFE_PN0P_": 5,
            "$_DFFE_PN1P_": 1,
            "$_DFFE_PP0P_": 1,
            "$_DFF_PN0_": 12,
            "$_DFF_PP0_": 12,
            "$_NAND_": 14,
            "$_NOR_": 8,
            "$_NOT_": 3,
            "$_ORNOT_": 13,
            "$_OR_": 38,
            "$_XNOR_": 7,
            "$_XOR_": 20
         }
      }
   },
      "design": {
         "num_wires":         175,
         "num_wire_bits":     243,
         "num_pub_wires":     13,
         "num_pub_wire_bits": 81,
         "num_ports":         8,
         "num_port_bits":     43,
         "num_memories":      0,
         "num_memory_bits":   0,
         "num_processes":     0,
         "num_cells":         193,
         "num_submodules":       0,
         "num_cells_by_type": {
            "$_ANDNOT_": 56,
            "$_AND_": 3,
            "$_DFFE_PN0P_": 5,
            "$_DFFE_PN1P_": 1,
            "$_DFFE_PP0P_": 1,
            "$_DFF_PN0_": 12,
            "$_DFF_PP0_": 12,
            "$_NAND_": 14,
            "$_NOR_": 8,
            "$_NOT_": 3,
            "$_ORNOT_": 13,
            "$_OR_": 38,
            "$_XNOR_": 7,
            "$_XOR_": 20
         }
      }
}

100. Printing statistics.

=== tt_um_felixfeierabend ===

        +----------Local Count, excluding submodules.
        | 
      175 wires
      243 wire bits
       13 public wires
       81 public wire bits
        8 ports
       43 port bits
      193 cells
       56   $_ANDNOT_
        3   $_AND_
        5   $_DFFE_PN0P_
        1   $_DFFE_PN1P_
        1   $_DFFE_PP0P_
       12   $_DFF_PN0_
       12   $_DFF_PP0_
       14   $_NAND_
        8   $_NOR_
        3   $_NOT_
       13   $_ORNOT_
       38   $_OR_
        7   $_XNOR_
       20   $_XOR_

   Area for cell type $_NOT_ is unknown!
   Area for cell type $_AND_ is unknown!
   Area for cell type $_NAND_ is unknown!
   Area for cell type $_OR_ is unknown!
   Area for cell type $_NOR_ is unknown!
   Area for cell type $_XOR_ is unknown!
   Area for cell type $_XNOR_ is unknown!
   Area for cell type $_ANDNOT_ is unknown!
   Area for cell type $_ORNOT_ is unknown!
   Area for cell type $_DFF_PN0_ is unknown!
   Area for cell type $_DFF_PP0_ is unknown!
   Area for cell type $_DFFE_PN0P_ is unknown!
   Area for cell type $_DFFE_PN1P_ is unknown!
   Area for cell type $_DFFE_PP0P_ is unknown!

101. Executing DFFLIBMAP pass (mapping DFF cells to sequential cells from liberty file).
  cell gf180mcu_fd_sc_mcu7t5v0__dffnq_1 (noninv, pins=3, area=65.86) is a direct match for cell type $_DFF_N_.
  cell gf180mcu_fd_sc_mcu7t5v0__dffq_1 (noninv, pins=3, area=63.66) is a direct match for cell type $_DFF_P_.
  cell gf180mcu_fd_sc_mcu7t5v0__dffnrnq_1 (noninv, pins=4, area=74.64) is a direct match for cell type $_DFF_NN0_.
  cell gf180mcu_fd_sc_mcu7t5v0__dffnsnq_1 (noninv, pins=4, area=79.03) is a direct match for cell type $_DFF_NN1_.
  cell gf180mcu_fd_sc_mcu7t5v0__dffrnq_1 (noninv, pins=4, area=74.64) is a direct match for cell type $_DFF_PN0_.
  cell gf180mcu_fd_sc_mcu7t5v0__dffsnq_1 (noninv, pins=4, area=79.03) is a direct match for cell type $_DFF_PN1_.
  cell gf180mcu_fd_sc_mcu7t5v0__dffnrsnq_1 (noninv, pins=5, area=94.39) is a direct match for cell type $_DFFSR_NNN_.
  cell gf180mcu_fd_sc_mcu7t5v0__dffrsnq_1 (noninv, pins=5, area=85.61) is a direct match for cell type $_DFFSR_PNN_.
  final dff cell mappings:
    \gf180mcu_fd_sc_mcu7t5v0__dffnq_1 _DFF_N_ (.CLKN( C), .D( D), .Q( Q));
    \gf180mcu_fd_sc_mcu7t5v0__dffq_1 _DFF_P_ (.CLK( C), .D( D), .Q( Q));
    \gf180mcu_fd_sc_mcu7t5v0__dffnrnq_1 _DFF_NN0_ (.CLKN( C), .D( D), .Q( Q), .RN( R));
    \gf180mcu_fd_sc_mcu7t5v0__dffnsnq_1 _DFF_NN1_ (.CLKN( C), .D( D), .Q( Q), .SETN( R));
    unmapped dff cell: $_DFF_NP0_
    unmapped dff cell: $_DFF_NP1_
    \gf180mcu_fd_sc_mcu7t5v0__dffrnq_1 _DFF_PN0_ (.CLK( C), .D( D), .Q( Q), .RN( R));
    \gf180mcu_fd_sc_mcu7t5v0__dffsnq_1 _DFF_PN1_ (.CLK( C), .D( D), .Q( Q), .SETN( R));
    unmapped dff cell: $_DFF_PP0_
    unmapped dff cell: $_DFF_PP1_
    unmapped dff cell: $_DFFE_NN_
    unmapped dff cell: $_DFFE_NP_
    unmapped dff cell: $_DFFE_PN_
    unmapped dff cell: $_DFFE_PP_
    \gf180mcu_fd_sc_mcu7t5v0__dffnrsnq_1 _DFFSR_NNN_ (.CLKN( C), .D( D), .Q( Q), .RN( R), .SETN( S));
    unmapped dff cell: $_DFFSR_NNP_
    unmapped dff cell: $_DFFSR_NPN_
    unmapped dff cell: $_DFFSR_NPP_
    \gf180mcu_fd_sc_mcu7t5v0__dffrsnq_1 _DFFSR_PNN_ (.CLK( C), .D( D), .Q( Q), .RN( R), .SETN( S));
    unmapped dff cell: $_DFFSR_PNP_
    unmapped dff cell: $_DFFSR_PPN_
    unmapped dff cell: $_DFFSR_PPP_

101.1. Executing DFFLEGALIZE pass (convert FFs to types supported by the target).
Mapping DFF cells in module `\tt_um_felixfeierabend':
  mapped 30 $_DFF_PN0_ cells to \gf180mcu_fd_sc_mcu7t5v0__dffrnq_1 cells.
  mapped 1 $_DFF_PN1_ cells to \gf180mcu_fd_sc_mcu7t5v0__dffsnq_1 cells.
{
   "creator": "Yosys 0.57 (git sha1 3aca86049, g++ 13.3.0-6ubuntu2~24.04 -fPIC -O3)",
   "invocation": "stat -json -liberty /foss/designs/kvic_336007_ws25-kvic_ws25_v6/librelane/runs/RUN_2025-11-27_18-17-01/tmp/800e289b531f4ba2a18debbcc437cf0c.lib ",
   "modules": {
      "\\tt_um_felixfeierabend": {
         "num_wires":         195,
         "num_wire_bits":     263,
         "num_pub_wires":     13,
         "num_pub_wire_bits": 81,
         "num_ports":         8,
         "num_port_bits":     43,
         "num_memories":      0,
         "num_memory_bits":   0,
         "num_processes":     0,
         "num_cells":         213,
         "num_submodules":       0,
         "area":              2318.131200,
         "sequential_area":    2318.131200,
         "num_cells_by_type": {
            "$_ANDNOT_": 56,
            "$_AND_": 3,
            "$_MUX_": 7,
            "$_NAND_": 14,
            "$_NOR_": 8,
            "$_NOT_": 16,
            "$_ORNOT_": 13,
            "$_OR_": 38,
            "$_XNOR_": 7,
            "$_XOR_": 20,
            "gf180mcu_fd_sc_mcu7t5v0__dffrnq_1": 30,
            "gf180mcu_fd_sc_mcu7t5v0__dffsnq_1": 1
         }
      }
   },
      "design": {
         "num_wires":         195,
         "num_wire_bits":     263,
         "num_pub_wires":     13,
         "num_pub_wire_bits": 81,
         "num_ports":         8,
         "num_port_bits":     43,
         "num_memories":      0,
         "num_memory_bits":   0,
         "num_processes":     0,
         "num_cells":         213,
         "num_submodules":       0,
         "area":              2318.131200,
         "sequential_area":    2318.131200,
         "num_cells_by_type": {
            "$_ANDNOT_": 56,
            "$_AND_": 3,
            "$_MUX_": 7,
            "$_NAND_": 14,
            "$_NOR_": 8,
            "$_NOT_": 16,
            "$_ORNOT_": 13,
            "$_OR_": 38,
            "$_XNOR_": 7,
            "$_XOR_": 20,
            "gf180mcu_fd_sc_mcu7t5v0__dffrnq_1": 30,
            "gf180mcu_fd_sc_mcu7t5v0__dffsnq_1": 1
         }
      }
}

102. Printing statistics.

=== tt_um_felixfeierabend ===

        +----------Local Count, excluding submodules.
        |        +-Local Area, excluding submodules.
        |        | 
      195        - wires
      263        - wire bits
       13        - public wires
       81        - public wire bits
        8        - ports
       43        - port bits
      213 2.32E+03 cells
       56        -   $_ANDNOT_
        3        -   $_AND_
        7        -   $_MUX_
       14        -   $_NAND_
        8        -   $_NOR_
       16        -   $_NOT_
       13        -   $_ORNOT_
       38        -   $_OR_
        7        -   $_XNOR_
       20        -   $_XOR_
       30 2.24E+03   gf180mcu_fd_sc_mcu7t5v0__dffrnq_1
        1   79.027   gf180mcu_fd_sc_mcu7t5v0__dffsnq_1

   Area for cell type $_NOT_ is unknown!
   Area for cell type $_AND_ is unknown!
   Area for cell type $_NAND_ is unknown!
   Area for cell type $_OR_ is unknown!
   Area for cell type $_NOR_ is unknown!
   Area for cell type $_XOR_ is unknown!
   Area for cell type $_XNOR_ is unknown!
   Area for cell type $_ANDNOT_ is unknown!
   Area for cell type $_ORNOT_ is unknown!
   Area for cell type $_MUX_ is unknown!

   Chip area for module '\tt_um_felixfeierabend': 2318.131200
     of which used for sequential elements: 2318.131200 (100.00%)

[INFO] Using generated ABC script '/foss/designs/kvic_336007_ws25-kvic_ws25_v6/librelane/runs/RUN_2025-11-27_18-17-01/06-yosys-synthesis/AREA_0.abc'…

103. Executing ABC pass (technology mapping using ABC).

103.1. Extracting gate netlist of module `\tt_um_felixfeierabend' to `/tmp/yosys-abc-IlMI0q/input.blif'..
Extracted 182 gates and 224 wires to a netlist network with 42 inputs and 44 outputs.

103.1.1. Executing ABC.
Running ABC command: "/foss/tools/yosys/bin/yosys-abc" -s -f /tmp/yosys-abc-IlMI0q/abc.script 2>&1
ABC: ABC command line: "source /tmp/yosys-abc-IlMI0q/abc.script".
ABC: 
ABC: + read_blif /tmp/yosys-abc-IlMI0q/input.blif 
ABC: + read_lib -w /foss/designs/kvic_336007_ws25-kvic_ws25_v6/librelane/runs/RUN_2025-11-27_18-17-01/tmp/800e289b531f4ba2a18debbcc437cf0c.lib 
ABC: Parsing finished successfully.  Parsing time =     0.31 sec
ABC: Scl_LibertyReadGenlib() skipped cell "gf180mcu_fd_sc_mcu7t5v0__antenna" without logic function.
ABC: Scl_LibertyReadGenlib() skipped three-state cell "gf180mcu_fd_sc_mcu7t5v0__bufz_1".
ABC: Scl_LibertyReadGenlib() skipped three-state cell "gf180mcu_fd_sc_mcu7t5v0__bufz_2".
ABC: Scl_LibertyReadGenlib() skipped three-state cell "gf180mcu_fd_sc_mcu7t5v0__bufz_3".
ABC: Scl_LibertyReadGenlib() skipped three-state cell "gf180mcu_fd_sc_mcu7t5v0__bufz_4".
ABC: Scl_LibertyReadGenlib() skipped three-state cell "gf180mcu_fd_sc_mcu7t5v0__bufz_8".
ABC: Scl_LibertyReadGenlib() skipped three-state cell "gf180mcu_fd_sc_mcu7t5v0__bufz_12".
ABC: Scl_LibertyReadGenlib() skipped three-state cell "gf180mcu_fd_sc_mcu7t5v0__bufz_16".
ABC: Scl_LibertyReadGenlib() skipped sequential cell "gf180mcu_fd_sc_mcu7t5v0__dffnq_1".
ABC: Scl_LibertyReadGenlib() skipped sequential cell "gf180mcu_fd_sc_mcu7t5v0__dffnq_2".
ABC: Scl_LibertyReadGenlib() skipped sequential cell "gf180mcu_fd_sc_mcu7t5v0__dffnq_4".
ABC: Scl_LibertyReadGenlib() skipped sequential cell "gf180mcu_fd_sc_mcu7t5v0__dffnrnq_1".
ABC: Scl_LibertyReadGenlib() skipped sequential cell "gf180mcu_fd_sc_mcu7t5v0__dffnrnq_2".
ABC: Scl_LibertyReadGenlib() skipped sequential cell "gf180mcu_fd_sc_mcu7t5v0__dffnrnq_4".
ABC: Scl_LibertyReadGenlib() skipped sequential cell "gf180mcu_fd_sc_mcu7t5v0__dffnrsnq_1".
ABC: Scl_LibertyReadGenlib() skipped sequential cell "gf180mcu_fd_sc_mcu7t5v0__dffnrsnq_2".
ABC: Scl_LibertyReadGenlib() skipped sequential cell "gf180mcu_fd_sc_mcu7t5v0__dffnrsnq_4".
ABC: Scl_LibertyReadGenlib() skipped sequential cell "gf180mcu_fd_sc_mcu7t5v0__dffnsnq_1".
ABC: Scl_LibertyReadGenlib() skipped sequential cell "gf180mcu_fd_sc_mcu7t5v0__dffnsnq_2".
ABC: Scl_LibertyReadGenlib() skipped sequential cell "gf180mcu_fd_sc_mcu7t5v0__dffnsnq_4".
ABC: Scl_LibertyReadGenlib() skipped sequential cell "gf180mcu_fd_sc_mcu7t5v0__dffq_1".
ABC: Scl_LibertyReadGenlib() skipped sequential cell "gf180mcu_fd_sc_mcu7t5v0__dffq_2".
ABC: Scl_LibertyReadGenlib() skipped sequential cell "gf180mcu_fd_sc_mcu7t5v0__dffq_4".
ABC: Scl_LibertyReadGenlib() skipped sequential cell "gf180mcu_fd_sc_mcu7t5v0__dffrnq_1".
ABC: Scl_LibertyReadGenlib() skipped sequential cell "gf180mcu_fd_sc_mcu7t5v0__dffrnq_2".
ABC: Scl_LibertyReadGenlib() skipped sequential cell "gf180mcu_fd_sc_mcu7t5v0__dffrnq_4".
ABC: Scl_LibertyReadGenlib() skipped sequential cell "gf180mcu_fd_sc_mcu7t5v0__dffrsnq_1".
ABC: Scl_LibertyReadGenlib() skipped sequential cell "gf180mcu_fd_sc_mcu7t5v0__dffrsnq_2".
ABC: Scl_LibertyReadGenlib() skipped sequential cell "gf180mcu_fd_sc_mcu7t5v0__dffrsnq_4".
ABC: Scl_LibertyReadGenlib() skipped sequential cell "gf180mcu_fd_sc_mcu7t5v0__dffsnq_1".
ABC: Scl_LibertyReadGenlib() skipped sequential cell "gf180mcu_fd_sc_mcu7t5v0__dffsnq_2".
ABC: Scl_LibertyReadGenlib() skipped sequential cell "gf180mcu_fd_sc_mcu7t5v0__dffsnq_4".
ABC: Scl_LibertyReadGenlib() skipped cell "gf180mcu_fd_sc_mcu7t5v0__endcap" without logic function.
ABC: Scl_LibertyReadGenlib() skipped cell "gf180mcu_fd_sc_mcu7t5v0__fill_1" without logic function.
ABC: Scl_LibertyReadGenlib() skipped cell "gf180mcu_fd_sc_mcu7t5v0__fill_2" without logic function.
ABC: Scl_LibertyReadGenlib() skipped cell "gf180mcu_fd_sc_mcu7t5v0__fill_4" without logic function.
ABC: Scl_LibertyReadGenlib() skipped cell "gf180mcu_fd_sc_mcu7t5v0__fill_8" without logic function.
ABC: Scl_LibertyReadGenlib() skipped cell "gf180mcu_fd_sc_mcu7t5v0__fill_16" without logic function.
ABC: Scl_LibertyReadGenlib() skipped cell "gf180mcu_fd_sc_mcu7t5v0__fill_32" without logic function.
ABC: Scl_LibertyReadGenlib() skipped cell "gf180mcu_fd_sc_mcu7t5v0__fill_64" without logic function.
ABC: Scl_LibertyReadGenlib() skipped cell "gf180mcu_fd_sc_mcu7t5v0__fillcap_4" without logic function.
ABC: Scl_LibertyReadGenlib() skipped cell "gf180mcu_fd_sc_mcu7t5v0__fillcap_8" without logic function.
ABC: Scl_LibertyReadGenlib() skipped cell "gf180mcu_fd_sc_mcu7t5v0__fillcap_16" without logic function.
ABC: Scl_LibertyReadGenlib() skipped cell "gf180mcu_fd_sc_mcu7t5v0__fillcap_32" without logic function.
ABC: Scl_LibertyReadGenlib() skipped cell "gf180mcu_fd_sc_mcu7t5v0__fillcap_64" without logic function.
ABC: Scl_LibertyReadGenlib() skipped cell "gf180mcu_fd_sc_mcu7t5v0__filltie" without logic function.
ABC: Scl_LibertyReadGenlib() skipped three-state cell "gf180mcu_fd_sc_mcu7t5v0__hold".
ABC: Scl_LibertyReadGenlib() skipped cell "gf180mcu_fd_sc_mcu7t5v0__icgtn_1" without logic function.
ABC: Scl_LibertyReadGenlib() skipped cell "gf180mcu_fd_sc_mcu7t5v0__icgtn_2" without logic function.
ABC: Scl_LibertyReadGenlib() skipped cell "gf180mcu_fd_sc_mcu7t5v0__icgtn_4" without logic function.
ABC: Scl_LibertyReadGenlib() skipped cell "gf180mcu_fd_sc_mcu7t5v0__icgtp_1" without logic function.
ABC: Scl_LibertyReadGenlib() skipped cell "gf180mcu_fd_sc_mcu7t5v0__icgtp_2" without logic function.
ABC: Scl_LibertyReadGenlib() skipped cell "gf180mcu_fd_sc_mcu7t5v0__icgtp_4" without logic function.
ABC: Scl_LibertyReadGenlib() skipped three-state cell "gf180mcu_fd_sc_mcu7t5v0__invz_1".
ABC: Scl_LibertyReadGenlib() skipped three-state cell "gf180mcu_fd_sc_mcu7t5v0__invz_2".
ABC: Scl_LibertyReadGenlib() skipped three-state cell "gf180mcu_fd_sc_mcu7t5v0__invz_3".
ABC: Scl_LibertyReadGenlib() skipped three-state cell "gf180mcu_fd_sc_mcu7t5v0__invz_4".
ABC: Scl_LibertyReadGenlib() skipped three-state cell "gf180mcu_fd_sc_mcu7t5v0__invz_8".
ABC: Scl_LibertyReadGenlib() skipped three-state cell "gf180mcu_fd_sc_mcu7t5v0__invz_12".
ABC: Scl_LibertyReadGenlib() skipped three-state cell "gf180mcu_fd_sc_mcu7t5v0__invz_16".
ABC: Scl_LibertyReadGenlib() skipped sequential cell "gf180mcu_fd_sc_mcu7t5v0__latq_1".
ABC: Scl_LibertyReadGenlib() skipped sequential cell "gf180mcu_fd_sc_mcu7t5v0__latq_2".
ABC: Scl_LibertyReadGenlib() skipped sequential cell "gf180mcu_fd_sc_mcu7t5v0__latq_4".
ABC: Scl_LibertyReadGenlib() skipped sequential cell "gf180mcu_fd_sc_mcu7t5v0__latrnq_1".
ABC: Scl_LibertyReadGenlib() skipped sequential cell "gf180mcu_fd_sc_mcu7t5v0__latrnq_2".
ABC: Scl_LibertyReadGenlib() skipped sequential cell "gf180mcu_fd_sc_mcu7t5v0__latrnq_4".
ABC: Scl_LibertyReadGenlib() skipped sequential cell "gf180mcu_fd_sc_mcu7t5v0__latrsnq_1".
ABC: Scl_LibertyReadGenlib() skipped sequential cell "gf180mcu_fd_sc_mcu7t5v0__latrsnq_2".
ABC: Scl_LibertyReadGenlib() skipped sequential cell "gf180mcu_fd_sc_mcu7t5v0__latrsnq_4".
ABC: Scl_LibertyReadGenlib() skipped sequential cell "gf180mcu_fd_sc_mcu7t5v0__latsnq_1".
ABC: Scl_LibertyReadGenlib() skipped sequential cell "gf180mcu_fd_sc_mcu7t5v0__latsnq_2".
ABC: Scl_LibertyReadGenlib() skipped sequential cell "gf180mcu_fd_sc_mcu7t5v0__latsnq_4".
ABC: Library "gf180mcu_fd_sc_mcu7t5v0__tt_025C_5v00" from "/foss/designs/kvic_336007_ws25-kvic_ws25_v6/librelane/runs/RUN_2025-11-27_18-17-01/tmp/800e289b531f4ba2a18debbcc437cf0c.lib" has 143 cells (72 skipped: 36 seq; 15 tri-state; 21 no func; 0 dont_use; 0 with 2 outputs; 0 with 3+ outputs).  Time =     0.43 sec
ABC: Memory =   23.83 MB. Time =     0.43 sec
ABC: Warning: Detected 6 multi-output cells (for example, "gf180mcu_fd_sc_mcu7t5v0__addf_1").
ABC: + read_constr -v /foss/designs/kvic_336007_ws25-kvic_ws25_v6/librelane/runs/RUN_2025-11-27_18-17-01/06-yosys-synthesis/synthesis.abc.sdc 
ABC: Setting driving cell to be "gf180mcu_fd_sc_mcu7t5v0__inv_1/ZN".
ABC: Setting output load to be 72.910004.
ABC: + source /foss/designs/kvic_336007_ws25-kvic_ws25_v6/librelane/runs/RUN_2025-11-27_18-17-01/06-yosys-synthesis/AREA_0.abc 
ABC: Error: The network is combinational.
ABC: Cannot find the default PI driving cell (gf180mcu_fd_sc_mcu7t5v0__inv_1/ZN) in the library.
ABC: WireLoad = "none"  Gates =     89 ( 21.3 %)   Cap = 27.3 ff (  5.1 %)   Area =     1282.00 ( 79.8 %)   Delay =  3567.91 ps  ( 25.8 %)               
ABC: Path  0 --      14 : 0    1 pi                                A =   0.00  Df =   0.0   -0.0 ps  S =   0.0 ps  Cin =  0.0 ff  Cout =   4.2 ff  Cmax =   0.0 ff  G =    0  
ABC: Path  1 --      90 : 1    3 gf180mcu_fd_sc_mcu7t5v0__clkinv_1 A =   8.78  Df = 179.7  -12.8 ps  S = 284.6 ps  Cin =  4.2 ff  Cout =  14.5 ff  Cmax = 228.4 ff  G =  343  
ABC: Path  2 --      98 : 3    2 gf180mcu_fd_sc_mcu7t5v0__aoi21_1  A =  17.56  Df = 486.4 -168.9 ps  S = 420.0 ps  Cin =  4.6 ff  Cout =   7.5 ff  Cmax = 124.2 ff  G =  164  
ABC: Path  3 --     103 : 2    1 gf180mcu_fd_sc_mcu7t5v0__or2_1    A =  17.56  Df = 749.0  -13.3 ps  S = 164.9 ps  Cin =  2.9 ff  Cout =   4.7 ff  Cmax = 238.8 ff  G =  163  
ABC: Path  4 --     104 : 4    9 gf180mcu_fd_sc_mcu7t5v0__oai211_1 A =  21.95  Df =1648.5 -225.2 ps  S =1431.8 ps  Cin =  4.7 ff  Cout =  41.5 ff  Cmax = 122.3 ff  G =  875  
ABC: Path  5 --     117 : 4    1 gf180mcu_fd_sc_mcu7t5v0__aoi211_1 A =  21.95  Df =3567.9 -755.1 ps  S =3542.4 ps  Cin =  4.3 ff  Cout =  72.9 ff  Cmax =  82.4 ff  G = 1702  
ABC: Start-point = pi13 (\signal_gen.periodA [4]).  End-point = po4 ($abc$867$flatten\signal_gen.\tonegenA.$0\counter[11:0][6]).
ABC: netlist                       : i/o =   42/   44  lat =    0  nd =    89  edge =    183  area =1281.94  delay = 5.00  lev = 5
ABC: + write_blif /tmp/yosys-abc-IlMI0q/output.blif 

103.1.2. Re-integrating ABC results.
ABC RESULTS:          _const0_ cells:       10
ABC RESULTS:   gf180mcu_fd_sc_mcu7t5v0__and2_1 cells:        3
ABC RESULTS:   gf180mcu_fd_sc_mcu7t5v0__and3_1 cells:        1
ABC RESULTS:   gf180mcu_fd_sc_mcu7t5v0__and4_1 cells:        1
ABC RESULTS:   gf180mcu_fd_sc_mcu7t5v0__aoi211_1 cells:        1
ABC RESULTS:   gf180mcu_fd_sc_mcu7t5v0__aoi21_1 cells:        9
ABC RESULTS:   gf180mcu_fd_sc_mcu7t5v0__aoi22_1 cells:        1
ABC RESULTS:   gf180mcu_fd_sc_mcu7t5v0__clkinv_1 cells:       19
ABC RESULTS:   gf180mcu_fd_sc_mcu7t5v0__mux2_2 cells:        4
ABC RESULTS:   gf180mcu_fd_sc_mcu7t5v0__nand2_1 cells:        4
ABC RESULTS:   gf180mcu_fd_sc_mcu7t5v0__nor2_1 cells:       14
ABC RESULTS:   gf180mcu_fd_sc_mcu7t5v0__nor3_1 cells:        9
ABC RESULTS:   gf180mcu_fd_sc_mcu7t5v0__nor4_1 cells:        2
ABC RESULTS:   gf180mcu_fd_sc_mcu7t5v0__oai211_1 cells:        4
ABC RESULTS:   gf180mcu_fd_sc_mcu7t5v0__oai21_1 cells:        1
ABC RESULTS:   gf180mcu_fd_sc_mcu7t5v0__oai22_1 cells:        1
ABC RESULTS:   gf180mcu_fd_sc_mcu7t5v0__or2_1 cells:        1
ABC RESULTS:   gf180mcu_fd_sc_mcu7t5v0__xnor2_1 cells:        2
ABC RESULTS:   gf180mcu_fd_sc_mcu7t5v0__xor2_1 cells:        2
ABC RESULTS:        internal signals:      138
ABC RESULTS:           input signals:       42
ABC RESULTS:          output signals:       44
Removing temp directory.

104. Executing SETUNDEF pass (replace undef values with defined constants).

105. Executing HILOMAP pass (mapping to constant drivers).

106. Executing SPLITNETS pass (splitting up multi-bit signals).

107. Executing OPT_CLEAN pass (remove unused cells and wires).
Finding unused cells or wires in module \tt_um_felixfeierabend..
Removed 7 unused cells and 271 unused wires.
<suppressed ~15 debug messages>

108. Executing INSBUF pass (insert buffer cells for connected wires).
Add tt_um_felixfeierabend/$auto$insbuf.cc:97:execute$1241: \signal_bit -> \uo_out [0]

109. Executing CHECK pass (checking for obvious problems).
Checking module tt_um_felixfeierabend...
Found and reported 0 problems.
{
   "creator": "Yosys 0.57 (git sha1 3aca86049, g++ 13.3.0-6ubuntu2~24.04 -fPIC -O3)",
   "invocation": "stat -json -liberty /foss/designs/kvic_336007_ws25-kvic_ws25_v6/librelane/runs/RUN_2025-11-27_18-17-01/tmp/800e289b531f4ba2a18debbcc437cf0c.lib ",
   "modules": {
      "\\tt_um_felixfeierabend": {
         "num_wires":         128,
         "num_wire_bits":     163,
         "num_pub_wires":     39,
         "num_pub_wire_bits": 74,
         "num_ports":         8,
         "num_port_bits":     43,
         "num_memories":      0,
         "num_memory_bits":   0,
         "num_processes":     0,
         "num_cells":         144,
         "num_submodules":       0,
         "area":              3903.065600,
         "sequential_area":    2318.131200,
         "num_cells_by_type": {
            "gf180mcu_fd_sc_mcu7t5v0__and2_1": 3,
            "gf180mcu_fd_sc_mcu7t5v0__and3_1": 1,
            "gf180mcu_fd_sc_mcu7t5v0__and4_1": 1,
            "gf180mcu_fd_sc_mcu7t5v0__aoi211_1": 1,
            "gf180mcu_fd_sc_mcu7t5v0__aoi21_1": 9,
            "gf180mcu_fd_sc_mcu7t5v0__aoi22_1": 1,
            "gf180mcu_fd_sc_mcu7t5v0__buf_1": 1,
            "gf180mcu_fd_sc_mcu7t5v0__clkinv_1": 19,
            "gf180mcu_fd_sc_mcu7t5v0__dffrnq_1": 30,
            "gf180mcu_fd_sc_mcu7t5v0__dffsnq_1": 1,
            "gf180mcu_fd_sc_mcu7t5v0__mux2_2": 4,
            "gf180mcu_fd_sc_mcu7t5v0__nand2_1": 4,
            "gf180mcu_fd_sc_mcu7t5v0__nor2_1": 14,
            "gf180mcu_fd_sc_mcu7t5v0__nor3_1": 9,
            "gf180mcu_fd_sc_mcu7t5v0__nor4_1": 2,
            "gf180mcu_fd_sc_mcu7t5v0__oai211_1": 4,
            "gf180mcu_fd_sc_mcu7t5v0__oai21_1": 1,
            "gf180mcu_fd_sc_mcu7t5v0__oai22_1": 1,
            "gf180mcu_fd_sc_mcu7t5v0__or2_1": 1,
            "gf180mcu_fd_sc_mcu7t5v0__tieh": 3,
            "gf180mcu_fd_sc_mcu7t5v0__tiel": 30,
            "gf180mcu_fd_sc_mcu7t5v0__xnor2_1": 2,
            "gf180mcu_fd_sc_mcu7t5v0__xor2_1": 2
         }
      }
   },
      "design": {
         "num_wires":         128,
         "num_wire_bits":     163,
         "num_pub_wires":     39,
         "num_pub_wire_bits": 74,
         "num_ports":         8,
         "num_port_bits":     43,
         "num_memories":      0,
         "num_memory_bits":   0,
         "num_processes":     0,
         "num_cells":         144,
         "num_submodules":       0,
         "area":              3903.065600,
         "sequential_area":    2318.131200,
         "num_cells_by_type": {
            "gf180mcu_fd_sc_mcu7t5v0__and2_1": 3,
            "gf180mcu_fd_sc_mcu7t5v0__and3_1": 1,
            "gf180mcu_fd_sc_mcu7t5v0__and4_1": 1,
            "gf180mcu_fd_sc_mcu7t5v0__aoi211_1": 1,
            "gf180mcu_fd_sc_mcu7t5v0__aoi21_1": 9,
            "gf180mcu_fd_sc_mcu7t5v0__aoi22_1": 1,
            "gf180mcu_fd_sc_mcu7t5v0__buf_1": 1,
            "gf180mcu_fd_sc_mcu7t5v0__clkinv_1": 19,
            "gf180mcu_fd_sc_mcu7t5v0__dffrnq_1": 30,
            "gf180mcu_fd_sc_mcu7t5v0__dffsnq_1": 1,
            "gf180mcu_fd_sc_mcu7t5v0__mux2_2": 4,
            "gf180mcu_fd_sc_mcu7t5v0__nand2_1": 4,
            "gf180mcu_fd_sc_mcu7t5v0__nor2_1": 14,
            "gf180mcu_fd_sc_mcu7t5v0__nor3_1": 9,
            "gf180mcu_fd_sc_mcu7t5v0__nor4_1": 2,
            "gf180mcu_fd_sc_mcu7t5v0__oai211_1": 4,
            "gf180mcu_fd_sc_mcu7t5v0__oai21_1": 1,
            "gf180mcu_fd_sc_mcu7t5v0__oai22_1": 1,
            "gf180mcu_fd_sc_mcu7t5v0__or2_1": 1,
            "gf180mcu_fd_sc_mcu7t5v0__tieh": 3,
            "gf180mcu_fd_sc_mcu7t5v0__tiel": 30,
            "gf180mcu_fd_sc_mcu7t5v0__xnor2_1": 2,
            "gf180mcu_fd_sc_mcu7t5v0__xor2_1": 2
         }
      }
}

110. Printing statistics.

=== tt_um_felixfeierabend ===

        +----------Local Count, excluding submodules.
        |        +-Local Area, excluding submodules.
        |        | 
      128        - wires
      163        - wire bits
       39        - public wires
       74        - public wire bits
        8        - ports
       43        - port bits
      144  3.9E+03 cells
        3   52.685   gf180mcu_fd_sc_mcu7t5v0__and2_1
        1   21.952   gf180mcu_fd_sc_mcu7t5v0__and3_1
        1   24.147   gf180mcu_fd_sc_mcu7t5v0__and4_1
        1   21.952   gf180mcu_fd_sc_mcu7t5v0__aoi211_1
        9  158.054   gf180mcu_fd_sc_mcu7t5v0__aoi21_1
        1   19.757   gf180mcu_fd_sc_mcu7t5v0__aoi22_1
        1   13.171   gf180mcu_fd_sc_mcu7t5v0__buf_1
       19  166.835   gf180mcu_fd_sc_mcu7t5v0__clkinv_1
       30 2.24E+03   gf180mcu_fd_sc_mcu7t5v0__dffrnq_1
        1   79.027   gf180mcu_fd_sc_mcu7t5v0__dffsnq_1
        4  131.712   gf180mcu_fd_sc_mcu7t5v0__mux2_2
        4   43.904   gf180mcu_fd_sc_mcu7t5v0__nand2_1
       14  184.397   gf180mcu_fd_sc_mcu7t5v0__nor2_1
        9  158.054   gf180mcu_fd_sc_mcu7t5v0__nor3_1
        2   43.904   gf180mcu_fd_sc_mcu7t5v0__nor4_1
        4   87.808   gf180mcu_fd_sc_mcu7t5v0__oai211_1
        1   17.562   gf180mcu_fd_sc_mcu7t5v0__oai21_1
        1   21.952   gf180mcu_fd_sc_mcu7t5v0__oai22_1
        1   17.562   gf180mcu_fd_sc_mcu7t5v0__or2_1
        3   26.342   gf180mcu_fd_sc_mcu7t5v0__tieh
       30  263.424   gf180mcu_fd_sc_mcu7t5v0__tiel
        2   57.075   gf180mcu_fd_sc_mcu7t5v0__xnor2_1
        2   52.685   gf180mcu_fd_sc_mcu7t5v0__xor2_1

   Chip area for module '\tt_um_felixfeierabend': 3903.065600
     of which used for sequential elements: 2318.131200 (59.39%)

111. Executing Verilog backend.
Dumping module `\tt_um_felixfeierabend'.

112. Executing JSON backend.
