Clock: clk
Sources: clk 
Generated: no
Virtual: yes
Propagated: no
Period: 20.000000

===========================================================================
report_clock_properties
============================================================================
Clock                   Period          Waveform
----------------------------------------------------
clk                  20.000000    0.000000 10.000000

===========================================================================
report_clock_latency
============================================================================
Clock clk
rise -> rise
    min     max
0.000000 0.000000 source latency
0.988651         network latency _224_/CLK
        4.527698 network latency _238_/CLK
---------------
0.988651 4.527698 latency
        3.539047 skew

rise -> fall
    min     max
0.000000 0.000000 source latency
2.470080         network latency _245_/CLK
        3.917395 network latency _238_/CLK
---------------
2.470080 3.917395 latency
        1.447315 skew

fall -> fall
    min     max
0.000000 0.000000 source latency
0.913974         network latency _224_/CLK
        0.916686 network latency _221_/CLK
---------------
0.913974 0.916686 latency
        0.002712 skew



===========================================================================
report_clock_min_period
============================================================================
clk period_min = 5.39 fmax = 185.55
