
===========================================================================
report_checks -path_delay min (Hold)
============================================================================
======================= nom_ff_n40C_5v50 Corner ===================================

Startpoint: _223_ (rising edge-triggered flip-flop clocked by clk)
Endpoint: _223_ (rising edge-triggered flip-flop clocked by clk)
Path Group: clk
Path Type: min

Fanout         Cap        Slew       Delay        Time   Description
---------------------------------------------------------------------------------------------
                                  0.000000    0.000000   clock clk (rise edge)
                                  0.000000    0.000000   clock source latency
     1    0.024826    0.088212    0.042410    0.042410 ^ clk (in)
                                                         clk (net)
                      0.088213    0.000000    0.042410 ^ clkbuf_0_clk/I (gf180mcu_fd_sc_mcu7t5v0__clkbuf_16)
     2    0.048058    0.072596    0.160739    0.203149 ^ clkbuf_0_clk/Z (gf180mcu_fd_sc_mcu7t5v0__clkbuf_16)
                                                         clknet_0_clk (net)
                      0.072597    0.000373    0.203522 ^ clkbuf_1_1__f_clk/I (gf180mcu_fd_sc_mcu7t5v0__clkbuf_16)
     5    0.027740    0.061203    0.148998    0.352519 ^ clkbuf_1_1__f_clk/Z (gf180mcu_fd_sc_mcu7t5v0__clkbuf_16)
                                                         clknet_1_1__leaf_clk (net)
                      0.061203    0.000447    0.352966 ^ _223_/CLK (gf180mcu_fd_sc_mcu7t5v0__dffrnq_1)
     2    0.019258    0.155145    0.493844    0.846809 v _223_/Q (gf180mcu_fd_sc_mcu7t5v0__dffrnq_1)
                                                         clk_scaler.counter[4] (net)
                      0.155145    0.000404    0.847214 v _144_/A1 (gf180mcu_fd_sc_mcu7t5v0__xor2_1)
     1    0.007921    0.230780    0.173282    1.020496 ^ _144_/Z (gf180mcu_fd_sc_mcu7t5v0__xor2_1)
                                                         _078_ (net)
                      0.230780    0.000190    1.020685 ^ _145_/A2 (gf180mcu_fd_sc_mcu7t5v0__nor2_1)
     1    0.011167    0.156685    0.144581    1.165266 v _145_/ZN (gf180mcu_fd_sc_mcu7t5v0__nor2_1)
                                                         _004_ (net)
                      0.156685    0.000330    1.165596 v _223_/D (gf180mcu_fd_sc_mcu7t5v0__dffrnq_1)
                                              1.165596   data arrival time

                                  0.000000    0.000000   clock clk (rise edge)
                                  0.000000    0.000000   clock source latency
     1    0.024826    0.088212    0.042410    0.042410 ^ clk (in)
                                                         clk (net)
                      0.088213    0.000000    0.042410 ^ clkbuf_0_clk/I (gf180mcu_fd_sc_mcu7t5v0__clkbuf_16)
     2    0.048058    0.072596    0.160739    0.203149 ^ clkbuf_0_clk/Z (gf180mcu_fd_sc_mcu7t5v0__clkbuf_16)
                                                         clknet_0_clk (net)
                      0.072597    0.000373    0.203522 ^ clkbuf_1_1__f_clk/I (gf180mcu_fd_sc_mcu7t5v0__clkbuf_16)
     5    0.027740    0.061203    0.148998    0.352519 ^ clkbuf_1_1__f_clk/Z (gf180mcu_fd_sc_mcu7t5v0__clkbuf_16)
                                                         clknet_1_1__leaf_clk (net)
                      0.061203    0.000447    0.352966 ^ _223_/CLK (gf180mcu_fd_sc_mcu7t5v0__dffrnq_1)
                                  0.100000    0.452966   clock uncertainty
                                  0.000000    0.452966   clock reconvergence pessimism
                                  0.076947    0.529913   library hold time
                                              0.529913   data required time
---------------------------------------------------------------------------------------------
                                              0.529913   data required time
                                             -1.165596   data arrival time
---------------------------------------------------------------------------------------------
                                              0.635684   slack (MET)


Startpoint: _222_ (rising edge-triggered flip-flop clocked by clk)
Endpoint: _222_ (rising edge-triggered flip-flop clocked by clk)
Path Group: clk
Path Type: min

Fanout         Cap        Slew       Delay        Time   Description
---------------------------------------------------------------------------------------------
                                  0.000000    0.000000   clock clk (rise edge)
                                  0.000000    0.000000   clock source latency
     1    0.024826    0.088212    0.042410    0.042410 ^ clk (in)
                                                         clk (net)
                      0.088213    0.000000    0.042410 ^ clkbuf_0_clk/I (gf180mcu_fd_sc_mcu7t5v0__clkbuf_16)
     2    0.048058    0.072596    0.160739    0.203149 ^ clkbuf_0_clk/Z (gf180mcu_fd_sc_mcu7t5v0__clkbuf_16)
                                                         clknet_0_clk (net)
                      0.072597    0.000373    0.203522 ^ clkbuf_1_1__f_clk/I (gf180mcu_fd_sc_mcu7t5v0__clkbuf_16)
     5    0.027740    0.061203    0.148998    0.352519 ^ clkbuf_1_1__f_clk/Z (gf180mcu_fd_sc_mcu7t5v0__clkbuf_16)
                                                         clknet_1_1__leaf_clk (net)
                      0.061203    0.000159    0.352679 ^ _222_/CLK (gf180mcu_fd_sc_mcu7t5v0__dffrnq_1)
     3    0.024169    0.184286    0.513809    0.866488 v _222_/Q (gf180mcu_fd_sc_mcu7t5v0__dffrnq_1)
                                                         clk_scaler.counter[3] (net)
                      0.184288    0.000430    0.866918 v _142_/A1 (gf180mcu_fd_sc_mcu7t5v0__xnor2_1)
     1    0.008570    0.218898    0.212558    1.079476 ^ _142_/ZN (gf180mcu_fd_sc_mcu7t5v0__xnor2_1)
                                                         _077_ (net)
                      0.218898    0.000201    1.079677 ^ _143_/A2 (gf180mcu_fd_sc_mcu7t5v0__nor2_1)
     1    0.003953    0.103655    0.095641    1.175318 v _143_/ZN (gf180mcu_fd_sc_mcu7t5v0__nor2_1)
                                                         _003_ (net)
                      0.103655    0.000075    1.175393 v _222_/D (gf180mcu_fd_sc_mcu7t5v0__dffrnq_1)
                                              1.175393   data arrival time

                                  0.000000    0.000000   clock clk (rise edge)
                                  0.000000    0.000000   clock source latency
     1    0.024826    0.088212    0.042410    0.042410 ^ clk (in)
                                                         clk (net)
                      0.088213    0.000000    0.042410 ^ clkbuf_0_clk/I (gf180mcu_fd_sc_mcu7t5v0__clkbuf_16)
     2    0.048058    0.072596    0.160739    0.203149 ^ clkbuf_0_clk/Z (gf180mcu_fd_sc_mcu7t5v0__clkbuf_16)
                                                         clknet_0_clk (net)
                      0.072597    0.000373    0.203522 ^ clkbuf_1_1__f_clk/I (gf180mcu_fd_sc_mcu7t5v0__clkbuf_16)
     5    0.027740    0.061203    0.148998    0.352519 ^ clkbuf_1_1__f_clk/Z (gf180mcu_fd_sc_mcu7t5v0__clkbuf_16)
                                                         clknet_1_1__leaf_clk (net)
                      0.061203    0.000159    0.352679 ^ _222_/CLK (gf180mcu_fd_sc_mcu7t5v0__dffrnq_1)
                                  0.100000    0.452679   clock uncertainty
                                  0.000000    0.452679   clock reconvergence pessimism
                                  0.086487    0.539166   library hold time
                                              0.539166   data required time
---------------------------------------------------------------------------------------------
                                              0.539166   data required time
                                             -1.175393   data arrival time
---------------------------------------------------------------------------------------------
                                              0.636227   slack (MET)


Startpoint: _221_ (rising edge-triggered flip-flop clocked by clk)
Endpoint: _221_ (rising edge-triggered flip-flop clocked by clk)
Path Group: clk
Path Type: min

Fanout         Cap        Slew       Delay        Time   Description
---------------------------------------------------------------------------------------------
                                  0.000000    0.000000   clock clk (rise edge)
                                  0.000000    0.000000   clock source latency
     1    0.024826    0.088212    0.042410    0.042410 ^ clk (in)
                                                         clk (net)
                      0.088213    0.000000    0.042410 ^ clkbuf_0_clk/I (gf180mcu_fd_sc_mcu7t5v0__clkbuf_16)
     2    0.048058    0.072596    0.160739    0.203149 ^ clkbuf_0_clk/Z (gf180mcu_fd_sc_mcu7t5v0__clkbuf_16)
                                                         clknet_0_clk (net)
                      0.072597    0.000373    0.203522 ^ clkbuf_1_1__f_clk/I (gf180mcu_fd_sc_mcu7t5v0__clkbuf_16)
     5    0.027740    0.061203    0.148998    0.352519 ^ clkbuf_1_1__f_clk/Z (gf180mcu_fd_sc_mcu7t5v0__clkbuf_16)
                                                         clknet_1_1__leaf_clk (net)
                      0.061203    0.000256    0.352775 ^ _221_/CLK (gf180mcu_fd_sc_mcu7t5v0__dffrnq_1)
     3    0.032750    0.235919    0.548627    0.901403 v _221_/Q (gf180mcu_fd_sc_mcu7t5v0__dffrnq_1)
                                                         clk_scaler.counter[2] (net)
                      0.235925    0.000798    0.902201 v _139_/B (gf180mcu_fd_sc_mcu7t5v0__aoi21_1)
     1    0.007207    0.203204    0.169425    1.071626 ^ _139_/ZN (gf180mcu_fd_sc_mcu7t5v0__aoi21_1)
                                                         _075_ (net)
                      0.203204    0.000098    1.071724 ^ _140_/A3 (gf180mcu_fd_sc_mcu7t5v0__nor3_1)
     1    0.005899    0.132945    0.135692    1.207416 v _140_/ZN (gf180mcu_fd_sc_mcu7t5v0__nor3_1)
                                                         _002_ (net)
                      0.132945    0.000081    1.207497 v _221_/D (gf180mcu_fd_sc_mcu7t5v0__dffrnq_1)
                                              1.207497   data arrival time

                                  0.000000    0.000000   clock clk (rise edge)
                                  0.000000    0.000000   clock source latency
     1    0.024826    0.088212    0.042410    0.042410 ^ clk (in)
                                                         clk (net)
                      0.088213    0.000000    0.042410 ^ clkbuf_0_clk/I (gf180mcu_fd_sc_mcu7t5v0__clkbuf_16)
     2    0.048058    0.072596    0.160739    0.203149 ^ clkbuf_0_clk/Z (gf180mcu_fd_sc_mcu7t5v0__clkbuf_16)
                                                         clknet_0_clk (net)
                      0.072597    0.000373    0.203522 ^ clkbuf_1_1__f_clk/I (gf180mcu_fd_sc_mcu7t5v0__clkbuf_16)
     5    0.027740    0.061203    0.148998    0.352519 ^ clkbuf_1_1__f_clk/Z (gf180mcu_fd_sc_mcu7t5v0__clkbuf_16)
                                                         clknet_1_1__leaf_clk (net)
                      0.061203    0.000256    0.352775 ^ _221_/CLK (gf180mcu_fd_sc_mcu7t5v0__dffrnq_1)
                                  0.100000    0.452775   clock uncertainty
                                  0.000000    0.452775   clock reconvergence pessimism
                                  0.081217    0.533993   library hold time
                                              0.533993   data required time
---------------------------------------------------------------------------------------------
                                              0.533993   data required time
                                             -1.207497   data arrival time
---------------------------------------------------------------------------------------------
                                              0.673504   slack (MET)


Startpoint: _219_ (rising edge-triggered flip-flop clocked by clk)
Endpoint: _219_ (rising edge-triggered flip-flop clocked by clk)
Path Group: clk
Path Type: min

Fanout         Cap        Slew       Delay        Time   Description
---------------------------------------------------------------------------------------------
                                  0.000000    0.000000   clock clk (rise edge)
                                  0.000000    0.000000   clock source latency
     1    0.024826    0.088212    0.042410    0.042410 ^ clk (in)
                                                         clk (net)
                      0.088213    0.000000    0.042410 ^ clkbuf_0_clk/I (gf180mcu_fd_sc_mcu7t5v0__clkbuf_16)
     2    0.048058    0.072596    0.160739    0.203149 ^ clkbuf_0_clk/Z (gf180mcu_fd_sc_mcu7t5v0__clkbuf_16)
                                                         clknet_0_clk (net)
                      0.072597    0.000373    0.203522 ^ clkbuf_1_1__f_clk/I (gf180mcu_fd_sc_mcu7t5v0__clkbuf_16)
     5    0.027740    0.061203    0.148998    0.352519 ^ clkbuf_1_1__f_clk/Z (gf180mcu_fd_sc_mcu7t5v0__clkbuf_16)
                                                         clknet_1_1__leaf_clk (net)
                      0.061203    0.000424    0.352944 ^ _219_/CLK (gf180mcu_fd_sc_mcu7t5v0__dffrnq_1)
     5    0.046658    0.532095    0.799330    1.152274 ^ _219_/Q (gf180mcu_fd_sc_mcu7t5v0__dffrnq_1)
                                                         clk_scaler.counter[0] (net)
                      0.532097    0.000678    1.152951 ^ _135_/A1 (gf180mcu_fd_sc_mcu7t5v0__nor2_1)
     1    0.004653    0.131868    0.083745    1.236696 v _135_/ZN (gf180mcu_fd_sc_mcu7t5v0__nor2_1)
                                                         _000_ (net)
                      0.131868    0.000098    1.236794 v _219_/D (gf180mcu_fd_sc_mcu7t5v0__dffrnq_1)
                                              1.236794   data arrival time

                                  0.000000    0.000000   clock clk (rise edge)
                                  0.000000    0.000000   clock source latency
     1    0.024826    0.088212    0.042410    0.042410 ^ clk (in)
                                                         clk (net)
                      0.088213    0.000000    0.042410 ^ clkbuf_0_clk/I (gf180mcu_fd_sc_mcu7t5v0__clkbuf_16)
     2    0.048058    0.072596    0.160739    0.203149 ^ clkbuf_0_clk/Z (gf180mcu_fd_sc_mcu7t5v0__clkbuf_16)
                                                         clknet_0_clk (net)
                      0.072597    0.000373    0.203522 ^ clkbuf_1_1__f_clk/I (gf180mcu_fd_sc_mcu7t5v0__clkbuf_16)
     5    0.027740    0.061203    0.148998    0.352519 ^ clkbuf_1_1__f_clk/Z (gf180mcu_fd_sc_mcu7t5v0__clkbuf_16)
                                                         clknet_1_1__leaf_clk (net)
                      0.061203    0.000424    0.352944 ^ _219_/CLK (gf180mcu_fd_sc_mcu7t5v0__dffrnq_1)
                                  0.100000    0.452944   clock uncertainty
                                  0.000000    0.452944   clock reconvergence pessimism
                                  0.081411    0.534355   library hold time
                                              0.534355   data required time
---------------------------------------------------------------------------------------------
                                              0.534355   data required time
                                             -1.236794   data arrival time
---------------------------------------------------------------------------------------------
                                              0.702439   slack (MET)


Startpoint: _220_ (rising edge-triggered flip-flop clocked by clk)
Endpoint: _220_ (rising edge-triggered flip-flop clocked by clk)
Path Group: clk
Path Type: min

Fanout         Cap        Slew       Delay        Time   Description
---------------------------------------------------------------------------------------------
                                  0.000000    0.000000   clock clk (rise edge)
                                  0.000000    0.000000   clock source latency
     1    0.024826    0.088212    0.042410    0.042410 ^ clk (in)
                                                         clk (net)
                      0.088213    0.000000    0.042410 ^ clkbuf_0_clk/I (gf180mcu_fd_sc_mcu7t5v0__clkbuf_16)
     2    0.048058    0.072596    0.160739    0.203149 ^ clkbuf_0_clk/Z (gf180mcu_fd_sc_mcu7t5v0__clkbuf_16)
                                                         clknet_0_clk (net)
                      0.072597    0.000373    0.203522 ^ clkbuf_1_1__f_clk/I (gf180mcu_fd_sc_mcu7t5v0__clkbuf_16)
     5    0.027740    0.061203    0.148998    0.352519 ^ clkbuf_1_1__f_clk/Z (gf180mcu_fd_sc_mcu7t5v0__clkbuf_16)
                                                         clknet_1_1__leaf_clk (net)
                      0.061203    0.000391    0.352910 ^ _220_/CLK (gf180mcu_fd_sc_mcu7t5v0__dffrnq_1)
     4    0.043107    0.300690    0.590384    0.943294 v _220_/Q (gf180mcu_fd_sc_mcu7t5v0__dffrnq_1)
                                                         clk_scaler.counter[1] (net)
                      0.300693    0.000535    0.943829 v _136_/A2 (gf180mcu_fd_sc_mcu7t5v0__xnor2_1)
     1    0.005541    0.183227    0.205231    1.149060 ^ _136_/ZN (gf180mcu_fd_sc_mcu7t5v0__xnor2_1)
                                                         _073_ (net)
                      0.183227    0.000060    1.149120 ^ _137_/A2 (gf180mcu_fd_sc_mcu7t5v0__nor2_1)
     1    0.005326    0.115044    0.100358    1.249478 v _137_/ZN (gf180mcu_fd_sc_mcu7t5v0__nor2_1)
                                                         _001_ (net)
                      0.115044    0.000112    1.249590 v _220_/D (gf180mcu_fd_sc_mcu7t5v0__dffrnq_1)
                                              1.249590   data arrival time

                                  0.000000    0.000000   clock clk (rise edge)
                                  0.000000    0.000000   clock source latency
     1    0.024826    0.088212    0.042410    0.042410 ^ clk (in)
                                                         clk (net)
                      0.088213    0.000000    0.042410 ^ clkbuf_0_clk/I (gf180mcu_fd_sc_mcu7t5v0__clkbuf_16)
     2    0.048058    0.072596    0.160739    0.203149 ^ clkbuf_0_clk/Z (gf180mcu_fd_sc_mcu7t5v0__clkbuf_16)
                                                         clknet_0_clk (net)
                      0.072597    0.000373    0.203522 ^ clkbuf_1_1__f_clk/I (gf180mcu_fd_sc_mcu7t5v0__clkbuf_16)
     5    0.027740    0.061203    0.148998    0.352519 ^ clkbuf_1_1__f_clk/Z (gf180mcu_fd_sc_mcu7t5v0__clkbuf_16)
                                                         clknet_1_1__leaf_clk (net)
                      0.061203    0.000391    0.352910 ^ _220_/CLK (gf180mcu_fd_sc_mcu7t5v0__dffrnq_1)
                                  0.100000    0.452910   clock uncertainty
                                  0.000000    0.452910   clock reconvergence pessimism
                                  0.084438    0.537349   library hold time
                                              0.537349   data required time
---------------------------------------------------------------------------------------------
                                              0.537349   data required time
                                             -1.249590   data arrival time
---------------------------------------------------------------------------------------------
                                              0.712242   slack (MET)


Startpoint: _225_ (rising edge-triggered flip-flop clocked by clk)
Endpoint: _265_ (rising edge-triggered flip-flop clocked by clk)
Path Group: clk
Path Type: min

Fanout         Cap        Slew       Delay        Time   Description
---------------------------------------------------------------------------------------------
                                  0.000000    0.000000   clock clk (rise edge)
                                  0.000000    0.000000   clock source latency
     1    0.024826    0.088212    0.042410    0.042410 ^ clk (in)
                                                         clk (net)
                      0.088213    0.000000    0.042410 ^ clkbuf_0_clk/I (gf180mcu_fd_sc_mcu7t5v0__clkbuf_16)
     2    0.048058    0.072596    0.160739    0.203149 ^ clkbuf_0_clk/Z (gf180mcu_fd_sc_mcu7t5v0__clkbuf_16)
                                                         clknet_0_clk (net)
                      0.072599    0.000735    0.203884 ^ clkbuf_1_0__f_clk/I (gf180mcu_fd_sc_mcu7t5v0__clkbuf_16)
     5    0.025266    0.059514    0.147702    0.351585 ^ clkbuf_1_0__f_clk/Z (gf180mcu_fd_sc_mcu7t5v0__clkbuf_16)
                                                         clknet_1_0__leaf_clk (net)
                      0.059515    0.000381    0.351966 ^ _225_/CLK (gf180mcu_fd_sc_mcu7t5v0__dffrnq_1)
     1    0.009908    0.157600    0.568033    0.919999 ^ _225_/Q (gf180mcu_fd_sc_mcu7t5v0__dffrnq_1)
                                                         clk_scaler.counter[6] (net)
                      0.157600    0.000215    0.920214 ^ _132_/A1 (gf180mcu_fd_sc_mcu7t5v0__nor3_2)
     2    0.029790    0.197225    0.162075    1.082289 v _132_/ZN (gf180mcu_fd_sc_mcu7t5v0__nor3_2)
                                                         _070_ (net)
                      0.197225    0.000547    1.082836 v _133_/B (gf180mcu_fd_sc_mcu7t5v0__oai21_1)
     1    0.011496    0.234668    0.196672    1.279509 ^ _133_/ZN (gf180mcu_fd_sc_mcu7t5v0__oai21_1)
                                                         _071_ (net)
                      0.234668    0.000277    1.279786 ^ _213_/A2 (gf180mcu_fd_sc_mcu7t5v0__xor2_1)
     1    0.004912    0.111204    0.081649    1.361435 v _213_/Z (gf180mcu_fd_sc_mcu7t5v0__xor2_1)
                                                         _110_ (net)
                      0.111204    0.000060    1.361495 v _214_/A2 (gf180mcu_fd_sc_mcu7t5v0__and2_1)
     1    0.004235    0.074343    0.175583    1.537078 v _214_/Z (gf180mcu_fd_sc_mcu7t5v0__and2_1)
                                                         _036_ (net)
                      0.074343    0.000048    1.537126 v _265_/D (gf180mcu_fd_sc_mcu7t5v0__dffrnq_1)
                                              1.537126   data arrival time

                                  0.000000    0.000000   clock clk (rise edge)
                                  0.000000    0.000000   clock source latency
     1    0.024826    0.088212    0.042410    0.042410 ^ clk (in)
                                                         clk (net)
                      0.088213    0.000000    0.042410 ^ clkbuf_0_clk/I (gf180mcu_fd_sc_mcu7t5v0__clkbuf_16)
     2    0.048058    0.072596    0.160739    0.203149 ^ clkbuf_0_clk/Z (gf180mcu_fd_sc_mcu7t5v0__clkbuf_16)
                                                         clknet_0_clk (net)
                      0.072599    0.000735    0.203884 ^ clkbuf_1_0__f_clk/I (gf180mcu_fd_sc_mcu7t5v0__clkbuf_16)
     5    0.025266    0.059514    0.147702    0.351585 ^ clkbuf_1_0__f_clk/Z (gf180mcu_fd_sc_mcu7t5v0__clkbuf_16)
                                                         clknet_1_0__leaf_clk (net)
                      0.059514    0.000311    0.351897 ^ _265_/CLK (gf180mcu_fd_sc_mcu7t5v0__dffrnq_1)
                                  0.100000    0.451897   clock uncertainty
                                  0.000000    0.451897   clock reconvergence pessimism
                                  0.092196    0.544093   library hold time
                                              0.544093   data required time
---------------------------------------------------------------------------------------------
                                              0.544093   data required time
                                             -1.537126   data arrival time
---------------------------------------------------------------------------------------------
                                              0.993034   slack (MET)


Startpoint: rst_n (input port clocked by clk)
Endpoint: _223_ (removal check against rising-edge clock clk)
Path Group: asynchronous
Path Type: min

Fanout         Cap        Slew       Delay        Time   Description
---------------------------------------------------------------------------------------------
                                  0.000000    0.000000   clock clk (rise edge)
                                  0.000000    0.000000   clock network delay (propagated)
                                  4.000000    4.000000 ^ input external delay
     1    0.006420    0.098973    0.043073    4.043073 ^ rst_n (in)
                                                         rst_n (net)
                      0.098973    0.000000    4.043073 ^ input9/I (gf180mcu_fd_sc_mcu7t5v0__buf_1)
     4    0.036378    0.419852    0.338266    4.381339 ^ input9/Z (gf180mcu_fd_sc_mcu7t5v0__buf_1)
                                                         net9 (net)
                      0.419852    0.000358    4.381697 ^ fanout22/I (gf180mcu_fd_sc_mcu7t5v0__clkbuf_3)
    10    0.087371    0.257513    0.354624    4.736321 ^ fanout22/Z (gf180mcu_fd_sc_mcu7t5v0__clkbuf_3)
                                                         net22 (net)
                      0.257545    0.001528    4.737849 ^ _223_/RN (gf180mcu_fd_sc_mcu7t5v0__dffrnq_1)
                                              4.737849   data arrival time

                                  0.000000    0.000000   clock clk (rise edge)
                                  0.000000    0.000000   clock source latency
     1    0.024826    0.088212    0.042410    0.042410 ^ clk (in)
                                                         clk (net)
                      0.088213    0.000000    0.042410 ^ clkbuf_0_clk/I (gf180mcu_fd_sc_mcu7t5v0__clkbuf_16)
     2    0.048058    0.072596    0.160739    0.203149 ^ clkbuf_0_clk/Z (gf180mcu_fd_sc_mcu7t5v0__clkbuf_16)
                                                         clknet_0_clk (net)
                      0.072597    0.000373    0.203522 ^ clkbuf_1_1__f_clk/I (gf180mcu_fd_sc_mcu7t5v0__clkbuf_16)
     5    0.027740    0.061203    0.148998    0.352519 ^ clkbuf_1_1__f_clk/Z (gf180mcu_fd_sc_mcu7t5v0__clkbuf_16)
                                                         clknet_1_1__leaf_clk (net)
                      0.061203    0.000447    0.352966 ^ _223_/CLK (gf180mcu_fd_sc_mcu7t5v0__dffrnq_1)
                                  0.100000    0.452966   clock uncertainty
                                  0.000000    0.452966   clock reconvergence pessimism
                                  0.225344    0.678310   library removal time
                                              0.678310   data required time
---------------------------------------------------------------------------------------------
                                              0.678310   data required time
                                             -4.737849   data arrival time
---------------------------------------------------------------------------------------------
                                              4.059539   slack (MET)


Startpoint: rst_n (input port clocked by clk)
Endpoint: _265_ (removal check against rising-edge clock clk)
Path Group: asynchronous
Path Type: min

Fanout         Cap        Slew       Delay        Time   Description
---------------------------------------------------------------------------------------------
                                  0.000000    0.000000   clock clk (rise edge)
                                  0.000000    0.000000   clock network delay (propagated)
                                  4.000000    4.000000 ^ input external delay
     1    0.006420    0.098973    0.043073    4.043073 ^ rst_n (in)
                                                         rst_n (net)
                      0.098973    0.000000    4.043073 ^ input9/I (gf180mcu_fd_sc_mcu7t5v0__buf_1)
     4    0.036378    0.419852    0.338266    4.381339 ^ input9/Z (gf180mcu_fd_sc_mcu7t5v0__buf_1)
                                                         net9 (net)
                      0.419852    0.000358    4.381697 ^ fanout22/I (gf180mcu_fd_sc_mcu7t5v0__clkbuf_3)
    10    0.087371    0.257513    0.354624    4.736321 ^ fanout22/Z (gf180mcu_fd_sc_mcu7t5v0__clkbuf_3)
                                                         net22 (net)
                      0.257536    0.001257    4.737578 ^ _265_/RN (gf180mcu_fd_sc_mcu7t5v0__dffrnq_1)
                                              4.737578   data arrival time

                                  0.000000    0.000000   clock clk (rise edge)
                                  0.000000    0.000000   clock source latency
     1    0.024826    0.088212    0.042410    0.042410 ^ clk (in)
                                                         clk (net)
                      0.088213    0.000000    0.042410 ^ clkbuf_0_clk/I (gf180mcu_fd_sc_mcu7t5v0__clkbuf_16)
     2    0.048058    0.072596    0.160739    0.203149 ^ clkbuf_0_clk/Z (gf180mcu_fd_sc_mcu7t5v0__clkbuf_16)
                                                         clknet_0_clk (net)
                      0.072599    0.000735    0.203884 ^ clkbuf_1_0__f_clk/I (gf180mcu_fd_sc_mcu7t5v0__clkbuf_16)
     5    0.025266    0.059514    0.147702    0.351585 ^ clkbuf_1_0__f_clk/Z (gf180mcu_fd_sc_mcu7t5v0__clkbuf_16)
                                                         clknet_1_0__leaf_clk (net)
                      0.059514    0.000311    0.351897 ^ _265_/CLK (gf180mcu_fd_sc_mcu7t5v0__dffrnq_1)
                                  0.100000    0.451897   clock uncertainty
                                  0.000000    0.451897   clock reconvergence pessimism
                                  0.225157    0.677053   library removal time
                                              0.677053   data required time
---------------------------------------------------------------------------------------------
                                              0.677053   data required time
                                             -4.737578   data arrival time
---------------------------------------------------------------------------------------------
                                              4.060525   slack (MET)


Startpoint: rst_n (input port clocked by clk)
Endpoint: _225_ (removal check against rising-edge clock clk)
Path Group: asynchronous
Path Type: min

Fanout         Cap        Slew       Delay        Time   Description
---------------------------------------------------------------------------------------------
                                  0.000000    0.000000   clock clk (rise edge)
                                  0.000000    0.000000   clock network delay (propagated)
                                  4.000000    4.000000 ^ input external delay
     1    0.006420    0.098973    0.043073    4.043073 ^ rst_n (in)
                                                         rst_n (net)
                      0.098973    0.000000    4.043073 ^ input9/I (gf180mcu_fd_sc_mcu7t5v0__buf_1)
     4    0.036378    0.419852    0.338266    4.381339 ^ input9/Z (gf180mcu_fd_sc_mcu7t5v0__buf_1)
                                                         net9 (net)
                      0.419852    0.000358    4.381697 ^ fanout22/I (gf180mcu_fd_sc_mcu7t5v0__clkbuf_3)
    10    0.087371    0.257513    0.354624    4.736321 ^ fanout22/Z (gf180mcu_fd_sc_mcu7t5v0__clkbuf_3)
                                                         net22 (net)
                      0.257547    0.001578    4.737899 ^ _225_/RN (gf180mcu_fd_sc_mcu7t5v0__dffrnq_1)
                                              4.737899   data arrival time

                                  0.000000    0.000000   clock clk (rise edge)
                                  0.000000    0.000000   clock source latency
     1    0.024826    0.088212    0.042410    0.042410 ^ clk (in)
                                                         clk (net)
                      0.088213    0.000000    0.042410 ^ clkbuf_0_clk/I (gf180mcu_fd_sc_mcu7t5v0__clkbuf_16)
     2    0.048058    0.072596    0.160739    0.203149 ^ clkbuf_0_clk/Z (gf180mcu_fd_sc_mcu7t5v0__clkbuf_16)
                                                         clknet_0_clk (net)
                      0.072599    0.000735    0.203884 ^ clkbuf_1_0__f_clk/I (gf180mcu_fd_sc_mcu7t5v0__clkbuf_16)
     5    0.025266    0.059514    0.147702    0.351585 ^ clkbuf_1_0__f_clk/Z (gf180mcu_fd_sc_mcu7t5v0__clkbuf_16)
                                                         clknet_1_0__leaf_clk (net)
                      0.059515    0.000381    0.351966 ^ _225_/CLK (gf180mcu_fd_sc_mcu7t5v0__dffrnq_1)
                                  0.100000    0.451966   clock uncertainty
                                  0.000000    0.451966   clock reconvergence pessimism
                                  0.225157    0.677123   library removal time
                                              0.677123   data required time
---------------------------------------------------------------------------------------------
                                              0.677123   data required time
                                             -4.737899   data arrival time
---------------------------------------------------------------------------------------------
                                              4.060777   slack (MET)


Startpoint: rst_n (input port clocked by clk)
Endpoint: _226_ (removal check against rising-edge clock clk)
Path Group: asynchronous
Path Type: min

Fanout         Cap        Slew       Delay        Time   Description
---------------------------------------------------------------------------------------------
                                  0.000000    0.000000   clock clk (rise edge)
                                  0.000000    0.000000   clock network delay (propagated)
                                  4.000000    4.000000 ^ input external delay
     1    0.006420    0.098973    0.043073    4.043073 ^ rst_n (in)
                                                         rst_n (net)
                      0.098973    0.000000    4.043073 ^ input9/I (gf180mcu_fd_sc_mcu7t5v0__buf_1)
     4    0.036378    0.419852    0.338266    4.381339 ^ input9/Z (gf180mcu_fd_sc_mcu7t5v0__buf_1)
                                                         net9 (net)
                      0.419852    0.000358    4.381697 ^ fanout22/I (gf180mcu_fd_sc_mcu7t5v0__clkbuf_3)
    10    0.087371    0.257513    0.354624    4.736321 ^ fanout22/Z (gf180mcu_fd_sc_mcu7t5v0__clkbuf_3)
                                                         net22 (net)
                      0.257567    0.002051    4.738372 ^ _226_/RN (gf180mcu_fd_sc_mcu7t5v0__dffrnq_1)
                                              4.738372   data arrival time

                                  0.000000    0.000000   clock clk (rise edge)
                                  0.000000    0.000000   clock source latency
     1    0.024826    0.088212    0.042410    0.042410 ^ clk (in)
                                                         clk (net)
                      0.088213    0.000000    0.042410 ^ clkbuf_0_clk/I (gf180mcu_fd_sc_mcu7t5v0__clkbuf_16)
     2    0.048058    0.072596    0.160739    0.203149 ^ clkbuf_0_clk/Z (gf180mcu_fd_sc_mcu7t5v0__clkbuf_16)
                                                         clknet_0_clk (net)
                      0.072599    0.000735    0.203884 ^ clkbuf_1_0__f_clk/I (gf180mcu_fd_sc_mcu7t5v0__clkbuf_16)
     5    0.025266    0.059514    0.147702    0.351585 ^ clkbuf_1_0__f_clk/Z (gf180mcu_fd_sc_mcu7t5v0__clkbuf_16)
                                                         clknet_1_0__leaf_clk (net)
                      0.059515    0.000529    0.352114 ^ _226_/CLK (gf180mcu_fd_sc_mcu7t5v0__dffrnq_1)
                                  0.100000    0.452114   clock uncertainty
                                  0.000000    0.452114   clock reconvergence pessimism
                                  0.225158    0.677272   library removal time
                                              0.677272   data required time
---------------------------------------------------------------------------------------------
                                              0.677272   data required time
                                             -4.738372   data arrival time
---------------------------------------------------------------------------------------------
                                              4.061100   slack (MET)


Startpoint: rst_n (input port clocked by clk)
Endpoint: _224_ (removal check against rising-edge clock clk)
Path Group: asynchronous
Path Type: min

Fanout         Cap        Slew       Delay        Time   Description
---------------------------------------------------------------------------------------------
                                  0.000000    0.000000   clock clk (rise edge)
                                  0.000000    0.000000   clock network delay (propagated)
                                  4.000000    4.000000 ^ input external delay
     1    0.006420    0.098973    0.043073    4.043073 ^ rst_n (in)
                                                         rst_n (net)
                      0.098973    0.000000    4.043073 ^ input9/I (gf180mcu_fd_sc_mcu7t5v0__buf_1)
     4    0.036378    0.419852    0.338266    4.381339 ^ input9/Z (gf180mcu_fd_sc_mcu7t5v0__buf_1)
                                                         net9 (net)
                      0.419852    0.000358    4.381697 ^ fanout22/I (gf180mcu_fd_sc_mcu7t5v0__clkbuf_3)
    10    0.087371    0.257513    0.354624    4.736321 ^ fanout22/Z (gf180mcu_fd_sc_mcu7t5v0__clkbuf_3)
                                                         net22 (net)
                      0.257575    0.002234    4.738555 ^ _224_/RN (gf180mcu_fd_sc_mcu7t5v0__dffrnq_1)
                                              4.738555   data arrival time

                                  0.000000    0.000000   clock clk (rise edge)
                                  0.000000    0.000000   clock source latency
     1    0.024826    0.088212    0.042410    0.042410 ^ clk (in)
                                                         clk (net)
                      0.088213    0.000000    0.042410 ^ clkbuf_0_clk/I (gf180mcu_fd_sc_mcu7t5v0__clkbuf_16)
     2    0.048058    0.072596    0.160739    0.203149 ^ clkbuf_0_clk/Z (gf180mcu_fd_sc_mcu7t5v0__clkbuf_16)
                                                         clknet_0_clk (net)
                      0.072599    0.000735    0.203884 ^ clkbuf_1_0__f_clk/I (gf180mcu_fd_sc_mcu7t5v0__clkbuf_16)
     5    0.025266    0.059514    0.147702    0.351585 ^ clkbuf_1_0__f_clk/Z (gf180mcu_fd_sc_mcu7t5v0__clkbuf_16)
                                                         clknet_1_0__leaf_clk (net)
                      0.059515    0.000525    0.352110 ^ _224_/CLK (gf180mcu_fd_sc_mcu7t5v0__dffrnq_1)
                                  0.100000    0.452110   clock uncertainty
                                  0.000000    0.452110   clock reconvergence pessimism
                                  0.225159    0.677268   library removal time
                                              0.677268   data required time
---------------------------------------------------------------------------------------------
                                              0.677268   data required time
                                             -4.738555   data arrival time
---------------------------------------------------------------------------------------------
                                              4.061287   slack (MET)


Startpoint: rst_n (input port clocked by clk)
Endpoint: _222_ (removal check against rising-edge clock clk)
Path Group: asynchronous
Path Type: min

Fanout         Cap        Slew       Delay        Time   Description
---------------------------------------------------------------------------------------------
                                  0.000000    0.000000   clock clk (rise edge)
                                  0.000000    0.000000   clock network delay (propagated)
                                  4.000000    4.000000 ^ input external delay
     1    0.006420    0.098973    0.043073    4.043073 ^ rst_n (in)
                                                         rst_n (net)
                      0.098973    0.000000    4.043073 ^ input9/I (gf180mcu_fd_sc_mcu7t5v0__buf_1)
     4    0.036378    0.419852    0.338266    4.381339 ^ input9/Z (gf180mcu_fd_sc_mcu7t5v0__buf_1)
                                                         net9 (net)
                      0.419852    0.000358    4.381697 ^ fanout22/I (gf180mcu_fd_sc_mcu7t5v0__clkbuf_3)
    10    0.087371    0.257513    0.354624    4.736321 ^ fanout22/Z (gf180mcu_fd_sc_mcu7t5v0__clkbuf_3)
                                                         net22 (net)
                      0.257533    0.001170    4.737491 ^ fanout21/I (gf180mcu_fd_sc_mcu7t5v0__clkbuf_3)
    10    0.086360    0.253209    0.321909    5.059400 ^ fanout21/Z (gf180mcu_fd_sc_mcu7t5v0__clkbuf_3)
                                                         net21 (net)
                      0.253230    0.001220    5.060620 ^ _222_/RN (gf180mcu_fd_sc_mcu7t5v0__dffrnq_1)
                                              5.060620   data arrival time

                                  0.000000    0.000000   clock clk (rise edge)
                                  0.000000    0.000000   clock source latency
     1    0.024826    0.088212    0.042410    0.042410 ^ clk (in)
                                                         clk (net)
                      0.088213    0.000000    0.042410 ^ clkbuf_0_clk/I (gf180mcu_fd_sc_mcu7t5v0__clkbuf_16)
     2    0.048058    0.072596    0.160739    0.203149 ^ clkbuf_0_clk/Z (gf180mcu_fd_sc_mcu7t5v0__clkbuf_16)
                                                         clknet_0_clk (net)
                      0.072597    0.000373    0.203522 ^ clkbuf_1_1__f_clk/I (gf180mcu_fd_sc_mcu7t5v0__clkbuf_16)
     5    0.027740    0.061203    0.148998    0.352519 ^ clkbuf_1_1__f_clk/Z (gf180mcu_fd_sc_mcu7t5v0__clkbuf_16)
                                                         clknet_1_1__leaf_clk (net)
                      0.061203    0.000159    0.352679 ^ _222_/CLK (gf180mcu_fd_sc_mcu7t5v0__dffrnq_1)
                                  0.100000    0.452679   clock uncertainty
                                  0.000000    0.452679   clock reconvergence pessimism
                                  0.225119    0.677798   library removal time
                                              0.677798   data required time
---------------------------------------------------------------------------------------------
                                              0.677798   data required time
                                             -5.060620   data arrival time
---------------------------------------------------------------------------------------------
                                              4.382822   slack (MET)


Startpoint: rst_n (input port clocked by clk)
Endpoint: _219_ (removal check against rising-edge clock clk)
Path Group: asynchronous
Path Type: min

Fanout         Cap        Slew       Delay        Time   Description
---------------------------------------------------------------------------------------------
                                  0.000000    0.000000   clock clk (rise edge)
                                  0.000000    0.000000   clock network delay (propagated)
                                  4.000000    4.000000 ^ input external delay
     1    0.006420    0.098973    0.043073    4.043073 ^ rst_n (in)
                                                         rst_n (net)
                      0.098973    0.000000    4.043073 ^ input9/I (gf180mcu_fd_sc_mcu7t5v0__buf_1)
     4    0.036378    0.419852    0.338266    4.381339 ^ input9/Z (gf180mcu_fd_sc_mcu7t5v0__buf_1)
                                                         net9 (net)
                      0.419852    0.000358    4.381697 ^ fanout22/I (gf180mcu_fd_sc_mcu7t5v0__clkbuf_3)
    10    0.087371    0.257513    0.354624    4.736321 ^ fanout22/Z (gf180mcu_fd_sc_mcu7t5v0__clkbuf_3)
                                                         net22 (net)
                      0.257533    0.001170    4.737491 ^ fanout21/I (gf180mcu_fd_sc_mcu7t5v0__clkbuf_3)
    10    0.086360    0.253209    0.321909    5.059400 ^ fanout21/Z (gf180mcu_fd_sc_mcu7t5v0__clkbuf_3)
                                                         net21 (net)
                      0.253255    0.001824    5.061224 ^ _219_/RN (gf180mcu_fd_sc_mcu7t5v0__dffrnq_1)
                                              5.061224   data arrival time

                                  0.000000    0.000000   clock clk (rise edge)
                                  0.000000    0.000000   clock source latency
     1    0.024826    0.088212    0.042410    0.042410 ^ clk (in)
                                                         clk (net)
                      0.088213    0.000000    0.042410 ^ clkbuf_0_clk/I (gf180mcu_fd_sc_mcu7t5v0__clkbuf_16)
     2    0.048058    0.072596    0.160739    0.203149 ^ clkbuf_0_clk/Z (gf180mcu_fd_sc_mcu7t5v0__clkbuf_16)
                                                         clknet_0_clk (net)
                      0.072597    0.000373    0.203522 ^ clkbuf_1_1__f_clk/I (gf180mcu_fd_sc_mcu7t5v0__clkbuf_16)
     5    0.027740    0.061203    0.148998    0.352519 ^ clkbuf_1_1__f_clk/Z (gf180mcu_fd_sc_mcu7t5v0__clkbuf_16)
                                                         clknet_1_1__leaf_clk (net)
                      0.061203    0.000424    0.352944 ^ _219_/CLK (gf180mcu_fd_sc_mcu7t5v0__dffrnq_1)
                                  0.100000    0.452944   clock uncertainty
                                  0.000000    0.452944   clock reconvergence pessimism
                                  0.225120    0.678064   library removal time
                                              0.678064   data required time
---------------------------------------------------------------------------------------------
                                              0.678064   data required time
                                             -5.061224   data arrival time
---------------------------------------------------------------------------------------------
                                              4.383160   slack (MET)


Startpoint: rst_n (input port clocked by clk)
Endpoint: _220_ (removal check against rising-edge clock clk)
Path Group: asynchronous
Path Type: min

Fanout         Cap        Slew       Delay        Time   Description
---------------------------------------------------------------------------------------------
                                  0.000000    0.000000   clock clk (rise edge)
                                  0.000000    0.000000   clock network delay (propagated)
                                  4.000000    4.000000 ^ input external delay
     1    0.006420    0.098973    0.043073    4.043073 ^ rst_n (in)
                                                         rst_n (net)
                      0.098973    0.000000    4.043073 ^ input9/I (gf180mcu_fd_sc_mcu7t5v0__buf_1)
     4    0.036378    0.419852    0.338266    4.381339 ^ input9/Z (gf180mcu_fd_sc_mcu7t5v0__buf_1)
                                                         net9 (net)
                      0.419852    0.000358    4.381697 ^ fanout22/I (gf180mcu_fd_sc_mcu7t5v0__clkbuf_3)
    10    0.087371    0.257513    0.354624    4.736321 ^ fanout22/Z (gf180mcu_fd_sc_mcu7t5v0__clkbuf_3)
                                                         net22 (net)
                      0.257533    0.001170    4.737491 ^ fanout21/I (gf180mcu_fd_sc_mcu7t5v0__clkbuf_3)
    10    0.086360    0.253209    0.321909    5.059400 ^ fanout21/Z (gf180mcu_fd_sc_mcu7t5v0__clkbuf_3)
                                                         net21 (net)
                      0.253293    0.002511    5.061911 ^ _220_/RN (gf180mcu_fd_sc_mcu7t5v0__dffrnq_1)
                                              5.061911   data arrival time

                                  0.000000    0.000000   clock clk (rise edge)
                                  0.000000    0.000000   clock source latency
     1    0.024826    0.088212    0.042410    0.042410 ^ clk (in)
                                                         clk (net)
                      0.088213    0.000000    0.042410 ^ clkbuf_0_clk/I (gf180mcu_fd_sc_mcu7t5v0__clkbuf_16)
     2    0.048058    0.072596    0.160739    0.203149 ^ clkbuf_0_clk/Z (gf180mcu_fd_sc_mcu7t5v0__clkbuf_16)
                                                         clknet_0_clk (net)
                      0.072597    0.000373    0.203522 ^ clkbuf_1_1__f_clk/I (gf180mcu_fd_sc_mcu7t5v0__clkbuf_16)
     5    0.027740    0.061203    0.148998    0.352519 ^ clkbuf_1_1__f_clk/Z (gf180mcu_fd_sc_mcu7t5v0__clkbuf_16)
                                                         clknet_1_1__leaf_clk (net)
                      0.061203    0.000391    0.352910 ^ _220_/CLK (gf180mcu_fd_sc_mcu7t5v0__dffrnq_1)
                                  0.100000    0.452910   clock uncertainty
                                  0.000000    0.452910   clock reconvergence pessimism
                                  0.225122    0.678033   library removal time
                                              0.678033   data required time
---------------------------------------------------------------------------------------------
                                              0.678033   data required time
                                             -5.061911   data arrival time
---------------------------------------------------------------------------------------------
                                              4.383878   slack (MET)


Startpoint: rst_n (input port clocked by clk)
Endpoint: _221_ (removal check against rising-edge clock clk)
Path Group: asynchronous
Path Type: min

Fanout         Cap        Slew       Delay        Time   Description
---------------------------------------------------------------------------------------------
                                  0.000000    0.000000   clock clk (rise edge)
                                  0.000000    0.000000   clock network delay (propagated)
                                  4.000000    4.000000 ^ input external delay
     1    0.006420    0.098973    0.043073    4.043073 ^ rst_n (in)
                                                         rst_n (net)
                      0.098973    0.000000    4.043073 ^ input9/I (gf180mcu_fd_sc_mcu7t5v0__buf_1)
     4    0.036378    0.419852    0.338266    4.381339 ^ input9/Z (gf180mcu_fd_sc_mcu7t5v0__buf_1)
                                                         net9 (net)
                      0.419852    0.000358    4.381697 ^ fanout22/I (gf180mcu_fd_sc_mcu7t5v0__clkbuf_3)
    10    0.087371    0.257513    0.354624    4.736321 ^ fanout22/Z (gf180mcu_fd_sc_mcu7t5v0__clkbuf_3)
                                                         net22 (net)
                      0.257533    0.001170    4.737491 ^ fanout21/I (gf180mcu_fd_sc_mcu7t5v0__clkbuf_3)
    10    0.086360    0.253209    0.321909    5.059400 ^ fanout21/Z (gf180mcu_fd_sc_mcu7t5v0__clkbuf_3)
                                                         net21 (net)
                      0.253288    0.002428    5.061828 ^ _221_/RN (gf180mcu_fd_sc_mcu7t5v0__dffrnq_1)
                                              5.061828   data arrival time

                                  0.000000    0.000000   clock clk (rise edge)
                                  0.000000    0.000000   clock source latency
     1    0.024826    0.088212    0.042410    0.042410 ^ clk (in)
                                                         clk (net)
                      0.088213    0.000000    0.042410 ^ clkbuf_0_clk/I (gf180mcu_fd_sc_mcu7t5v0__clkbuf_16)
     2    0.048058    0.072596    0.160739    0.203149 ^ clkbuf_0_clk/Z (gf180mcu_fd_sc_mcu7t5v0__clkbuf_16)
                                                         clknet_0_clk (net)
                      0.072597    0.000373    0.203522 ^ clkbuf_1_1__f_clk/I (gf180mcu_fd_sc_mcu7t5v0__clkbuf_16)
     5    0.027740    0.061203    0.148998    0.352519 ^ clkbuf_1_1__f_clk/Z (gf180mcu_fd_sc_mcu7t5v0__clkbuf_16)
                                                         clknet_1_1__leaf_clk (net)
                      0.061203    0.000256    0.352775 ^ _221_/CLK (gf180mcu_fd_sc_mcu7t5v0__dffrnq_1)
                                  0.100000    0.452775   clock uncertainty
                                  0.000000    0.452775   clock reconvergence pessimism
                                  0.225122    0.677898   library removal time
                                              0.677898   data required time
---------------------------------------------------------------------------------------------
                                              0.677898   data required time
                                             -5.061828   data arrival time
---------------------------------------------------------------------------------------------
                                              4.383931   slack (MET)



