Clock: clk
Sources: clk 
Generated: no
Virtual: yes
Propagated: no
Period: 20.000000

===========================================================================
report_clock_properties
============================================================================
Clock                   Period          Waveform
----------------------------------------------------
clk                  20.000000    0.000000 10.000000

===========================================================================
report_clock_latency
============================================================================
Clock clk
rise -> rise
    min     max
0.000000 0.000000 source latency
0.555113         network latency _224_/CLK
        2.490171 network latency _238_/CLK
---------------
0.555113 2.490171 latency
        1.935058 skew

rise -> fall
    min     max
0.000000 0.000000 source latency
1.355493         network latency _245_/CLK
        2.185136 network latency _238_/CLK
---------------
1.355493 2.185136 latency
        0.829644 skew

fall -> fall
    min     max
0.000000 0.000000 source latency
0.512211         network latency _224_/CLK
        0.513926 network latency _221_/CLK
---------------
0.512211 0.513926 latency
        0.001715 skew



===========================================================================
report_clock_min_period
============================================================================
clk period_min = 2.91 fmax = 343.47
