
===========================================================================
report_checks -unconstrained
===========================================================================
======================= max_ff_n40C_5v50 Corner ===================================

Startpoint: rst_n (input port clocked by clk)
Endpoint: _224_ (recovery check against rising-edge clock clk)
Path Group: asynchronous
Path Type: max

Fanout         Cap        Slew       Delay        Time   Description
---------------------------------------------------------------------------------------------
                                  0.000000    0.000000   clock clk (rise edge)
                                  0.000000    0.000000   clock network delay (propagated)
                                  4.000000    4.000000 ^ input external delay
     1    0.004279    0.076527    0.028807    4.028807 ^ rst_n (in)
                                                         rst_n (net)
                      0.076527    0.000000    4.028807 ^ input2/I (gf180mcu_fd_sc_mcu7t5v0__clkbuf_2)
     4    0.050158    0.288858    0.287537    4.316343 ^ input2/Z (gf180mcu_fd_sc_mcu7t5v0__clkbuf_2)
                                                         net2 (net)
                      0.288907    0.002094    4.318438 ^ fanout15/I (gf180mcu_fd_sc_mcu7t5v0__clkbuf_4)
    10    0.087951    0.255906    0.326938    4.645376 ^ fanout15/Z (gf180mcu_fd_sc_mcu7t5v0__clkbuf_4)
                                                         net15 (net)
                      0.255913    0.000745    4.646121 ^ fanout14/I (gf180mcu_fd_sc_mcu7t5v0__clkbuf_3)
    10    0.078390    0.233192    0.310075    4.956196 ^ fanout14/Z (gf180mcu_fd_sc_mcu7t5v0__clkbuf_3)
                                                         net14 (net)
                      0.233236    0.001805    4.958001 ^ _224_/RN (gf180mcu_fd_sc_mcu7t5v0__dffrnq_1)
                                              4.958001   data arrival time

                                 20.000000   20.000000   clock clk (rise edge)
                                  0.000000   20.000000   clock source latency
     1    0.027466    0.094946    0.046974   20.046974 ^ clk (in)
                                                         clk (net)
                      0.094947    0.000000   20.046974 ^ clkbuf_0_clk/I (gf180mcu_fd_sc_mcu7t5v0__clkbuf_16)
     2    0.050613    0.073994    0.162999   20.209972 ^ clkbuf_0_clk/Z (gf180mcu_fd_sc_mcu7t5v0__clkbuf_16)
                                                         clknet_0_clk (net)
                      0.073997    0.001013   20.210985 ^ clkbuf_1_1__f_clk/I (gf180mcu_fd_sc_mcu7t5v0__clkbuf_16)
     7    0.032909    0.064109    0.151427   20.362413 ^ clkbuf_1_1__f_clk/Z (gf180mcu_fd_sc_mcu7t5v0__clkbuf_16)
                                                         clknet_1_1__leaf_clk (net)
                      0.064109    0.000208   20.362621 ^ _224_/CLK (gf180mcu_fd_sc_mcu7t5v0__dffrnq_1)
                                 -0.100000   20.262621   clock uncertainty
                                  0.000000   20.262621   clock reconvergence pessimism
                                  0.109166   20.371786   library recovery time
                                             20.371786   data required time
---------------------------------------------------------------------------------------------
                                             20.371786   data required time
                                             -4.958001   data arrival time
---------------------------------------------------------------------------------------------
                                             15.413786   slack (MET)


Startpoint: ena (input port clocked by clk)
Endpoint: _219_ (rising edge-triggered flip-flop clocked by clk)
Path Group: clk
Path Type: max

Fanout         Cap        Slew       Delay        Time   Description
---------------------------------------------------------------------------------------------
                                  0.000000    0.000000   clock clk (rise edge)
                                  0.000000    0.000000   clock network delay (propagated)
                                  4.000000    4.000000 ^ input external delay
     1    0.004296    0.076705    0.028920    4.028920 ^ ena (in)
                                                         ena (net)
                      0.076705    0.000000    4.028920 ^ input1/I (gf180mcu_fd_sc_mcu7t5v0__clkbuf_1)
     2    0.019190    0.232689    0.223654    4.252574 ^ input1/Z (gf180mcu_fd_sc_mcu7t5v0__clkbuf_1)
                                                         net1 (net)
                      0.232692    0.000481    4.253055 ^ _154_/A1 (gf180mcu_fd_sc_mcu7t5v0__nand2_2)
     6    0.035517    0.210551    0.166442    4.419497 v _154_/ZN (gf180mcu_fd_sc_mcu7t5v0__nand2_2)
                                                         _075_ (net)
                      0.210551    0.000412    4.419909 v _163_/A1 (gf180mcu_fd_sc_mcu7t5v0__nor3_1)
     1    0.004307    0.242895    0.178378    4.598288 ^ _163_/ZN (gf180mcu_fd_sc_mcu7t5v0__nor3_1)
                                                         _005_ (net)
                      0.242895    0.000088    4.598376 ^ _219_/D (gf180mcu_fd_sc_mcu7t5v0__dffrnq_1)
                                              4.598376   data arrival time

                                 20.000000   20.000000   clock clk (rise edge)
                                  0.000000   20.000000   clock source latency
     1    0.027466    0.094946    0.046974   20.046974 ^ clk (in)
                                                         clk (net)
                      0.094947    0.000000   20.046974 ^ clkbuf_0_clk/I (gf180mcu_fd_sc_mcu7t5v0__clkbuf_16)
     2    0.050613    0.073994    0.162999   20.209972 ^ clkbuf_0_clk/Z (gf180mcu_fd_sc_mcu7t5v0__clkbuf_16)
                                                         clknet_0_clk (net)
                      0.073997    0.001046   20.211020 ^ clkbuf_1_0__f_clk/I (gf180mcu_fd_sc_mcu7t5v0__clkbuf_16)
     7    0.035158    0.065377    0.152411   20.363430 ^ clkbuf_1_0__f_clk/Z (gf180mcu_fd_sc_mcu7t5v0__clkbuf_16)
                                                         clknet_1_0__leaf_clk (net)
                      0.065377    0.000382   20.363813 ^ _219_/CLK (gf180mcu_fd_sc_mcu7t5v0__dffrnq_1)
                                 -0.100000   20.263813   clock uncertainty
                                  0.000000   20.263813   clock reconvergence pessimism
                                 -0.217320   20.046494   library setup time
                                             20.046494   data required time
---------------------------------------------------------------------------------------------
                                             20.046494   data required time
                                             -4.598376   data arrival time
---------------------------------------------------------------------------------------------
                                             15.448118   slack (MET)




===========================================================================
report_checks --slack_max -0.01
============================================================================
======================= max_ff_n40C_5v50 Corner ===================================

No paths found.


===========================================================================
 report_check_types -max_slew -max_cap -max_fanout -violators
============================================================================
======================= max_ff_n40C_5v50 Corner ===================================



===========================================================================
report_parasitic_annotation -report_unannotated
============================================================================
Found 8 unannotated drivers.
 ui_in[1]
 ui_in[2]
 uio_in[3]
 uio_in[4]
 uio_in[5]
 uio_in[6]
 uio_in[7]
 clkload0/Z
Found 0 partially unannotated drivers.

===========================================================================
max slew violation count 0
max fanout violation count 0
max cap violation count 0
============================================================================

===========================================================================
check_setup -verbose -unconstrained_endpoints -multiple_clock -no_clock -no_input_delay -loops -generated_clocks
===========================================================================
Warning: There are 19 unclocked register/latch pins.
  _228_/CLK
  _229_/CLK
  _230_/CLK
  _231_/CLK
  _232_/CLK
  _233_/CLK
  _234_/CLK
  _235_/CLK
  _236_/CLK
  _237_/CLK
  _238_/CLK
  _239_/CLK
  _240_/CLK
  _241_/CLK
  _242_/CLK
  _243_/CLK
  _244_/CLK
  _245_/CLK
  _246_/CLK
Warning: There are 49 unconstrained endpoints.
  uio_oe[0]
  uio_oe[1]
  uio_oe[2]
  uio_oe[3]
  uio_oe[4]
  uio_oe[5]
  uio_oe[6]
  uio_oe[7]
  uio_out[0]
  uio_out[1]
  uio_out[2]
  uio_out[3]
  uio_out[4]
  uio_out[5]
  uio_out[6]
  uio_out[7]
  uo_out[0]
  uo_out[1]
  uo_out[2]
  uo_out[3]
  uo_out[4]
  uo_out[5]
  uo_out[6]
  uo_out[7]
  _222_/D
  _223_/D
  _224_/D
  _225_/D
  _226_/D
  _227_/D
  _228_/D
  _229_/D
  _230_/D
  _231_/D
  _232_/D
  _233_/D
  _234_/D
  _235_/D
  _236_/D
  _237_/D
  _238_/D
  _239_/D
  _240_/D
  _241_/D
  _242_/D
  _243_/D
  _244_/D
  _245_/D
  _246_/D
