144. Printing statistics.

=== tiny_tonegen ===

        +----------Local Count, excluding submodules.
        |        +-Local Area, excluding submodules.
        |        | 
      529        - wires
      656        - wire bits
       29        - public wires
      118        - public wire bits
        7        - ports
       13        - port bits
      604 6.54E+03 cells
      131        -   $_ANDNOT_
       34        -   $_AND_
      108        -   $_MUX_
       25        -   $_NAND_
       19        -   $_NOR_
       22        -   $_NOT_
       28        -   $_ORNOT_
       56        -   $_OR_
       29        -   $_XNOR_
       58        -   $_XOR_
       48 3.06E+03   gf180mcu_fd_sc_mcu7t5v0__dffq_1
       34 2.54E+03   gf180mcu_fd_sc_mcu7t5v0__dffrnq_1
       12  948.326   gf180mcu_fd_sc_mcu7t5v0__dffsnq_1

   Area for cell type $_NOT_ is unknown!
   Area for cell type $_AND_ is unknown!
   Area for cell type $_NAND_ is unknown!
   Area for cell type $_OR_ is unknown!
   Area for cell type $_NOR_ is unknown!
   Area for cell type $_XOR_ is unknown!
   Area for cell type $_XNOR_ is unknown!
   Area for cell type $_ANDNOT_ is unknown!
   Area for cell type $_ORNOT_ is unknown!
   Area for cell type $_MUX_ is unknown!

   Chip area for module '\tiny_tonegen': 6541.696000
     of which used for sequential elements: 6541.696000 (100.00%)

