152. Printing statistics.

=== tiny_tonegen ===

        +----------Local Count, excluding submodules.
        |        +-Local Area, excluding submodules.
        |        | 
      410        - wires
      416        - wire bits
      100        - public wires
      106        - public wire bits
        7        - ports
       13        - port bits
      404 1.21E+04 cells
       22  386.355   gf180mcu_fd_sc_mcu7t5v0__and2_1
        3   65.856   gf180mcu_fd_sc_mcu7t5v0__and3_1
        3   72.442   gf180mcu_fd_sc_mcu7t5v0__and4_1
        3   65.856   gf180mcu_fd_sc_mcu7t5v0__aoi211_1
       18  316.109   gf180mcu_fd_sc_mcu7t5v0__aoi21_1
        2   48.294   gf180mcu_fd_sc_mcu7t5v0__aoi221_1
       18  355.622   gf180mcu_fd_sc_mcu7t5v0__aoi22_1
       47  412.698   gf180mcu_fd_sc_mcu7t5v0__clkinv_1
       48 3.06E+03   gf180mcu_fd_sc_mcu7t5v0__dffq_1
       34 2.54E+03   gf180mcu_fd_sc_mcu7t5v0__dffrnq_1
       12  948.326   gf180mcu_fd_sc_mcu7t5v0__dffsnq_1
       27  889.056   gf180mcu_fd_sc_mcu7t5v0__mux2_2
       40   439.04   gf180mcu_fd_sc_mcu7t5v0__nand2_1
        2   30.733   gf180mcu_fd_sc_mcu7t5v0__nand3_1
        3    59.27   gf180mcu_fd_sc_mcu7t5v0__nand4_1
       37  487.334   gf180mcu_fd_sc_mcu7t5v0__nor2_1
       11  193.178   gf180mcu_fd_sc_mcu7t5v0__nor3_1
        1   21.952   gf180mcu_fd_sc_mcu7t5v0__nor4_1
        2   43.904   gf180mcu_fd_sc_mcu7t5v0__oai211_1
       20  351.232   gf180mcu_fd_sc_mcu7t5v0__oai21_1
        1   26.342   gf180mcu_fd_sc_mcu7t5v0__oai221_1
        7  153.664   gf180mcu_fd_sc_mcu7t5v0__oai22_1
        4   96.589   gf180mcu_fd_sc_mcu7t5v0__oai31_1
        5   87.808   gf180mcu_fd_sc_mcu7t5v0__or2_1
        2   43.904   gf180mcu_fd_sc_mcu7t5v0__or3_1
        1   26.342   gf180mcu_fd_sc_mcu7t5v0__or4_1
        3   26.342   gf180mcu_fd_sc_mcu7t5v0__tiel
        6  171.226   gf180mcu_fd_sc_mcu7t5v0__xnor2_1
        1   52.685   gf180mcu_fd_sc_mcu7t5v0__xnor3_1
       16  421.478   gf180mcu_fd_sc_mcu7t5v0__xor2_1
        5  252.448   gf180mcu_fd_sc_mcu7t5v0__xor3_1

   Chip area for module '\tiny_tonegen': 12139.456000
     of which used for sequential elements: 6541.696000 (53.89%)

