Reading OpenROAD database at '/foss/designs/kvic_336007_ws25-kvic_ws25_v6/librelane/runs/RUN_2025-12-02_22-06-40/24-openroad-ioplacement/tiny_tonegen.odb'…
Reading library file at '/foss/pdks/gf180mcuD/libs.ref/gf180mcu_fd_sc_mcu7t5v0/lib/gf180mcu_fd_sc_mcu7t5v0__tt_025C_5v00.lib'…
Reading design constraints file at '/foss/designs/kvic_336007_ws25-kvic_ws25_v6/librelane/impl.sdc'…
[INFO] Using clock clk…
[INFO] Setting output delay to: 4
[INFO] Setting input delay to: 4
[INFO] Setting load to: 0.07291
[INFO] Setting clock uncertainty to: 0.25
[INFO] Setting clock transition to: 0.1499999999999999944488848768742172978818416595458984375
[INFO] Setting timing derate to: 5%
[INFO] No information on clock propagation in input SDC file-- propagating all clocks.
[INFO] Setting RC values…
[INFO] Setting signal min routing layer to: Metal2 and clock min routing layer to Metal2. 
[INFO] Setting signal max routing layer to: Metal5 and clock max routing layer to Metal5. 
+ global_placement -density 0.6 -timing_driven -routability_driven -pad_right 0 -pad_left 0 -init_wirelength_coef 0.25
[INFO GPL-0002] DBU: 2000
[INFO GPL-0003] SiteSize: (  0.560  3.920 ) um
[INFO GPL-0004] CoreBBox: (  3.360  3.920 ) ( 196.560 133.280 ) um
[INFO GPL-0006] NumInstances:               571
[INFO GPL-0007] NumPlaceInstances:          412
[INFO GPL-0008] NumFixedInstances:          159
[INFO GPL-0009] NumDummyInstances:            0
[INFO GPL-0010] NumNets:                    424
[INFO GPL-0011] NumPins:                   1422
[INFO GPL-0012] DieBBox:  (  0.000  0.000 ) ( 200.000 140.000 ) um
[INFO GPL-0013] CoreBBox: (  3.360  3.920 ) ( 196.560 133.280 ) um
[INFO GPL-0016] CoreArea:             24992.352 um^2
[INFO GPL-0017] NonPlaceInstsArea:      698.074 um^2
[INFO GPL-0018] PlaceInstsArea:       11581.875 um^2
[INFO GPL-0019] Util:                    47.673 %
[INFO GPL-0020] StdInstsArea:         11581.875 um^2
[INFO GPL-0021] MacroInstsArea:           0.000 um^2
[InitialPlace]  Iter: 1 CG residual: 0.00679521 HPWL: 23596420
[InitialPlace]  Iter: 2 CG residual: 0.00199293 HPWL: 15336011
[InitialPlace]  Iter: 3 CG residual: 0.00088670 HPWL: 15053111
[InitialPlace]  Iter: 4 CG residual: 0.00033529 HPWL: 14813946
[InitialPlace]  Iter: 5 CG residual: 0.00021709 HPWL: 14639446
[InitialPlace]  Iter: 6 CG residual: 0.00007464 HPWL: 14555561
[InitialPlace]  Iter: 7 CG residual: 0.00001476 HPWL: 14524289
[InitialPlace]  Iter: 8 CG residual: 0.00000128 HPWL: 14511979
[INFO GPL-0031] FillerInit:NumGCells:       525
[INFO GPL-0032] FillerInit:NumGNets:        424
[INFO GPL-0033] FillerInit:NumGPins:       1422
[INFO GPL-0023] TargetDensity:            0.600
[INFO GPL-0024] AvrgPlaceInstArea:       28.111 um^2
[INFO GPL-0025] IdealBinArea:            46.852 um^2
[INFO GPL-0026] IdealBinCnt:                533
[INFO GPL-0027] TotalBinArea:         24992.352 um^2
[INFO GPL-0028] BinCnt:        16     16
[INFO GPL-0029] BinSize: ( 12.075  8.085 )
[INFO GPL-0030] NumBins: 256
[NesterovSolve] Iter:    1 overflow: 0.941 HPWL: 5055064
[NesterovSolve] Iter:   10 overflow: 0.912 HPWL: 5344447
[NesterovSolve] Iter:   20 overflow: 0.892 HPWL: 5432558
[NesterovSolve] Iter:   30 overflow: 0.892 HPWL: 5523316
[NesterovSolve] Iter:   40 overflow: 0.887 HPWL: 5602619
[NesterovSolve] Iter:   50 overflow: 0.876 HPWL: 5628156
[NesterovSolve] Iter:   60 overflow: 0.872 HPWL: 5647017
[NesterovSolve] Iter:   70 overflow: 0.870 HPWL: 5681357
[NesterovSolve] Iter:   80 overflow: 0.869 HPWL: 5712755
[NesterovSolve] Iter:   90 overflow: 0.867 HPWL: 5734793
[NesterovSolve] Iter:  100 overflow: 0.865 HPWL: 5743529
[NesterovSolve] Iter:  110 overflow: 0.865 HPWL: 5739232
[NesterovSolve] Iter:  120 overflow: 0.866 HPWL: 5734334
[NesterovSolve] Iter:  130 overflow: 0.867 HPWL: 5740772
[NesterovSolve] Iter:  140 overflow: 0.865 HPWL: 5771314
[NesterovSolve] Iter:  150 overflow: 0.861 HPWL: 5835608
[NesterovSolve] Iter:  160 overflow: 0.859 HPWL: 5952383
[NesterovSolve] Iter:  170 overflow: 0.842 HPWL: 6148492
[NesterovSolve] Iter:  180 overflow: 0.815 HPWL: 6388904
[NesterovSolve] Iter:  190 overflow: 0.800 HPWL: 6635617
[INFO GPL-0100] Timing-driven: executing resizer for reweighting nets.
[INFO GPL-0101] Timing-driven: worst slack 1.49e-08
[INFO GPL-0103] Timing-driven: weighted 30 nets.
[NesterovSolve] Iter:  200 overflow: 0.780 HPWL: 6850466
[NesterovSolve] Iter:  210 overflow: 0.771 HPWL: 7078527
[NesterovSolve] Iter:  220 overflow: 0.734 HPWL: 7528584
[NesterovSolve] Iter:  230 overflow: 0.701 HPWL: 8078928
[NesterovSolve] Iter:  240 overflow: 0.658 HPWL: 8354670
[INFO GPL-0100] Timing-driven: executing resizer for reweighting nets.
[INFO GPL-0101] Timing-driven: worst slack 1.48e-08
[INFO GPL-0103] Timing-driven: weighted 30 nets.
[NesterovSolve] Iter:  250 overflow: 0.632 HPWL: 8519529
[NesterovSolve] Snapshot saved at iter = 258
[NesterovSolve] Iter:  260 overflow: 0.589 HPWL: 9032384
[NesterovSolve] Iter:  270 overflow: 0.546 HPWL: 9447269
[NesterovSolve] Iter:  280 overflow: 0.502 HPWL: 9904009
[INFO GPL-0100] Timing-driven: executing resizer for reweighting nets.
[INFO GPL-0101] Timing-driven: worst slack 1.48e-08
[INFO GPL-0103] Timing-driven: weighted 30 nets.
[NesterovSolve] Iter:  290 overflow: 0.464 HPWL: 10360388
[NesterovSolve] Iter:  300 overflow: 0.419 HPWL: 10791773
[NesterovSolve] Iter:  310 overflow: 0.369 HPWL: 11141349
[NesterovSolve] Iter:  320 overflow: 0.333 HPWL: 11461200
[NesterovSolve] Iter:  330 overflow: 0.302 HPWL: 11694693
[INFO GPL-0075] Routability numCall: 1 inflationIterCnt: 1 bloatIterCnt: 0
[INFO GPL-0036] TileBBox: (    0    0 ) ( 16800 16800 ) DBU
[INFO GPL-0038] TileCnt:      23   16
[INFO GPL-0040] NumTiles: 368
[INFO GPL-0081] TotalRouteOverflow: 0.0
[INFO GPL-0082] OverflowTileCnt: 0
[INFO GPL-0083] 0.5%RC: 0.5909620225429535
[INFO GPL-0084] 1.0%RC: 0.5810043215751648
[INFO GPL-0085] 2.0%RC: 0.5623642131686211
[INFO GPL-0086] 5.0%RC: 0.5288010365084598
[INFO GPL-0087] FinalRC: 0.58598316
[INFO GPL-0077] FinalRC lower than targetRC(1.01), routability not needed.
[INFO GPL-0100] Timing-driven: executing resizer for reweighting nets.
[INFO GPL-0101] Timing-driven: worst slack 1.49e-08
[INFO GPL-0103] Timing-driven: weighted 30 nets.
[NesterovSolve] Iter:  340 overflow: 0.273 HPWL: 11926463
[NesterovSolve] Iter:  350 overflow: 0.242 HPWL: 12207363
[NesterovSolve] Iter:  360 overflow: 0.213 HPWL: 12399965
[INFO GPL-0100] Timing-driven: executing resizer for reweighting nets.
[INFO GPL-0101] Timing-driven: worst slack 1.49e-08
[INFO GPL-0103] Timing-driven: weighted 30 nets.
[NesterovSolve] Iter:  370 overflow: 0.179 HPWL: 12530965
[NesterovSolve] Iter:  380 overflow: 0.143 HPWL: 12683041
[INFO GPL-0100] Timing-driven: executing resizer for reweighting nets.
[INFO GPL-0101] Timing-driven: worst slack 1.49e-08
[INFO GPL-0103] Timing-driven: weighted 30 nets.
[NesterovSolve] Iter:  390 overflow: 0.117 HPWL: 12798534
[NesterovSolve] Finished with Overflow: 0.098574
[INFO] Setting RC values…
Setting global connections for newly added cells…
[INFO] Setting global connections...
Updating metrics…
Cell type report:                       Count       Area
  Endcap cell                              66     289.77
  Tap cell                                159     698.07
  Tie cell                                  3      26.34
  Inverter                                 39     342.45
  Sequential cell                          89    6047.78
  Multi-Input combinational cell          281    5165.31
  Total                                   637   12569.72
Writing OpenROAD database to '/foss/designs/kvic_336007_ws25-kvic_ws25_v6/librelane/runs/RUN_2025-12-02_22-06-40/27-openroad-globalplacement/tiny_tonegen.odb'…
Writing netlist to '/foss/designs/kvic_336007_ws25-kvic_ws25_v6/librelane/runs/RUN_2025-12-02_22-06-40/27-openroad-globalplacement/tiny_tonegen.nl.v'…
Writing powered netlist to '/foss/designs/kvic_336007_ws25-kvic_ws25_v6/librelane/runs/RUN_2025-12-02_22-06-40/27-openroad-globalplacement/tiny_tonegen.pnl.v'…
Writing layout to '/foss/designs/kvic_336007_ws25-kvic_ws25_v6/librelane/runs/RUN_2025-12-02_22-06-40/27-openroad-globalplacement/tiny_tonegen.def'…
Writing timing constraints to '/foss/designs/kvic_336007_ws25-kvic_ws25_v6/librelane/runs/RUN_2025-12-02_22-06-40/27-openroad-globalplacement/tiny_tonegen.sdc'…
