Clock: clk
Sources: clk 
Generated: no
Virtual: no
Propagated: no
Period: 20.000000

===========================================================================
report_clock_properties
============================================================================
Clock                   Period          Waveform
----------------------------------------------------
clk                  20.000000    0.000000 10.000000

===========================================================================
report_clock_latency
============================================================================
Clock clk
rise -> rise
    min     max
0.000000 0.000000 source latency
0.070903         network latency _38_/CLK
        0.070903 network latency _38_/CLK
---------------
0.070903 0.070903 latency
        0.000000 skew

fall -> fall
    min     max
0.000000 0.000000 source latency
0.039664         network latency _38_/CLK
        0.039664 network latency _38_/CLK
---------------
0.039664 0.039664 latency
        0.000000 skew



===========================================================================
report_clock_min_period
============================================================================
clk period_min = 3.38 fmax = 296.16
