
===========================================================================
report_checks -unconstrained
===========================================================================
======================= nom_ss_125C_4v50 Corner ===================================

Startpoint: rst_n (input port clocked by clk)
Endpoint: _664_ (recovery check against rising-edge clock clk)
Path Group: asynchronous
Path Type: max

Fanout         Cap        Slew       Delay        Time   Description
---------------------------------------------------------------------------------------------
                                  0.000000    0.000000   clock clk (rise edge)
                                  0.000000    0.000000   clock network delay (propagated)
                                  4.000000    4.000000 ^ input external delay
     1    0.004681    0.215790    0.075188    4.075188 ^ rst_n (in)
                                                         rst_n (net)
                      0.215790    0.000000    4.075188 ^ input10/I (gf180mcu_fd_sc_mcu7t5v0__clkbuf_1)
     2    0.036111    1.061698    0.869723    4.944911 ^ input10/Z (gf180mcu_fd_sc_mcu7t5v0__clkbuf_1)
                                                         net10 (net)
                      1.061698    0.000598    4.945509 ^ fanout34/I (gf180mcu_fd_sc_mcu7t5v0__buf_2)
     6    0.056762    0.837853    0.814664    5.760173 ^ fanout34/Z (gf180mcu_fd_sc_mcu7t5v0__buf_2)
                                                         net34 (net)
                      0.837861    0.001518    5.761691 ^ fanout33/I (gf180mcu_fd_sc_mcu7t5v0__clkbuf_4)
    10    0.094588    0.717285    0.917137    6.678828 ^ fanout33/Z (gf180mcu_fd_sc_mcu7t5v0__clkbuf_4)
                                                         net33 (net)
                      0.717297    0.002468    6.681296 ^ _664_/RN (gf180mcu_fd_sc_mcu7t5v0__dffrnq_1)
                                              6.681296   data arrival time

                                 20.000000   20.000000   clock clk (rise edge)
                                  0.000000   20.000000   clock source latency
     1    0.024098    0.227363    0.098591   20.098591 ^ clk (in)
                                                         clk (net)
                      0.227363    0.000000   20.098591 ^ clkbuf_0_clk/I (gf180mcu_fd_sc_mcu7t5v0__clkbuf_16)
     2    0.048799    0.202844    0.448548   20.547140 ^ clkbuf_0_clk/Z (gf180mcu_fd_sc_mcu7t5v0__clkbuf_16)
                                                         clknet_0_clk (net)
                      0.202844    0.000401   20.547541 ^ clkbuf_1_0__f_clk/I (gf180mcu_fd_sc_mcu7t5v0__clkbuf_16)
     6    0.028479    0.172174    0.419318   20.966860 ^ clkbuf_1_0__f_clk/Z (gf180mcu_fd_sc_mcu7t5v0__clkbuf_16)
                                                         clknet_1_0__leaf_clk (net)
                      0.172175    0.000252   20.967112 ^ _664_/CLK (gf180mcu_fd_sc_mcu7t5v0__dffrnq_1)
                                 -0.100000   20.867111   clock uncertainty
                                  0.000000   20.867111   clock reconvergence pessimism
                                  0.391839   21.258951   library recovery time
                                             21.258951   data required time
---------------------------------------------------------------------------------------------
                                             21.258951   data required time
                                             -6.681296   data arrival time
---------------------------------------------------------------------------------------------
                                             14.577655   slack (MET)


Startpoint: ena (input port clocked by clk)
Endpoint: _666_ (rising edge-triggered flip-flop clocked by clk)
Path Group: clk
Path Type: max

Fanout         Cap        Slew       Delay        Time   Description
---------------------------------------------------------------------------------------------
                                  0.000000    0.000000   clock clk (rise edge)
                                  0.000000    0.000000   clock network delay (propagated)
                                  4.000000    4.000000 ^ input external delay
     1    0.005568    0.239698    0.089205    4.089205 ^ ena (in)
                                                         ena (net)
                      0.239698    0.000000    4.089205 ^ input9/I (gf180mcu_fd_sc_mcu7t5v0__clkbuf_1)
     3    0.017349    0.557121    0.582803    4.672008 ^ input9/Z (gf180mcu_fd_sc_mcu7t5v0__clkbuf_1)
                                                         net9 (net)
                      0.557121    0.000506    4.672513 ^ _356_/A1 (gf180mcu_fd_sc_mcu7t5v0__nand2_1)
     4    0.027025    0.800426    0.607348    5.279861 v _356_/ZN (gf180mcu_fd_sc_mcu7t5v0__nand2_1)
                                                         _121_ (net)
                      0.800426    0.000323    5.280184 v _362_/A1 (gf180mcu_fd_sc_mcu7t5v0__nor3_1)
     1    0.004498    0.786180    0.612752    5.892936 ^ _362_/ZN (gf180mcu_fd_sc_mcu7t5v0__nor3_1)
                                                         _002_ (net)
                      0.786180    0.000054    5.892990 ^ _666_/D (gf180mcu_fd_sc_mcu7t5v0__dffrnq_1)
                                              5.892990   data arrival time

                                 20.000000   20.000000   clock clk (rise edge)
                                  0.000000   20.000000   clock source latency
     1    0.024098    0.227363    0.098591   20.098591 ^ clk (in)
                                                         clk (net)
                      0.227363    0.000000   20.098591 ^ clkbuf_0_clk/I (gf180mcu_fd_sc_mcu7t5v0__clkbuf_16)
     2    0.048799    0.202844    0.448548   20.547140 ^ clkbuf_0_clk/Z (gf180mcu_fd_sc_mcu7t5v0__clkbuf_16)
                                                         clknet_0_clk (net)
                      0.202844    0.000627   20.547768 ^ clkbuf_1_1__f_clk/I (gf180mcu_fd_sc_mcu7t5v0__clkbuf_16)
     4    0.029629    0.173911    0.420643   20.968410 ^ clkbuf_1_1__f_clk/Z (gf180mcu_fd_sc_mcu7t5v0__clkbuf_16)
                                                         clknet_1_1__leaf_clk (net)
                      0.173911    0.000410   20.968821 ^ _666_/CLK (gf180mcu_fd_sc_mcu7t5v0__dffrnq_1)
                                 -0.100000   20.868820   clock uncertainty
                                  0.000000   20.868820   clock reconvergence pessimism
                                 -0.703634   20.165186   library setup time
                                             20.165186   data required time
---------------------------------------------------------------------------------------------
                                             20.165186   data required time
                                             -5.892990   data arrival time
---------------------------------------------------------------------------------------------
                                             14.272196   slack (MET)




===========================================================================
report_checks --slack_max -0.01
============================================================================
======================= nom_ss_125C_4v50 Corner ===================================

No paths found.


===========================================================================
 report_check_types -max_slew -max_cap -max_fanout -violators
============================================================================
======================= nom_ss_125C_4v50 Corner ===================================



===========================================================================
report_parasitic_annotation -report_unannotated
============================================================================
Found 1 unannotated drivers.
 clkload0/ZN
Found 0 partially unannotated drivers.

===========================================================================
max slew violation count 0
max fanout violation count 0
max cap violation count 0
============================================================================

===========================================================================
check_setup -verbose -unconstrained_endpoints -multiple_clock -no_clock -no_input_delay -loops -generated_clocks
===========================================================================
Warning: There are 80 unclocked register/latch pins.
  _643_/CLK
  _644_/CLK
  _645_/CLK
  _646_/CLK
  _647_/CLK
  _649_/CLK
  _650_/CLK
  _651_/CLK
  _652_/CLK
  _653_/CLK
  _654_/CLK
  _655_/CLK
  _656_/CLK
  _657_/CLK
  _658_/CLK
  _659_/CLK
  _660_/CLK
  _661_/CLK
  _662_/CLK
  _663_/CLK
  _672_/CLK
  _673_/CLK
  _674_/CLK
  _675_/CLK
  _676_/CLK
  _677_/CLK
  _678_/CLK
  _679_/CLK
  _680_/CLK
  _681_/CLK
  _682_/CLK
  _683_/CLK
  _684_/CLK
  _685_/CLK
  _686_/CLK
  _687_/CLK
  _688_/CLK
  _689_/CLK
  _690_/CLK
  _691_/CLK
  _692_/CLK
  _693_/CLK
  _694_/CLK
  _695_/CLK
  _696_/CLK
  _697_/CLK
  _698_/CLK
  _699_/CLK
  _700_/CLK
  _701_/CLK
  _702_/CLK
  _703_/CLK
  _704_/CLK
  _705_/CLK
  _706_/CLK
  _707_/CLK
  _708_/CLK
  _709_/CLK
  _710_/CLK
  _711_/CLK
  _712_/CLK
  _713_/CLK
  _714_/CLK
  _715_/CLK
  _716_/CLK
  _717_/CLK
  _718_/CLK
  _719_/CLK
  _720_/CLK
  _721_/CLK
  _722_/CLK
  _723_/CLK
  _724_/CLK
  _725_/CLK
  _726_/CLK
  _727_/CLK
  _728_/CLK
  _729_/CLK
  _730_/CLK
  _731_/CLK
Warning: There are 84 unconstrained endpoints.
  signal_bit_out
  _643_/D
  _644_/D
  _645_/D
  _646_/D
  _647_/D
  _649_/D
  _650_/D
  _651_/D
  _652_/D
  _653_/D
  _654_/D
  _655_/D
  _656_/D
  _657_/D
  _658_/D
  _659_/D
  _660_/D
  _661_/D
  _662_/D
  _663_/D
  _669_/D
  _670_/D
  _671_/D
  _672_/D
  _673_/D
  _674_/D
  _675_/D
  _676_/D
  _677_/D
  _678_/D
  _679_/D
  _680_/D
  _681_/D
  _682_/D
  _683_/D
  _684_/D
  _685_/D
  _686_/D
  _687_/D
  _688_/D
  _689_/D
  _690_/D
  _691_/D
  _692_/D
  _693_/D
  _694_/D
  _695_/D
  _696_/D
  _697_/D
  _698_/D
  _699_/D
  _700_/D
  _701_/D
  _702_/D
  _703_/D
  _704_/D
  _705_/D
  _706_/D
  _707_/D
  _708_/D
  _709_/D
  _710_/D
  _711_/D
  _712_/D
  _713_/D
  _714_/D
  _715_/D
  _716_/D
  _717_/D
  _718_/D
  _719_/D
  _720_/D
  _721_/D
  _722_/D
  _723_/D
  _724_/D
  _725_/D
  _726_/D
  _727_/D
  _728_/D
  _729_/D
  _730_/D
  _731_/D
