100. Printing statistics.

=== tt_um_felixfeierabend ===

        +----------Local Count, excluding submodules.
        | 
      175 wires
      243 wire bits
       13 public wires
       81 public wire bits
        8 ports
       43 port bits
      193 cells
       56   $_ANDNOT_
        3   $_AND_
        5   $_DFFE_PN0P_
        1   $_DFFE_PN1P_
        1   $_DFFE_PP0P_
       12   $_DFF_PN0_
       12   $_DFF_PP0_
       14   $_NAND_
        8   $_NOR_
        3   $_NOT_
       13   $_ORNOT_
       38   $_OR_
        7   $_XNOR_
       20   $_XOR_

   Area for cell type $_NOT_ is unknown!
   Area for cell type $_AND_ is unknown!
   Area for cell type $_NAND_ is unknown!
   Area for cell type $_OR_ is unknown!
   Area for cell type $_NOR_ is unknown!
   Area for cell type $_XOR_ is unknown!
   Area for cell type $_XNOR_ is unknown!
   Area for cell type $_ANDNOT_ is unknown!
   Area for cell type $_ORNOT_ is unknown!
   Area for cell type $_DFF_PN0_ is unknown!
   Area for cell type $_DFF_PP0_ is unknown!
   Area for cell type $_DFFE_PN0P_ is unknown!
   Area for cell type $_DFFE_PN1P_ is unknown!
   Area for cell type $_DFFE_PP0P_ is unknown!

