168. Printing statistics.

=== tiny_tonegen ===

        +----------Local Count, excluding submodules.
        | 
      107 wires
      175 wire bits
       19 public wires
       73 public wire bits
        7 ports
       13 port bits
      145 cells
       32   $_ANDNOT_
        6   $_AND_
        8   $_DFFE_PN0P_
        7   $_DFFE_PN1P_
        2   $_DFFE_PP0P_
        3   $_DFFE_PP1P_
        1   $_DFFE_PP_
        8   $_DFF_PN0_
        1   $_DFF_P_
        7   $_NAND_
        3   $_NOR_
        2   $_NOT_
        8   $_ORNOT_
       18   $_OR_
        8   $_SDFFE_PN0P_
       13   $_SDFF_PN0_
        5   $_XNOR_
       13   $_XOR_

   Area for cell type $_NOT_ is unknown!
   Area for cell type $_AND_ is unknown!
   Area for cell type $_NAND_ is unknown!
   Area for cell type $_OR_ is unknown!
   Area for cell type $_NOR_ is unknown!
   Area for cell type $_XOR_ is unknown!
   Area for cell type $_XNOR_ is unknown!
   Area for cell type $_ANDNOT_ is unknown!
   Area for cell type $_ORNOT_ is unknown!
   Area for cell type $_DFF_P_ is unknown!
   Area for cell type $_DFFE_PP_ is unknown!
   Area for cell type $_DFF_PN0_ is unknown!
   Area for cell type $_DFFE_PN0P_ is unknown!
   Area for cell type $_DFFE_PN1P_ is unknown!
   Area for cell type $_DFFE_PP0P_ is unknown!
   Area for cell type $_DFFE_PP1P_ is unknown!
   Area for cell type $_SDFF_PN0_ is unknown!
   Area for cell type $_SDFFE_PN0P_ is unknown!

