Clock: clk
Sources: clk 
Generated: no
Virtual: no
Propagated: no
Period: 20.000000

===========================================================================
report_clock_properties
============================================================================
Clock                   Period          Waveform
----------------------------------------------------
clk                  20.000000    0.000000 10.000000

===========================================================================
report_clock_latency
============================================================================
Clock clk
rise -> rise
    min     max
0.000000 0.000000 source latency
0.157957         network latency _1527_/CLK
        10.109200 network latency _1364_/CLK
---------------
0.157957 10.109200 latency
        9.951244 skew

rise -> fall
    min     max
0.000000 0.000000 source latency
6.660716         network latency _1364_/CLK
        6.660716 network latency _1364_/CLK
---------------
6.660716 6.660716 latency
        0.000000 skew

fall -> fall
    min     max
0.000000 0.000000 source latency
0.097009         network latency _1527_/CLK
        0.097009 network latency _1527_/CLK
---------------
0.097009 0.097009 latency
        0.000000 skew



===========================================================================
report_clock_min_period
============================================================================
clk period_min = 11.67 fmax = 85.70
