
===========================================================================
report_checks -path_delay min (Hold)
============================================================================
======================= nom_tt_025C_5v00 Corner ===================================

Startpoint: _1535_ (rising edge-triggered flip-flop clocked by clk)
Endpoint: _1535_ (rising edge-triggered flip-flop clocked by clk)
Path Group: clk
Path Type: min

Fanout         Cap        Slew       Delay        Time   Description
---------------------------------------------------------------------------------------------
                      0.150000    0.000000    0.000000   clock clk (rise edge)
                                  0.000000    0.000000   clock network delay (ideal)
                      0.150000    0.000000    0.000000 ^ _1535_/CLK (gf180mcu_fd_sc_mcu7t5v0__dffq_1)
     2    0.006768    0.133099    0.673902    0.673902 v _1535_/Q (gf180mcu_fd_sc_mcu7t5v0__dffq_1)
                                                         clk_scaler.counter[8] (net)
                      0.133099    0.000000    0.673902 v _1353_/A2 (gf180mcu_fd_sc_mcu7t5v0__and2_1)
     1    0.002389    0.098584    0.247733    0.921635 v _1353_/Z (gf180mcu_fd_sc_mcu7t5v0__and2_1)
                                                         _0169_ (net)
                      0.098584    0.000000    0.921635 v _1535_/D (gf180mcu_fd_sc_mcu7t5v0__dffq_1)
                                              0.921635   data arrival time

                      0.150000    0.000000    0.000000   clock clk (rise edge)
                                  0.000000    0.000000   clock network delay (ideal)
                                  0.250000    0.250000   clock uncertainty
                                  0.000000    0.250000   clock reconvergence pessimism
                                              0.250000 ^ _1535_/CLK (gf180mcu_fd_sc_mcu7t5v0__dffq_1)
                                  0.095007    0.345007   library hold time
                                              0.345007   data required time
---------------------------------------------------------------------------------------------
                                              0.345007   data required time
                                             -0.921635   data arrival time
---------------------------------------------------------------------------------------------
                                              0.576628   slack (MET)


Startpoint: _1537_ (rising edge-triggered flip-flop clocked by clk)
Endpoint: _1537_ (rising edge-triggered flip-flop clocked by clk)
Path Group: clk
Path Type: min

Fanout         Cap        Slew       Delay        Time   Description
---------------------------------------------------------------------------------------------
                      0.150000    0.000000    0.000000   clock clk (rise edge)
                                  0.000000    0.000000   clock network delay (ideal)
                      0.150000    0.000000    0.000000 ^ _1537_/CLK (gf180mcu_fd_sc_mcu7t5v0__dffq_1)
     2    0.006879    0.134119    0.674791    0.674791 v _1537_/Q (gf180mcu_fd_sc_mcu7t5v0__dffq_1)
                                                         clk_scaler.counter[10] (net)
                      0.134119    0.000000    0.674791 v _1355_/A2 (gf180mcu_fd_sc_mcu7t5v0__and2_1)
     1    0.002389    0.098587    0.248023    0.922814 v _1355_/Z (gf180mcu_fd_sc_mcu7t5v0__and2_1)
                                                         _0171_ (net)
                      0.098587    0.000000    0.922814 v _1537_/D (gf180mcu_fd_sc_mcu7t5v0__dffq_1)
                                              0.922814   data arrival time

                      0.150000    0.000000    0.000000   clock clk (rise edge)
                                  0.000000    0.000000   clock network delay (ideal)
                                  0.250000    0.250000   clock uncertainty
                                  0.000000    0.250000   clock reconvergence pessimism
                                              0.250000 ^ _1537_/CLK (gf180mcu_fd_sc_mcu7t5v0__dffq_1)
                                  0.095007    0.345007   library hold time
                                              0.345007   data required time
---------------------------------------------------------------------------------------------
                                              0.345007   data required time
                                             -0.922814   data arrival time
---------------------------------------------------------------------------------------------
                                              0.577808   slack (MET)


Startpoint: _1536_ (rising edge-triggered flip-flop clocked by clk)
Endpoint: _1536_ (rising edge-triggered flip-flop clocked by clk)
Path Group: clk
Path Type: min

Fanout         Cap        Slew       Delay        Time   Description
---------------------------------------------------------------------------------------------
                      0.150000    0.000000    0.000000   clock clk (rise edge)
                                  0.000000    0.000000   clock network delay (ideal)
                      0.150000    0.000000    0.000000 ^ _1536_/CLK (gf180mcu_fd_sc_mcu7t5v0__dffq_1)
     2    0.007018    0.135396    0.675906    0.675906 v _1536_/Q (gf180mcu_fd_sc_mcu7t5v0__dffq_1)
                                                         clk_scaler.counter[9] (net)
                      0.135396    0.000000    0.675906 v _1354_/A2 (gf180mcu_fd_sc_mcu7t5v0__and2_1)
     1    0.002389    0.098591    0.248386    0.924291 v _1354_/Z (gf180mcu_fd_sc_mcu7t5v0__and2_1)
                                                         _0170_ (net)
                      0.098591    0.000000    0.924291 v _1536_/D (gf180mcu_fd_sc_mcu7t5v0__dffq_1)
                                              0.924291   data arrival time

                      0.150000    0.000000    0.000000   clock clk (rise edge)
                                  0.000000    0.000000   clock network delay (ideal)
                                  0.250000    0.250000   clock uncertainty
                                  0.000000    0.250000   clock reconvergence pessimism
                                              0.250000 ^ _1536_/CLK (gf180mcu_fd_sc_mcu7t5v0__dffq_1)
                                  0.095006    0.345006   library hold time
                                              0.345006   data required time
---------------------------------------------------------------------------------------------
                                              0.345006   data required time
                                             -0.924291   data arrival time
---------------------------------------------------------------------------------------------
                                              0.579286   slack (MET)


Startpoint: _1534_ (rising edge-triggered flip-flop clocked by clk)
Endpoint: _1534_ (rising edge-triggered flip-flop clocked by clk)
Path Group: clk
Path Type: min

Fanout         Cap        Slew       Delay        Time   Description
---------------------------------------------------------------------------------------------
                      0.150000    0.000000    0.000000   clock clk (rise edge)
                                  0.000000    0.000000   clock network delay (ideal)
                      0.150000    0.000000    0.000000 ^ _1534_/CLK (gf180mcu_fd_sc_mcu7t5v0__dffq_1)
     2    0.007032    0.135524    0.676018    0.676018 v _1534_/Q (gf180mcu_fd_sc_mcu7t5v0__dffq_1)
                                                         clk_scaler.counter[7] (net)
                      0.135524    0.000000    0.676018 v _1352_/A2 (gf180mcu_fd_sc_mcu7t5v0__and2_1)
     1    0.002389    0.098592    0.248423    0.924440 v _1352_/Z (gf180mcu_fd_sc_mcu7t5v0__and2_1)
                                                         _0168_ (net)
                      0.098592    0.000000    0.924440 v _1534_/D (gf180mcu_fd_sc_mcu7t5v0__dffq_1)
                                              0.924440   data arrival time

                      0.150000    0.000000    0.000000   clock clk (rise edge)
                                  0.000000    0.000000   clock network delay (ideal)
                                  0.250000    0.250000   clock uncertainty
                                  0.000000    0.250000   clock reconvergence pessimism
                                              0.250000 ^ _1534_/CLK (gf180mcu_fd_sc_mcu7t5v0__dffq_1)
                                  0.095005    0.345006   library hold time
                                              0.345006   data required time
---------------------------------------------------------------------------------------------
                                              0.345006   data required time
                                             -0.924440   data arrival time
---------------------------------------------------------------------------------------------
                                              0.579435   slack (MET)


Startpoint: _1533_ (rising edge-triggered flip-flop clocked by clk)
Endpoint: _1533_ (rising edge-triggered flip-flop clocked by clk)
Path Group: clk
Path Type: min

Fanout         Cap        Slew       Delay        Time   Description
---------------------------------------------------------------------------------------------
                      0.150000    0.000000    0.000000   clock clk (rise edge)
                                  0.000000    0.000000   clock network delay (ideal)
                      0.150000    0.000000    0.000000 ^ _1533_/CLK (gf180mcu_fd_sc_mcu7t5v0__dffq_1)
     2    0.007271    0.137720    0.677933    0.677933 v _1533_/Q (gf180mcu_fd_sc_mcu7t5v0__dffq_1)
                                                         clk_scaler.counter[6] (net)
                      0.137720    0.000000    0.677933 v _1351_/A2 (gf180mcu_fd_sc_mcu7t5v0__and2_1)
     1    0.002389    0.098599    0.249046    0.926980 v _1351_/Z (gf180mcu_fd_sc_mcu7t5v0__and2_1)
                                                         _0167_ (net)
                      0.098599    0.000000    0.926980 v _1533_/D (gf180mcu_fd_sc_mcu7t5v0__dffq_1)
                                              0.926980   data arrival time

                      0.150000    0.000000    0.000000   clock clk (rise edge)
                                  0.000000    0.000000   clock network delay (ideal)
                                  0.250000    0.250000   clock uncertainty
                                  0.000000    0.250000   clock reconvergence pessimism
                                              0.250000 ^ _1533_/CLK (gf180mcu_fd_sc_mcu7t5v0__dffq_1)
                                  0.095004    0.345004   library hold time
                                              0.345004   data required time
---------------------------------------------------------------------------------------------
                                              0.345004   data required time
                                             -0.926980   data arrival time
---------------------------------------------------------------------------------------------
                                              0.581976   slack (MET)


Startpoint: _1529_ (rising edge-triggered flip-flop clocked by clk)
Endpoint: _1529_ (rising edge-triggered flip-flop clocked by clk)
Path Group: clk
Path Type: min

Fanout         Cap        Slew       Delay        Time   Description
---------------------------------------------------------------------------------------------
                      0.150000    0.000000    0.000000   clock clk (rise edge)
                                  0.000000    0.000000   clock network delay (ideal)
                      0.150000    0.000000    0.000000 ^ _1529_/CLK (gf180mcu_fd_sc_mcu7t5v0__dffq_1)
     4    0.015097    0.206765    0.731950    0.731950 v _1529_/Q (gf180mcu_fd_sc_mcu7t5v0__dffq_1)
                                                         clk_scaler.counter[2] (net)
                      0.206765    0.000000    0.731950 v _0707_/I (gf180mcu_fd_sc_mcu7t5v0__clkinv_1)
     1    0.004956    0.149758    0.129742    0.861692 ^ _0707_/ZN (gf180mcu_fd_sc_mcu7t5v0__clkinv_1)
                                                         _0234_ (net)
                      0.149758    0.000000    0.861692 ^ _1341_/B1 (gf180mcu_fd_sc_mcu7t5v0__oai32_1)
     1    0.002389    0.090274    0.082175    0.943867 v _1341_/ZN (gf180mcu_fd_sc_mcu7t5v0__oai32_1)
                                                         _0163_ (net)
                      0.090274    0.000000    0.943867 v _1529_/D (gf180mcu_fd_sc_mcu7t5v0__dffq_1)
                                              0.943867   data arrival time

                      0.150000    0.000000    0.000000   clock clk (rise edge)
                                  0.000000    0.000000   clock network delay (ideal)
                                  0.250000    0.250000   clock uncertainty
                                  0.000000    0.250000   clock reconvergence pessimism
                                              0.250000 ^ _1529_/CLK (gf180mcu_fd_sc_mcu7t5v0__dffq_1)
                                  0.096972    0.346972   library hold time
                                              0.346972   data required time
---------------------------------------------------------------------------------------------
                                              0.346972   data required time
                                             -0.943867   data arrival time
---------------------------------------------------------------------------------------------
                                              0.596895   slack (MET)


Startpoint: _1530_ (rising edge-triggered flip-flop clocked by clk)
Endpoint: _1530_ (rising edge-triggered flip-flop clocked by clk)
Path Group: clk
Path Type: min

Fanout         Cap        Slew       Delay        Time   Description
---------------------------------------------------------------------------------------------
                      0.150000    0.000000    0.000000   clock clk (rise edge)
                                  0.000000    0.000000   clock network delay (ideal)
                      0.150000    0.000000    0.000000 ^ _1530_/CLK (gf180mcu_fd_sc_mcu7t5v0__dffq_1)
     4    0.015480    0.210120    0.734520    0.734520 v _1530_/Q (gf180mcu_fd_sc_mcu7t5v0__dffq_1)
                                                         clk_scaler.counter[3] (net)
                      0.210120    0.000000    0.734520 v _0706_/I (gf180mcu_fd_sc_mcu7t5v0__clkinv_1)
     1    0.004956    0.150471    0.130517    0.865036 ^ _0706_/ZN (gf180mcu_fd_sc_mcu7t5v0__clkinv_1)
                                                         _0233_ (net)
                      0.150471    0.000000    0.865036 ^ _1344_/B1 (gf180mcu_fd_sc_mcu7t5v0__oai32_1)
     1    0.002389    0.090431    0.082206    0.947242 v _1344_/ZN (gf180mcu_fd_sc_mcu7t5v0__oai32_1)
                                                         _0164_ (net)
                      0.090431    0.000000    0.947242 v _1530_/D (gf180mcu_fd_sc_mcu7t5v0__dffq_1)
                                              0.947242   data arrival time

                      0.150000    0.000000    0.000000   clock clk (rise edge)
                                  0.000000    0.000000   clock network delay (ideal)
                                  0.250000    0.250000   clock uncertainty
                                  0.000000    0.250000   clock reconvergence pessimism
                                              0.250000 ^ _1530_/CLK (gf180mcu_fd_sc_mcu7t5v0__dffq_1)
                                  0.096935    0.346935   library hold time
                                              0.346935   data required time
---------------------------------------------------------------------------------------------
                                              0.346935   data required time
                                             -0.947242   data arrival time
---------------------------------------------------------------------------------------------
                                              0.600307   slack (MET)


Startpoint: _1532_ (rising edge-triggered flip-flop clocked by clk)
Endpoint: _1532_ (rising edge-triggered flip-flop clocked by clk)
Path Group: clk
Path Type: min

Fanout         Cap        Slew       Delay        Time   Description
---------------------------------------------------------------------------------------------
                      0.150000    0.000000    0.000000   clock clk (rise edge)
                                  0.000000    0.000000   clock network delay (ideal)
                      0.150000    0.000000    0.000000 ^ _1532_/CLK (gf180mcu_fd_sc_mcu7t5v0__dffq_1)
     3    0.013341    0.191383    0.720167    0.720167 v _1532_/Q (gf180mcu_fd_sc_mcu7t5v0__dffq_1)
                                                         clk_scaler.counter[5] (net)
                      0.191383    0.000000    0.720167 v _1349_/A2 (gf180mcu_fd_sc_mcu7t5v0__nand2_1)
     1    0.004783    0.191282    0.166441    0.886608 ^ _1349_/ZN (gf180mcu_fd_sc_mcu7t5v0__nand2_1)
                                                         _0207_ (net)
                      0.191282    0.000000    0.886608 ^ _1350_/B (gf180mcu_fd_sc_mcu7t5v0__oai21_1)
     1    0.002389    0.116423    0.112182    0.998790 v _1350_/ZN (gf180mcu_fd_sc_mcu7t5v0__oai21_1)
                                                         _0166_ (net)
                      0.116423    0.000000    0.998790 v _1532_/D (gf180mcu_fd_sc_mcu7t5v0__dffq_1)
                                              0.998790   data arrival time

                      0.150000    0.000000    0.000000   clock clk (rise edge)
                                  0.000000    0.000000   clock network delay (ideal)
                                  0.250000    0.250000   clock uncertainty
                                  0.000000    0.250000   clock reconvergence pessimism
                                              0.250000 ^ _1532_/CLK (gf180mcu_fd_sc_mcu7t5v0__dffq_1)
                                  0.090789    0.340789   library hold time
                                              0.340789   data required time
---------------------------------------------------------------------------------------------
                                              0.340789   data required time
                                             -0.998790   data arrival time
---------------------------------------------------------------------------------------------
                                              0.658001   slack (MET)


Startpoint: _1527_ (rising edge-triggered flip-flop clocked by clk)
Endpoint: _1527_ (rising edge-triggered flip-flop clocked by clk)
Path Group: clk
Path Type: min

Fanout         Cap        Slew       Delay        Time   Description
---------------------------------------------------------------------------------------------
                      0.150000    0.000000    0.000000   clock clk (rise edge)
                                  0.000000    0.000000   clock network delay (ideal)
                      0.150000    0.000000    0.000000 ^ _1527_/CLK (gf180mcu_fd_sc_mcu7t5v0__dffq_1)
     5    0.024541    0.458211    0.921916    0.921916 ^ _1527_/Q (gf180mcu_fd_sc_mcu7t5v0__dffq_1)
                                                         clk_scaler.counter[0] (net)
                      0.458211    0.000000    0.921916 ^ _1335_/A1 (gf180mcu_fd_sc_mcu7t5v0__oai21_1)
     1    0.002389    0.114534    0.110905    1.032821 v _1335_/ZN (gf180mcu_fd_sc_mcu7t5v0__oai21_1)
                                                         _0161_ (net)
                      0.114534    0.000000    1.032821 v _1527_/D (gf180mcu_fd_sc_mcu7t5v0__dffq_1)
                                              1.032821   data arrival time

                      0.150000    0.000000    0.000000   clock clk (rise edge)
                                  0.000000    0.000000   clock network delay (ideal)
                                  0.250000    0.250000   clock uncertainty
                                  0.000000    0.250000   clock reconvergence pessimism
                                              0.250000 ^ _1527_/CLK (gf180mcu_fd_sc_mcu7t5v0__dffq_1)
                                  0.091236    0.341236   library hold time
                                              0.341236   data required time
---------------------------------------------------------------------------------------------
                                              0.341236   data required time
                                             -1.032821   data arrival time
---------------------------------------------------------------------------------------------
                                              0.691585   slack (MET)


Startpoint: _1531_ (rising edge-triggered flip-flop clocked by clk)
Endpoint: _1531_ (rising edge-triggered flip-flop clocked by clk)
Path Group: clk
Path Type: min

Fanout         Cap        Slew       Delay        Time   Description
---------------------------------------------------------------------------------------------
                      0.150000    0.000000    0.000000   clock clk (rise edge)
                                  0.000000    0.000000   clock network delay (ideal)
                      0.150000    0.000000    0.000000 ^ _1531_/CLK (gf180mcu_fd_sc_mcu7t5v0__dffq_1)
     4    0.021001    0.259006    0.770597    0.770597 v _1531_/Q (gf180mcu_fd_sc_mcu7t5v0__dffq_1)
                                                         clk_scaler.counter[4] (net)
                      0.259006    0.000000    0.770597 v _1345_/A2 (gf180mcu_fd_sc_mcu7t5v0__nand2_1)
     1    0.004783    0.202396    0.186835    0.957432 ^ _1345_/ZN (gf180mcu_fd_sc_mcu7t5v0__nand2_1)
                                                         _0204_ (net)
                      0.202396    0.000000    0.957432 ^ _1347_/B (gf180mcu_fd_sc_mcu7t5v0__oai21_1)
     1    0.002389    0.118311    0.112887    1.070319 v _1347_/ZN (gf180mcu_fd_sc_mcu7t5v0__oai21_1)
                                                         _0165_ (net)
                      0.118311    0.000000    1.070319 v _1531_/D (gf180mcu_fd_sc_mcu7t5v0__dffq_1)
                                              1.070319   data arrival time

                      0.150000    0.000000    0.000000   clock clk (rise edge)
                                  0.000000    0.000000   clock network delay (ideal)
                                  0.250000    0.250000   clock uncertainty
                                  0.000000    0.250000   clock reconvergence pessimism
                                              0.250000 ^ _1531_/CLK (gf180mcu_fd_sc_mcu7t5v0__dffq_1)
                                  0.090343    0.340343   library hold time
                                              0.340343   data required time
---------------------------------------------------------------------------------------------
                                              0.340343   data required time
                                             -1.070319   data arrival time
---------------------------------------------------------------------------------------------
                                              0.729976   slack (MET)


Startpoint: _1528_ (rising edge-triggered flip-flop clocked by clk)
Endpoint: _1528_ (rising edge-triggered flip-flop clocked by clk)
Path Group: clk
Path Type: min

Fanout         Cap        Slew       Delay        Time   Description
---------------------------------------------------------------------------------------------
                      0.150000    0.000000    0.000000   clock clk (rise edge)
                                  0.000000    0.000000   clock network delay (ideal)
                      0.150000    0.000000    0.000000 ^ _1528_/CLK (gf180mcu_fd_sc_mcu7t5v0__dffq_1)
     5    0.023723    0.283767    0.787160    0.787160 v _1528_/Q (gf180mcu_fd_sc_mcu7t5v0__dffq_1)
                                                         clk_scaler.counter[1] (net)
                      0.283767    0.000000    0.787160 v _1336_/A2 (gf180mcu_fd_sc_mcu7t5v0__nand2_1)
     1    0.004783    0.206466    0.194302    0.981462 ^ _1336_/ZN (gf180mcu_fd_sc_mcu7t5v0__nand2_1)
                                                         _0198_ (net)
                      0.206466    0.000000    0.981462 ^ _1338_/B (gf180mcu_fd_sc_mcu7t5v0__oai21_1)
     1    0.002389    0.119002    0.113146    1.094608 v _1338_/ZN (gf180mcu_fd_sc_mcu7t5v0__oai21_1)
                                                         _0162_ (net)
                      0.119002    0.000000    1.094608 v _1528_/D (gf180mcu_fd_sc_mcu7t5v0__dffq_1)
                                              1.094608   data arrival time

                      0.150000    0.000000    0.000000   clock clk (rise edge)
                                  0.000000    0.000000   clock network delay (ideal)
                                  0.250000    0.250000   clock uncertainty
                                  0.000000    0.250000   clock reconvergence pessimism
                                              0.250000 ^ _1528_/CLK (gf180mcu_fd_sc_mcu7t5v0__dffq_1)
                                  0.090179    0.340179   library hold time
                                              0.340179   data required time
---------------------------------------------------------------------------------------------
                                              0.340179   data required time
                                             -1.094608   data arrival time
---------------------------------------------------------------------------------------------
                                              0.754429   slack (MET)


Startpoint: _1533_ (rising edge-triggered flip-flop clocked by clk)
Endpoint: _1538_ (rising edge-triggered flip-flop clocked by clk)
Path Group: clk
Path Type: min

Fanout         Cap        Slew       Delay        Time   Description
---------------------------------------------------------------------------------------------
                      0.150000    0.000000    0.000000   clock clk (rise edge)
                                  0.000000    0.000000   clock network delay (ideal)
                      0.150000    0.000000    0.000000 ^ _1533_/CLK (gf180mcu_fd_sc_mcu7t5v0__dffq_1)
     2    0.007271    0.184724    0.763672    0.763672 ^ _1533_/Q (gf180mcu_fd_sc_mcu7t5v0__dffq_1)
                                                         clk_scaler.counter[6] (net)
                      0.184724    0.000000    0.763672 ^ _1330_/A1 (gf180mcu_fd_sc_mcu7t5v0__nor2_1)
     1    0.004540    0.125381    0.113639    0.877310 v _1330_/ZN (gf180mcu_fd_sc_mcu7t5v0__nor2_1)
                                                         _0193_ (net)
                      0.125381    0.000000    0.877310 v _1332_/B (gf180mcu_fd_sc_mcu7t5v0__oai211_1)
     3    0.012371    0.479611    0.322155    1.199465 ^ _1332_/ZN (gf180mcu_fd_sc_mcu7t5v0__oai211_1)
                                                         _0195_ (net)
                      0.479611    0.000000    1.199465 ^ _1357_/A2 (gf180mcu_fd_sc_mcu7t5v0__aoi21_1)
     1    0.002389    0.161504    0.095241    1.294706 v _1357_/ZN (gf180mcu_fd_sc_mcu7t5v0__aoi21_1)
                                                         _0172_ (net)
                      0.161504    0.000000    1.294706 v _1538_/D (gf180mcu_fd_sc_mcu7t5v0__dffq_1)
                                              1.294706   data arrival time

                      0.150000    0.000000    0.000000   clock clk (rise edge)
                                  0.000000    0.000000   clock network delay (ideal)
                                  0.250000    0.250000   clock uncertainty
                                  0.000000    0.250000   clock reconvergence pessimism
                                              0.250000 ^ _1538_/CLK (gf180mcu_fd_sc_mcu7t5v0__dffq_1)
                                  0.079224    0.329224   library hold time
                                              0.329224   data required time
---------------------------------------------------------------------------------------------
                                              0.329224   data required time
                                             -1.294706   data arrival time
---------------------------------------------------------------------------------------------
                                              0.965482   slack (MET)



