
===========================================================================
report_checks -path_delay min (Hold)
============================================================================
======================= nom_tt_025C_5v00 Corner ===================================

Startpoint: _643_ (rising edge-triggered flip-flop clocked by clk)
Endpoint: _643_ (rising edge-triggered flip-flop clocked by clk)
Path Group: clk
Path Type: min

Fanout         Cap        Slew       Delay        Time   Description
---------------------------------------------------------------------------------------------
                      0.150000    0.000000    0.000000   clock clk (rise edge)
                                  0.000000    0.000000   clock network delay (ideal)
                      0.150000    0.000000    0.000000 ^ _643_/CLK (gf180mcu_fd_sc_mcu7t5v0__dffrnq_1)
     2    0.012303    0.182107    0.750093    0.750093 v _643_/Q (gf180mcu_fd_sc_mcu7t5v0__dffrnq_1)
                                                         clk_scaler.counter[4] (net)
                      0.182107    0.000000    0.750093 v _366_/A1 (gf180mcu_fd_sc_mcu7t5v0__xor2_1)
     1    0.004243    0.270789    0.199774    0.949867 ^ _366_/Z (gf180mcu_fd_sc_mcu7t5v0__xor2_1)
                                                         _144_ (net)
                      0.270789    0.000000    0.949867 ^ _367_/A2 (gf180mcu_fd_sc_mcu7t5v0__nor2_1)
     1    0.003009    0.150659    0.131510    1.081377 v _367_/ZN (gf180mcu_fd_sc_mcu7t5v0__nor2_1)
                                                         _004_ (net)
                      0.150659    0.000000    1.081377 v _643_/D (gf180mcu_fd_sc_mcu7t5v0__dffrnq_1)
                                              1.081377   data arrival time

                      0.150000    0.000000    0.000000   clock clk (rise edge)
                                  0.000000    0.000000   clock network delay (ideal)
                                  0.250000    0.250000   clock uncertainty
                                  0.000000    0.250000   clock reconvergence pessimism
                                              0.250000 ^ _643_/CLK (gf180mcu_fd_sc_mcu7t5v0__dffrnq_1)
                                  0.134843    0.384843   library hold time
                                              0.384843   data required time
---------------------------------------------------------------------------------------------
                                              0.384843   data required time
                                             -1.081377   data arrival time
---------------------------------------------------------------------------------------------
                                              0.696534   slack (MET)


Startpoint: _641_ (rising edge-triggered flip-flop clocked by clk)
Endpoint: _641_ (rising edge-triggered flip-flop clocked by clk)
Path Group: clk
Path Type: min

Fanout         Cap        Slew       Delay        Time   Description
---------------------------------------------------------------------------------------------
                      0.150000    0.000000    0.000000   clock clk (rise edge)
                                  0.000000    0.000000   clock network delay (ideal)
                      0.150000    0.000000    0.000000 ^ _641_/CLK (gf180mcu_fd_sc_mcu7t5v0__dffrnq_1)
     3    0.011060    0.171223    0.741712    0.741712 v _641_/Q (gf180mcu_fd_sc_mcu7t5v0__dffrnq_1)
                                                         clk_scaler.counter[2] (net)
                      0.171223    0.000000    0.741712 v _361_/B (gf180mcu_fd_sc_mcu7t5v0__aoi21_1)
     1    0.004090    0.233072    0.190731    0.932443 ^ _361_/ZN (gf180mcu_fd_sc_mcu7t5v0__aoi21_1)
                                                         _141_ (net)
                      0.233072    0.000000    0.932443 ^ _362_/A3 (gf180mcu_fd_sc_mcu7t5v0__nor3_1)
     1    0.003009    0.170972    0.164703    1.097146 v _362_/ZN (gf180mcu_fd_sc_mcu7t5v0__nor3_1)
                                                         _002_ (net)
                      0.170972    0.000000    1.097146 v _641_/D (gf180mcu_fd_sc_mcu7t5v0__dffrnq_1)
                                              1.097146   data arrival time

                      0.150000    0.000000    0.000000   clock clk (rise edge)
                                  0.000000    0.000000   clock network delay (ideal)
                                  0.250000    0.250000   clock uncertainty
                                  0.000000    0.250000   clock reconvergence pessimism
                                              0.250000 ^ _641_/CLK (gf180mcu_fd_sc_mcu7t5v0__dffrnq_1)
                                  0.130885    0.380885   library hold time
                                              0.380885   data required time
---------------------------------------------------------------------------------------------
                                              0.380885   data required time
                                             -1.097146   data arrival time
---------------------------------------------------------------------------------------------
                                              0.716261   slack (MET)


Startpoint: _639_ (rising edge-triggered flip-flop clocked by clk)
Endpoint: _639_ (rising edge-triggered flip-flop clocked by clk)
Path Group: clk
Path Type: min

Fanout         Cap        Slew       Delay        Time   Description
---------------------------------------------------------------------------------------------
                      0.150000    0.000000    0.000000   clock clk (rise edge)
                                  0.000000    0.000000   clock network delay (ideal)
                      0.150000    0.000000    0.000000 ^ _639_/CLK (gf180mcu_fd_sc_mcu7t5v0__dffrnq_1)
     5    0.023158    0.458175    1.069574    1.069574 ^ _639_/Q (gf180mcu_fd_sc_mcu7t5v0__dffrnq_1)
                                                         clk_scaler.counter[0] (net)
                      0.458175    0.000000    1.069574 ^ _357_/A1 (gf180mcu_fd_sc_mcu7t5v0__nor2_1)
     1    0.003009    0.167482    0.111389    1.180962 v _357_/ZN (gf180mcu_fd_sc_mcu7t5v0__nor2_1)
                                                         _000_ (net)
                      0.167482    0.000000    1.180962 v _639_/D (gf180mcu_fd_sc_mcu7t5v0__dffrnq_1)
                                              1.180962   data arrival time

                      0.150000    0.000000    0.000000   clock clk (rise edge)
                                  0.000000    0.000000   clock network delay (ideal)
                                  0.250000    0.250000   clock uncertainty
                                  0.000000    0.250000   clock reconvergence pessimism
                                              0.250000 ^ _639_/CLK (gf180mcu_fd_sc_mcu7t5v0__dffrnq_1)
                                  0.131565    0.381565   library hold time
                                              0.381565   data required time
---------------------------------------------------------------------------------------------
                                              0.381565   data required time
                                             -1.180962   data arrival time
---------------------------------------------------------------------------------------------
                                              0.799397   slack (MET)


Startpoint: _640_ (rising edge-triggered flip-flop clocked by clk)
Endpoint: _640_ (rising edge-triggered flip-flop clocked by clk)
Path Group: clk
Path Type: min

Fanout         Cap        Slew       Delay        Time   Description
---------------------------------------------------------------------------------------------
                      0.150000    0.000000    0.000000   clock clk (rise edge)
                                  0.000000    0.000000   clock network delay (ideal)
                      0.150000    0.000000    0.000000 ^ _640_/CLK (gf180mcu_fd_sc_mcu7t5v0__dffrnq_1)
     4    0.019088    0.241518    0.795842    0.795842 v _640_/Q (gf180mcu_fd_sc_mcu7t5v0__dffrnq_1)
                                                         clk_scaler.counter[1] (net)
                      0.241518    0.000000    0.795842 v _358_/A2 (gf180mcu_fd_sc_mcu7t5v0__xnor2_1)
     1    0.004243    0.266321    0.261228    1.057070 ^ _358_/ZN (gf180mcu_fd_sc_mcu7t5v0__xnor2_1)
                                                         _139_ (net)
                      0.266321    0.000000    1.057070 ^ _359_/A2 (gf180mcu_fd_sc_mcu7t5v0__nor2_1)
     1    0.003009    0.150659    0.130918    1.187987 v _359_/ZN (gf180mcu_fd_sc_mcu7t5v0__nor2_1)
                                                         _001_ (net)
                      0.150659    0.000000    1.187987 v _640_/D (gf180mcu_fd_sc_mcu7t5v0__dffrnq_1)
                                              1.187987   data arrival time

                      0.150000    0.000000    0.000000   clock clk (rise edge)
                                  0.000000    0.000000   clock network delay (ideal)
                                  0.250000    0.250000   clock uncertainty
                                  0.000000    0.250000   clock reconvergence pessimism
                                              0.250000 ^ _640_/CLK (gf180mcu_fd_sc_mcu7t5v0__dffrnq_1)
                                  0.134843    0.384843   library hold time
                                              0.384843   data required time
---------------------------------------------------------------------------------------------
                                              0.384843   data required time
                                             -1.187987   data arrival time
---------------------------------------------------------------------------------------------
                                              0.803145   slack (MET)


Startpoint: _642_ (rising edge-triggered flip-flop clocked by clk)
Endpoint: _642_ (rising edge-triggered flip-flop clocked by clk)
Path Group: clk
Path Type: min

Fanout         Cap        Slew       Delay        Time   Description
---------------------------------------------------------------------------------------------
                      0.150000    0.000000    0.000000   clock clk (rise edge)
                                  0.000000    0.000000   clock network delay (ideal)
                      0.150000    0.000000    0.000000 ^ _642_/CLK (gf180mcu_fd_sc_mcu7t5v0__dffrnq_1)
     3    0.012260    0.181731    0.749803    0.749803 v _642_/Q (gf180mcu_fd_sc_mcu7t5v0__dffrnq_1)
                                                         clk_scaler.counter[3] (net)
                      0.181731    0.000000    0.749803 v _364_/A1 (gf180mcu_fd_sc_mcu7t5v0__or2_1)
     1    0.002854    0.145597    0.374033    1.123837 v _364_/Z (gf180mcu_fd_sc_mcu7t5v0__or2_1)
                                                         _143_ (net)
                      0.145597    0.000000    1.123837 v _365_/A4 (gf180mcu_fd_sc_mcu7t5v0__and4_1)
     1    0.003009    0.112722    0.336591    1.460427 v _365_/Z (gf180mcu_fd_sc_mcu7t5v0__and4_1)
                                                         _003_ (net)
                      0.112722    0.000000    1.460427 v _642_/D (gf180mcu_fd_sc_mcu7t5v0__dffrnq_1)
                                              1.460427   data arrival time

                      0.150000    0.000000    0.000000   clock clk (rise edge)
                                  0.000000    0.000000   clock network delay (ideal)
                                  0.250000    0.250000   clock uncertainty
                                  0.000000    0.250000   clock reconvergence pessimism
                                              0.250000 ^ _642_/CLK (gf180mcu_fd_sc_mcu7t5v0__dffrnq_1)
                                  0.143283    0.393283   library hold time
                                              0.393283   data required time
---------------------------------------------------------------------------------------------
                                              0.393283   data required time
                                             -1.460427   data arrival time
---------------------------------------------------------------------------------------------
                                              1.067144   slack (MET)


Startpoint: _645_ (rising edge-triggered flip-flop clocked by clk)
Endpoint: _635_ (rising edge-triggered flip-flop clocked by clk)
Path Group: clk
Path Type: min

Fanout         Cap        Slew       Delay        Time   Description
---------------------------------------------------------------------------------------------
                      0.150000    0.000000    0.000000   clock clk (rise edge)
                                  0.000000    0.000000   clock network delay (ideal)
                      0.150000    0.000000    0.000000 ^ _645_/CLK (gf180mcu_fd_sc_mcu7t5v0__dffrnq_1)
     1    0.004229    0.165337    0.880077    0.880077 ^ _645_/Q (gf180mcu_fd_sc_mcu7t5v0__dffrnq_1)
                                                         clk_scaler.counter[6] (net)
                      0.165337    0.000000    0.880077 ^ _353_/A1 (gf180mcu_fd_sc_mcu7t5v0__nor3_1)
     1    0.004783    0.147755    0.135435    1.015512 v _353_/ZN (gf180mcu_fd_sc_mcu7t5v0__nor3_1)
                                                         _135_ (net)
                      0.147755    0.000000    1.015512 v _354_/B (gf180mcu_fd_sc_mcu7t5v0__oai21_1)
     2    0.011669    0.363137    0.257428    1.272940 ^ _354_/ZN (gf180mcu_fd_sc_mcu7t5v0__oai21_1)
                                                         _136_ (net)
                      0.363137    0.000000    1.272940 ^ _410_/A2 (gf180mcu_fd_sc_mcu7t5v0__xor2_1)
     1    0.002789    0.149137    0.107645    1.380585 v _410_/Z (gf180mcu_fd_sc_mcu7t5v0__xor2_1)
                                                         _175_ (net)
                      0.149137    0.000000    1.380585 v _411_/A2 (gf180mcu_fd_sc_mcu7t5v0__and2_1)
     1    0.003009    0.098830    0.258082    1.638667 v _411_/Z (gf180mcu_fd_sc_mcu7t5v0__and2_1)
                                                         _048_ (net)
                      0.098830    0.000000    1.638667 v _635_/D (gf180mcu_fd_sc_mcu7t5v0__dffrnq_1)
                                              1.638667   data arrival time

                      0.150000    0.000000    0.000000   clock clk (rise edge)
                                  0.000000    0.000000   clock network delay (ideal)
                                  0.250000    0.250000   clock uncertainty
                                  0.000000    0.250000   clock reconvergence pessimism
                                              0.250000 ^ _635_/CLK (gf180mcu_fd_sc_mcu7t5v0__dffrnq_1)
                                  0.146458    0.396458   library hold time
                                              0.396458   data required time
---------------------------------------------------------------------------------------------
                                              0.396458   data required time
                                             -1.638667   data arrival time
---------------------------------------------------------------------------------------------
                                              1.242209   slack (MET)


Startpoint: rst_n (input port clocked by clk)
Endpoint: _635_ (removal check against rising-edge clock clk)
Path Group: asynchronous
Path Type: min

Fanout         Cap        Slew       Delay        Time   Description
---------------------------------------------------------------------------------------------
                      0.150000    0.000000    0.000000   clock clk (rise edge)
                                  0.000000    0.000000   clock network delay (ideal)
                                  4.000000    4.000000 ^ input external delay
    56    0.328749    5.476657    3.065902    7.065902 ^ rst_n (in)
                                                         rst_n (net)
                      5.476657    0.000000    7.065902 ^ _635_/RN (gf180mcu_fd_sc_mcu7t5v0__dffrnq_1)
                                              7.065902   data arrival time

                      0.150000    0.000000    0.000000   clock clk (rise edge)
                                  0.000000    0.000000   clock network delay (ideal)
                                  0.250000    0.250000   clock uncertainty
                                  0.000000    0.250000   clock reconvergence pessimism
                                              0.250000 ^ _635_/CLK (gf180mcu_fd_sc_mcu7t5v0__dffrnq_1)
                                  0.546146    0.796146   library removal time
                                              0.796146   data required time
---------------------------------------------------------------------------------------------
                                              0.796146   data required time
                                             -7.065902   data arrival time
---------------------------------------------------------------------------------------------
                                              6.269756   slack (MET)


Startpoint: rst_n (input port clocked by clk)
Endpoint: _639_ (removal check against rising-edge clock clk)
Path Group: asynchronous
Path Type: min

Fanout         Cap        Slew       Delay        Time   Description
---------------------------------------------------------------------------------------------
                      0.150000    0.000000    0.000000   clock clk (rise edge)
                                  0.000000    0.000000   clock network delay (ideal)
                                  4.000000    4.000000 ^ input external delay
    56    0.328749    5.476657    3.065902    7.065902 ^ rst_n (in)
                                                         rst_n (net)
                      5.476657    0.000000    7.065902 ^ _639_/RN (gf180mcu_fd_sc_mcu7t5v0__dffrnq_1)
                                              7.065902   data arrival time

                      0.150000    0.000000    0.000000   clock clk (rise edge)
                                  0.000000    0.000000   clock network delay (ideal)
                                  0.250000    0.250000   clock uncertainty
                                  0.000000    0.250000   clock reconvergence pessimism
                                              0.250000 ^ _639_/CLK (gf180mcu_fd_sc_mcu7t5v0__dffrnq_1)
                                  0.546146    0.796146   library removal time
                                              0.796146   data required time
---------------------------------------------------------------------------------------------
                                              0.796146   data required time
                                             -7.065902   data arrival time
---------------------------------------------------------------------------------------------
                                              6.269756   slack (MET)


Startpoint: rst_n (input port clocked by clk)
Endpoint: _640_ (removal check against rising-edge clock clk)
Path Group: asynchronous
Path Type: min

Fanout         Cap        Slew       Delay        Time   Description
---------------------------------------------------------------------------------------------
                      0.150000    0.000000    0.000000   clock clk (rise edge)
                                  0.000000    0.000000   clock network delay (ideal)
                                  4.000000    4.000000 ^ input external delay
    56    0.328749    5.476657    3.065902    7.065902 ^ rst_n (in)
                                                         rst_n (net)
                      5.476657    0.000000    7.065902 ^ _640_/RN (gf180mcu_fd_sc_mcu7t5v0__dffrnq_1)
                                              7.065902   data arrival time

                      0.150000    0.000000    0.000000   clock clk (rise edge)
                                  0.000000    0.000000   clock network delay (ideal)
                                  0.250000    0.250000   clock uncertainty
                                  0.000000    0.250000   clock reconvergence pessimism
                                              0.250000 ^ _640_/CLK (gf180mcu_fd_sc_mcu7t5v0__dffrnq_1)
                                  0.546146    0.796146   library removal time
                                              0.796146   data required time
---------------------------------------------------------------------------------------------
                                              0.796146   data required time
                                             -7.065902   data arrival time
---------------------------------------------------------------------------------------------
                                              6.269756   slack (MET)


Startpoint: rst_n (input port clocked by clk)
Endpoint: _641_ (removal check against rising-edge clock clk)
Path Group: asynchronous
Path Type: min

Fanout         Cap        Slew       Delay        Time   Description
---------------------------------------------------------------------------------------------
                      0.150000    0.000000    0.000000   clock clk (rise edge)
                                  0.000000    0.000000   clock network delay (ideal)
                                  4.000000    4.000000 ^ input external delay
    56    0.328749    5.476657    3.065902    7.065902 ^ rst_n (in)
                                                         rst_n (net)
                      5.476657    0.000000    7.065902 ^ _641_/RN (gf180mcu_fd_sc_mcu7t5v0__dffrnq_1)
                                              7.065902   data arrival time

                      0.150000    0.000000    0.000000   clock clk (rise edge)
                                  0.000000    0.000000   clock network delay (ideal)
                                  0.250000    0.250000   clock uncertainty
                                  0.000000    0.250000   clock reconvergence pessimism
                                              0.250000 ^ _641_/CLK (gf180mcu_fd_sc_mcu7t5v0__dffrnq_1)
                                  0.546146    0.796146   library removal time
                                              0.796146   data required time
---------------------------------------------------------------------------------------------
                                              0.796146   data required time
                                             -7.065902   data arrival time
---------------------------------------------------------------------------------------------
                                              6.269756   slack (MET)


Startpoint: rst_n (input port clocked by clk)
Endpoint: _642_ (removal check against rising-edge clock clk)
Path Group: asynchronous
Path Type: min

Fanout         Cap        Slew       Delay        Time   Description
---------------------------------------------------------------------------------------------
                      0.150000    0.000000    0.000000   clock clk (rise edge)
                                  0.000000    0.000000   clock network delay (ideal)
                                  4.000000    4.000000 ^ input external delay
    56    0.328749    5.476657    3.065902    7.065902 ^ rst_n (in)
                                                         rst_n (net)
                      5.476657    0.000000    7.065902 ^ _642_/RN (gf180mcu_fd_sc_mcu7t5v0__dffrnq_1)
                                              7.065902   data arrival time

                      0.150000    0.000000    0.000000   clock clk (rise edge)
                                  0.000000    0.000000   clock network delay (ideal)
                                  0.250000    0.250000   clock uncertainty
                                  0.000000    0.250000   clock reconvergence pessimism
                                              0.250000 ^ _642_/CLK (gf180mcu_fd_sc_mcu7t5v0__dffrnq_1)
                                  0.546146    0.796146   library removal time
                                              0.796146   data required time
---------------------------------------------------------------------------------------------
                                              0.796146   data required time
                                             -7.065902   data arrival time
---------------------------------------------------------------------------------------------
                                              6.269756   slack (MET)


Startpoint: rst_n (input port clocked by clk)
Endpoint: _643_ (removal check against rising-edge clock clk)
Path Group: asynchronous
Path Type: min

Fanout         Cap        Slew       Delay        Time   Description
---------------------------------------------------------------------------------------------
                      0.150000    0.000000    0.000000   clock clk (rise edge)
                                  0.000000    0.000000   clock network delay (ideal)
                                  4.000000    4.000000 ^ input external delay
    56    0.328749    5.476657    3.065902    7.065902 ^ rst_n (in)
                                                         rst_n (net)
                      5.476657    0.000000    7.065902 ^ _643_/RN (gf180mcu_fd_sc_mcu7t5v0__dffrnq_1)
                                              7.065902   data arrival time

                      0.150000    0.000000    0.000000   clock clk (rise edge)
                                  0.000000    0.000000   clock network delay (ideal)
                                  0.250000    0.250000   clock uncertainty
                                  0.000000    0.250000   clock reconvergence pessimism
                                              0.250000 ^ _643_/CLK (gf180mcu_fd_sc_mcu7t5v0__dffrnq_1)
                                  0.546146    0.796146   library removal time
                                              0.796146   data required time
---------------------------------------------------------------------------------------------
                                              0.796146   data required time
                                             -7.065902   data arrival time
---------------------------------------------------------------------------------------------
                                              6.269756   slack (MET)


Startpoint: rst_n (input port clocked by clk)
Endpoint: _644_ (removal check against rising-edge clock clk)
Path Group: asynchronous
Path Type: min

Fanout         Cap        Slew       Delay        Time   Description
---------------------------------------------------------------------------------------------
                      0.150000    0.000000    0.000000   clock clk (rise edge)
                                  0.000000    0.000000   clock network delay (ideal)
                                  4.000000    4.000000 ^ input external delay
    56    0.328749    5.476657    3.065902    7.065902 ^ rst_n (in)
                                                         rst_n (net)
                      5.476657    0.000000    7.065902 ^ _644_/RN (gf180mcu_fd_sc_mcu7t5v0__dffrnq_1)
                                              7.065902   data arrival time

                      0.150000    0.000000    0.000000   clock clk (rise edge)
                                  0.000000    0.000000   clock network delay (ideal)
                                  0.250000    0.250000   clock uncertainty
                                  0.000000    0.250000   clock reconvergence pessimism
                                              0.250000 ^ _644_/CLK (gf180mcu_fd_sc_mcu7t5v0__dffrnq_1)
                                  0.546146    0.796146   library removal time
                                              0.796146   data required time
---------------------------------------------------------------------------------------------
                                              0.796146   data required time
                                             -7.065902   data arrival time
---------------------------------------------------------------------------------------------
                                              6.269756   slack (MET)


Startpoint: rst_n (input port clocked by clk)
Endpoint: _645_ (removal check against rising-edge clock clk)
Path Group: asynchronous
Path Type: min

Fanout         Cap        Slew       Delay        Time   Description
---------------------------------------------------------------------------------------------
                      0.150000    0.000000    0.000000   clock clk (rise edge)
                                  0.000000    0.000000   clock network delay (ideal)
                                  4.000000    4.000000 ^ input external delay
    56    0.328749    5.476657    3.065902    7.065902 ^ rst_n (in)
                                                         rst_n (net)
                      5.476657    0.000000    7.065902 ^ _645_/RN (gf180mcu_fd_sc_mcu7t5v0__dffrnq_1)
                                              7.065902   data arrival time

                      0.150000    0.000000    0.000000   clock clk (rise edge)
                                  0.000000    0.000000   clock network delay (ideal)
                                  0.250000    0.250000   clock uncertainty
                                  0.000000    0.250000   clock reconvergence pessimism
                                              0.250000 ^ _645_/CLK (gf180mcu_fd_sc_mcu7t5v0__dffrnq_1)
                                  0.546146    0.796146   library removal time
                                              0.796146   data required time
---------------------------------------------------------------------------------------------
                                              0.796146   data required time
                                             -7.065902   data arrival time
---------------------------------------------------------------------------------------------
                                              6.269756   slack (MET)


Startpoint: rst_n (input port clocked by clk)
Endpoint: _646_ (removal check against rising-edge clock clk)
Path Group: asynchronous
Path Type: min

Fanout         Cap        Slew       Delay        Time   Description
---------------------------------------------------------------------------------------------
                      0.150000    0.000000    0.000000   clock clk (rise edge)
                                  0.000000    0.000000   clock network delay (ideal)
                                  4.000000    4.000000 ^ input external delay
    56    0.328749    5.476657    3.065902    7.065902 ^ rst_n (in)
                                                         rst_n (net)
                      5.476657    0.000000    7.065902 ^ _646_/RN (gf180mcu_fd_sc_mcu7t5v0__dffrnq_1)
                                              7.065902   data arrival time

                      0.150000    0.000000    0.000000   clock clk (rise edge)
                                  0.000000    0.000000   clock network delay (ideal)
                                  0.250000    0.250000   clock uncertainty
                                  0.000000    0.250000   clock reconvergence pessimism
                                              0.250000 ^ _646_/CLK (gf180mcu_fd_sc_mcu7t5v0__dffrnq_1)
                                  0.546146    0.796146   library removal time
                                              0.796146   data required time
---------------------------------------------------------------------------------------------
                                              0.796146   data required time
                                             -7.065902   data arrival time
---------------------------------------------------------------------------------------------
                                              6.269756   slack (MET)



