
===========================================================================
report_checks -path_delay min (Hold)
============================================================================
======================= min_ff_n40C_5v50 Corner ===================================

Startpoint: _221_ (rising edge-triggered flip-flop clocked by clk)
Endpoint: _221_ (rising edge-triggered flip-flop clocked by clk)
Path Group: clk
Path Type: min

Fanout         Cap        Slew       Delay        Time   Description
---------------------------------------------------------------------------------------------
                                  0.000000    0.000000   clock clk (rise edge)
                                  0.000000    0.000000   clock source latency
     1    0.026654    0.092880    0.045568    0.045568 ^ clk (in)
                                                         clk (net)
                      0.092881    0.000000    0.045568 ^ clkbuf_0_clk/I (gf180mcu_fd_sc_mcu7t5v0__clkbuf_16)
     2    0.049505    0.073381    0.162147    0.207714 ^ clkbuf_0_clk/Z (gf180mcu_fd_sc_mcu7t5v0__clkbuf_16)
                                                         clknet_0_clk (net)
                      0.073386    0.000959    0.208673 ^ clkbuf_1_0__f_clk/I (gf180mcu_fd_sc_mcu7t5v0__clkbuf_16)
     7    0.033164    0.064259    0.151454    0.360127 ^ clkbuf_1_0__f_clk/Z (gf180mcu_fd_sc_mcu7t5v0__clkbuf_16)
                                                         clknet_1_0__leaf_clk (net)
                      0.064260    0.000570    0.360696 ^ _221_/CLK (gf180mcu_fd_sc_mcu7t5v0__dffrnq_1)
     2    0.010589    0.106346    0.456114    0.816811 v _221_/Q (gf180mcu_fd_sc_mcu7t5v0__dffrnq_1)
                                                         clk_scaler.counter[5] (net)
                      0.106346    0.000099    0.816909 v _166_/B (gf180mcu_fd_sc_mcu7t5v0__aoi21_1)
     1    0.007439    0.188437    0.144001    0.960910 ^ _166_/ZN (gf180mcu_fd_sc_mcu7t5v0__aoi21_1)
                                                         _082_ (net)
                      0.188437    0.000162    0.961072 ^ _167_/A2 (gf180mcu_fd_sc_mcu7t5v0__nor2_1)
     1    0.003347    0.097922    0.087321    1.048393 v _167_/ZN (gf180mcu_fd_sc_mcu7t5v0__nor2_1)
                                                         _007_ (net)
                      0.097922    0.000032    1.048425 v _221_/D (gf180mcu_fd_sc_mcu7t5v0__dffrnq_1)
                                              1.048425   data arrival time

                                  0.000000    0.000000   clock clk (rise edge)
                                  0.000000    0.000000   clock source latency
     1    0.026654    0.092880    0.045568    0.045568 ^ clk (in)
                                                         clk (net)
                      0.092881    0.000000    0.045568 ^ clkbuf_0_clk/I (gf180mcu_fd_sc_mcu7t5v0__clkbuf_16)
     2    0.049505    0.073381    0.162147    0.207714 ^ clkbuf_0_clk/Z (gf180mcu_fd_sc_mcu7t5v0__clkbuf_16)
                                                         clknet_0_clk (net)
                      0.073386    0.000959    0.208673 ^ clkbuf_1_0__f_clk/I (gf180mcu_fd_sc_mcu7t5v0__clkbuf_16)
     7    0.033164    0.064259    0.151454    0.360127 ^ clkbuf_1_0__f_clk/Z (gf180mcu_fd_sc_mcu7t5v0__clkbuf_16)
                                                         clknet_1_0__leaf_clk (net)
                      0.064260    0.000570    0.360696 ^ _221_/CLK (gf180mcu_fd_sc_mcu7t5v0__dffrnq_1)
                                  0.100000    0.460696   clock uncertainty
                                  0.000000    0.460696   clock reconvergence pessimism
                                  0.088290    0.548987   library hold time
                                              0.548987   data required time
---------------------------------------------------------------------------------------------
                                              0.548987   data required time
                                             -1.048425   data arrival time
---------------------------------------------------------------------------------------------
                                              0.499438   slack (MET)


Startpoint: _218_ (rising edge-triggered flip-flop clocked by clk)
Endpoint: _218_ (rising edge-triggered flip-flop clocked by clk)
Path Group: clk
Path Type: min

Fanout         Cap        Slew       Delay        Time   Description
---------------------------------------------------------------------------------------------
                                  0.000000    0.000000   clock clk (rise edge)
                                  0.000000    0.000000   clock source latency
     1    0.026654    0.092880    0.045568    0.045568 ^ clk (in)
                                                         clk (net)
                      0.092881    0.000000    0.045568 ^ clkbuf_0_clk/I (gf180mcu_fd_sc_mcu7t5v0__clkbuf_16)
     2    0.049505    0.073381    0.162147    0.207714 ^ clkbuf_0_clk/Z (gf180mcu_fd_sc_mcu7t5v0__clkbuf_16)
                                                         clknet_0_clk (net)
                      0.073386    0.000959    0.208673 ^ clkbuf_1_0__f_clk/I (gf180mcu_fd_sc_mcu7t5v0__clkbuf_16)
     7    0.033164    0.064259    0.151454    0.360127 ^ clkbuf_1_0__f_clk/Z (gf180mcu_fd_sc_mcu7t5v0__clkbuf_16)
                                                         clknet_1_0__leaf_clk (net)
                      0.064259    0.000349    0.360476 ^ _218_/CLK (gf180mcu_fd_sc_mcu7t5v0__dffrnq_1)
     3    0.015801    0.135331    0.479121    0.839597 v _218_/Q (gf180mcu_fd_sc_mcu7t5v0__dffrnq_1)
                                                         clk_scaler.counter[2] (net)
                      0.135334    0.000400    0.839997 v _158_/B (gf180mcu_fd_sc_mcu7t5v0__aoi21_1)
     1    0.004595    0.156254    0.127088    0.967085 ^ _158_/ZN (gf180mcu_fd_sc_mcu7t5v0__aoi21_1)
                                                         _077_ (net)
                      0.156254    0.000086    0.967171 ^ _160_/A2 (gf180mcu_fd_sc_mcu7t5v0__nor3_1)
     1    0.003563    0.112347    0.101754    1.068925 v _160_/ZN (gf180mcu_fd_sc_mcu7t5v0__nor3_1)
                                                         _004_ (net)
                      0.112347    0.000035    1.068960 v _218_/D (gf180mcu_fd_sc_mcu7t5v0__dffrnq_1)
                                              1.068960   data arrival time

                                  0.000000    0.000000   clock clk (rise edge)
                                  0.000000    0.000000   clock source latency
     1    0.026654    0.092880    0.045568    0.045568 ^ clk (in)
                                                         clk (net)
                      0.092881    0.000000    0.045568 ^ clkbuf_0_clk/I (gf180mcu_fd_sc_mcu7t5v0__clkbuf_16)
     2    0.049505    0.073381    0.162147    0.207714 ^ clkbuf_0_clk/Z (gf180mcu_fd_sc_mcu7t5v0__clkbuf_16)
                                                         clknet_0_clk (net)
                      0.073386    0.000959    0.208673 ^ clkbuf_1_0__f_clk/I (gf180mcu_fd_sc_mcu7t5v0__clkbuf_16)
     7    0.033164    0.064259    0.151454    0.360127 ^ clkbuf_1_0__f_clk/Z (gf180mcu_fd_sc_mcu7t5v0__clkbuf_16)
                                                         clknet_1_0__leaf_clk (net)
                      0.064259    0.000349    0.360476 ^ _218_/CLK (gf180mcu_fd_sc_mcu7t5v0__dffrnq_1)
                                  0.100000    0.460476   clock uncertainty
                                  0.000000    0.460476   clock reconvergence pessimism
                                  0.085578    0.546054   library hold time
                                              0.546054   data required time
---------------------------------------------------------------------------------------------
                                              0.546054   data required time
                                             -1.068960   data arrival time
---------------------------------------------------------------------------------------------
                                              0.522906   slack (MET)


Startpoint: _219_ (rising edge-triggered flip-flop clocked by clk)
Endpoint: _219_ (rising edge-triggered flip-flop clocked by clk)
Path Group: clk
Path Type: min

Fanout         Cap        Slew       Delay        Time   Description
---------------------------------------------------------------------------------------------
                                  0.000000    0.000000   clock clk (rise edge)
                                  0.000000    0.000000   clock source latency
     1    0.026654    0.092880    0.045568    0.045568 ^ clk (in)
                                                         clk (net)
                      0.092881    0.000000    0.045568 ^ clkbuf_0_clk/I (gf180mcu_fd_sc_mcu7t5v0__clkbuf_16)
     2    0.049505    0.073381    0.162147    0.207714 ^ clkbuf_0_clk/Z (gf180mcu_fd_sc_mcu7t5v0__clkbuf_16)
                                                         clknet_0_clk (net)
                      0.073386    0.000959    0.208673 ^ clkbuf_1_0__f_clk/I (gf180mcu_fd_sc_mcu7t5v0__clkbuf_16)
     7    0.033164    0.064259    0.151454    0.360127 ^ clkbuf_1_0__f_clk/Z (gf180mcu_fd_sc_mcu7t5v0__clkbuf_16)
                                                         clknet_1_0__leaf_clk (net)
                      0.064259    0.000354    0.360480 ^ _219_/CLK (gf180mcu_fd_sc_mcu7t5v0__dffrnq_1)
     3    0.015810    0.135401    0.479233    0.839713 v _219_/Q (gf180mcu_fd_sc_mcu7t5v0__dffrnq_1)
                                                         clk_scaler.counter[3] (net)
                      0.135403    0.000290    0.840003 v _161_/A1 (gf180mcu_fd_sc_mcu7t5v0__nor2_1)
     1    0.005073    0.164437    0.128377    0.968380 ^ _161_/ZN (gf180mcu_fd_sc_mcu7t5v0__nor2_1)
                                                         _079_ (net)
                      0.164437    0.000100    0.968480 ^ _163_/A2 (gf180mcu_fd_sc_mcu7t5v0__nor3_1)
     1    0.004109    0.117124    0.106915    1.075395 v _163_/ZN (gf180mcu_fd_sc_mcu7t5v0__nor3_1)
                                                         _005_ (net)
                      0.117124    0.000081    1.075476 v _219_/D (gf180mcu_fd_sc_mcu7t5v0__dffrnq_1)
                                              1.075476   data arrival time

                                  0.000000    0.000000   clock clk (rise edge)
                                  0.000000    0.000000   clock source latency
     1    0.026654    0.092880    0.045568    0.045568 ^ clk (in)
                                                         clk (net)
                      0.092881    0.000000    0.045568 ^ clkbuf_0_clk/I (gf180mcu_fd_sc_mcu7t5v0__clkbuf_16)
     2    0.049505    0.073381    0.162147    0.207714 ^ clkbuf_0_clk/Z (gf180mcu_fd_sc_mcu7t5v0__clkbuf_16)
                                                         clknet_0_clk (net)
                      0.073386    0.000959    0.208673 ^ clkbuf_1_0__f_clk/I (gf180mcu_fd_sc_mcu7t5v0__clkbuf_16)
     7    0.033164    0.064259    0.151454    0.360127 ^ clkbuf_1_0__f_clk/Z (gf180mcu_fd_sc_mcu7t5v0__clkbuf_16)
                                                         clknet_1_0__leaf_clk (net)
                      0.064259    0.000354    0.360480 ^ _219_/CLK (gf180mcu_fd_sc_mcu7t5v0__dffrnq_1)
                                  0.100000    0.460480   clock uncertainty
                                  0.000000    0.460480   clock reconvergence pessimism
                                  0.084698    0.545179   library hold time
                                              0.545179   data required time
---------------------------------------------------------------------------------------------
                                              0.545179   data required time
                                             -1.075476   data arrival time
---------------------------------------------------------------------------------------------
                                              0.530297   slack (MET)


Startpoint: _216_ (rising edge-triggered flip-flop clocked by clk)
Endpoint: _216_ (rising edge-triggered flip-flop clocked by clk)
Path Group: clk
Path Type: min

Fanout         Cap        Slew       Delay        Time   Description
---------------------------------------------------------------------------------------------
                                  0.000000    0.000000   clock clk (rise edge)
                                  0.000000    0.000000   clock source latency
     1    0.026654    0.092880    0.045568    0.045568 ^ clk (in)
                                                         clk (net)
                      0.092881    0.000000    0.045568 ^ clkbuf_0_clk/I (gf180mcu_fd_sc_mcu7t5v0__clkbuf_16)
     2    0.049505    0.073381    0.162147    0.207714 ^ clkbuf_0_clk/Z (gf180mcu_fd_sc_mcu7t5v0__clkbuf_16)
                                                         clknet_0_clk (net)
                      0.073386    0.000959    0.208673 ^ clkbuf_1_0__f_clk/I (gf180mcu_fd_sc_mcu7t5v0__clkbuf_16)
     7    0.033164    0.064259    0.151454    0.360127 ^ clkbuf_1_0__f_clk/Z (gf180mcu_fd_sc_mcu7t5v0__clkbuf_16)
                                                         clknet_1_0__leaf_clk (net)
                      0.064259    0.000506    0.360632 ^ _216_/CLK (gf180mcu_fd_sc_mcu7t5v0__dffrnq_1)
     4    0.024912    0.307059    0.664440    1.025072 ^ _216_/Q (gf180mcu_fd_sc_mcu7t5v0__dffrnq_1)
                                                         clk_scaler.counter[0] (net)
                      0.307059    0.000300    1.025372 ^ _155_/A1 (gf180mcu_fd_sc_mcu7t5v0__nor2_1)
     1    0.003728    0.116677    0.075563    1.100935 v _155_/ZN (gf180mcu_fd_sc_mcu7t5v0__nor2_1)
                                                         _000_ (net)
                      0.116677    0.000068    1.101003 v _216_/D (gf180mcu_fd_sc_mcu7t5v0__dffrnq_1)
                                              1.101003   data arrival time

                                  0.000000    0.000000   clock clk (rise edge)
                                  0.000000    0.000000   clock source latency
     1    0.026654    0.092880    0.045568    0.045568 ^ clk (in)
                                                         clk (net)
                      0.092881    0.000000    0.045568 ^ clkbuf_0_clk/I (gf180mcu_fd_sc_mcu7t5v0__clkbuf_16)
     2    0.049505    0.073381    0.162147    0.207714 ^ clkbuf_0_clk/Z (gf180mcu_fd_sc_mcu7t5v0__clkbuf_16)
                                                         clknet_0_clk (net)
                      0.073386    0.000959    0.208673 ^ clkbuf_1_0__f_clk/I (gf180mcu_fd_sc_mcu7t5v0__clkbuf_16)
     7    0.033164    0.064259    0.151454    0.360127 ^ clkbuf_1_0__f_clk/Z (gf180mcu_fd_sc_mcu7t5v0__clkbuf_16)
                                                         clknet_1_0__leaf_clk (net)
                      0.064259    0.000506    0.360632 ^ _216_/CLK (gf180mcu_fd_sc_mcu7t5v0__dffrnq_1)
                                  0.100000    0.460632   clock uncertainty
                                  0.000000    0.460632   clock reconvergence pessimism
                                  0.084781    0.545413   library hold time
                                              0.545413   data required time
---------------------------------------------------------------------------------------------
                                              0.545413   data required time
                                             -1.101003   data arrival time
---------------------------------------------------------------------------------------------
                                              0.555590   slack (MET)


Startpoint: _220_ (rising edge-triggered flip-flop clocked by clk)
Endpoint: _220_ (rising edge-triggered flip-flop clocked by clk)
Path Group: clk
Path Type: min

Fanout         Cap        Slew       Delay        Time   Description
---------------------------------------------------------------------------------------------
                                  0.000000    0.000000   clock clk (rise edge)
                                  0.000000    0.000000   clock source latency
     1    0.026654    0.092880    0.045568    0.045568 ^ clk (in)
                                                         clk (net)
                      0.092881    0.000000    0.045568 ^ clkbuf_0_clk/I (gf180mcu_fd_sc_mcu7t5v0__clkbuf_16)
     2    0.049505    0.073381    0.162147    0.207714 ^ clkbuf_0_clk/Z (gf180mcu_fd_sc_mcu7t5v0__clkbuf_16)
                                                         clknet_0_clk (net)
                      0.073386    0.000959    0.208673 ^ clkbuf_1_0__f_clk/I (gf180mcu_fd_sc_mcu7t5v0__clkbuf_16)
     7    0.033164    0.064259    0.151454    0.360127 ^ clkbuf_1_0__f_clk/Z (gf180mcu_fd_sc_mcu7t5v0__clkbuf_16)
                                                         clknet_1_0__leaf_clk (net)
                      0.064260    0.000557    0.360684 ^ _220_/CLK (gf180mcu_fd_sc_mcu7t5v0__dffrnq_1)
     3    0.018964    0.153474    0.493307    0.853991 v _220_/Q (gf180mcu_fd_sc_mcu7t5v0__dffrnq_1)
                                                         clk_scaler.counter[4] (net)
                      0.153474    0.000142    0.854133 v _164_/A1 (gf180mcu_fd_sc_mcu7t5v0__xnor2_1)
     1    0.005655    0.187114    0.170305    1.024437 ^ _164_/ZN (gf180mcu_fd_sc_mcu7t5v0__xnor2_1)
                                                         _081_ (net)
                      0.187114    0.000113    1.024551 ^ _165_/A2 (gf180mcu_fd_sc_mcu7t5v0__nor2_1)
     1    0.003801    0.101519    0.090383    1.114933 v _165_/ZN (gf180mcu_fd_sc_mcu7t5v0__nor2_1)
                                                         _006_ (net)
                      0.101519    0.000038    1.114971 v _220_/D (gf180mcu_fd_sc_mcu7t5v0__dffrnq_1)
                                              1.114971   data arrival time

                                  0.000000    0.000000   clock clk (rise edge)
                                  0.000000    0.000000   clock source latency
     1    0.026654    0.092880    0.045568    0.045568 ^ clk (in)
                                                         clk (net)
                      0.092881    0.000000    0.045568 ^ clkbuf_0_clk/I (gf180mcu_fd_sc_mcu7t5v0__clkbuf_16)
     2    0.049505    0.073381    0.162147    0.207714 ^ clkbuf_0_clk/Z (gf180mcu_fd_sc_mcu7t5v0__clkbuf_16)
                                                         clknet_0_clk (net)
                      0.073386    0.000959    0.208673 ^ clkbuf_1_0__f_clk/I (gf180mcu_fd_sc_mcu7t5v0__clkbuf_16)
     7    0.033164    0.064259    0.151454    0.360127 ^ clkbuf_1_0__f_clk/Z (gf180mcu_fd_sc_mcu7t5v0__clkbuf_16)
                                                         clknet_1_0__leaf_clk (net)
                      0.064260    0.000557    0.360684 ^ _220_/CLK (gf180mcu_fd_sc_mcu7t5v0__dffrnq_1)
                                  0.100000    0.460684   clock uncertainty
                                  0.000000    0.460684   clock reconvergence pessimism
                                  0.087571    0.548255   library hold time
                                              0.548255   data required time
---------------------------------------------------------------------------------------------
                                              0.548255   data required time
                                             -1.114971   data arrival time
---------------------------------------------------------------------------------------------
                                              0.566716   slack (MET)


Startpoint: _216_ (rising edge-triggered flip-flop clocked by clk)
Endpoint: _217_ (rising edge-triggered flip-flop clocked by clk)
Path Group: clk
Path Type: min

Fanout         Cap        Slew       Delay        Time   Description
---------------------------------------------------------------------------------------------
                                  0.000000    0.000000   clock clk (rise edge)
                                  0.000000    0.000000   clock source latency
     1    0.026654    0.092880    0.045568    0.045568 ^ clk (in)
                                                         clk (net)
                      0.092881    0.000000    0.045568 ^ clkbuf_0_clk/I (gf180mcu_fd_sc_mcu7t5v0__clkbuf_16)
     2    0.049505    0.073381    0.162147    0.207714 ^ clkbuf_0_clk/Z (gf180mcu_fd_sc_mcu7t5v0__clkbuf_16)
                                                         clknet_0_clk (net)
                      0.073386    0.000959    0.208673 ^ clkbuf_1_0__f_clk/I (gf180mcu_fd_sc_mcu7t5v0__clkbuf_16)
     7    0.033164    0.064259    0.151454    0.360127 ^ clkbuf_1_0__f_clk/Z (gf180mcu_fd_sc_mcu7t5v0__clkbuf_16)
                                                         clknet_1_0__leaf_clk (net)
                      0.064259    0.000506    0.360632 ^ _216_/CLK (gf180mcu_fd_sc_mcu7t5v0__dffrnq_1)
     4    0.024912    0.188789    0.517562    0.878194 v _216_/Q (gf180mcu_fd_sc_mcu7t5v0__dffrnq_1)
                                                         clk_scaler.counter[0] (net)
                      0.188790    0.000324    0.878518 v _156_/A2 (gf180mcu_fd_sc_mcu7t5v0__xnor2_1)
     1    0.006222    0.191467    0.188921    1.067439 ^ _156_/ZN (gf180mcu_fd_sc_mcu7t5v0__xnor2_1)
                                                         _076_ (net)
                      0.191467    0.000130    1.067569 ^ _157_/A2 (gf180mcu_fd_sc_mcu7t5v0__nor2_1)
     1    0.004429    0.106762    0.095448    1.163017 v _157_/ZN (gf180mcu_fd_sc_mcu7t5v0__nor2_1)
                                                         _003_ (net)
                      0.106762    0.000050    1.163067 v _217_/D (gf180mcu_fd_sc_mcu7t5v0__dffrnq_1)
                                              1.163067   data arrival time

                                  0.000000    0.000000   clock clk (rise edge)
                                  0.000000    0.000000   clock source latency
     1    0.026654    0.092880    0.045568    0.045568 ^ clk (in)
                                                         clk (net)
                      0.092881    0.000000    0.045568 ^ clkbuf_0_clk/I (gf180mcu_fd_sc_mcu7t5v0__clkbuf_16)
     2    0.049505    0.073381    0.162147    0.207714 ^ clkbuf_0_clk/Z (gf180mcu_fd_sc_mcu7t5v0__clkbuf_16)
                                                         clknet_0_clk (net)
                      0.073386    0.000959    0.208673 ^ clkbuf_1_0__f_clk/I (gf180mcu_fd_sc_mcu7t5v0__clkbuf_16)
     7    0.033164    0.064259    0.151454    0.360127 ^ clkbuf_1_0__f_clk/Z (gf180mcu_fd_sc_mcu7t5v0__clkbuf_16)
                                                         clknet_1_0__leaf_clk (net)
                      0.064260    0.000548    0.360675 ^ _217_/CLK (gf180mcu_fd_sc_mcu7t5v0__dffrnq_1)
                                  0.100000    0.460675   clock uncertainty
                                  0.000000    0.460675   clock reconvergence pessimism
                                  0.086606    0.547280   library hold time
                                              0.547280   data required time
---------------------------------------------------------------------------------------------
                                              0.547280   data required time
                                             -1.163067   data arrival time
---------------------------------------------------------------------------------------------
                                              0.615786   slack (MET)


Startpoint: _223_ (rising edge-triggered flip-flop clocked by clk)
Endpoint: _247_ (rising edge-triggered flip-flop clocked by clk)
Path Group: clk
Path Type: min

Fanout         Cap        Slew       Delay        Time   Description
---------------------------------------------------------------------------------------------
                                  0.000000    0.000000   clock clk (rise edge)
                                  0.000000    0.000000   clock source latency
     1    0.026654    0.092880    0.045568    0.045568 ^ clk (in)
                                                         clk (net)
                      0.092881    0.000000    0.045568 ^ clkbuf_0_clk/I (gf180mcu_fd_sc_mcu7t5v0__clkbuf_16)
     2    0.049505    0.073381    0.162147    0.207714 ^ clkbuf_0_clk/Z (gf180mcu_fd_sc_mcu7t5v0__clkbuf_16)
                                                         clknet_0_clk (net)
                      0.073385    0.000935    0.208649 ^ clkbuf_1_1__f_clk/I (gf180mcu_fd_sc_mcu7t5v0__clkbuf_16)
     7    0.031370    0.063246    0.150670    0.359319 ^ clkbuf_1_1__f_clk/Z (gf180mcu_fd_sc_mcu7t5v0__clkbuf_16)
                                                         clknet_1_1__leaf_clk (net)
                      0.063248    0.000743    0.360061 ^ _223_/CLK (gf180mcu_fd_sc_mcu7t5v0__dffrnq_1)
     1    0.005102    0.111481    0.535895    0.895956 ^ _223_/Q (gf180mcu_fd_sc_mcu7t5v0__dffrnq_1)
                                                         clk_scaler.counter[7] (net)
                      0.111481    0.000053    0.896009 ^ _150_/A1 (gf180mcu_fd_sc_mcu7t5v0__nor2_1)
     1    0.010466    0.122743    0.105783    1.001792 v _150_/ZN (gf180mcu_fd_sc_mcu7t5v0__nor2_1)
                                                         _071_ (net)
                      0.122743    0.000127    1.001919 v _152_/B (gf180mcu_fd_sc_mcu7t5v0__oai211_2)
     3    0.016723    0.227088    0.173567    1.175486 ^ _152_/ZN (gf180mcu_fd_sc_mcu7t5v0__oai211_2)
                                                         _073_ (net)
                      0.227088    0.000200    1.175685 ^ _203_/A2 (gf180mcu_fd_sc_mcu7t5v0__aoi21_1)
     1    0.003541    0.097237    0.069637    1.245322 v _203_/ZN (gf180mcu_fd_sc_mcu7t5v0__aoi21_1)
                                                         _044_ (net)
                      0.097237    0.000065    1.245387 v _247_/D (gf180mcu_fd_sc_mcu7t5v0__dffrnq_1)
                                              1.245387   data arrival time

                                  0.000000    0.000000   clock clk (rise edge)
                                  0.000000    0.000000   clock source latency
     1    0.026654    0.092880    0.045568    0.045568 ^ clk (in)
                                                         clk (net)
                      0.092881    0.000000    0.045568 ^ clkbuf_0_clk/I (gf180mcu_fd_sc_mcu7t5v0__clkbuf_16)
     2    0.049505    0.073381    0.162147    0.207714 ^ clkbuf_0_clk/Z (gf180mcu_fd_sc_mcu7t5v0__clkbuf_16)
                                                         clknet_0_clk (net)
                      0.073385    0.000935    0.208649 ^ clkbuf_1_1__f_clk/I (gf180mcu_fd_sc_mcu7t5v0__clkbuf_16)
     7    0.031370    0.063246    0.150670    0.359319 ^ clkbuf_1_1__f_clk/Z (gf180mcu_fd_sc_mcu7t5v0__clkbuf_16)
                                                         clknet_1_1__leaf_clk (net)
                      0.063246    0.000386    0.359705 ^ _247_/CLK (gf180mcu_fd_sc_mcu7t5v0__dffrnq_1)
                                  0.100000    0.459705   clock uncertainty
                                  0.000000    0.459705   clock reconvergence pessimism
                                  0.088202    0.547907   library hold time
                                              0.547907   data required time
---------------------------------------------------------------------------------------------
                                              0.547907   data required time
                                             -1.245387   data arrival time
---------------------------------------------------------------------------------------------
                                              0.697480   slack (MET)


Startpoint: rst_n (input port clocked by clk)
Endpoint: _247_ (removal check against rising-edge clock clk)
Path Group: asynchronous
Path Type: min

Fanout         Cap        Slew       Delay        Time   Description
---------------------------------------------------------------------------------------------
                                  0.000000    0.000000   clock clk (rise edge)
                                  0.000000    0.000000   clock network delay (propagated)
                                  4.000000    4.000000 ^ input external delay
     1    0.004178    0.075468    0.028135    4.028135 ^ rst_n (in)
                                                         rst_n (net)
                      0.075468    0.000000    4.028135 ^ input2/I (gf180mcu_fd_sc_mcu7t5v0__clkbuf_2)
     4    0.044723    0.260296    0.270662    4.298797 ^ input2/Z (gf180mcu_fd_sc_mcu7t5v0__clkbuf_2)
                                                         net2 (net)
                      0.260335    0.001763    4.300560 ^ _247_/RN (gf180mcu_fd_sc_mcu7t5v0__dffrnq_1)
                                              4.300560   data arrival time

                                  0.000000    0.000000   clock clk (rise edge)
                                  0.000000    0.000000   clock source latency
     1    0.026654    0.092880    0.045568    0.045568 ^ clk (in)
                                                         clk (net)
                      0.092881    0.000000    0.045568 ^ clkbuf_0_clk/I (gf180mcu_fd_sc_mcu7t5v0__clkbuf_16)
     2    0.049505    0.073381    0.162147    0.207714 ^ clkbuf_0_clk/Z (gf180mcu_fd_sc_mcu7t5v0__clkbuf_16)
                                                         clknet_0_clk (net)
                      0.073385    0.000935    0.208649 ^ clkbuf_1_1__f_clk/I (gf180mcu_fd_sc_mcu7t5v0__clkbuf_16)
     7    0.031370    0.063246    0.150670    0.359319 ^ clkbuf_1_1__f_clk/Z (gf180mcu_fd_sc_mcu7t5v0__clkbuf_16)
                                                         clknet_1_1__leaf_clk (net)
                      0.063246    0.000386    0.359705 ^ _247_/CLK (gf180mcu_fd_sc_mcu7t5v0__dffrnq_1)
                                  0.100000    0.459705   clock uncertainty
                                  0.000000    0.459705   clock reconvergence pessimism
                                  0.225717    0.685422   library removal time
                                              0.685422   data required time
---------------------------------------------------------------------------------------------
                                              0.685422   data required time
                                             -4.300560   data arrival time
---------------------------------------------------------------------------------------------
                                              3.615138   slack (MET)


Startpoint: rst_n (input port clocked by clk)
Endpoint: _216_ (removal check against rising-edge clock clk)
Path Group: asynchronous
Path Type: min

Fanout         Cap        Slew       Delay        Time   Description
---------------------------------------------------------------------------------------------
                                  0.000000    0.000000   clock clk (rise edge)
                                  0.000000    0.000000   clock network delay (propagated)
                                  4.000000    4.000000 ^ input external delay
     1    0.004178    0.075468    0.028135    4.028135 ^ rst_n (in)
                                                         rst_n (net)
                      0.075468    0.000000    4.028135 ^ input2/I (gf180mcu_fd_sc_mcu7t5v0__clkbuf_2)
     4    0.044723    0.260296    0.270662    4.298797 ^ input2/Z (gf180mcu_fd_sc_mcu7t5v0__clkbuf_2)
                                                         net2 (net)
                      0.260327    0.001567    4.300363 ^ fanout15/I (gf180mcu_fd_sc_mcu7t5v0__clkbuf_4)
    10    0.084592    0.247364    0.316823    4.617187 ^ fanout15/Z (gf180mcu_fd_sc_mcu7t5v0__clkbuf_4)
                                                         net15 (net)
                      0.247469    0.002722    4.619909 ^ _216_/RN (gf180mcu_fd_sc_mcu7t5v0__dffrnq_1)
                                              4.619909   data arrival time

                                  0.000000    0.000000   clock clk (rise edge)
                                  0.000000    0.000000   clock source latency
     1    0.026654    0.092880    0.045568    0.045568 ^ clk (in)
                                                         clk (net)
                      0.092881    0.000000    0.045568 ^ clkbuf_0_clk/I (gf180mcu_fd_sc_mcu7t5v0__clkbuf_16)
     2    0.049505    0.073381    0.162147    0.207714 ^ clkbuf_0_clk/Z (gf180mcu_fd_sc_mcu7t5v0__clkbuf_16)
                                                         clknet_0_clk (net)
                      0.073386    0.000959    0.208673 ^ clkbuf_1_0__f_clk/I (gf180mcu_fd_sc_mcu7t5v0__clkbuf_16)
     7    0.033164    0.064259    0.151454    0.360127 ^ clkbuf_1_0__f_clk/Z (gf180mcu_fd_sc_mcu7t5v0__clkbuf_16)
                                                         clknet_1_0__leaf_clk (net)
                      0.064259    0.000506    0.360632 ^ _216_/CLK (gf180mcu_fd_sc_mcu7t5v0__dffrnq_1)
                                  0.100000    0.460632   clock uncertainty
                                  0.000000    0.460632   clock reconvergence pessimism
                                  0.225153    0.685785   library removal time
                                              0.685785   data required time
---------------------------------------------------------------------------------------------
                                              0.685785   data required time
                                             -4.619909   data arrival time
---------------------------------------------------------------------------------------------
                                              3.934123   slack (MET)


Startpoint: rst_n (input port clocked by clk)
Endpoint: _217_ (removal check against rising-edge clock clk)
Path Group: asynchronous
Path Type: min

Fanout         Cap        Slew       Delay        Time   Description
---------------------------------------------------------------------------------------------
                                  0.000000    0.000000   clock clk (rise edge)
                                  0.000000    0.000000   clock network delay (propagated)
                                  4.000000    4.000000 ^ input external delay
     1    0.004178    0.075468    0.028135    4.028135 ^ rst_n (in)
                                                         rst_n (net)
                      0.075468    0.000000    4.028135 ^ input2/I (gf180mcu_fd_sc_mcu7t5v0__clkbuf_2)
     4    0.044723    0.260296    0.270662    4.298797 ^ input2/Z (gf180mcu_fd_sc_mcu7t5v0__clkbuf_2)
                                                         net2 (net)
                      0.260327    0.001567    4.300363 ^ fanout15/I (gf180mcu_fd_sc_mcu7t5v0__clkbuf_4)
    10    0.084592    0.247364    0.316823    4.617187 ^ fanout15/Z (gf180mcu_fd_sc_mcu7t5v0__clkbuf_4)
                                                         net15 (net)
                      0.247505    0.003203    4.620389 ^ _217_/RN (gf180mcu_fd_sc_mcu7t5v0__dffrnq_1)
                                              4.620389   data arrival time

                                  0.000000    0.000000   clock clk (rise edge)
                                  0.000000    0.000000   clock source latency
     1    0.026654    0.092880    0.045568    0.045568 ^ clk (in)
                                                         clk (net)
                      0.092881    0.000000    0.045568 ^ clkbuf_0_clk/I (gf180mcu_fd_sc_mcu7t5v0__clkbuf_16)
     2    0.049505    0.073381    0.162147    0.207714 ^ clkbuf_0_clk/Z (gf180mcu_fd_sc_mcu7t5v0__clkbuf_16)
                                                         clknet_0_clk (net)
                      0.073386    0.000959    0.208673 ^ clkbuf_1_0__f_clk/I (gf180mcu_fd_sc_mcu7t5v0__clkbuf_16)
     7    0.033164    0.064259    0.151454    0.360127 ^ clkbuf_1_0__f_clk/Z (gf180mcu_fd_sc_mcu7t5v0__clkbuf_16)
                                                         clknet_1_0__leaf_clk (net)
                      0.064260    0.000548    0.360675 ^ _217_/CLK (gf180mcu_fd_sc_mcu7t5v0__dffrnq_1)
                                  0.100000    0.460675   clock uncertainty
                                  0.000000    0.460675   clock reconvergence pessimism
                                  0.225155    0.685830   library removal time
                                              0.685830   data required time
---------------------------------------------------------------------------------------------
                                              0.685830   data required time
                                             -4.620389   data arrival time
---------------------------------------------------------------------------------------------
                                              3.934560   slack (MET)


Startpoint: rst_n (input port clocked by clk)
Endpoint: _220_ (removal check against rising-edge clock clk)
Path Group: asynchronous
Path Type: min

Fanout         Cap        Slew       Delay        Time   Description
---------------------------------------------------------------------------------------------
                                  0.000000    0.000000   clock clk (rise edge)
                                  0.000000    0.000000   clock network delay (propagated)
                                  4.000000    4.000000 ^ input external delay
     1    0.004178    0.075468    0.028135    4.028135 ^ rst_n (in)
                                                         rst_n (net)
                      0.075468    0.000000    4.028135 ^ input2/I (gf180mcu_fd_sc_mcu7t5v0__clkbuf_2)
     4    0.044723    0.260296    0.270662    4.298797 ^ input2/Z (gf180mcu_fd_sc_mcu7t5v0__clkbuf_2)
                                                         net2 (net)
                      0.260327    0.001567    4.300363 ^ fanout15/I (gf180mcu_fd_sc_mcu7t5v0__clkbuf_4)
    10    0.084592    0.247364    0.316823    4.617187 ^ fanout15/Z (gf180mcu_fd_sc_mcu7t5v0__clkbuf_4)
                                                         net15 (net)
                      0.247512    0.003297    4.620484 ^ _220_/RN (gf180mcu_fd_sc_mcu7t5v0__dffrnq_1)
                                              4.620484   data arrival time

                                  0.000000    0.000000   clock clk (rise edge)
                                  0.000000    0.000000   clock source latency
     1    0.026654    0.092880    0.045568    0.045568 ^ clk (in)
                                                         clk (net)
                      0.092881    0.000000    0.045568 ^ clkbuf_0_clk/I (gf180mcu_fd_sc_mcu7t5v0__clkbuf_16)
     2    0.049505    0.073381    0.162147    0.207714 ^ clkbuf_0_clk/Z (gf180mcu_fd_sc_mcu7t5v0__clkbuf_16)
                                                         clknet_0_clk (net)
                      0.073386    0.000959    0.208673 ^ clkbuf_1_0__f_clk/I (gf180mcu_fd_sc_mcu7t5v0__clkbuf_16)
     7    0.033164    0.064259    0.151454    0.360127 ^ clkbuf_1_0__f_clk/Z (gf180mcu_fd_sc_mcu7t5v0__clkbuf_16)
                                                         clknet_1_0__leaf_clk (net)
                      0.064260    0.000557    0.360684 ^ _220_/CLK (gf180mcu_fd_sc_mcu7t5v0__dffrnq_1)
                                  0.100000    0.460684   clock uncertainty
                                  0.000000    0.460684   clock reconvergence pessimism
                                  0.225155    0.685840   library removal time
                                              0.685840   data required time
---------------------------------------------------------------------------------------------
                                              0.685840   data required time
                                             -4.620484   data arrival time
---------------------------------------------------------------------------------------------
                                              3.934644   slack (MET)


Startpoint: rst_n (input port clocked by clk)
Endpoint: _221_ (removal check against rising-edge clock clk)
Path Group: asynchronous
Path Type: min

Fanout         Cap        Slew       Delay        Time   Description
---------------------------------------------------------------------------------------------
                                  0.000000    0.000000   clock clk (rise edge)
                                  0.000000    0.000000   clock network delay (propagated)
                                  4.000000    4.000000 ^ input external delay
     1    0.004178    0.075468    0.028135    4.028135 ^ rst_n (in)
                                                         rst_n (net)
                      0.075468    0.000000    4.028135 ^ input2/I (gf180mcu_fd_sc_mcu7t5v0__clkbuf_2)
     4    0.044723    0.260296    0.270662    4.298797 ^ input2/Z (gf180mcu_fd_sc_mcu7t5v0__clkbuf_2)
                                                         net2 (net)
                      0.260327    0.001567    4.300363 ^ fanout15/I (gf180mcu_fd_sc_mcu7t5v0__clkbuf_4)
    10    0.084592    0.247364    0.316823    4.617187 ^ fanout15/Z (gf180mcu_fd_sc_mcu7t5v0__clkbuf_4)
                                                         net15 (net)
                      0.247553    0.003803    4.620990 ^ _221_/RN (gf180mcu_fd_sc_mcu7t5v0__dffrnq_1)
                                              4.620990   data arrival time

                                  0.000000    0.000000   clock clk (rise edge)
                                  0.000000    0.000000   clock source latency
     1    0.026654    0.092880    0.045568    0.045568 ^ clk (in)
                                                         clk (net)
                      0.092881    0.000000    0.045568 ^ clkbuf_0_clk/I (gf180mcu_fd_sc_mcu7t5v0__clkbuf_16)
     2    0.049505    0.073381    0.162147    0.207714 ^ clkbuf_0_clk/Z (gf180mcu_fd_sc_mcu7t5v0__clkbuf_16)
                                                         clknet_0_clk (net)
                      0.073386    0.000959    0.208673 ^ clkbuf_1_0__f_clk/I (gf180mcu_fd_sc_mcu7t5v0__clkbuf_16)
     7    0.033164    0.064259    0.151454    0.360127 ^ clkbuf_1_0__f_clk/Z (gf180mcu_fd_sc_mcu7t5v0__clkbuf_16)
                                                         clknet_1_0__leaf_clk (net)
                      0.064260    0.000570    0.360696 ^ _221_/CLK (gf180mcu_fd_sc_mcu7t5v0__dffrnq_1)
                                  0.100000    0.460696   clock uncertainty
                                  0.000000    0.460696   clock reconvergence pessimism
                                  0.225158    0.685854   library removal time
                                              0.685854   data required time
---------------------------------------------------------------------------------------------
                                              0.685854   data required time
                                             -4.620990   data arrival time
---------------------------------------------------------------------------------------------
                                              3.935136   slack (MET)


Startpoint: rst_n (input port clocked by clk)
Endpoint: _223_ (removal check against rising-edge clock clk)
Path Group: asynchronous
Path Type: min

Fanout         Cap        Slew       Delay        Time   Description
---------------------------------------------------------------------------------------------
                                  0.000000    0.000000   clock clk (rise edge)
                                  0.000000    0.000000   clock network delay (propagated)
                                  4.000000    4.000000 ^ input external delay
     1    0.004178    0.075468    0.028135    4.028135 ^ rst_n (in)
                                                         rst_n (net)
                      0.075468    0.000000    4.028135 ^ input2/I (gf180mcu_fd_sc_mcu7t5v0__clkbuf_2)
     4    0.044723    0.260296    0.270662    4.298797 ^ input2/Z (gf180mcu_fd_sc_mcu7t5v0__clkbuf_2)
                                                         net2 (net)
                      0.260327    0.001567    4.300363 ^ fanout15/I (gf180mcu_fd_sc_mcu7t5v0__clkbuf_4)
    10    0.084592    0.247364    0.316823    4.617187 ^ fanout15/Z (gf180mcu_fd_sc_mcu7t5v0__clkbuf_4)
                                                         net15 (net)
                      0.247562    0.003904    4.621090 ^ _223_/RN (gf180mcu_fd_sc_mcu7t5v0__dffrnq_1)
                                              4.621090   data arrival time

                                  0.000000    0.000000   clock clk (rise edge)
                                  0.000000    0.000000   clock source latency
     1    0.026654    0.092880    0.045568    0.045568 ^ clk (in)
                                                         clk (net)
                      0.092881    0.000000    0.045568 ^ clkbuf_0_clk/I (gf180mcu_fd_sc_mcu7t5v0__clkbuf_16)
     2    0.049505    0.073381    0.162147    0.207714 ^ clkbuf_0_clk/Z (gf180mcu_fd_sc_mcu7t5v0__clkbuf_16)
                                                         clknet_0_clk (net)
                      0.073385    0.000935    0.208649 ^ clkbuf_1_1__f_clk/I (gf180mcu_fd_sc_mcu7t5v0__clkbuf_16)
     7    0.031370    0.063246    0.150670    0.359319 ^ clkbuf_1_1__f_clk/Z (gf180mcu_fd_sc_mcu7t5v0__clkbuf_16)
                                                         clknet_1_1__leaf_clk (net)
                      0.063248    0.000743    0.360061 ^ _223_/CLK (gf180mcu_fd_sc_mcu7t5v0__dffrnq_1)
                                  0.100000    0.460061   clock uncertainty
                                  0.000000    0.460061   clock reconvergence pessimism
                                  0.225047    0.685109   library removal time
                                              0.685109   data required time
---------------------------------------------------------------------------------------------
                                              0.685109   data required time
                                             -4.621090   data arrival time
---------------------------------------------------------------------------------------------
                                              3.935982   slack (MET)


Startpoint: rst_n (input port clocked by clk)
Endpoint: _227_ (removal check against rising-edge clock clk)
Path Group: asynchronous
Path Type: min

Fanout         Cap        Slew       Delay        Time   Description
---------------------------------------------------------------------------------------------
                                  0.000000    0.000000   clock clk (rise edge)
                                  0.000000    0.000000   clock network delay (propagated)
                                  4.000000    4.000000 ^ input external delay
     1    0.004178    0.075468    0.028135    4.028135 ^ rst_n (in)
                                                         rst_n (net)
                      0.075468    0.000000    4.028135 ^ input2/I (gf180mcu_fd_sc_mcu7t5v0__clkbuf_2)
     4    0.044723    0.260296    0.270662    4.298797 ^ input2/Z (gf180mcu_fd_sc_mcu7t5v0__clkbuf_2)
                                                         net2 (net)
                      0.260327    0.001567    4.300363 ^ fanout15/I (gf180mcu_fd_sc_mcu7t5v0__clkbuf_4)
    10    0.084592    0.247364    0.316823    4.617187 ^ fanout15/Z (gf180mcu_fd_sc_mcu7t5v0__clkbuf_4)
                                                         net15 (net)
                      0.247568    0.003978    4.621164 ^ _227_/RN (gf180mcu_fd_sc_mcu7t5v0__dffrnq_1)
                                              4.621164   data arrival time

                                  0.000000    0.000000   clock clk (rise edge)
                                  0.000000    0.000000   clock source latency
     1    0.026654    0.092880    0.045568    0.045568 ^ clk (in)
                                                         clk (net)
                      0.092881    0.000000    0.045568 ^ clkbuf_0_clk/I (gf180mcu_fd_sc_mcu7t5v0__clkbuf_16)
     2    0.049505    0.073381    0.162147    0.207714 ^ clkbuf_0_clk/Z (gf180mcu_fd_sc_mcu7t5v0__clkbuf_16)
                                                         clknet_0_clk (net)
                      0.073385    0.000935    0.208649 ^ clkbuf_1_1__f_clk/I (gf180mcu_fd_sc_mcu7t5v0__clkbuf_16)
     7    0.031370    0.063246    0.150670    0.359319 ^ clkbuf_1_1__f_clk/Z (gf180mcu_fd_sc_mcu7t5v0__clkbuf_16)
                                                         clknet_1_1__leaf_clk (net)
                      0.063248    0.000740    0.360059 ^ _227_/CLK (gf180mcu_fd_sc_mcu7t5v0__dffrnq_1)
                                  0.100000    0.460059   clock uncertainty
                                  0.000000    0.460059   clock reconvergence pessimism
                                  0.225048    0.685106   library removal time
                                              0.685106   data required time
---------------------------------------------------------------------------------------------
                                              0.685106   data required time
                                             -4.621164   data arrival time
---------------------------------------------------------------------------------------------
                                              3.936058   slack (MET)


Startpoint: rst_n (input port clocked by clk)
Endpoint: _222_ (removal check against rising-edge clock clk)
Path Group: asynchronous
Path Type: min

Fanout         Cap        Slew       Delay        Time   Description
---------------------------------------------------------------------------------------------
                                  0.000000    0.000000   clock clk (rise edge)
                                  0.000000    0.000000   clock network delay (propagated)
                                  4.000000    4.000000 ^ input external delay
     1    0.004178    0.075468    0.028135    4.028135 ^ rst_n (in)
                                                         rst_n (net)
                      0.075468    0.000000    4.028135 ^ input2/I (gf180mcu_fd_sc_mcu7t5v0__clkbuf_2)
     4    0.044723    0.260296    0.270662    4.298797 ^ input2/Z (gf180mcu_fd_sc_mcu7t5v0__clkbuf_2)
                                                         net2 (net)
                      0.260327    0.001567    4.300363 ^ fanout15/I (gf180mcu_fd_sc_mcu7t5v0__clkbuf_4)
    10    0.084592    0.247364    0.316823    4.617187 ^ fanout15/Z (gf180mcu_fd_sc_mcu7t5v0__clkbuf_4)
                                                         net15 (net)
                      0.247576    0.004068    4.621255 ^ _222_/RN (gf180mcu_fd_sc_mcu7t5v0__dffrnq_1)
                                              4.621255   data arrival time

                                  0.000000    0.000000   clock clk (rise edge)
                                  0.000000    0.000000   clock source latency
     1    0.026654    0.092880    0.045568    0.045568 ^ clk (in)
                                                         clk (net)
                      0.092881    0.000000    0.045568 ^ clkbuf_0_clk/I (gf180mcu_fd_sc_mcu7t5v0__clkbuf_16)
     2    0.049505    0.073381    0.162147    0.207714 ^ clkbuf_0_clk/Z (gf180mcu_fd_sc_mcu7t5v0__clkbuf_16)
                                                         clknet_0_clk (net)
                      0.073385    0.000935    0.208649 ^ clkbuf_1_1__f_clk/I (gf180mcu_fd_sc_mcu7t5v0__clkbuf_16)
     7    0.031370    0.063246    0.150670    0.359319 ^ clkbuf_1_1__f_clk/Z (gf180mcu_fd_sc_mcu7t5v0__clkbuf_16)
                                                         clknet_1_1__leaf_clk (net)
                      0.063248    0.000710    0.360029 ^ _222_/CLK (gf180mcu_fd_sc_mcu7t5v0__dffrnq_1)
                                  0.100000    0.460029   clock uncertainty
                                  0.000000    0.460029   clock reconvergence pessimism
                                  0.225048    0.685077   library removal time
                                              0.685077   data required time
---------------------------------------------------------------------------------------------
                                              0.685077   data required time
                                             -4.621255   data arrival time
---------------------------------------------------------------------------------------------
                                              3.936178   slack (MET)


Startpoint: rst_n (input port clocked by clk)
Endpoint: _226_ (removal check against rising-edge clock clk)
Path Group: asynchronous
Path Type: min

Fanout         Cap        Slew       Delay        Time   Description
---------------------------------------------------------------------------------------------
                                  0.000000    0.000000   clock clk (rise edge)
                                  0.000000    0.000000   clock network delay (propagated)
                                  4.000000    4.000000 ^ input external delay
     1    0.004178    0.075468    0.028135    4.028135 ^ rst_n (in)
                                                         rst_n (net)
                      0.075468    0.000000    4.028135 ^ input2/I (gf180mcu_fd_sc_mcu7t5v0__clkbuf_2)
     4    0.044723    0.260296    0.270662    4.298797 ^ input2/Z (gf180mcu_fd_sc_mcu7t5v0__clkbuf_2)
                                                         net2 (net)
                      0.260327    0.001567    4.300363 ^ fanout15/I (gf180mcu_fd_sc_mcu7t5v0__clkbuf_4)
    10    0.084592    0.247364    0.316823    4.617187 ^ fanout15/Z (gf180mcu_fd_sc_mcu7t5v0__clkbuf_4)
                                                         net15 (net)
                      0.247580    0.004111    4.621298 ^ _226_/RN (gf180mcu_fd_sc_mcu7t5v0__dffrnq_1)
                                              4.621298   data arrival time

                                  0.000000    0.000000   clock clk (rise edge)
                                  0.000000    0.000000   clock source latency
     1    0.026654    0.092880    0.045568    0.045568 ^ clk (in)
                                                         clk (net)
                      0.092881    0.000000    0.045568 ^ clkbuf_0_clk/I (gf180mcu_fd_sc_mcu7t5v0__clkbuf_16)
     2    0.049505    0.073381    0.162147    0.207714 ^ clkbuf_0_clk/Z (gf180mcu_fd_sc_mcu7t5v0__clkbuf_16)
                                                         clknet_0_clk (net)
                      0.073385    0.000935    0.208649 ^ clkbuf_1_1__f_clk/I (gf180mcu_fd_sc_mcu7t5v0__clkbuf_16)
     7    0.031370    0.063246    0.150670    0.359319 ^ clkbuf_1_1__f_clk/Z (gf180mcu_fd_sc_mcu7t5v0__clkbuf_16)
                                                         clknet_1_1__leaf_clk (net)
                      0.063247    0.000569    0.359888 ^ _226_/CLK (gf180mcu_fd_sc_mcu7t5v0__dffrnq_1)
                                  0.100000    0.459888   clock uncertainty
                                  0.000000    0.459888   clock reconvergence pessimism
                                  0.225048    0.684936   library removal time
                                              0.684936   data required time
---------------------------------------------------------------------------------------------
                                              0.684936   data required time
                                             -4.621298   data arrival time
---------------------------------------------------------------------------------------------
                                              3.936362   slack (MET)


Startpoint: rst_n (input port clocked by clk)
Endpoint: _219_ (removal check against rising-edge clock clk)
Path Group: asynchronous
Path Type: min

Fanout         Cap        Slew       Delay        Time   Description
---------------------------------------------------------------------------------------------
                                  0.000000    0.000000   clock clk (rise edge)
                                  0.000000    0.000000   clock network delay (propagated)
                                  4.000000    4.000000 ^ input external delay
     1    0.004178    0.075468    0.028135    4.028135 ^ rst_n (in)
                                                         rst_n (net)
                      0.075468    0.000000    4.028135 ^ input2/I (gf180mcu_fd_sc_mcu7t5v0__clkbuf_2)
     4    0.044723    0.260296    0.270662    4.298797 ^ input2/Z (gf180mcu_fd_sc_mcu7t5v0__clkbuf_2)
                                                         net2 (net)
                      0.260327    0.001567    4.300363 ^ fanout15/I (gf180mcu_fd_sc_mcu7t5v0__clkbuf_4)
    10    0.084592    0.247364    0.316823    4.617187 ^ fanout15/Z (gf180mcu_fd_sc_mcu7t5v0__clkbuf_4)
                                                         net15 (net)
                      0.247370    0.000634    4.617820 ^ fanout14/I (gf180mcu_fd_sc_mcu7t5v0__clkbuf_3)
    10    0.074932    0.224236    0.303199    4.921019 ^ fanout14/Z (gf180mcu_fd_sc_mcu7t5v0__clkbuf_3)
                                                         net14 (net)
                      0.224262    0.001336    4.922355 ^ _219_/RN (gf180mcu_fd_sc_mcu7t5v0__dffrnq_1)
                                              4.922355   data arrival time

                                  0.000000    0.000000   clock clk (rise edge)
                                  0.000000    0.000000   clock source latency
     1    0.026654    0.092880    0.045568    0.045568 ^ clk (in)
                                                         clk (net)
                      0.092881    0.000000    0.045568 ^ clkbuf_0_clk/I (gf180mcu_fd_sc_mcu7t5v0__clkbuf_16)
     2    0.049505    0.073381    0.162147    0.207714 ^ clkbuf_0_clk/Z (gf180mcu_fd_sc_mcu7t5v0__clkbuf_16)
                                                         clknet_0_clk (net)
                      0.073386    0.000959    0.208673 ^ clkbuf_1_0__f_clk/I (gf180mcu_fd_sc_mcu7t5v0__clkbuf_16)
     7    0.033164    0.064259    0.151454    0.360127 ^ clkbuf_1_0__f_clk/Z (gf180mcu_fd_sc_mcu7t5v0__clkbuf_16)
                                                         clknet_1_0__leaf_clk (net)
                      0.064259    0.000354    0.360480 ^ _219_/CLK (gf180mcu_fd_sc_mcu7t5v0__dffrnq_1)
                                  0.100000    0.460480   clock uncertainty
                                  0.000000    0.460480   clock reconvergence pessimism
                                  0.223933    0.684414   library removal time
                                              0.684414   data required time
---------------------------------------------------------------------------------------------
                                              0.684414   data required time
                                             -4.922355   data arrival time
---------------------------------------------------------------------------------------------
                                              4.237942   slack (MET)


Startpoint: rst_n (input port clocked by clk)
Endpoint: _218_ (removal check against rising-edge clock clk)
Path Group: asynchronous
Path Type: min

Fanout         Cap        Slew       Delay        Time   Description
---------------------------------------------------------------------------------------------
                                  0.000000    0.000000   clock clk (rise edge)
                                  0.000000    0.000000   clock network delay (propagated)
                                  4.000000    4.000000 ^ input external delay
     1    0.004178    0.075468    0.028135    4.028135 ^ rst_n (in)
                                                         rst_n (net)
                      0.075468    0.000000    4.028135 ^ input2/I (gf180mcu_fd_sc_mcu7t5v0__clkbuf_2)
     4    0.044723    0.260296    0.270662    4.298797 ^ input2/Z (gf180mcu_fd_sc_mcu7t5v0__clkbuf_2)
                                                         net2 (net)
                      0.260327    0.001567    4.300363 ^ fanout15/I (gf180mcu_fd_sc_mcu7t5v0__clkbuf_4)
    10    0.084592    0.247364    0.316823    4.617187 ^ fanout15/Z (gf180mcu_fd_sc_mcu7t5v0__clkbuf_4)
                                                         net15 (net)
                      0.247370    0.000634    4.617820 ^ fanout14/I (gf180mcu_fd_sc_mcu7t5v0__clkbuf_3)
    10    0.074932    0.224236    0.303199    4.921019 ^ fanout14/Z (gf180mcu_fd_sc_mcu7t5v0__clkbuf_3)
                                                         net14 (net)
                      0.224263    0.001339    4.922359 ^ _218_/RN (gf180mcu_fd_sc_mcu7t5v0__dffrnq_1)
                                              4.922359   data arrival time

                                  0.000000    0.000000   clock clk (rise edge)
                                  0.000000    0.000000   clock source latency
     1    0.026654    0.092880    0.045568    0.045568 ^ clk (in)
                                                         clk (net)
                      0.092881    0.000000    0.045568 ^ clkbuf_0_clk/I (gf180mcu_fd_sc_mcu7t5v0__clkbuf_16)
     2    0.049505    0.073381    0.162147    0.207714 ^ clkbuf_0_clk/Z (gf180mcu_fd_sc_mcu7t5v0__clkbuf_16)
                                                         clknet_0_clk (net)
                      0.073386    0.000959    0.208673 ^ clkbuf_1_0__f_clk/I (gf180mcu_fd_sc_mcu7t5v0__clkbuf_16)
     7    0.033164    0.064259    0.151454    0.360127 ^ clkbuf_1_0__f_clk/Z (gf180mcu_fd_sc_mcu7t5v0__clkbuf_16)
                                                         clknet_1_0__leaf_clk (net)
                      0.064259    0.000349    0.360476 ^ _218_/CLK (gf180mcu_fd_sc_mcu7t5v0__dffrnq_1)
                                  0.100000    0.460476   clock uncertainty
                                  0.000000    0.460476   clock reconvergence pessimism
                                  0.223933    0.684409   library removal time
                                              0.684409   data required time
---------------------------------------------------------------------------------------------
                                              0.684409   data required time
                                             -4.922359   data arrival time
---------------------------------------------------------------------------------------------
                                              4.237949   slack (MET)


Startpoint: rst_n (input port clocked by clk)
Endpoint: _225_ (removal check against rising-edge clock clk)
Path Group: asynchronous
Path Type: min

Fanout         Cap        Slew       Delay        Time   Description
---------------------------------------------------------------------------------------------
                                  0.000000    0.000000   clock clk (rise edge)
                                  0.000000    0.000000   clock network delay (propagated)
                                  4.000000    4.000000 ^ input external delay
     1    0.004178    0.075468    0.028135    4.028135 ^ rst_n (in)
                                                         rst_n (net)
                      0.075468    0.000000    4.028135 ^ input2/I (gf180mcu_fd_sc_mcu7t5v0__clkbuf_2)
     4    0.044723    0.260296    0.270662    4.298797 ^ input2/Z (gf180mcu_fd_sc_mcu7t5v0__clkbuf_2)
                                                         net2 (net)
                      0.260327    0.001567    4.300363 ^ fanout15/I (gf180mcu_fd_sc_mcu7t5v0__clkbuf_4)
    10    0.084592    0.247364    0.316823    4.617187 ^ fanout15/Z (gf180mcu_fd_sc_mcu7t5v0__clkbuf_4)
                                                         net15 (net)
                      0.247370    0.000634    4.617820 ^ fanout14/I (gf180mcu_fd_sc_mcu7t5v0__clkbuf_3)
    10    0.074932    0.224236    0.303199    4.921019 ^ fanout14/Z (gf180mcu_fd_sc_mcu7t5v0__clkbuf_3)
                                                         net14 (net)
                      0.224269    0.001520    4.922539 ^ _225_/RN (gf180mcu_fd_sc_mcu7t5v0__dffrnq_1)
                                              4.922539   data arrival time

                                  0.000000    0.000000   clock clk (rise edge)
                                  0.000000    0.000000   clock source latency
     1    0.026654    0.092880    0.045568    0.045568 ^ clk (in)
                                                         clk (net)
                      0.092881    0.000000    0.045568 ^ clkbuf_0_clk/I (gf180mcu_fd_sc_mcu7t5v0__clkbuf_16)
     2    0.049505    0.073381    0.162147    0.207714 ^ clkbuf_0_clk/Z (gf180mcu_fd_sc_mcu7t5v0__clkbuf_16)
                                                         clknet_0_clk (net)
                      0.073385    0.000935    0.208649 ^ clkbuf_1_1__f_clk/I (gf180mcu_fd_sc_mcu7t5v0__clkbuf_16)
     7    0.031370    0.063246    0.150670    0.359319 ^ clkbuf_1_1__f_clk/Z (gf180mcu_fd_sc_mcu7t5v0__clkbuf_16)
                                                         clknet_1_1__leaf_clk (net)
                      0.063246    0.000395    0.359714 ^ _225_/CLK (gf180mcu_fd_sc_mcu7t5v0__dffrnq_1)
                                  0.100000    0.459714   clock uncertainty
                                  0.000000    0.459714   clock reconvergence pessimism
                                  0.223826    0.683540   library removal time
                                              0.683540   data required time
---------------------------------------------------------------------------------------------
                                              0.683540   data required time
                                             -4.922539   data arrival time
---------------------------------------------------------------------------------------------
                                              4.238999   slack (MET)


Startpoint: rst_n (input port clocked by clk)
Endpoint: _224_ (removal check against rising-edge clock clk)
Path Group: asynchronous
Path Type: min

Fanout         Cap        Slew       Delay        Time   Description
---------------------------------------------------------------------------------------------
                                  0.000000    0.000000   clock clk (rise edge)
                                  0.000000    0.000000   clock network delay (propagated)
                                  4.000000    4.000000 ^ input external delay
     1    0.004178    0.075468    0.028135    4.028135 ^ rst_n (in)
                                                         rst_n (net)
                      0.075468    0.000000    4.028135 ^ input2/I (gf180mcu_fd_sc_mcu7t5v0__clkbuf_2)
     4    0.044723    0.260296    0.270662    4.298797 ^ input2/Z (gf180mcu_fd_sc_mcu7t5v0__clkbuf_2)
                                                         net2 (net)
                      0.260327    0.001567    4.300363 ^ fanout15/I (gf180mcu_fd_sc_mcu7t5v0__clkbuf_4)
    10    0.084592    0.247364    0.316823    4.617187 ^ fanout15/Z (gf180mcu_fd_sc_mcu7t5v0__clkbuf_4)
                                                         net15 (net)
                      0.247370    0.000634    4.617820 ^ fanout14/I (gf180mcu_fd_sc_mcu7t5v0__clkbuf_3)
    10    0.074932    0.224236    0.303199    4.921019 ^ fanout14/Z (gf180mcu_fd_sc_mcu7t5v0__clkbuf_3)
                                                         net14 (net)
                      0.224269    0.001543    4.922563 ^ _224_/RN (gf180mcu_fd_sc_mcu7t5v0__dffrnq_1)
                                              4.922563   data arrival time

                                  0.000000    0.000000   clock clk (rise edge)
                                  0.000000    0.000000   clock source latency
     1    0.026654    0.092880    0.045568    0.045568 ^ clk (in)
                                                         clk (net)
                      0.092881    0.000000    0.045568 ^ clkbuf_0_clk/I (gf180mcu_fd_sc_mcu7t5v0__clkbuf_16)
     2    0.049505    0.073381    0.162147    0.207714 ^ clkbuf_0_clk/Z (gf180mcu_fd_sc_mcu7t5v0__clkbuf_16)
                                                         clknet_0_clk (net)
                      0.073385    0.000935    0.208649 ^ clkbuf_1_1__f_clk/I (gf180mcu_fd_sc_mcu7t5v0__clkbuf_16)
     7    0.031370    0.063246    0.150670    0.359319 ^ clkbuf_1_1__f_clk/Z (gf180mcu_fd_sc_mcu7t5v0__clkbuf_16)
                                                         clknet_1_1__leaf_clk (net)
                      0.063246    0.000187    0.359506 ^ _224_/CLK (gf180mcu_fd_sc_mcu7t5v0__dffrnq_1)
                                  0.100000    0.459506   clock uncertainty
                                  0.000000    0.459506   clock reconvergence pessimism
                                  0.223826    0.683332   library removal time
                                              0.683332   data required time
---------------------------------------------------------------------------------------------
                                              0.683332   data required time
                                             -4.922563   data arrival time
---------------------------------------------------------------------------------------------
                                              4.239231   slack (MET)



