                                                                       Cells by Function                                                                        
┏━━━━━━━━━━━━━━━━━━━━━━━━━━━━━━━━━━━━━━━━━━━━━━━━━━━━━━━━━━━━━━━━━━━━━━━━━━━━━━━━━━━━━━━━━━━━━━━━━━━━━━━━━━━━━━━━━━━━━━━━━━━━━━━━━━━┳━━━━━━━━━━━━━━━━━━━━━━━━━━┓
┃ Cell Function                                                                                                                     ┃ Count                    ┃
┡━━━━━━━━━━━━━━━━━━━━━━━━━━━━━━━━━━━━━━━━━━━━━━━━━━━━━━━━━━━━━━━━━━━━━━━━━━━━━━━━━━━━━━━━━━━━━━━━━━━━━━━━━━━━━━━━━━━━━━━━━━━━━━━━━━━╇━━━━━━━━━━━━━━━━━━━━━━━━━━┩
│ gf180mcu_fd_sc_mcu7t5v0__and2                                                                                                     │ 3                        │
│ gf180mcu_fd_sc_mcu7t5v0__and3                                                                                                     │ 1                        │
│ gf180mcu_fd_sc_mcu7t5v0__and4                                                                                                     │ 1                        │
│ gf180mcu_fd_sc_mcu7t5v0__aoi21                                                                                                    │ 9                        │
│ gf180mcu_fd_sc_mcu7t5v0__aoi211                                                                                                   │ 1                        │
│ gf180mcu_fd_sc_mcu7t5v0__aoi22                                                                                                    │ 1                        │
│ gf180mcu_fd_sc_mcu7t5v0__buf                                                                                                      │ 5                        │
│ gf180mcu_fd_sc_mcu7t5v0__clkbuf                                                                                                   │ 17                       │
│ gf180mcu_fd_sc_mcu7t5v0__clkinv                                                                                                   │ 18                       │
│ gf180mcu_fd_sc_mcu7t5v0__dffrnq                                                                                                   │ 30                       │
│ gf180mcu_fd_sc_mcu7t5v0__dffsnq                                                                                                   │ 1                        │
│ gf180mcu_fd_sc_mcu7t5v0__fill                                                                                                     │ 157                      │
│ gf180mcu_fd_sc_mcu7t5v0__fillcap                                                                                                  │ 222                      │
│ gf180mcu_fd_sc_mcu7t5v0__inv                                                                                                      │ 1                        │
│ gf180mcu_fd_sc_mcu7t5v0__mux2                                                                                                     │ 4                        │
│ gf180mcu_fd_sc_mcu7t5v0__nand2                                                                                                    │ 4                        │
│ gf180mcu_fd_sc_mcu7t5v0__nor2                                                                                                     │ 14                       │
│ gf180mcu_fd_sc_mcu7t5v0__nor3                                                                                                     │ 9                        │
│ gf180mcu_fd_sc_mcu7t5v0__nor4                                                                                                     │ 2                        │
│ gf180mcu_fd_sc_mcu7t5v0__oai21                                                                                                    │ 1                        │
│ gf180mcu_fd_sc_mcu7t5v0__oai211                                                                                                   │ 4                        │
│ gf180mcu_fd_sc_mcu7t5v0__oai22                                                                                                    │ 1                        │
│ gf180mcu_fd_sc_mcu7t5v0__or2                                                                                                      │ 1                        │
│ gf180mcu_fd_sc_mcu7t5v0__xnor2                                                                                                    │ 2                        │
│ gf180mcu_fd_sc_mcu7t5v0__xor2                                                                                                     │ 2                        │
└───────────────────────────────────────────────────────────────────────────────────────────────────────────────────────────────────┴──────────────────────────┘
