Reading OpenROAD database at '/foss/designs/kvic_336007_ws25-kvic_ws25_v6/librelane/runs/RUN_2025-11-22_23-07-09/31-openroad-repairdesignpostgpl/tt_um_felixfeierabend.odb'…
Reading library file at '/foss/pdks/gf180mcuD/libs.ref/gf180mcu_fd_sc_mcu7t5v0/lib/gf180mcu_fd_sc_mcu7t5v0__tt_025C_5v00.lib'…
Reading design constraints file at '/foss/designs/kvic_336007_ws25-kvic_ws25_v6/librelane/impl.sdc'…
[INFO] Using clock clk…
[INFO] Setting output delay to: 4
[INFO] Setting input delay to: 4
[INFO] Setting load to: 0.07291
[INFO] Setting clock uncertainty to: 0.25
[INFO] Setting clock transition to: 0.1499999999999999944488848768742172978818416595458984375
[INFO] Setting timing derate to: 5%
[INFO] No information on clock propagation in input SDC file-- propagating all clocks.
Placement Analysis
---------------------------------
total displacement          0.0 u
average displacement        0.0 u
max displacement            0.0 u
original HPWL             165.7 u
legalized HPWL            179.5 u
delta HPWL                    8 %

[INFO DPL-0020] Mirrored 24 instances
[INFO DPL-0021] HPWL before             179.5 u
[INFO DPL-0022] HPWL after              165.7 u
[INFO DPL-0023] HPWL delta               -7.7 %
Setting global connections for newly added cells…
[INFO] Setting global connections...
Updating metrics…
Cell type report:                       Count       Area
  Endcap cell                              46     201.96
  Tap cell                                 87     381.96
  Tie cell                                 24     210.74
  Total                                   157     794.66
Writing OpenROAD database to '/foss/designs/kvic_336007_ws25-kvic_ws25_v6/librelane/runs/RUN_2025-11-22_23-07-09/33-openroad-detailedplacement/tt_um_felixfeierabend.odb'…
Writing netlist to '/foss/designs/kvic_336007_ws25-kvic_ws25_v6/librelane/runs/RUN_2025-11-22_23-07-09/33-openroad-detailedplacement/tt_um_felixfeierabend.nl.v'…
Writing powered netlist to '/foss/designs/kvic_336007_ws25-kvic_ws25_v6/librelane/runs/RUN_2025-11-22_23-07-09/33-openroad-detailedplacement/tt_um_felixfeierabend.pnl.v'…
Writing layout to '/foss/designs/kvic_336007_ws25-kvic_ws25_v6/librelane/runs/RUN_2025-11-22_23-07-09/33-openroad-detailedplacement/tt_um_felixfeierabend.def'…
Writing timing constraints to '/foss/designs/kvic_336007_ws25-kvic_ws25_v6/librelane/runs/RUN_2025-11-22_23-07-09/33-openroad-detailedplacement/tt_um_felixfeierabend.sdc'…
