109. Printing statistics.

=== tt_um_felixfeierabend ===

        +----------Local Count, excluding submodules.
        |        +-Local Area, excluding submodules.
        |        | 
      213        - wires
      281        - wire bits
       14        - public wires
       82        - public wire bits
        8        - ports
       43        - port bits
      231 2.38E+03 cells
       59        -   $_ANDNOT_
        3        -   $_AND_
        8        -   $_MUX_
       15        -   $_NAND_
        8        -   $_NOR_
       15        -   $_NOT_
       13        -   $_ORNOT_
       51        -   $_OR_
        6        -   $_XNOR_
       21        -   $_XOR_
        1   63.661   gf180mcu_fd_sc_mcu7t5v0__dffq_1
       30 2.24E+03   gf180mcu_fd_sc_mcu7t5v0__dffrnq_1
        1   79.027   gf180mcu_fd_sc_mcu7t5v0__dffsnq_1

   Area for cell type $_NOT_ is unknown!
   Area for cell type $_AND_ is unknown!
   Area for cell type $_NAND_ is unknown!
   Area for cell type $_OR_ is unknown!
   Area for cell type $_NOR_ is unknown!
   Area for cell type $_XOR_ is unknown!
   Area for cell type $_XNOR_ is unknown!
   Area for cell type $_ANDNOT_ is unknown!
   Area for cell type $_ORNOT_ is unknown!
   Area for cell type $_MUX_ is unknown!

   Chip area for module '\tt_um_felixfeierabend': 2381.792000
     of which used for sequential elements: 2381.792000 (100.00%)

