117. Printing statistics.

=== tt_um_felixfeierabend ===

        +----------Local Count, excluding submodules.
        |        +-Local Area, excluding submodules.
        |        | 
      153        - wires
      188        - wire bits
       40        - public wires
       75        - public wire bits
        8        - ports
       43        - port bits
      169  4.3E+03 cells
        4   70.246   gf180mcu_fd_sc_mcu7t5v0__and2_1
        1   21.952   gf180mcu_fd_sc_mcu7t5v0__and3_1
        1   24.147   gf180mcu_fd_sc_mcu7t5v0__and4_1
        1   21.952   gf180mcu_fd_sc_mcu7t5v0__aoi211_1
        7  122.931   gf180mcu_fd_sc_mcu7t5v0__aoi21_1
        1   24.147   gf180mcu_fd_sc_mcu7t5v0__aoi221_1
        3    59.27   gf180mcu_fd_sc_mcu7t5v0__aoi22_1
        1   13.171   gf180mcu_fd_sc_mcu7t5v0__buf_1
       24  210.739   gf180mcu_fd_sc_mcu7t5v0__clkinv_1
        1   63.661   gf180mcu_fd_sc_mcu7t5v0__dffq_1
       30 2.24E+03   gf180mcu_fd_sc_mcu7t5v0__dffrnq_1
        1   79.027   gf180mcu_fd_sc_mcu7t5v0__dffsnq_1
        2   65.856   gf180mcu_fd_sc_mcu7t5v0__mux2_2
       12  131.712   gf180mcu_fd_sc_mcu7t5v0__nand2_1
        1   15.366   gf180mcu_fd_sc_mcu7t5v0__nand3_1
       15  197.568   gf180mcu_fd_sc_mcu7t5v0__nor2_1
        8  140.493   gf180mcu_fd_sc_mcu7t5v0__nor3_1
        4   87.808   gf180mcu_fd_sc_mcu7t5v0__nor4_1
        3   65.856   gf180mcu_fd_sc_mcu7t5v0__oai211_1
        7  122.931   gf180mcu_fd_sc_mcu7t5v0__oai21_1
        3   65.856   gf180mcu_fd_sc_mcu7t5v0__oai22_1
        1   24.147   gf180mcu_fd_sc_mcu7t5v0__oai31_1
        3   26.342   gf180mcu_fd_sc_mcu7t5v0__tieh
       30  263.424   gf180mcu_fd_sc_mcu7t5v0__tiel
        3   85.613   gf180mcu_fd_sc_mcu7t5v0__xnor2_1
        2   52.685   gf180mcu_fd_sc_mcu7t5v0__xor2_1

   Chip area for module '\tt_um_felixfeierabend': 4296.006400
     of which used for sequential elements: 2381.792000 (55.44%)

