
===========================================================================
report_checks -unconstrained
===========================================================================
======================= min_ss_100C_1v60 Corner ===================================

Startpoint: rst_n (input port clocked by clk)
Endpoint: _44_ (rising edge-triggered flip-flop clocked by clk)
Path Group: clk
Path Type: max

Fanout         Cap        Slew       Delay        Time   Description
---------------------------------------------------------------------------------------------
                                  0.000000    0.000000   clock clk (rise edge)
                                  0.000000    0.000000   clock network delay (propagated)
                                  4.000000    4.000000 v input external delay
     1    0.002594    0.017683    0.008567    4.008567 v rst_n (in)
                                                         rst_n (net)
                      0.017683    0.000000    4.008567 v input1/A (sky130_fd_sc_hd__clkbuf_2)
     8    0.028388    0.202593    0.283976    4.292543 v input1/X (sky130_fd_sc_hd__clkbuf_2)
                                                         net1 (net)
                      0.202593    0.000140    4.292683 v _34_/B1 (sky130_fd_sc_hd__o21ai_1)
     1    0.003546    0.188884    0.195961    4.488643 ^ _34_/Y (sky130_fd_sc_hd__o21ai_1)
                                                         _17_ (net)
                      0.188884    0.000046    4.488689 ^ _35_/B1 (sky130_fd_sc_hd__a21oi_1)
     1    0.001967    0.085200    0.106867    4.595556 v _35_/Y (sky130_fd_sc_hd__a21oi_1)
                                                         _06_ (net)
                      0.085200    0.000017    4.595573 v hold3/A (sky130_fd_sc_hd__dlygate4sd3_1)
     1    0.001997    0.100705    1.116655    5.712228 v hold3/X (sky130_fd_sc_hd__dlygate4sd3_1)
                                                         net20 (net)
                      0.100705    0.000019    5.712247 v _44_/D (sky130_fd_sc_hd__dfxtp_4)
                                              5.712247   data arrival time

                                 20.000000   20.000000   clock clk (rise edge)
                                  0.000000   20.000000   clock source latency
     1    0.014334    0.110886    0.074110   20.074110 ^ clk (in)
                                                         clk (net)
                      0.110890    0.000000   20.074110 ^ clkbuf_0_clk/A (sky130_fd_sc_hd__clkbuf_16)
     2    0.019212    0.066442    0.239178   20.313288 ^ clkbuf_0_clk/X (sky130_fd_sc_hd__clkbuf_16)
                                                         clknet_0_clk (net)
                      0.066442    0.000265   20.313553 ^ clkbuf_1_0__f_clk/A (sky130_fd_sc_hd__clkbuf_16)
     5    0.014668    0.060789    0.212394   20.525946 ^ clkbuf_1_0__f_clk/X (sky130_fd_sc_hd__clkbuf_16)
                                                         clknet_1_0__leaf_clk (net)
                      0.060789    0.000348   20.526295 ^ _44_/CLK (sky130_fd_sc_hd__dfxtp_4)
                                 -0.100000   20.426294   clock uncertainty
                                  0.000000   20.426294   clock reconvergence pessimism
                                 -0.287755   20.138538   library setup time
                                             20.138538   data required time
---------------------------------------------------------------------------------------------
                                             20.138538   data required time
                                             -5.712247   data arrival time
---------------------------------------------------------------------------------------------
                                             14.426291   slack (MET)




===========================================================================
report_checks --slack_max -0.01
============================================================================
======================= min_ss_100C_1v60 Corner ===================================

No paths found.


===========================================================================
 report_check_types -max_slew -max_cap -max_fanout -violators
============================================================================
======================= min_ss_100C_1v60 Corner ===================================



===========================================================================
report_parasitic_annotation -report_unannotated
============================================================================
Found 34 unannotated drivers.
 ena
 ui_in[0]
 ui_in[1]
 ui_in[2]
 ui_in[3]
 ui_in[4]
 ui_in[5]
 ui_in[6]
 ui_in[7]
 uio_in[0]
 uio_in[1]
 uio_in[2]
 uio_in[3]
 uio_in[4]
 uio_in[5]
 uio_in[6]
 uio_in[7]
 clkload0/X
 tt_um_counter_top_10/HI
 tt_um_counter_top_11/HI
 tt_um_counter_top_12/HI
 tt_um_counter_top_13/HI
 tt_um_counter_top_14/HI
 tt_um_counter_top_15/HI
 tt_um_counter_top_16/HI
 tt_um_counter_top_17/HI
 tt_um_counter_top_2/HI
 tt_um_counter_top_3/HI
 tt_um_counter_top_4/HI
 tt_um_counter_top_5/HI
 tt_um_counter_top_6/HI
 tt_um_counter_top_7/HI
 tt_um_counter_top_8/HI
 tt_um_counter_top_9/HI
Found 0 partially unannotated drivers.

===========================================================================
max slew violation count 0
max fanout violation count 0
max cap violation count 0
============================================================================

===========================================================================
check_setup -verbose -unconstrained_endpoints -multiple_clock -no_clock -no_input_delay -loops -generated_clocks
===========================================================================
Warning: There are 16 unconstrained endpoints.
  uio_oe[0]
  uio_oe[1]
  uio_oe[2]
  uio_oe[3]
  uio_oe[4]
  uio_oe[5]
  uio_oe[6]
  uio_oe[7]
  uio_out[0]
  uio_out[1]
  uio_out[2]
  uio_out[3]
  uio_out[4]
  uio_out[5]
  uio_out[6]
  uio_out[7]
