                                                                        Cells by Master                                                                         
┏━━━━━━━━━━━━━━━━━━━━━━━━━━━━━━━━━━━━━━━━━━━━━━━━━━━━━━━━━━━━━━━━━━━━━━━━━━━━━━━━━━━━━━━━━━━━━━━━━━━━━━━━━━━━━━━━━━━━━━━━━━━━━━━━━━━━━┳━━━━━━━━━━━━━━━━━━━━━━━━┓
┃ Cell                                                                                                                                ┃ Count                  ┃
┡━━━━━━━━━━━━━━━━━━━━━━━━━━━━━━━━━━━━━━━━━━━━━━━━━━━━━━━━━━━━━━━━━━━━━━━━━━━━━━━━━━━━━━━━━━━━━━━━━━━━━━━━━━━━━━━━━━━━━━━━━━━━━━━━━━━━━╇━━━━━━━━━━━━━━━━━━━━━━━━┩
│ gf180mcu_fd_sc_mcu7t5v0__and2_1                                                                                                     │ 4                      │
│ gf180mcu_fd_sc_mcu7t5v0__and3_1                                                                                                     │ 1                      │
│ gf180mcu_fd_sc_mcu7t5v0__and4_1                                                                                                     │ 1                      │
│ gf180mcu_fd_sc_mcu7t5v0__aoi211_2                                                                                                   │ 1                      │
│ gf180mcu_fd_sc_mcu7t5v0__aoi21_1                                                                                                    │ 7                      │
│ gf180mcu_fd_sc_mcu7t5v0__aoi221_1                                                                                                   │ 1                      │
│ gf180mcu_fd_sc_mcu7t5v0__aoi22_1                                                                                                    │ 3                      │
│ gf180mcu_fd_sc_mcu7t5v0__buf_2                                                                                                      │ 3                      │
│ gf180mcu_fd_sc_mcu7t5v0__clkbuf_1                                                                                                   │ 9                      │
│ gf180mcu_fd_sc_mcu7t5v0__clkbuf_16                                                                                                  │ 3                      │
│ gf180mcu_fd_sc_mcu7t5v0__clkbuf_2                                                                                                   │ 3                      │
│ gf180mcu_fd_sc_mcu7t5v0__clkbuf_3                                                                                                   │ 2                      │
│ gf180mcu_fd_sc_mcu7t5v0__clkbuf_4                                                                                                   │ 1                      │
│ gf180mcu_fd_sc_mcu7t5v0__clkinv_1                                                                                                   │ 21                     │
│ gf180mcu_fd_sc_mcu7t5v0__clkinv_2                                                                                                   │ 1                      │
│ gf180mcu_fd_sc_mcu7t5v0__dffq_1                                                                                                     │ 1                      │
│ gf180mcu_fd_sc_mcu7t5v0__dffrnq_1                                                                                                   │ 30                     │
│ gf180mcu_fd_sc_mcu7t5v0__dffsnq_1                                                                                                   │ 1                      │
│ gf180mcu_fd_sc_mcu7t5v0__endcap                                                                                                     │ 46                     │
│ gf180mcu_fd_sc_mcu7t5v0__fill_1                                                                                                     │ 92                     │
│ gf180mcu_fd_sc_mcu7t5v0__fill_2                                                                                                     │ 71                     │
│ gf180mcu_fd_sc_mcu7t5v0__fillcap_16                                                                                                 │ 56                     │
│ gf180mcu_fd_sc_mcu7t5v0__fillcap_32                                                                                                 │ 21                     │
│ gf180mcu_fd_sc_mcu7t5v0__fillcap_4                                                                                                  │ 78                     │
│ gf180mcu_fd_sc_mcu7t5v0__fillcap_64                                                                                                 │ 18                     │
│ gf180mcu_fd_sc_mcu7t5v0__fillcap_8                                                                                                  │ 47                     │
│ gf180mcu_fd_sc_mcu7t5v0__filltie                                                                                                    │ 87                     │
│ gf180mcu_fd_sc_mcu7t5v0__inv_1                                                                                                      │ 2                      │
│ gf180mcu_fd_sc_mcu7t5v0__mux2_2                                                                                                     │ 2                      │
│ gf180mcu_fd_sc_mcu7t5v0__nand2_1                                                                                                    │ 11                     │
│ gf180mcu_fd_sc_mcu7t5v0__nand2_2                                                                                                    │ 1                      │
│ gf180mcu_fd_sc_mcu7t5v0__nand3_4                                                                                                    │ 1                      │
│ gf180mcu_fd_sc_mcu7t5v0__nor2_1                                                                                                     │ 15                     │
│ gf180mcu_fd_sc_mcu7t5v0__nor3_1                                                                                                     │ 8                      │
│ gf180mcu_fd_sc_mcu7t5v0__nor4_2                                                                                                     │ 2                      │
│ gf180mcu_fd_sc_mcu7t5v0__nor4_4                                                                                                     │ 2                      │
│ gf180mcu_fd_sc_mcu7t5v0__oai211_1                                                                                                   │ 2                      │
│ gf180mcu_fd_sc_mcu7t5v0__oai211_2                                                                                                   │ 1                      │
│ gf180mcu_fd_sc_mcu7t5v0__oai21_1                                                                                                    │ 6                      │
│ gf180mcu_fd_sc_mcu7t5v0__oai21_2                                                                                                    │ 1                      │
│ gf180mcu_fd_sc_mcu7t5v0__oai22_1                                                                                                    │ 2                      │
│ gf180mcu_fd_sc_mcu7t5v0__oai22_2                                                                                                    │ 1                      │
│ gf180mcu_fd_sc_mcu7t5v0__oai31_1                                                                                                    │ 1                      │
│ gf180mcu_fd_sc_mcu7t5v0__tieh                                                                                                       │ 3                      │
│ gf180mcu_fd_sc_mcu7t5v0__tiel                                                                                                       │ 30                     │
│ gf180mcu_fd_sc_mcu7t5v0__xnor2_1                                                                                                    │ 3                      │
│ gf180mcu_fd_sc_mcu7t5v0__xor2_1                                                                                                     │ 2                      │
└─────────────────────────────────────────────────────────────────────────────────────────────────────────────────────────────────────┴────────────────────────┘
