                                                                       Cells by Function                                                                        
┏━━━━━━━━━━━━━━━━━━━━━━━━━━━━━━━━━━━━━━━━━━━━━━━━━━━━━━━━━━━━━━━━━━━━━━━━━━━━━━━━━━━━━━━━━━━━━━━━━━━━━━━━━━━━━━━━━━━━━━━━━━━━━━━━━━━┳━━━━━━━━━━━━━━━━━━━━━━━━━━┓
┃ Cell Function                                                                                                                     ┃ Count                    ┃
┡━━━━━━━━━━━━━━━━━━━━━━━━━━━━━━━━━━━━━━━━━━━━━━━━━━━━━━━━━━━━━━━━━━━━━━━━━━━━━━━━━━━━━━━━━━━━━━━━━━━━━━━━━━━━━━━━━━━━━━━━━━━━━━━━━━━╇━━━━━━━━━━━━━━━━━━━━━━━━━━┩
│ gf180mcu_fd_sc_mcu7t5v0__and2                                                                                                     │ 4                        │
│ gf180mcu_fd_sc_mcu7t5v0__and3                                                                                                     │ 1                        │
│ gf180mcu_fd_sc_mcu7t5v0__and4                                                                                                     │ 1                        │
│ gf180mcu_fd_sc_mcu7t5v0__aoi21                                                                                                    │ 7                        │
│ gf180mcu_fd_sc_mcu7t5v0__aoi211                                                                                                   │ 1                        │
│ gf180mcu_fd_sc_mcu7t5v0__aoi22                                                                                                    │ 3                        │
│ gf180mcu_fd_sc_mcu7t5v0__aoi221                                                                                                   │ 1                        │
│ gf180mcu_fd_sc_mcu7t5v0__buf                                                                                                      │ 3                        │
│ gf180mcu_fd_sc_mcu7t5v0__clkbuf                                                                                                   │ 18                       │
│ gf180mcu_fd_sc_mcu7t5v0__clkinv                                                                                                   │ 22                       │
│ gf180mcu_fd_sc_mcu7t5v0__dffq                                                                                                     │ 1                        │
│ gf180mcu_fd_sc_mcu7t5v0__dffrnq                                                                                                   │ 30                       │
│ gf180mcu_fd_sc_mcu7t5v0__dffsnq                                                                                                   │ 1                        │
│ gf180mcu_fd_sc_mcu7t5v0__fill                                                                                                     │ 163                      │
│ gf180mcu_fd_sc_mcu7t5v0__fillcap                                                                                                  │ 220                      │
│ gf180mcu_fd_sc_mcu7t5v0__inv                                                                                                      │ 2                        │
│ gf180mcu_fd_sc_mcu7t5v0__mux2                                                                                                     │ 2                        │
│ gf180mcu_fd_sc_mcu7t5v0__nand2                                                                                                    │ 12                       │
│ gf180mcu_fd_sc_mcu7t5v0__nand3                                                                                                    │ 1                        │
│ gf180mcu_fd_sc_mcu7t5v0__nor2                                                                                                     │ 15                       │
│ gf180mcu_fd_sc_mcu7t5v0__nor3                                                                                                     │ 8                        │
│ gf180mcu_fd_sc_mcu7t5v0__nor4                                                                                                     │ 4                        │
│ gf180mcu_fd_sc_mcu7t5v0__oai21                                                                                                    │ 7                        │
│ gf180mcu_fd_sc_mcu7t5v0__oai211                                                                                                   │ 3                        │
│ gf180mcu_fd_sc_mcu7t5v0__oai22                                                                                                    │ 3                        │
│ gf180mcu_fd_sc_mcu7t5v0__oai31                                                                                                    │ 1                        │
│ gf180mcu_fd_sc_mcu7t5v0__xnor2                                                                                                    │ 3                        │
│ gf180mcu_fd_sc_mcu7t5v0__xor2                                                                                                     │ 2                        │
└───────────────────────────────────────────────────────────────────────────────────────────────────────────────────────────────────┴──────────────────────────┘
