Clock: clk
Sources: clk 
Generated: no
Virtual: yes
Propagated: no
Period: 20.000000

===========================================================================
report_clock_properties
============================================================================
Clock                   Period          Waveform
----------------------------------------------------
clk                  20.000000    0.000000 10.000000

===========================================================================
report_clock_latency
============================================================================
Clock clk
rise -> rise
    min     max
0.000000 0.000000 source latency
0.542462         network latency _665_/CLK
        2.870251 network latency _706_/CLK
---------------
0.542462 2.870251 latency
        2.327790 skew

rise -> fall
    min     max
0.000000 0.000000 source latency
2.143440         network latency _656_/CLK
        2.674609 network latency _706_/CLK
---------------
2.143440 2.674609 latency
        0.531170 skew

fall -> fall
    min     max
0.000000 0.000000 source latency
0.502194         network latency _665_/CLK
        0.503386 network latency _666_/CLK
---------------
0.502194 0.503386 latency
        0.001192 skew



===========================================================================
report_clock_min_period
============================================================================
clk period_min = 3.07 fmax = 326.18
