149. Printing statistics.

=== tt_um_felixfeierabend ===

        +----------Local Count, excluding submodules.
        |        +-Local Area, excluding submodules.
        |        | 
      612        - wires
      856        - wire bits
       37        - public wires
      182        - public wire bits
        8        - ports
       43        - port bits
      729 8.04E+03 cells
      140        -   $_ANDNOT_
       39        -   $_AND_
      188        -   $_MUX_
       30        -   $_NAND_
       28        -   $_NOR_
       14        -   $_NOT_
       24        -   $_ORNOT_
       50        -   $_OR_
       30        -   $_XNOR_
       62        -   $_XOR_
      111 7.07E+03   gf180mcu_fd_sc_mcu7t5v0__dffq_1
       13  970.278   gf180mcu_fd_sc_mcu7t5v0__dffrnq_1

   Area for cell type $_NOT_ is unknown!
   Area for cell type $_AND_ is unknown!
   Area for cell type $_NAND_ is unknown!
   Area for cell type $_OR_ is unknown!
   Area for cell type $_NOR_ is unknown!
   Area for cell type $_XOR_ is unknown!
   Area for cell type $_XNOR_ is unknown!
   Area for cell type $_ANDNOT_ is unknown!
   Area for cell type $_ORNOT_ is unknown!
   Area for cell type $_MUX_ is unknown!

   Chip area for module '\tt_um_felixfeierabend': 8036.627200
     of which used for sequential elements: 8036.627200 (100.00%)

