Clock: clk
Sources: clk 
Generated: no
Virtual: yes
Propagated: no
Period: 20.000000

===========================================================================
report_clock_properties
============================================================================
Clock                   Period          Waveform
----------------------------------------------------
clk                  20.000000    0.000000 10.000000

===========================================================================
report_clock_latency
============================================================================
Clock clk
rise -> rise
    min     max
0.000000 0.000000 source latency
0.555697         network latency _231_/CLK
        2.611369 network latency _235_/CLK
---------------
0.555697 2.611369 latency
        2.055672 skew

rise -> fall
    min     max
0.000000 0.000000 source latency
1.403498         network latency _242_/CLK
        2.288306 network latency _235_/CLK
---------------
1.403498 2.288306 latency
        0.884808 skew

fall -> fall
    min     max
0.000000 0.000000 source latency
0.513101         network latency _231_/CLK
        0.518283 network latency _227_/CLK
---------------
0.513101 0.518283 latency
        0.005183 skew



===========================================================================
report_clock_min_period
============================================================================
clk period_min = 2.91 fmax = 343.49
