
===========================================================================
report_checks -path_delay min (Hold)
============================================================================
======================= max_tt_025C_5v00 Corner ===================================

Startpoint: _227_ (rising edge-triggered flip-flop clocked by clk)
Endpoint: _227_ (rising edge-triggered flip-flop clocked by clk)
Path Group: clk
Path Type: min

Fanout         Cap        Slew       Delay        Time   Description
---------------------------------------------------------------------------------------------
                                  0.000000    0.000000   clock clk (rise edge)
                                  0.000000    0.000000   clock source latency
     1    0.026437    0.141370    0.066110    0.066110 ^ clk (in)
                                                         clk (net)
                      0.141371    0.000000    0.066110 ^ clkbuf_0_clk/I (gf180mcu_fd_sc_mcu7t5v0__clkbuf_16)
     2    0.049762    0.114819    0.252415    0.318525 ^ clkbuf_0_clk/Z (gf180mcu_fd_sc_mcu7t5v0__clkbuf_16)
                                                         clknet_0_clk (net)
                      0.114821    0.000997    0.319522 ^ clkbuf_1_0__f_clk/I (gf180mcu_fd_sc_mcu7t5v0__clkbuf_16)
     7    0.038526    0.105170    0.239652    0.559173 ^ clkbuf_1_0__f_clk/Z (gf180mcu_fd_sc_mcu7t5v0__clkbuf_16)
                                                         clknet_1_0__leaf_clk (net)
                      0.105175    0.001365    0.560538 ^ _227_/CLK (gf180mcu_fd_sc_mcu7t5v0__dffrnq_1)
     2    0.011530    0.170493    0.735811    1.296349 v _227_/Q (gf180mcu_fd_sc_mcu7t5v0__dffrnq_1)
                                                         clk_scaler.counter[5] (net)
                      0.170493    0.000081    1.296430 v _171_/B (gf180mcu_fd_sc_mcu7t5v0__aoi21_1)
     1    0.007991    0.312748    0.241362    1.537792 ^ _171_/ZN (gf180mcu_fd_sc_mcu7t5v0__aoi21_1)
                                                         _083_ (net)
                      0.312748    0.000187    1.537980 ^ _172_/A2 (gf180mcu_fd_sc_mcu7t5v0__nor2_1)
     1    0.003362    0.156377    0.141026    1.679006 v _172_/ZN (gf180mcu_fd_sc_mcu7t5v0__nor2_1)
                                                         _007_ (net)
                      0.156377    0.000033    1.679039 v _227_/D (gf180mcu_fd_sc_mcu7t5v0__dffrnq_1)
                                              1.679039   data arrival time

                                  0.000000    0.000000   clock clk (rise edge)
                                  0.000000    0.000000   clock source latency
     1    0.026437    0.141370    0.066110    0.066110 ^ clk (in)
                                                         clk (net)
                      0.141371    0.000000    0.066110 ^ clkbuf_0_clk/I (gf180mcu_fd_sc_mcu7t5v0__clkbuf_16)
     2    0.049762    0.114819    0.252415    0.318525 ^ clkbuf_0_clk/Z (gf180mcu_fd_sc_mcu7t5v0__clkbuf_16)
                                                         clknet_0_clk (net)
                      0.114821    0.000997    0.319522 ^ clkbuf_1_0__f_clk/I (gf180mcu_fd_sc_mcu7t5v0__clkbuf_16)
     7    0.038526    0.105170    0.239652    0.559173 ^ clkbuf_1_0__f_clk/Z (gf180mcu_fd_sc_mcu7t5v0__clkbuf_16)
                                                         clknet_1_0__leaf_clk (net)
                      0.105175    0.001365    0.560538 ^ _227_/CLK (gf180mcu_fd_sc_mcu7t5v0__dffrnq_1)
                                  0.100000    0.660538   clock uncertainty
                                  0.000000    0.660538   clock reconvergence pessimism
                                  0.125624    0.786162   library hold time
                                              0.786162   data required time
---------------------------------------------------------------------------------------------
                                              0.786162   data required time
                                             -1.679039   data arrival time
---------------------------------------------------------------------------------------------
                                              0.892876   slack (MET)


Startpoint: _225_ (rising edge-triggered flip-flop clocked by clk)
Endpoint: _225_ (rising edge-triggered flip-flop clocked by clk)
Path Group: clk
Path Type: min

Fanout         Cap        Slew       Delay        Time   Description
---------------------------------------------------------------------------------------------
                                  0.000000    0.000000   clock clk (rise edge)
                                  0.000000    0.000000   clock source latency
     1    0.026437    0.141370    0.066110    0.066110 ^ clk (in)
                                                         clk (net)
                      0.141371    0.000000    0.066110 ^ clkbuf_0_clk/I (gf180mcu_fd_sc_mcu7t5v0__clkbuf_16)
     2    0.049762    0.114819    0.252415    0.318525 ^ clkbuf_0_clk/Z (gf180mcu_fd_sc_mcu7t5v0__clkbuf_16)
                                                         clknet_0_clk (net)
                      0.114821    0.000997    0.319522 ^ clkbuf_1_0__f_clk/I (gf180mcu_fd_sc_mcu7t5v0__clkbuf_16)
     7    0.038526    0.105170    0.239652    0.559173 ^ clkbuf_1_0__f_clk/Z (gf180mcu_fd_sc_mcu7t5v0__clkbuf_16)
                                                         clknet_1_0__leaf_clk (net)
                      0.105171    0.000558    0.559732 ^ _225_/CLK (gf180mcu_fd_sc_mcu7t5v0__dffrnq_1)
     3    0.016618    0.212654    0.769957    1.329689 v _225_/Q (gf180mcu_fd_sc_mcu7t5v0__dffrnq_1)
                                                         clk_scaler.counter[3] (net)
                      0.212656    0.000367    1.330055 v _167_/A1 (gf180mcu_fd_sc_mcu7t5v0__nor2_1)
     1    0.004608    0.256815    0.199573    1.529628 ^ _167_/ZN (gf180mcu_fd_sc_mcu7t5v0__nor2_1)
                                                         _081_ (net)
                      0.256815    0.000089    1.529717 ^ _168_/A3 (gf180mcu_fd_sc_mcu7t5v0__nor3_1)
     1    0.004432    0.192111    0.185690    1.715408 v _168_/ZN (gf180mcu_fd_sc_mcu7t5v0__nor3_1)
                                                         _005_ (net)
                      0.192111    0.000049    1.715456 v _225_/D (gf180mcu_fd_sc_mcu7t5v0__dffrnq_1)
                                              1.715456   data arrival time

                                  0.000000    0.000000   clock clk (rise edge)
                                  0.000000    0.000000   clock source latency
     1    0.026437    0.141370    0.066110    0.066110 ^ clk (in)
                                                         clk (net)
                      0.141371    0.000000    0.066110 ^ clkbuf_0_clk/I (gf180mcu_fd_sc_mcu7t5v0__clkbuf_16)
     2    0.049762    0.114819    0.252415    0.318525 ^ clkbuf_0_clk/Z (gf180mcu_fd_sc_mcu7t5v0__clkbuf_16)
                                                         clknet_0_clk (net)
                      0.114821    0.000997    0.319522 ^ clkbuf_1_0__f_clk/I (gf180mcu_fd_sc_mcu7t5v0__clkbuf_16)
     7    0.038526    0.105170    0.239652    0.559173 ^ clkbuf_1_0__f_clk/Z (gf180mcu_fd_sc_mcu7t5v0__clkbuf_16)
                                                         clknet_1_0__leaf_clk (net)
                      0.105171    0.000558    0.559732 ^ _225_/CLK (gf180mcu_fd_sc_mcu7t5v0__dffrnq_1)
                                  0.100000    0.659732   clock uncertainty
                                  0.000000    0.659732   clock reconvergence pessimism
                                  0.118324    0.778056   library hold time
                                              0.778056   data required time
---------------------------------------------------------------------------------------------
                                              0.778056   data required time
                                             -1.715456   data arrival time
---------------------------------------------------------------------------------------------
                                              0.937401   slack (MET)


Startpoint: _224_ (rising edge-triggered flip-flop clocked by clk)
Endpoint: _224_ (rising edge-triggered flip-flop clocked by clk)
Path Group: clk
Path Type: min

Fanout         Cap        Slew       Delay        Time   Description
---------------------------------------------------------------------------------------------
                                  0.000000    0.000000   clock clk (rise edge)
                                  0.000000    0.000000   clock source latency
     1    0.026437    0.141370    0.066110    0.066110 ^ clk (in)
                                                         clk (net)
                      0.141371    0.000000    0.066110 ^ clkbuf_0_clk/I (gf180mcu_fd_sc_mcu7t5v0__clkbuf_16)
     2    0.049762    0.114819    0.252415    0.318525 ^ clkbuf_0_clk/Z (gf180mcu_fd_sc_mcu7t5v0__clkbuf_16)
                                                         clknet_0_clk (net)
                      0.114821    0.000997    0.319522 ^ clkbuf_1_0__f_clk/I (gf180mcu_fd_sc_mcu7t5v0__clkbuf_16)
     7    0.038526    0.105170    0.239652    0.559173 ^ clkbuf_1_0__f_clk/Z (gf180mcu_fd_sc_mcu7t5v0__clkbuf_16)
                                                         clknet_1_0__leaf_clk (net)
                      0.105172    0.000890    0.560064 ^ _224_/CLK (gf180mcu_fd_sc_mcu7t5v0__dffrnq_1)
     3    0.017169    0.217285    0.773650    1.333713 v _224_/Q (gf180mcu_fd_sc_mcu7t5v0__dffrnq_1)
                                                         clk_scaler.counter[2] (net)
                      0.217286    0.000356    1.334070 v _164_/B (gf180mcu_fd_sc_mcu7t5v0__aoi21_1)
     1    0.005660    0.269344    0.220744    1.554814 ^ _164_/ZN (gf180mcu_fd_sc_mcu7t5v0__aoi21_1)
                                                         _079_ (net)
                      0.269344    0.000120    1.554934 ^ _165_/A3 (gf180mcu_fd_sc_mcu7t5v0__nor3_1)
     1    0.003947    0.185891    0.182718    1.737652 v _165_/ZN (gf180mcu_fd_sc_mcu7t5v0__nor3_1)
                                                         _004_ (net)
                      0.185891    0.000075    1.737727 v _224_/D (gf180mcu_fd_sc_mcu7t5v0__dffrnq_1)
                                              1.737727   data arrival time

                                  0.000000    0.000000   clock clk (rise edge)
                                  0.000000    0.000000   clock source latency
     1    0.026437    0.141370    0.066110    0.066110 ^ clk (in)
                                                         clk (net)
                      0.141371    0.000000    0.066110 ^ clkbuf_0_clk/I (gf180mcu_fd_sc_mcu7t5v0__clkbuf_16)
     2    0.049762    0.114819    0.252415    0.318525 ^ clkbuf_0_clk/Z (gf180mcu_fd_sc_mcu7t5v0__clkbuf_16)
                                                         clknet_0_clk (net)
                      0.114821    0.000997    0.319522 ^ clkbuf_1_0__f_clk/I (gf180mcu_fd_sc_mcu7t5v0__clkbuf_16)
     7    0.038526    0.105170    0.239652    0.559173 ^ clkbuf_1_0__f_clk/Z (gf180mcu_fd_sc_mcu7t5v0__clkbuf_16)
                                                         clknet_1_0__leaf_clk (net)
                      0.105172    0.000890    0.560064 ^ _224_/CLK (gf180mcu_fd_sc_mcu7t5v0__dffrnq_1)
                                  0.100000    0.660064   clock uncertainty
                                  0.000000    0.660064   clock reconvergence pessimism
                                  0.119595    0.779658   library hold time
                                              0.779658   data required time
---------------------------------------------------------------------------------------------
                                              0.779658   data required time
                                             -1.737727   data arrival time
---------------------------------------------------------------------------------------------
                                              0.958068   slack (MET)


Startpoint: _222_ (rising edge-triggered flip-flop clocked by clk)
Endpoint: _222_ (rising edge-triggered flip-flop clocked by clk)
Path Group: clk
Path Type: min

Fanout         Cap        Slew       Delay        Time   Description
---------------------------------------------------------------------------------------------
                                  0.000000    0.000000   clock clk (rise edge)
                                  0.000000    0.000000   clock source latency
     1    0.026437    0.141370    0.066110    0.066110 ^ clk (in)
                                                         clk (net)
                      0.141371    0.000000    0.066110 ^ clkbuf_0_clk/I (gf180mcu_fd_sc_mcu7t5v0__clkbuf_16)
     2    0.049762    0.114819    0.252415    0.318525 ^ clkbuf_0_clk/Z (gf180mcu_fd_sc_mcu7t5v0__clkbuf_16)
                                                         clknet_0_clk (net)
                      0.114821    0.000997    0.319522 ^ clkbuf_1_0__f_clk/I (gf180mcu_fd_sc_mcu7t5v0__clkbuf_16)
     7    0.038526    0.105170    0.239652    0.559173 ^ clkbuf_1_0__f_clk/Z (gf180mcu_fd_sc_mcu7t5v0__clkbuf_16)
                                                         clknet_1_0__leaf_clk (net)
                      0.105174    0.001198    0.560372 ^ _222_/CLK (gf180mcu_fd_sc_mcu7t5v0__dffrnq_1)
     4    0.027076    0.503293    1.097025    1.657396 ^ _222_/Q (gf180mcu_fd_sc_mcu7t5v0__dffrnq_1)
                                                         clk_scaler.counter[0] (net)
                      0.503293    0.000477    1.657873 ^ _160_/A1 (gf180mcu_fd_sc_mcu7t5v0__nor2_1)
     1    0.003442    0.182863    0.118362    1.776235 v _160_/ZN (gf180mcu_fd_sc_mcu7t5v0__nor2_1)
                                                         _000_ (net)
                      0.182863    0.000033    1.776267 v _222_/D (gf180mcu_fd_sc_mcu7t5v0__dffrnq_1)
                                              1.776267   data arrival time

                                  0.000000    0.000000   clock clk (rise edge)
                                  0.000000    0.000000   clock source latency
     1    0.026437    0.141370    0.066110    0.066110 ^ clk (in)
                                                         clk (net)
                      0.141371    0.000000    0.066110 ^ clkbuf_0_clk/I (gf180mcu_fd_sc_mcu7t5v0__clkbuf_16)
     2    0.049762    0.114819    0.252415    0.318525 ^ clkbuf_0_clk/Z (gf180mcu_fd_sc_mcu7t5v0__clkbuf_16)
                                                         clknet_0_clk (net)
                      0.114821    0.000997    0.319522 ^ clkbuf_1_0__f_clk/I (gf180mcu_fd_sc_mcu7t5v0__clkbuf_16)
     7    0.038526    0.105170    0.239652    0.559173 ^ clkbuf_1_0__f_clk/Z (gf180mcu_fd_sc_mcu7t5v0__clkbuf_16)
                                                         clknet_1_0__leaf_clk (net)
                      0.105174    0.001198    0.560372 ^ _222_/CLK (gf180mcu_fd_sc_mcu7t5v0__dffrnq_1)
                                  0.100000    0.660372   clock uncertainty
                                  0.000000    0.660372   clock reconvergence pessimism
                                  0.120214    0.780586   library hold time
                                              0.780586   data required time
---------------------------------------------------------------------------------------------
                                              0.780586   data required time
                                             -1.776267   data arrival time
---------------------------------------------------------------------------------------------
                                              0.995682   slack (MET)


Startpoint: _226_ (rising edge-triggered flip-flop clocked by clk)
Endpoint: _226_ (rising edge-triggered flip-flop clocked by clk)
Path Group: clk
Path Type: min

Fanout         Cap        Slew       Delay        Time   Description
---------------------------------------------------------------------------------------------
                                  0.000000    0.000000   clock clk (rise edge)
                                  0.000000    0.000000   clock source latency
     1    0.026437    0.141370    0.066110    0.066110 ^ clk (in)
                                                         clk (net)
                      0.141371    0.000000    0.066110 ^ clkbuf_0_clk/I (gf180mcu_fd_sc_mcu7t5v0__clkbuf_16)
     2    0.049762    0.114819    0.252415    0.318525 ^ clkbuf_0_clk/Z (gf180mcu_fd_sc_mcu7t5v0__clkbuf_16)
                                                         clknet_0_clk (net)
                      0.114821    0.000997    0.319522 ^ clkbuf_1_0__f_clk/I (gf180mcu_fd_sc_mcu7t5v0__clkbuf_16)
     7    0.038526    0.105170    0.239652    0.559173 ^ clkbuf_1_0__f_clk/Z (gf180mcu_fd_sc_mcu7t5v0__clkbuf_16)
                                                         clknet_1_0__leaf_clk (net)
                      0.105175    0.001349    0.560522 ^ _226_/CLK (gf180mcu_fd_sc_mcu7t5v0__dffrnq_1)
     3    0.019651    0.238759    0.790259    1.350782 v _226_/Q (gf180mcu_fd_sc_mcu7t5v0__dffrnq_1)
                                                         clk_scaler.counter[4] (net)
                      0.238759    0.000309    1.351091 v _169_/A1 (gf180mcu_fd_sc_mcu7t5v0__xnor2_1)
     1    0.006468    0.305356    0.291808    1.642899 ^ _169_/ZN (gf180mcu_fd_sc_mcu7t5v0__xnor2_1)
                                                         _082_ (net)
                      0.305356    0.000134    1.643033 ^ _170_/A2 (gf180mcu_fd_sc_mcu7t5v0__nor2_1)
     1    0.004006    0.164412    0.147164    1.790197 v _170_/ZN (gf180mcu_fd_sc_mcu7t5v0__nor2_1)
                                                         _006_ (net)
                      0.164412    0.000045    1.790242 v _226_/D (gf180mcu_fd_sc_mcu7t5v0__dffrnq_1)
                                              1.790242   data arrival time

                                  0.000000    0.000000   clock clk (rise edge)
                                  0.000000    0.000000   clock source latency
     1    0.026437    0.141370    0.066110    0.066110 ^ clk (in)
                                                         clk (net)
                      0.141371    0.000000    0.066110 ^ clkbuf_0_clk/I (gf180mcu_fd_sc_mcu7t5v0__clkbuf_16)
     2    0.049762    0.114819    0.252415    0.318525 ^ clkbuf_0_clk/Z (gf180mcu_fd_sc_mcu7t5v0__clkbuf_16)
                                                         clknet_0_clk (net)
                      0.114821    0.000997    0.319522 ^ clkbuf_1_0__f_clk/I (gf180mcu_fd_sc_mcu7t5v0__clkbuf_16)
     7    0.038526    0.105170    0.239652    0.559173 ^ clkbuf_1_0__f_clk/Z (gf180mcu_fd_sc_mcu7t5v0__clkbuf_16)
                                                         clknet_1_0__leaf_clk (net)
                      0.105175    0.001349    0.560522 ^ _226_/CLK (gf180mcu_fd_sc_mcu7t5v0__dffrnq_1)
                                  0.100000    0.660522   clock uncertainty
                                  0.000000    0.660522   clock reconvergence pessimism
                                  0.123983    0.784505   library hold time
                                              0.784505   data required time
---------------------------------------------------------------------------------------------
                                              0.784505   data required time
                                             -1.790242   data arrival time
---------------------------------------------------------------------------------------------
                                              1.005737   slack (MET)


Startpoint: _223_ (rising edge-triggered flip-flop clocked by clk)
Endpoint: _223_ (rising edge-triggered flip-flop clocked by clk)
Path Group: clk
Path Type: min

Fanout         Cap        Slew       Delay        Time   Description
---------------------------------------------------------------------------------------------
                                  0.000000    0.000000   clock clk (rise edge)
                                  0.000000    0.000000   clock source latency
     1    0.026437    0.141370    0.066110    0.066110 ^ clk (in)
                                                         clk (net)
                      0.141371    0.000000    0.066110 ^ clkbuf_0_clk/I (gf180mcu_fd_sc_mcu7t5v0__clkbuf_16)
     2    0.049762    0.114819    0.252415    0.318525 ^ clkbuf_0_clk/Z (gf180mcu_fd_sc_mcu7t5v0__clkbuf_16)
                                                         clknet_0_clk (net)
                      0.114821    0.000997    0.319522 ^ clkbuf_1_0__f_clk/I (gf180mcu_fd_sc_mcu7t5v0__clkbuf_16)
     7    0.038526    0.105170    0.239652    0.559173 ^ clkbuf_1_0__f_clk/Z (gf180mcu_fd_sc_mcu7t5v0__clkbuf_16)
                                                         clknet_1_0__leaf_clk (net)
                      0.105175    0.001357    0.560531 ^ _223_/CLK (gf180mcu_fd_sc_mcu7t5v0__dffrnq_1)
     4    0.024377    0.280062    0.818962    1.379493 v _223_/Q (gf180mcu_fd_sc_mcu7t5v0__dffrnq_1)
                                                         clk_scaler.counter[1] (net)
                      0.280063    0.000315    1.379807 v _161_/A1 (gf180mcu_fd_sc_mcu7t5v0__xnor2_1)
     1    0.006768    0.309110    0.309436    1.689243 ^ _161_/ZN (gf180mcu_fd_sc_mcu7t5v0__xnor2_1)
                                                         _077_ (net)
                      0.309110    0.000149    1.689392 ^ _162_/A2 (gf180mcu_fd_sc_mcu7t5v0__nor2_1)
     1    0.003761    0.161274    0.144972    1.834364 v _162_/ZN (gf180mcu_fd_sc_mcu7t5v0__nor2_1)
                                                         _003_ (net)
                      0.161274    0.000070    1.834434 v _223_/D (gf180mcu_fd_sc_mcu7t5v0__dffrnq_1)
                                              1.834434   data arrival time

                                  0.000000    0.000000   clock clk (rise edge)
                                  0.000000    0.000000   clock source latency
     1    0.026437    0.141370    0.066110    0.066110 ^ clk (in)
                                                         clk (net)
                      0.141371    0.000000    0.066110 ^ clkbuf_0_clk/I (gf180mcu_fd_sc_mcu7t5v0__clkbuf_16)
     2    0.049762    0.114819    0.252415    0.318525 ^ clkbuf_0_clk/Z (gf180mcu_fd_sc_mcu7t5v0__clkbuf_16)
                                                         clknet_0_clk (net)
                      0.114821    0.000997    0.319522 ^ clkbuf_1_0__f_clk/I (gf180mcu_fd_sc_mcu7t5v0__clkbuf_16)
     7    0.038526    0.105170    0.239652    0.559173 ^ clkbuf_1_0__f_clk/Z (gf180mcu_fd_sc_mcu7t5v0__clkbuf_16)
                                                         clknet_1_0__leaf_clk (net)
                      0.105175    0.001357    0.560531 ^ _223_/CLK (gf180mcu_fd_sc_mcu7t5v0__dffrnq_1)
                                  0.100000    0.660531   clock uncertainty
                                  0.000000    0.660531   clock reconvergence pessimism
                                  0.124624    0.785155   library hold time
                                              0.785155   data required time
---------------------------------------------------------------------------------------------
                                              0.785155   data required time
                                             -1.834434   data arrival time
---------------------------------------------------------------------------------------------
                                              1.049279   slack (MET)


Startpoint: _229_ (rising edge-triggered flip-flop clocked by clk)
Endpoint: _253_ (rising edge-triggered flip-flop clocked by clk)
Path Group: clk
Path Type: min

Fanout         Cap        Slew       Delay        Time   Description
---------------------------------------------------------------------------------------------
                                  0.000000    0.000000   clock clk (rise edge)
                                  0.000000    0.000000   clock source latency
     1    0.026437    0.141370    0.066110    0.066110 ^ clk (in)
                                                         clk (net)
                      0.141371    0.000000    0.066110 ^ clkbuf_0_clk/I (gf180mcu_fd_sc_mcu7t5v0__clkbuf_16)
     2    0.049762    0.114819    0.252415    0.318525 ^ clkbuf_0_clk/Z (gf180mcu_fd_sc_mcu7t5v0__clkbuf_16)
                                                         clknet_0_clk (net)
                      0.114821    0.000976    0.319500 ^ clkbuf_1_1__f_clk/I (gf180mcu_fd_sc_mcu7t5v0__clkbuf_16)
     7    0.032579    0.100046    0.235824    0.555324 ^ clkbuf_1_1__f_clk/Z (gf180mcu_fd_sc_mcu7t5v0__clkbuf_16)
                                                         clknet_1_1__leaf_clk (net)
                      0.100047    0.000524    0.555849 ^ _229_/CLK (gf180mcu_fd_sc_mcu7t5v0__dffrnq_1)
     1    0.006587    0.197741    0.895996    1.451844 ^ _229_/Q (gf180mcu_fd_sc_mcu7t5v0__dffrnq_1)
                                                         clk_scaler.counter[7] (net)
                      0.197741    0.000090    1.451934 ^ _155_/A1 (gf180mcu_fd_sc_mcu7t5v0__nor2_1)
     1    0.013092    0.227300    0.190741    1.642675 v _155_/ZN (gf180mcu_fd_sc_mcu7t5v0__nor2_1)
                                                         _072_ (net)
                      0.227300    0.000228    1.642904 v _157_/B (gf180mcu_fd_sc_mcu7t5v0__oai211_2)
     3    0.016479    0.350899    0.279432    1.922336 ^ _157_/ZN (gf180mcu_fd_sc_mcu7t5v0__oai211_2)
                                                         _074_ (net)
                      0.350899    0.000262    1.922598 ^ _209_/A2 (gf180mcu_fd_sc_mcu7t5v0__aoi21_1)
     1    0.004055    0.156205    0.118380    2.040978 v _209_/ZN (gf180mcu_fd_sc_mcu7t5v0__aoi21_1)
                                                         _044_ (net)
                      0.156205    0.000078    2.041056 v _253_/D (gf180mcu_fd_sc_mcu7t5v0__dffrnq_1)
                                              2.041056   data arrival time

                                  0.000000    0.000000   clock clk (rise edge)
                                  0.000000    0.000000   clock source latency
     1    0.026437    0.141370    0.066110    0.066110 ^ clk (in)
                                                         clk (net)
                      0.141371    0.000000    0.066110 ^ clkbuf_0_clk/I (gf180mcu_fd_sc_mcu7t5v0__clkbuf_16)
     2    0.049762    0.114819    0.252415    0.318525 ^ clkbuf_0_clk/Z (gf180mcu_fd_sc_mcu7t5v0__clkbuf_16)
                                                         clknet_0_clk (net)
                      0.114821    0.000997    0.319522 ^ clkbuf_1_0__f_clk/I (gf180mcu_fd_sc_mcu7t5v0__clkbuf_16)
     7    0.038526    0.105170    0.239652    0.559173 ^ clkbuf_1_0__f_clk/Z (gf180mcu_fd_sc_mcu7t5v0__clkbuf_16)
                                                         clknet_1_0__leaf_clk (net)
                      0.105170    0.000254    0.559427 ^ _253_/CLK (gf180mcu_fd_sc_mcu7t5v0__dffrnq_1)
                                  0.100000    0.659427   clock uncertainty
                                  0.000000    0.659427   clock reconvergence pessimism
                                  0.125659    0.785086   library hold time
                                              0.785086   data required time
---------------------------------------------------------------------------------------------
                                              0.785086   data required time
                                             -2.041056   data arrival time
---------------------------------------------------------------------------------------------
                                              1.255971   slack (MET)


Startpoint: rst_n (input port clocked by clk)
Endpoint: _224_ (removal check against rising-edge clock clk)
Path Group: asynchronous
Path Type: min

Fanout         Cap        Slew       Delay        Time   Description
---------------------------------------------------------------------------------------------
                                  0.000000    0.000000   clock clk (rise edge)
                                  0.000000    0.000000   clock network delay (propagated)
                                  4.000000    4.000000 ^ input external delay
     1    0.004385    0.119861    0.043495    4.043495 ^ rst_n (in)
                                                         rst_n (net)
                      0.119861    0.000000    4.043495 ^ input10/I (gf180mcu_fd_sc_mcu7t5v0__clkbuf_1)
     1    0.006948    0.163371    0.229695    4.273190 ^ input10/Z (gf180mcu_fd_sc_mcu7t5v0__clkbuf_1)
                                                         net10 (net)
                      0.163371    0.000093    4.273283 ^ fanout17/I (gf180mcu_fd_sc_mcu7t5v0__buf_2)
     6    0.063533    0.544404    0.452775    4.726058 ^ fanout17/Z (gf180mcu_fd_sc_mcu7t5v0__buf_2)
                                                         net17 (net)
                      0.544435    0.002309    4.728367 ^ fanout15/I (gf180mcu_fd_sc_mcu7t5v0__buf_2)
     9    0.072681    0.617359    0.532567    5.260934 ^ fanout15/Z (gf180mcu_fd_sc_mcu7t5v0__buf_2)
                                                         net15 (net)
                      0.617400    0.002808    5.263742 ^ _224_/RN (gf180mcu_fd_sc_mcu7t5v0__dffrnq_1)
                                              5.263742   data arrival time

                                  0.000000    0.000000   clock clk (rise edge)
                                  0.000000    0.000000   clock source latency
     1    0.026437    0.141370    0.066110    0.066110 ^ clk (in)
                                                         clk (net)
                      0.141371    0.000000    0.066110 ^ clkbuf_0_clk/I (gf180mcu_fd_sc_mcu7t5v0__clkbuf_16)
     2    0.049762    0.114819    0.252415    0.318525 ^ clkbuf_0_clk/Z (gf180mcu_fd_sc_mcu7t5v0__clkbuf_16)
                                                         clknet_0_clk (net)
                      0.114821    0.000997    0.319522 ^ clkbuf_1_0__f_clk/I (gf180mcu_fd_sc_mcu7t5v0__clkbuf_16)
     7    0.038526    0.105170    0.239652    0.559173 ^ clkbuf_1_0__f_clk/Z (gf180mcu_fd_sc_mcu7t5v0__clkbuf_16)
                                                         clknet_1_0__leaf_clk (net)
                      0.105172    0.000890    0.560064 ^ _224_/CLK (gf180mcu_fd_sc_mcu7t5v0__dffrnq_1)
                                  0.100000    0.660064   clock uncertainty
                                  0.000000    0.660064   clock reconvergence pessimism
                                  0.386536    1.046600   library removal time
                                              1.046600   data required time
---------------------------------------------------------------------------------------------
                                              1.046600   data required time
                                             -5.263742   data arrival time
---------------------------------------------------------------------------------------------
                                              4.217142   slack (MET)


Startpoint: rst_n (input port clocked by clk)
Endpoint: _225_ (removal check against rising-edge clock clk)
Path Group: asynchronous
Path Type: min

Fanout         Cap        Slew       Delay        Time   Description
---------------------------------------------------------------------------------------------
                                  0.000000    0.000000   clock clk (rise edge)
                                  0.000000    0.000000   clock network delay (propagated)
                                  4.000000    4.000000 ^ input external delay
     1    0.004385    0.119861    0.043495    4.043495 ^ rst_n (in)
                                                         rst_n (net)
                      0.119861    0.000000    4.043495 ^ input10/I (gf180mcu_fd_sc_mcu7t5v0__clkbuf_1)
     1    0.006948    0.163371    0.229695    4.273190 ^ input10/Z (gf180mcu_fd_sc_mcu7t5v0__clkbuf_1)
                                                         net10 (net)
                      0.163371    0.000093    4.273283 ^ fanout17/I (gf180mcu_fd_sc_mcu7t5v0__buf_2)
     6    0.063533    0.544404    0.452775    4.726058 ^ fanout17/Z (gf180mcu_fd_sc_mcu7t5v0__buf_2)
                                                         net17 (net)
                      0.544435    0.002309    4.728367 ^ fanout15/I (gf180mcu_fd_sc_mcu7t5v0__buf_2)
     9    0.072681    0.617359    0.532567    5.260934 ^ fanout15/Z (gf180mcu_fd_sc_mcu7t5v0__buf_2)
                                                         net15 (net)
                      0.617398    0.002743    5.263677 ^ _225_/RN (gf180mcu_fd_sc_mcu7t5v0__dffrnq_1)
                                              5.263677   data arrival time

                                  0.000000    0.000000   clock clk (rise edge)
                                  0.000000    0.000000   clock source latency
     1    0.026437    0.141370    0.066110    0.066110 ^ clk (in)
                                                         clk (net)
                      0.141371    0.000000    0.066110 ^ clkbuf_0_clk/I (gf180mcu_fd_sc_mcu7t5v0__clkbuf_16)
     2    0.049762    0.114819    0.252415    0.318525 ^ clkbuf_0_clk/Z (gf180mcu_fd_sc_mcu7t5v0__clkbuf_16)
                                                         clknet_0_clk (net)
                      0.114821    0.000997    0.319522 ^ clkbuf_1_0__f_clk/I (gf180mcu_fd_sc_mcu7t5v0__clkbuf_16)
     7    0.038526    0.105170    0.239652    0.559173 ^ clkbuf_1_0__f_clk/Z (gf180mcu_fd_sc_mcu7t5v0__clkbuf_16)
                                                         clknet_1_0__leaf_clk (net)
                      0.105171    0.000558    0.559732 ^ _225_/CLK (gf180mcu_fd_sc_mcu7t5v0__dffrnq_1)
                                  0.100000    0.659732   clock uncertainty
                                  0.000000    0.659732   clock reconvergence pessimism
                                  0.386536    1.046268   library removal time
                                              1.046268   data required time
---------------------------------------------------------------------------------------------
                                              1.046268   data required time
                                             -5.263677   data arrival time
---------------------------------------------------------------------------------------------
                                              4.217409   slack (MET)


Startpoint: rst_n (input port clocked by clk)
Endpoint: _253_ (removal check against rising-edge clock clk)
Path Group: asynchronous
Path Type: min

Fanout         Cap        Slew       Delay        Time   Description
---------------------------------------------------------------------------------------------
                                  0.000000    0.000000   clock clk (rise edge)
                                  0.000000    0.000000   clock network delay (propagated)
                                  4.000000    4.000000 ^ input external delay
     1    0.004385    0.119861    0.043495    4.043495 ^ rst_n (in)
                                                         rst_n (net)
                      0.119861    0.000000    4.043495 ^ input10/I (gf180mcu_fd_sc_mcu7t5v0__clkbuf_1)
     1    0.006948    0.163371    0.229695    4.273190 ^ input10/Z (gf180mcu_fd_sc_mcu7t5v0__clkbuf_1)
                                                         net10 (net)
                      0.163371    0.000093    4.273283 ^ fanout17/I (gf180mcu_fd_sc_mcu7t5v0__buf_2)
     6    0.063533    0.544404    0.452775    4.726058 ^ fanout17/Z (gf180mcu_fd_sc_mcu7t5v0__buf_2)
                                                         net17 (net)
                      0.544435    0.002309    4.728367 ^ fanout15/I (gf180mcu_fd_sc_mcu7t5v0__buf_2)
     9    0.072681    0.617359    0.532567    5.260934 ^ fanout15/Z (gf180mcu_fd_sc_mcu7t5v0__buf_2)
                                                         net15 (net)
                      0.617406    0.003020    5.263954 ^ _253_/RN (gf180mcu_fd_sc_mcu7t5v0__dffrnq_1)
                                              5.263954   data arrival time

                                  0.000000    0.000000   clock clk (rise edge)
                                  0.000000    0.000000   clock source latency
     1    0.026437    0.141370    0.066110    0.066110 ^ clk (in)
                                                         clk (net)
                      0.141371    0.000000    0.066110 ^ clkbuf_0_clk/I (gf180mcu_fd_sc_mcu7t5v0__clkbuf_16)
     2    0.049762    0.114819    0.252415    0.318525 ^ clkbuf_0_clk/Z (gf180mcu_fd_sc_mcu7t5v0__clkbuf_16)
                                                         clknet_0_clk (net)
                      0.114821    0.000997    0.319522 ^ clkbuf_1_0__f_clk/I (gf180mcu_fd_sc_mcu7t5v0__clkbuf_16)
     7    0.038526    0.105170    0.239652    0.559173 ^ clkbuf_1_0__f_clk/Z (gf180mcu_fd_sc_mcu7t5v0__clkbuf_16)
                                                         clknet_1_0__leaf_clk (net)
                      0.105170    0.000254    0.559427 ^ _253_/CLK (gf180mcu_fd_sc_mcu7t5v0__dffrnq_1)
                                  0.100000    0.659427   clock uncertainty
                                  0.000000    0.659427   clock reconvergence pessimism
                                  0.386537    1.045964   library removal time
                                              1.045964   data required time
---------------------------------------------------------------------------------------------
                                              1.045964   data required time
                                             -5.263954   data arrival time
---------------------------------------------------------------------------------------------
                                              4.217990   slack (MET)


Startpoint: rst_n (input port clocked by clk)
Endpoint: _222_ (removal check against rising-edge clock clk)
Path Group: asynchronous
Path Type: min

Fanout         Cap        Slew       Delay        Time   Description
---------------------------------------------------------------------------------------------
                                  0.000000    0.000000   clock clk (rise edge)
                                  0.000000    0.000000   clock network delay (propagated)
                                  4.000000    4.000000 ^ input external delay
     1    0.004385    0.119861    0.043495    4.043495 ^ rst_n (in)
                                                         rst_n (net)
                      0.119861    0.000000    4.043495 ^ input10/I (gf180mcu_fd_sc_mcu7t5v0__clkbuf_1)
     1    0.006948    0.163371    0.229695    4.273190 ^ input10/Z (gf180mcu_fd_sc_mcu7t5v0__clkbuf_1)
                                                         net10 (net)
                      0.163371    0.000093    4.273283 ^ fanout17/I (gf180mcu_fd_sc_mcu7t5v0__buf_2)
     6    0.063533    0.544404    0.452775    4.726058 ^ fanout17/Z (gf180mcu_fd_sc_mcu7t5v0__buf_2)
                                                         net17 (net)
                      0.544451    0.002830    4.728888 ^ fanout14/I (gf180mcu_fd_sc_mcu7t5v0__clkbuf_4)
    10    0.087435    0.389969    0.517255    5.246142 ^ fanout14/Z (gf180mcu_fd_sc_mcu7t5v0__clkbuf_4)
                                                         net14 (net)
                      0.389974    0.000461    5.246603 ^ _222_/RN (gf180mcu_fd_sc_mcu7t5v0__dffrnq_1)
                                              5.246603   data arrival time

                                  0.000000    0.000000   clock clk (rise edge)
                                  0.000000    0.000000   clock source latency
     1    0.026437    0.141370    0.066110    0.066110 ^ clk (in)
                                                         clk (net)
                      0.141371    0.000000    0.066110 ^ clkbuf_0_clk/I (gf180mcu_fd_sc_mcu7t5v0__clkbuf_16)
     2    0.049762    0.114819    0.252415    0.318525 ^ clkbuf_0_clk/Z (gf180mcu_fd_sc_mcu7t5v0__clkbuf_16)
                                                         clknet_0_clk (net)
                      0.114821    0.000997    0.319522 ^ clkbuf_1_0__f_clk/I (gf180mcu_fd_sc_mcu7t5v0__clkbuf_16)
     7    0.038526    0.105170    0.239652    0.559173 ^ clkbuf_1_0__f_clk/Z (gf180mcu_fd_sc_mcu7t5v0__clkbuf_16)
                                                         clknet_1_0__leaf_clk (net)
                      0.105174    0.001198    0.560372 ^ _222_/CLK (gf180mcu_fd_sc_mcu7t5v0__dffrnq_1)
                                  0.100000    0.660372   clock uncertainty
                                  0.000000    0.660372   clock reconvergence pessimism
                                  0.368031    1.028403   library removal time
                                              1.028403   data required time
---------------------------------------------------------------------------------------------
                                              1.028403   data required time
                                             -5.246603   data arrival time
---------------------------------------------------------------------------------------------
                                              4.218200   slack (MET)


Startpoint: rst_n (input port clocked by clk)
Endpoint: _223_ (removal check against rising-edge clock clk)
Path Group: asynchronous
Path Type: min

Fanout         Cap        Slew       Delay        Time   Description
---------------------------------------------------------------------------------------------
                                  0.000000    0.000000   clock clk (rise edge)
                                  0.000000    0.000000   clock network delay (propagated)
                                  4.000000    4.000000 ^ input external delay
     1    0.004385    0.119861    0.043495    4.043495 ^ rst_n (in)
                                                         rst_n (net)
                      0.119861    0.000000    4.043495 ^ input10/I (gf180mcu_fd_sc_mcu7t5v0__clkbuf_1)
     1    0.006948    0.163371    0.229695    4.273190 ^ input10/Z (gf180mcu_fd_sc_mcu7t5v0__clkbuf_1)
                                                         net10 (net)
                      0.163371    0.000093    4.273283 ^ fanout17/I (gf180mcu_fd_sc_mcu7t5v0__buf_2)
     6    0.063533    0.544404    0.452775    4.726058 ^ fanout17/Z (gf180mcu_fd_sc_mcu7t5v0__buf_2)
                                                         net17 (net)
                      0.544451    0.002830    4.728888 ^ fanout14/I (gf180mcu_fd_sc_mcu7t5v0__clkbuf_4)
    10    0.087435    0.389969    0.517255    5.246142 ^ fanout14/Z (gf180mcu_fd_sc_mcu7t5v0__clkbuf_4)
                                                         net14 (net)
                      0.389986    0.001118    5.247260 ^ _223_/RN (gf180mcu_fd_sc_mcu7t5v0__dffrnq_1)
                                              5.247260   data arrival time

                                  0.000000    0.000000   clock clk (rise edge)
                                  0.000000    0.000000   clock source latency
     1    0.026437    0.141370    0.066110    0.066110 ^ clk (in)
                                                         clk (net)
                      0.141371    0.000000    0.066110 ^ clkbuf_0_clk/I (gf180mcu_fd_sc_mcu7t5v0__clkbuf_16)
     2    0.049762    0.114819    0.252415    0.318525 ^ clkbuf_0_clk/Z (gf180mcu_fd_sc_mcu7t5v0__clkbuf_16)
                                                         clknet_0_clk (net)
                      0.114821    0.000997    0.319522 ^ clkbuf_1_0__f_clk/I (gf180mcu_fd_sc_mcu7t5v0__clkbuf_16)
     7    0.038526    0.105170    0.239652    0.559173 ^ clkbuf_1_0__f_clk/Z (gf180mcu_fd_sc_mcu7t5v0__clkbuf_16)
                                                         clknet_1_0__leaf_clk (net)
                      0.105175    0.001357    0.560531 ^ _223_/CLK (gf180mcu_fd_sc_mcu7t5v0__dffrnq_1)
                                  0.100000    0.660531   clock uncertainty
                                  0.000000    0.660531   clock reconvergence pessimism
                                  0.368032    1.028563   library removal time
                                              1.028563   data required time
---------------------------------------------------------------------------------------------
                                              1.028563   data required time
                                             -5.247260   data arrival time
---------------------------------------------------------------------------------------------
                                              4.218697   slack (MET)


Startpoint: rst_n (input port clocked by clk)
Endpoint: _226_ (removal check against rising-edge clock clk)
Path Group: asynchronous
Path Type: min

Fanout         Cap        Slew       Delay        Time   Description
---------------------------------------------------------------------------------------------
                                  0.000000    0.000000   clock clk (rise edge)
                                  0.000000    0.000000   clock network delay (propagated)
                                  4.000000    4.000000 ^ input external delay
     1    0.004385    0.119861    0.043495    4.043495 ^ rst_n (in)
                                                         rst_n (net)
                      0.119861    0.000000    4.043495 ^ input10/I (gf180mcu_fd_sc_mcu7t5v0__clkbuf_1)
     1    0.006948    0.163371    0.229695    4.273190 ^ input10/Z (gf180mcu_fd_sc_mcu7t5v0__clkbuf_1)
                                                         net10 (net)
                      0.163371    0.000093    4.273283 ^ fanout17/I (gf180mcu_fd_sc_mcu7t5v0__buf_2)
     6    0.063533    0.544404    0.452775    4.726058 ^ fanout17/Z (gf180mcu_fd_sc_mcu7t5v0__buf_2)
                                                         net17 (net)
                      0.544451    0.002830    4.728888 ^ fanout14/I (gf180mcu_fd_sc_mcu7t5v0__clkbuf_4)
    10    0.087435    0.389969    0.517255    5.246142 ^ fanout14/Z (gf180mcu_fd_sc_mcu7t5v0__clkbuf_4)
                                                         net14 (net)
                      0.389998    0.001624    5.247767 ^ _226_/RN (gf180mcu_fd_sc_mcu7t5v0__dffrnq_1)
                                              5.247767   data arrival time

                                  0.000000    0.000000   clock clk (rise edge)
                                  0.000000    0.000000   clock source latency
     1    0.026437    0.141370    0.066110    0.066110 ^ clk (in)
                                                         clk (net)
                      0.141371    0.000000    0.066110 ^ clkbuf_0_clk/I (gf180mcu_fd_sc_mcu7t5v0__clkbuf_16)
     2    0.049762    0.114819    0.252415    0.318525 ^ clkbuf_0_clk/Z (gf180mcu_fd_sc_mcu7t5v0__clkbuf_16)
                                                         clknet_0_clk (net)
                      0.114821    0.000997    0.319522 ^ clkbuf_1_0__f_clk/I (gf180mcu_fd_sc_mcu7t5v0__clkbuf_16)
     7    0.038526    0.105170    0.239652    0.559173 ^ clkbuf_1_0__f_clk/Z (gf180mcu_fd_sc_mcu7t5v0__clkbuf_16)
                                                         clknet_1_0__leaf_clk (net)
                      0.105175    0.001349    0.560522 ^ _226_/CLK (gf180mcu_fd_sc_mcu7t5v0__dffrnq_1)
                                  0.100000    0.660522   clock uncertainty
                                  0.000000    0.660522   clock reconvergence pessimism
                                  0.368033    1.028555   library removal time
                                              1.028555   data required time
---------------------------------------------------------------------------------------------
                                              1.028555   data required time
                                             -5.247767   data arrival time
---------------------------------------------------------------------------------------------
                                              4.219211   slack (MET)


Startpoint: rst_n (input port clocked by clk)
Endpoint: _227_ (removal check against rising-edge clock clk)
Path Group: asynchronous
Path Type: min

Fanout         Cap        Slew       Delay        Time   Description
---------------------------------------------------------------------------------------------
                                  0.000000    0.000000   clock clk (rise edge)
                                  0.000000    0.000000   clock network delay (propagated)
                                  4.000000    4.000000 ^ input external delay
     1    0.004385    0.119861    0.043495    4.043495 ^ rst_n (in)
                                                         rst_n (net)
                      0.119861    0.000000    4.043495 ^ input10/I (gf180mcu_fd_sc_mcu7t5v0__clkbuf_1)
     1    0.006948    0.163371    0.229695    4.273190 ^ input10/Z (gf180mcu_fd_sc_mcu7t5v0__clkbuf_1)
                                                         net10 (net)
                      0.163371    0.000093    4.273283 ^ fanout17/I (gf180mcu_fd_sc_mcu7t5v0__buf_2)
     6    0.063533    0.544404    0.452775    4.726058 ^ fanout17/Z (gf180mcu_fd_sc_mcu7t5v0__buf_2)
                                                         net17 (net)
                      0.544451    0.002830    4.728888 ^ fanout14/I (gf180mcu_fd_sc_mcu7t5v0__clkbuf_4)
    10    0.087435    0.389969    0.517255    5.246142 ^ fanout14/Z (gf180mcu_fd_sc_mcu7t5v0__clkbuf_4)
                                                         net14 (net)
                      0.390003    0.001820    5.247962 ^ _227_/RN (gf180mcu_fd_sc_mcu7t5v0__dffrnq_1)
                                              5.247962   data arrival time

                                  0.000000    0.000000   clock clk (rise edge)
                                  0.000000    0.000000   clock source latency
     1    0.026437    0.141370    0.066110    0.066110 ^ clk (in)
                                                         clk (net)
                      0.141371    0.000000    0.066110 ^ clkbuf_0_clk/I (gf180mcu_fd_sc_mcu7t5v0__clkbuf_16)
     2    0.049762    0.114819    0.252415    0.318525 ^ clkbuf_0_clk/Z (gf180mcu_fd_sc_mcu7t5v0__clkbuf_16)
                                                         clknet_0_clk (net)
                      0.114821    0.000997    0.319522 ^ clkbuf_1_0__f_clk/I (gf180mcu_fd_sc_mcu7t5v0__clkbuf_16)
     7    0.038526    0.105170    0.239652    0.559173 ^ clkbuf_1_0__f_clk/Z (gf180mcu_fd_sc_mcu7t5v0__clkbuf_16)
                                                         clknet_1_0__leaf_clk (net)
                      0.105175    0.001365    0.560538 ^ _227_/CLK (gf180mcu_fd_sc_mcu7t5v0__dffrnq_1)
                                  0.100000    0.660538   clock uncertainty
                                  0.000000    0.660538   clock reconvergence pessimism
                                  0.368033    1.028571   library removal time
                                              1.028571   data required time
---------------------------------------------------------------------------------------------
                                              1.028571   data required time
                                             -5.247962   data arrival time
---------------------------------------------------------------------------------------------
                                              4.219391   slack (MET)


Startpoint: rst_n (input port clocked by clk)
Endpoint: _231_ (removal check against rising-edge clock clk)
Path Group: asynchronous
Path Type: min

Fanout         Cap        Slew       Delay        Time   Description
---------------------------------------------------------------------------------------------
                                  0.000000    0.000000   clock clk (rise edge)
                                  0.000000    0.000000   clock network delay (propagated)
                                  4.000000    4.000000 ^ input external delay
     1    0.004385    0.119861    0.043495    4.043495 ^ rst_n (in)
                                                         rst_n (net)
                      0.119861    0.000000    4.043495 ^ input10/I (gf180mcu_fd_sc_mcu7t5v0__clkbuf_1)
     1    0.006948    0.163371    0.229695    4.273190 ^ input10/Z (gf180mcu_fd_sc_mcu7t5v0__clkbuf_1)
                                                         net10 (net)
                      0.163371    0.000093    4.273283 ^ fanout17/I (gf180mcu_fd_sc_mcu7t5v0__buf_2)
     6    0.063533    0.544404    0.452775    4.726058 ^ fanout17/Z (gf180mcu_fd_sc_mcu7t5v0__buf_2)
                                                         net17 (net)
                      0.544435    0.002309    4.728367 ^ fanout15/I (gf180mcu_fd_sc_mcu7t5v0__buf_2)
     9    0.072681    0.617359    0.532567    5.260934 ^ fanout15/Z (gf180mcu_fd_sc_mcu7t5v0__buf_2)
                                                         net15 (net)
                      0.617406    0.003025    5.263959 ^ _231_/RN (gf180mcu_fd_sc_mcu7t5v0__dffrnq_1)
                                              5.263959   data arrival time

                                  0.000000    0.000000   clock clk (rise edge)
                                  0.000000    0.000000   clock source latency
     1    0.026437    0.141370    0.066110    0.066110 ^ clk (in)
                                                         clk (net)
                      0.141371    0.000000    0.066110 ^ clkbuf_0_clk/I (gf180mcu_fd_sc_mcu7t5v0__clkbuf_16)
     2    0.049762    0.114819    0.252415    0.318525 ^ clkbuf_0_clk/Z (gf180mcu_fd_sc_mcu7t5v0__clkbuf_16)
                                                         clknet_0_clk (net)
                      0.114821    0.000976    0.319500 ^ clkbuf_1_1__f_clk/I (gf180mcu_fd_sc_mcu7t5v0__clkbuf_16)
     7    0.032579    0.100046    0.235824    0.555324 ^ clkbuf_1_1__f_clk/Z (gf180mcu_fd_sc_mcu7t5v0__clkbuf_16)
                                                         clknet_1_1__leaf_clk (net)
                      0.100046    0.000372    0.555697 ^ _231_/CLK (gf180mcu_fd_sc_mcu7t5v0__dffrnq_1)
                                  0.100000    0.655697   clock uncertainty
                                  0.000000    0.655697   clock reconvergence pessimism
                                  0.385791    1.041488   library removal time
                                              1.041488   data required time
---------------------------------------------------------------------------------------------
                                              1.041488   data required time
                                             -5.263959   data arrival time
---------------------------------------------------------------------------------------------
                                              4.222471   slack (MET)


Startpoint: rst_n (input port clocked by clk)
Endpoint: _229_ (removal check against rising-edge clock clk)
Path Group: asynchronous
Path Type: min

Fanout         Cap        Slew       Delay        Time   Description
---------------------------------------------------------------------------------------------
                                  0.000000    0.000000   clock clk (rise edge)
                                  0.000000    0.000000   clock network delay (propagated)
                                  4.000000    4.000000 ^ input external delay
     1    0.004385    0.119861    0.043495    4.043495 ^ rst_n (in)
                                                         rst_n (net)
                      0.119861    0.000000    4.043495 ^ input10/I (gf180mcu_fd_sc_mcu7t5v0__clkbuf_1)
     1    0.006948    0.163371    0.229695    4.273190 ^ input10/Z (gf180mcu_fd_sc_mcu7t5v0__clkbuf_1)
                                                         net10 (net)
                      0.163371    0.000093    4.273283 ^ fanout17/I (gf180mcu_fd_sc_mcu7t5v0__buf_2)
     6    0.063533    0.544404    0.452775    4.726058 ^ fanout17/Z (gf180mcu_fd_sc_mcu7t5v0__buf_2)
                                                         net17 (net)
                      0.544451    0.002830    4.728888 ^ fanout14/I (gf180mcu_fd_sc_mcu7t5v0__clkbuf_4)
    10    0.087435    0.389969    0.517255    5.246142 ^ fanout14/Z (gf180mcu_fd_sc_mcu7t5v0__clkbuf_4)
                                                         net14 (net)
                      0.390028    0.002690    5.248833 ^ _229_/RN (gf180mcu_fd_sc_mcu7t5v0__dffrnq_1)
                                              5.248833   data arrival time

                                  0.000000    0.000000   clock clk (rise edge)
                                  0.000000    0.000000   clock source latency
     1    0.026437    0.141370    0.066110    0.066110 ^ clk (in)
                                                         clk (net)
                      0.141371    0.000000    0.066110 ^ clkbuf_0_clk/I (gf180mcu_fd_sc_mcu7t5v0__clkbuf_16)
     2    0.049762    0.114819    0.252415    0.318525 ^ clkbuf_0_clk/Z (gf180mcu_fd_sc_mcu7t5v0__clkbuf_16)
                                                         clknet_0_clk (net)
                      0.114821    0.000976    0.319500 ^ clkbuf_1_1__f_clk/I (gf180mcu_fd_sc_mcu7t5v0__clkbuf_16)
     7    0.032579    0.100046    0.235824    0.555324 ^ clkbuf_1_1__f_clk/Z (gf180mcu_fd_sc_mcu7t5v0__clkbuf_16)
                                                         clknet_1_1__leaf_clk (net)
                      0.100047    0.000524    0.555849 ^ _229_/CLK (gf180mcu_fd_sc_mcu7t5v0__dffrnq_1)
                                  0.100000    0.655849   clock uncertainty
                                  0.000000    0.655849   clock reconvergence pessimism
                                  0.367249    1.023098   library removal time
                                              1.023098   data required time
---------------------------------------------------------------------------------------------
                                              1.023098   data required time
                                             -5.248833   data arrival time
---------------------------------------------------------------------------------------------
                                              4.225735   slack (MET)


Startpoint: rst_n (input port clocked by clk)
Endpoint: _233_ (removal check against rising-edge clock clk)
Path Group: asynchronous
Path Type: min

Fanout         Cap        Slew       Delay        Time   Description
---------------------------------------------------------------------------------------------
                                  0.000000    0.000000   clock clk (rise edge)
                                  0.000000    0.000000   clock network delay (propagated)
                                  4.000000    4.000000 ^ input external delay
     1    0.004385    0.119861    0.043495    4.043495 ^ rst_n (in)
                                                         rst_n (net)
                      0.119861    0.000000    4.043495 ^ input10/I (gf180mcu_fd_sc_mcu7t5v0__clkbuf_1)
     1    0.006948    0.163371    0.229695    4.273190 ^ input10/Z (gf180mcu_fd_sc_mcu7t5v0__clkbuf_1)
                                                         net10 (net)
                      0.163371    0.000093    4.273283 ^ fanout17/I (gf180mcu_fd_sc_mcu7t5v0__buf_2)
     6    0.063533    0.544404    0.452775    4.726058 ^ fanout17/Z (gf180mcu_fd_sc_mcu7t5v0__buf_2)
                                                         net17 (net)
                      0.544451    0.002830    4.728888 ^ fanout14/I (gf180mcu_fd_sc_mcu7t5v0__clkbuf_4)
    10    0.087435    0.389969    0.517255    5.246142 ^ fanout14/Z (gf180mcu_fd_sc_mcu7t5v0__clkbuf_4)
                                                         net14 (net)
                      0.390030    0.002762    5.248905 ^ _233_/RN (gf180mcu_fd_sc_mcu7t5v0__dffrnq_1)
                                              5.248905   data arrival time

                                  0.000000    0.000000   clock clk (rise edge)
                                  0.000000    0.000000   clock source latency
     1    0.026437    0.141370    0.066110    0.066110 ^ clk (in)
                                                         clk (net)
                      0.141371    0.000000    0.066110 ^ clkbuf_0_clk/I (gf180mcu_fd_sc_mcu7t5v0__clkbuf_16)
     2    0.049762    0.114819    0.252415    0.318525 ^ clkbuf_0_clk/Z (gf180mcu_fd_sc_mcu7t5v0__clkbuf_16)
                                                         clknet_0_clk (net)
                      0.114821    0.000976    0.319500 ^ clkbuf_1_1__f_clk/I (gf180mcu_fd_sc_mcu7t5v0__clkbuf_16)
     7    0.032579    0.100046    0.235824    0.555324 ^ clkbuf_1_1__f_clk/Z (gf180mcu_fd_sc_mcu7t5v0__clkbuf_16)
                                                         clknet_1_1__leaf_clk (net)
                      0.100047    0.000511    0.555836 ^ _233_/CLK (gf180mcu_fd_sc_mcu7t5v0__dffrnq_1)
                                  0.100000    0.655836   clock uncertainty
                                  0.000000    0.655836   clock reconvergence pessimism
                                  0.367250    1.023085   library removal time
                                              1.023085   data required time
---------------------------------------------------------------------------------------------
                                              1.023085   data required time
                                             -5.248905   data arrival time
---------------------------------------------------------------------------------------------
                                              4.225819   slack (MET)


Startpoint: rst_n (input port clocked by clk)
Endpoint: _230_ (removal check against rising-edge clock clk)
Path Group: asynchronous
Path Type: min

Fanout         Cap        Slew       Delay        Time   Description
---------------------------------------------------------------------------------------------
                                  0.000000    0.000000   clock clk (rise edge)
                                  0.000000    0.000000   clock network delay (propagated)
                                  4.000000    4.000000 ^ input external delay
     1    0.004385    0.119861    0.043495    4.043495 ^ rst_n (in)
                                                         rst_n (net)
                      0.119861    0.000000    4.043495 ^ input10/I (gf180mcu_fd_sc_mcu7t5v0__clkbuf_1)
     1    0.006948    0.163371    0.229695    4.273190 ^ input10/Z (gf180mcu_fd_sc_mcu7t5v0__clkbuf_1)
                                                         net10 (net)
                      0.163371    0.000093    4.273283 ^ fanout17/I (gf180mcu_fd_sc_mcu7t5v0__buf_2)
     6    0.063533    0.544404    0.452775    4.726058 ^ fanout17/Z (gf180mcu_fd_sc_mcu7t5v0__buf_2)
                                                         net17 (net)
                      0.544451    0.002830    4.728888 ^ fanout14/I (gf180mcu_fd_sc_mcu7t5v0__clkbuf_4)
    10    0.087435    0.389969    0.517255    5.246142 ^ fanout14/Z (gf180mcu_fd_sc_mcu7t5v0__clkbuf_4)
                                                         net14 (net)
                      0.390032    0.002833    5.248976 ^ _230_/RN (gf180mcu_fd_sc_mcu7t5v0__dffrnq_1)
                                              5.248976   data arrival time

                                  0.000000    0.000000   clock clk (rise edge)
                                  0.000000    0.000000   clock source latency
     1    0.026437    0.141370    0.066110    0.066110 ^ clk (in)
                                                         clk (net)
                      0.141371    0.000000    0.066110 ^ clkbuf_0_clk/I (gf180mcu_fd_sc_mcu7t5v0__clkbuf_16)
     2    0.049762    0.114819    0.252415    0.318525 ^ clkbuf_0_clk/Z (gf180mcu_fd_sc_mcu7t5v0__clkbuf_16)
                                                         clknet_0_clk (net)
                      0.114821    0.000976    0.319500 ^ clkbuf_1_1__f_clk/I (gf180mcu_fd_sc_mcu7t5v0__clkbuf_16)
     7    0.032579    0.100046    0.235824    0.555324 ^ clkbuf_1_1__f_clk/Z (gf180mcu_fd_sc_mcu7t5v0__clkbuf_16)
                                                         clknet_1_1__leaf_clk (net)
                      0.100047    0.000499    0.555823 ^ _230_/CLK (gf180mcu_fd_sc_mcu7t5v0__dffrnq_1)
                                  0.100000    0.655823   clock uncertainty
                                  0.000000    0.655823   clock reconvergence pessimism
                                  0.367250    1.023073   library removal time
                                              1.023073   data required time
---------------------------------------------------------------------------------------------
                                              1.023073   data required time
                                             -5.248976   data arrival time
---------------------------------------------------------------------------------------------
                                              4.225903   slack (MET)


Startpoint: rst_n (input port clocked by clk)
Endpoint: _228_ (removal check against rising-edge clock clk)
Path Group: asynchronous
Path Type: min

Fanout         Cap        Slew       Delay        Time   Description
---------------------------------------------------------------------------------------------
                                  0.000000    0.000000   clock clk (rise edge)
                                  0.000000    0.000000   clock network delay (propagated)
                                  4.000000    4.000000 ^ input external delay
     1    0.004385    0.119861    0.043495    4.043495 ^ rst_n (in)
                                                         rst_n (net)
                      0.119861    0.000000    4.043495 ^ input10/I (gf180mcu_fd_sc_mcu7t5v0__clkbuf_1)
     1    0.006948    0.163371    0.229695    4.273190 ^ input10/Z (gf180mcu_fd_sc_mcu7t5v0__clkbuf_1)
                                                         net10 (net)
                      0.163371    0.000093    4.273283 ^ fanout17/I (gf180mcu_fd_sc_mcu7t5v0__buf_2)
     6    0.063533    0.544404    0.452775    4.726058 ^ fanout17/Z (gf180mcu_fd_sc_mcu7t5v0__buf_2)
                                                         net17 (net)
                      0.544451    0.002830    4.728888 ^ fanout14/I (gf180mcu_fd_sc_mcu7t5v0__clkbuf_4)
    10    0.087435    0.389969    0.517255    5.246142 ^ fanout14/Z (gf180mcu_fd_sc_mcu7t5v0__clkbuf_4)
                                                         net14 (net)
                      0.390045    0.003217    5.249359 ^ _228_/RN (gf180mcu_fd_sc_mcu7t5v0__dffrnq_1)
                                              5.249359   data arrival time

                                  0.000000    0.000000   clock clk (rise edge)
                                  0.000000    0.000000   clock source latency
     1    0.026437    0.141370    0.066110    0.066110 ^ clk (in)
                                                         clk (net)
                      0.141371    0.000000    0.066110 ^ clkbuf_0_clk/I (gf180mcu_fd_sc_mcu7t5v0__clkbuf_16)
     2    0.049762    0.114819    0.252415    0.318525 ^ clkbuf_0_clk/Z (gf180mcu_fd_sc_mcu7t5v0__clkbuf_16)
                                                         clknet_0_clk (net)
                      0.114821    0.000976    0.319500 ^ clkbuf_1_1__f_clk/I (gf180mcu_fd_sc_mcu7t5v0__clkbuf_16)
     7    0.032579    0.100046    0.235824    0.555324 ^ clkbuf_1_1__f_clk/Z (gf180mcu_fd_sc_mcu7t5v0__clkbuf_16)
                                                         clknet_1_1__leaf_clk (net)
                      0.100047    0.000551    0.555875 ^ _228_/CLK (gf180mcu_fd_sc_mcu7t5v0__dffrnq_1)
                                  0.100000    0.655875   clock uncertainty
                                  0.000000    0.655875   clock reconvergence pessimism
                                  0.367251    1.023126   library removal time
                                              1.023126   data required time
---------------------------------------------------------------------------------------------
                                              1.023126   data required time
                                             -5.249359   data arrival time
---------------------------------------------------------------------------------------------
                                              4.226233   slack (MET)


Startpoint: rst_n (input port clocked by clk)
Endpoint: _232_ (removal check against rising-edge clock clk)
Path Group: asynchronous
Path Type: min

Fanout         Cap        Slew       Delay        Time   Description
---------------------------------------------------------------------------------------------
                                  0.000000    0.000000   clock clk (rise edge)
                                  0.000000    0.000000   clock network delay (propagated)
                                  4.000000    4.000000 ^ input external delay
     1    0.004385    0.119861    0.043495    4.043495 ^ rst_n (in)
                                                         rst_n (net)
                      0.119861    0.000000    4.043495 ^ input10/I (gf180mcu_fd_sc_mcu7t5v0__clkbuf_1)
     1    0.006948    0.163371    0.229695    4.273190 ^ input10/Z (gf180mcu_fd_sc_mcu7t5v0__clkbuf_1)
                                                         net10 (net)
                      0.163371    0.000093    4.273283 ^ fanout17/I (gf180mcu_fd_sc_mcu7t5v0__buf_2)
     6    0.063533    0.544404    0.452775    4.726058 ^ fanout17/Z (gf180mcu_fd_sc_mcu7t5v0__buf_2)
                                                         net17 (net)
                      0.544451    0.002830    4.728888 ^ fanout14/I (gf180mcu_fd_sc_mcu7t5v0__clkbuf_4)
    10    0.087435    0.389969    0.517255    5.246142 ^ fanout14/Z (gf180mcu_fd_sc_mcu7t5v0__clkbuf_4)
                                                         net14 (net)
                      0.390046    0.003242    5.249384 ^ _232_/RN (gf180mcu_fd_sc_mcu7t5v0__dffrnq_1)
                                              5.249384   data arrival time

                                  0.000000    0.000000   clock clk (rise edge)
                                  0.000000    0.000000   clock source latency
     1    0.026437    0.141370    0.066110    0.066110 ^ clk (in)
                                                         clk (net)
                      0.141371    0.000000    0.066110 ^ clkbuf_0_clk/I (gf180mcu_fd_sc_mcu7t5v0__clkbuf_16)
     2    0.049762    0.114819    0.252415    0.318525 ^ clkbuf_0_clk/Z (gf180mcu_fd_sc_mcu7t5v0__clkbuf_16)
                                                         clknet_0_clk (net)
                      0.114821    0.000976    0.319500 ^ clkbuf_1_1__f_clk/I (gf180mcu_fd_sc_mcu7t5v0__clkbuf_16)
     7    0.032579    0.100046    0.235824    0.555324 ^ clkbuf_1_1__f_clk/Z (gf180mcu_fd_sc_mcu7t5v0__clkbuf_16)
                                                         clknet_1_1__leaf_clk (net)
                      0.100047    0.000565    0.555890 ^ _232_/CLK (gf180mcu_fd_sc_mcu7t5v0__dffrnq_1)
                                  0.100000    0.655890   clock uncertainty
                                  0.000000    0.655890   clock reconvergence pessimism
                                  0.367251    1.023141   library removal time
                                              1.023141   data required time
---------------------------------------------------------------------------------------------
                                              1.023141   data required time
                                             -5.249384   data arrival time
---------------------------------------------------------------------------------------------
                                              4.226243   slack (MET)



