117. Printing statistics.

=== tiny_tonegen ===

        +----------Local Count, excluding submodules.
        |        +-Local Area, excluding submodules.
        |        | 
      154        - wires
      160        - wire bits
       38        - public wires
       44        - public wire bits
        7        - ports
       13        - port bits
      148 4.09E+03 cells
        4   70.246   gf180mcu_fd_sc_mcu7t5v0__and2_1
        1   21.952   gf180mcu_fd_sc_mcu7t5v0__and3_1
        1   24.147   gf180mcu_fd_sc_mcu7t5v0__and4_1
        1   21.952   gf180mcu_fd_sc_mcu7t5v0__aoi211_1
        9  158.054   gf180mcu_fd_sc_mcu7t5v0__aoi21_1
        3    59.27   gf180mcu_fd_sc_mcu7t5v0__aoi22_1
       25   219.52   gf180mcu_fd_sc_mcu7t5v0__clkinv_1
        1   63.661   gf180mcu_fd_sc_mcu7t5v0__dffq_1
       30 2.24E+03   gf180mcu_fd_sc_mcu7t5v0__dffrnq_1
        1   79.027   gf180mcu_fd_sc_mcu7t5v0__dffsnq_1
        1   32.928   gf180mcu_fd_sc_mcu7t5v0__mux2_2
       13  142.688   gf180mcu_fd_sc_mcu7t5v0__nand2_1
        2   30.733   gf180mcu_fd_sc_mcu7t5v0__nand3_1
       14  184.397   gf180mcu_fd_sc_mcu7t5v0__nor2_1
        9  158.054   gf180mcu_fd_sc_mcu7t5v0__nor3_1
        3   65.856   gf180mcu_fd_sc_mcu7t5v0__nor4_1
        3   65.856   gf180mcu_fd_sc_mcu7t5v0__oai211_1
        7  122.931   gf180mcu_fd_sc_mcu7t5v0__oai21_1
        3   65.856   gf180mcu_fd_sc_mcu7t5v0__oai22_1
        1   24.147   gf180mcu_fd_sc_mcu7t5v0__oai31_1
        1   17.562   gf180mcu_fd_sc_mcu7t5v0__or2_1
       10   87.808   gf180mcu_fd_sc_mcu7t5v0__tiel
        3   85.613   gf180mcu_fd_sc_mcu7t5v0__xnor2_1
        2   52.685   gf180mcu_fd_sc_mcu7t5v0__xor2_1

   Chip area for module '\tiny_tonegen': 4094.048000
     of which used for sequential elements: 2381.792000 (58.18%)

