Reading technology LEF file at '/foss/pdks/gf180mcuD/libs.ref/gf180mcu_fd_sc_mcu7t5v0/techlef/gf180mcu_fd_sc_mcu7t5v0__nom.tlef'…
[INFO ODB-0388] unsupported LEF58_EOLENCLOSURE property for layer Via1 :"
  	EOLENCLOSURE 0.34 0.06 ;"
[INFO ODB-0388] unsupported LEF58_EOLENCLOSURE property for layer Via2 :" EOLENCLOSURE 0.34 0.06 ; "
[INFO ODB-0388] unsupported LEF58_EOLENCLOSURE property for layer Via3 :" EOLENCLOSURE 0.34 0.06 ; "
[INFO ODB-0388] unsupported LEF58_EOLENCLOSURE property for layer Via4 :" EOLENCLOSURE 0.34 0.06 ; "
[INFO ODB-0227] LEF file: /foss/pdks/gf180mcuD/libs.ref/gf180mcu_fd_sc_mcu7t5v0/techlef/gf180mcu_fd_sc_mcu7t5v0__nom.tlef, created 15 layers, 56 vias
Reading cell LEF file at '/foss/pdks/gf180mcuD/libs.ref/gf180mcu_fd_sc_mcu7t5v0/lef/gf180mcu_fd_sc_mcu7t5v0.lef'…
[WARNING ODB-0220] WARNING (LEFPARS-2008): NOWIREEXTENSIONATPIN statement is obsolete in version 5.6 or later.
The NOWIREEXTENSIONATPIN statement will be ignored. See file /foss/pdks/gf180mcuD/libs.ref/gf180mcu_fd_sc_mcu7t5v0/lef/gf180mcu_fd_sc_mcu7t5v0.lef at line 2.

[INFO ODB-0227] LEF file: /foss/pdks/gf180mcuD/libs.ref/gf180mcu_fd_sc_mcu7t5v0/lef/gf180mcu_fd_sc_mcu7t5v0.lef, created 229 library cells
[INFO ODB-0127] Reading DEF file: /foss/designs/kvic_336007_ws25-kvic_ws25_v6/librelane/runs/RUN_2025-11-30_19-01-03/52-odb-cellfrequencytables/tiny_tonegen.def
[INFO ODB-0128] Design: tiny_tonegen
[INFO ODB-0130]     Created 15 pins.
[INFO ODB-0131]     Created 665 components and 2925 component-terminals.
[INFO ODB-0132]     Created 2 special nets and 2394 connections.
[INFO ODB-0133]     Created 180 nets and 530 connections.
[INFO ODB-0134] Finished DEF file: /foss/designs/kvic_336007_ws25-kvic_ws25_v6/librelane/runs/RUN_2025-11-30_19-01-03/52-odb-cellfrequencytables/tiny_tonegen.def
Using RCX ruleset '/foss/pdks/gf180mcuD/libs.tech/openlane/rules.openrcx.gf180mcuD.nom'…
[INFO RCX-0431] Defined process_corner CURRENT_CORNER with ext_model_index 0
[INFO RCX-0029] Defined extraction corner CURRENT_CORNER
[INFO RCX-0435] Reading extraction model file /foss/pdks/gf180mcuD/libs.tech/openlane/rules.openrcx.gf180mcuD.nom ...
[INFO RCX-0436] RC segment generation tiny_tonegen (max_merge_res 50.0) ...
[INFO RCX-0040] Final 544 rc segments
[INFO RCX-0439] Coupling Cap extraction tiny_tonegen ...
[INFO RCX-0440] Coupling threshhold is 0.1000 fF, coupling capacitance less than 0.1000 fF will be grounded.
[INFO RCX-0442] 48% of 825 wires extracted
[INFO RCX-0442] 100% of 825 wires extracted
[INFO RCX-0045] Extract 180 nets, 724 rsegs, 724 caps, 954 ccs
Setting global connections for newly added cells…
[INFO] Setting global connections...
Updating metrics…
Cell type report:                       Count       Area
  Endcap cell                              46     201.96
  Fill cell                               363    8115.65
  Tap cell                                 87     381.96
  Tie cell                                 10      87.81
  Standard cell                           159    4996.28
  Total                                   665   13783.66
Writing extracted parasitics to '/foss/designs/kvic_336007_ws25-kvic_ws25_v6/librelane/runs/RUN_2025-11-30_19-01-03/53-openroad-rcx/nom/tiny_tonegen.nom.spef'…
[INFO RCX-0443] 180 nets finished
