
===========================================================================
report_checks -unconstrained
===========================================================================
======================= max_ff_n40C_5v50 Corner ===================================

Startpoint: rst_n (input port clocked by clk)
Endpoint: _642_ (recovery check against rising-edge clock clk)
Path Group: asynchronous
Path Type: max

Fanout         Cap        Slew       Delay        Time   Description
---------------------------------------------------------------------------------------------
                                  0.000000    0.000000   clock clk (rise edge)
                                  0.000000    0.000000   clock network delay (propagated)
                                  4.000000    4.000000 ^ input external delay
     1    0.004274    0.076473    0.028773    4.028773 ^ rst_n (in)
                                                         rst_n (net)
                      0.076473    0.000000    4.028773 ^ input10/I (gf180mcu_fd_sc_mcu7t5v0__clkbuf_1)
     1    0.006258    0.099266    0.142471    4.171244 ^ input10/Z (gf180mcu_fd_sc_mcu7t5v0__clkbuf_1)
                                                         net10 (net)
                      0.099266    0.000130    4.171374 ^ fanout34/I (gf180mcu_fd_sc_mcu7t5v0__buf_2)
     6    0.066133    0.373701    0.305929    4.477303 ^ fanout34/Z (gf180mcu_fd_sc_mcu7t5v0__buf_2)
                                                         net34 (net)
                      0.373701    0.000318    4.477621 ^ fanout33/I (gf180mcu_fd_sc_mcu7t5v0__buf_1)
     5    0.041361    0.472067    0.392170    4.869791 ^ fanout33/Z (gf180mcu_fd_sc_mcu7t5v0__buf_1)
                                                         net33 (net)
                      0.472083    0.001553    4.871344 ^ fanout31/I (gf180mcu_fd_sc_mcu7t5v0__clkbuf_4)
    10    0.088333    0.259335    0.360664    5.232008 ^ fanout31/Z (gf180mcu_fd_sc_mcu7t5v0__clkbuf_4)
                                                         net31 (net)
                      0.259485    0.003550    5.235558 ^ _642_/RN (gf180mcu_fd_sc_mcu7t5v0__dffrnq_1)
                                              5.235558   data arrival time

                                 20.000000   20.000000   clock clk (rise edge)
                                  0.000000   20.000000   clock source latency
     1    0.026811    0.093235    0.045853   20.045853 ^ clk (in)
                                                         clk (net)
                      0.093237    0.000000   20.045853 ^ clkbuf_0_clk/I (gf180mcu_fd_sc_mcu7t5v0__clkbuf_16)
     2    0.047623    0.072343    0.161483   20.207336 ^ clkbuf_0_clk/Z (gf180mcu_fd_sc_mcu7t5v0__clkbuf_16)
                                                         clknet_0_clk (net)
                      0.072345    0.000698   20.208035 ^ clkbuf_1_1__f_clk/I (gf180mcu_fd_sc_mcu7t5v0__clkbuf_16)
     4    0.026816    0.060669    0.148519   20.356554 ^ clkbuf_1_1__f_clk/Z (gf180mcu_fd_sc_mcu7t5v0__clkbuf_16)
                                                         clknet_1_1__leaf_clk (net)
                      0.060669    0.000172   20.356728 ^ _642_/CLK (gf180mcu_fd_sc_mcu7t5v0__dffrnq_1)
                                 -0.100000   20.256727   clock uncertainty
                                  0.000000   20.256727   clock reconvergence pessimism
                                  0.103251   20.359978   library recovery time
                                             20.359978   data required time
---------------------------------------------------------------------------------------------
                                             20.359978   data required time
                                             -5.235558   data arrival time
---------------------------------------------------------------------------------------------
                                             15.124419   slack (MET)


Startpoint: ena (input port clocked by clk)
Endpoint: _648_ (rising edge-triggered flip-flop clocked by clk)
Path Group: clk
Path Type: max

Fanout         Cap        Slew       Delay        Time   Description
---------------------------------------------------------------------------------------------
                                  0.000000    0.000000   clock clk (rise edge)
                                  0.000000    0.000000   clock network delay (propagated)
                                  4.000000    4.000000 ^ input external delay
     1    0.005157    0.085734    0.034661    4.034661 ^ ena (in)
                                                         ena (net)
                      0.085734    0.000000    4.034661 ^ input9/I (gf180mcu_fd_sc_mcu7t5v0__clkbuf_1)
     3    0.016043    0.200015    0.205794    4.240455 ^ input9/Z (gf180mcu_fd_sc_mcu7t5v0__clkbuf_1)
                                                         net9 (net)
                      0.200015    0.000235    4.240690 ^ _360_/A1 (gf180mcu_fd_sc_mcu7t5v0__nand2_1)
     4    0.031500    0.323375    0.238223    4.478913 v _360_/ZN (gf180mcu_fd_sc_mcu7t5v0__nand2_1)
                                                         _133_ (net)
                      0.323380    0.000711    4.479624 v _366_/A1 (gf180mcu_fd_sc_mcu7t5v0__nor3_1)
     1    0.003808    0.241136    0.207016    4.686640 ^ _366_/ZN (gf180mcu_fd_sc_mcu7t5v0__nor3_1)
                                                         _002_ (net)
                      0.241136    0.000040    4.686679 ^ _648_/D (gf180mcu_fd_sc_mcu7t5v0__dffrnq_1)
                                              4.686679   data arrival time

                                 20.000000   20.000000   clock clk (rise edge)
                                  0.000000   20.000000   clock source latency
     1    0.026811    0.093235    0.045853   20.045853 ^ clk (in)
                                                         clk (net)
                      0.093237    0.000000   20.045853 ^ clkbuf_0_clk/I (gf180mcu_fd_sc_mcu7t5v0__clkbuf_16)
     2    0.047623    0.072343    0.161483   20.207336 ^ clkbuf_0_clk/Z (gf180mcu_fd_sc_mcu7t5v0__clkbuf_16)
                                                         clknet_0_clk (net)
                      0.072345    0.000698   20.208035 ^ clkbuf_1_1__f_clk/I (gf180mcu_fd_sc_mcu7t5v0__clkbuf_16)
     4    0.026816    0.060669    0.148519   20.356554 ^ clkbuf_1_1__f_clk/Z (gf180mcu_fd_sc_mcu7t5v0__clkbuf_16)
                                                         clknet_1_1__leaf_clk (net)
                      0.060670    0.000426   20.356981 ^ _648_/CLK (gf180mcu_fd_sc_mcu7t5v0__dffrnq_1)
                                 -0.100000   20.256981   clock uncertainty
                                  0.000000   20.256981   clock reconvergence pessimism
                                 -0.218154   20.038826   library setup time
                                             20.038826   data required time
---------------------------------------------------------------------------------------------
                                             20.038826   data required time
                                             -4.686679   data arrival time
---------------------------------------------------------------------------------------------
                                             15.352147   slack (MET)




===========================================================================
report_checks --slack_max -0.01
============================================================================
======================= max_ff_n40C_5v50 Corner ===================================

No paths found.


===========================================================================
 report_check_types -max_slew -max_cap -max_fanout -violators
============================================================================
======================= max_ff_n40C_5v50 Corner ===================================



===========================================================================
report_parasitic_annotation -report_unannotated
============================================================================
Found 1 unannotated drivers.
 clkload0/ZN
Found 0 partially unannotated drivers.

===========================================================================
max slew violation count 0
max fanout violation count 0
max cap violation count 0
============================================================================

===========================================================================
check_setup -verbose -unconstrained_endpoints -multiple_clock -no_clock -no_input_delay -loops -generated_clocks
===========================================================================
Warning: There are 80 unclocked register/latch pins.
  _625_/CLK
  _626_/CLK
  _627_/CLK
  _628_/CLK
  _629_/CLK
  _630_/CLK
  _631_/CLK
  _632_/CLK
  _633_/CLK
  _634_/CLK
  _635_/CLK
  _636_/CLK
  _637_/CLK
  _638_/CLK
  _639_/CLK
  _640_/CLK
  _641_/CLK
  _643_/CLK
  _644_/CLK
  _645_/CLK
  _654_/CLK
  _655_/CLK
  _656_/CLK
  _657_/CLK
  _658_/CLK
  _659_/CLK
  _660_/CLK
  _661_/CLK
  _662_/CLK
  _663_/CLK
  _664_/CLK
  _665_/CLK
  _666_/CLK
  _667_/CLK
  _668_/CLK
  _669_/CLK
  _670_/CLK
  _671_/CLK
  _672_/CLK
  _673_/CLK
  _674_/CLK
  _675_/CLK
  _676_/CLK
  _677_/CLK
  _678_/CLK
  _679_/CLK
  _680_/CLK
  _681_/CLK
  _682_/CLK
  _683_/CLK
  _684_/CLK
  _685_/CLK
  _686_/CLK
  _687_/CLK
  _688_/CLK
  _689_/CLK
  _690_/CLK
  _691_/CLK
  _692_/CLK
  _693_/CLK
  _694_/CLK
  _695_/CLK
  _696_/CLK
  _697_/CLK
  _698_/CLK
  _699_/CLK
  _700_/CLK
  _701_/CLK
  _702_/CLK
  _703_/CLK
  _704_/CLK
  _705_/CLK
  _706_/CLK
  _707_/CLK
  _708_/CLK
  _709_/CLK
  _710_/CLK
  _711_/CLK
  _712_/CLK
  _713_/CLK
Warning: There are 84 unconstrained endpoints.
  signal_bit_out
  _625_/D
  _626_/D
  _627_/D
  _628_/D
  _629_/D
  _630_/D
  _631_/D
  _632_/D
  _633_/D
  _634_/D
  _635_/D
  _636_/D
  _637_/D
  _638_/D
  _639_/D
  _640_/D
  _641_/D
  _643_/D
  _644_/D
  _645_/D
  _651_/D
  _652_/D
  _653_/D
  _654_/D
  _655_/D
  _656_/D
  _657_/D
  _658_/D
  _659_/D
  _660_/D
  _661_/D
  _662_/D
  _663_/D
  _664_/D
  _665_/D
  _666_/D
  _667_/D
  _668_/D
  _669_/D
  _670_/D
  _671_/D
  _672_/D
  _673_/D
  _674_/D
  _675_/D
  _676_/D
  _677_/D
  _678_/D
  _679_/D
  _680_/D
  _681_/D
  _682_/D
  _683_/D
  _684_/D
  _685_/D
  _686_/D
  _687_/D
  _688_/D
  _689_/D
  _690_/D
  _691_/D
  _692_/D
  _693_/D
  _694_/D
  _695_/D
  _696_/D
  _697_/D
  _698_/D
  _699_/D
  _700_/D
  _701_/D
  _702_/D
  _703_/D
  _704_/D
  _705_/D
  _706_/D
  _707_/D
  _708_/D
  _709_/D
  _710_/D
  _711_/D
  _712_/D
  _713_/D
