Starting…
Running 'Verilator.Lint' at 'runs/RUN_2025-11-22_23-11-07/01-verilator-lint'…
Logging subprocess to [repr.filename]'runs/RUN_2025-11-22_23-11-07/01-verilator-lint/verilator-lint.log'[/repr.filename]…
Running 'Checker.LintTimingConstructs' at 'runs/RUN_2025-11-22_23-11-07/02-checker-linttimingconstructs'…
Check for Lint Timing Errors clear.
Running 'Checker.LintErrors' at 'runs/RUN_2025-11-22_23-11-07/03-checker-linterrors'…
Check for Lint errors clear.
Running 'Checker.LintWarnings' at 'runs/RUN_2025-11-22_23-11-07/04-checker-lintwarnings'…
42 Lint warnings found.
Running 'Yosys.JsonHeader' at 'runs/RUN_2025-11-22_23-11-07/05-yosys-jsonheader'…
Logging subprocess to [repr.filename]'runs/RUN_2025-11-22_23-11-07/05-yosys-jsonheader/yosys-jsonheader.log'[/repr.filename]…
Subprocess had a non-zero exit.
Last 10 line(s):
Storing AST representation for module `$abstract\pwm8'.
Storing AST representation for module `$abstract\vibrato'.
Storing AST representation for module `$abstract\adsr'.
Storing AST representation for module `$abstract\signal_generator'.
Storing AST representation for module `$abstract\clock_scale'.
Storing AST representation for module `$abstract\tt_um_felixfeierabend'.
Successfully finished Verilog frontend.

3. Executing Verilog-2005 frontend: /foss/designs/kvic_336007_ws25-kvic_ws25_v6/verilog/src/adsr.v
/foss/designs/kvic_336007_ws25-kvic_ws25_v6/verilog/src/adsr.v:1: ERROR: Re-definition of module `$abstract\adsr'!

Full log file: 'runs/RUN_2025-11-22_23-11-07/05-yosys-jsonheader/yosys-jsonheader.log'
