Clock: clk
Sources: clk 
Generated: no
Virtual: no
Propagated: no
Period: 20.000000

===========================================================================
report_clock_properties
============================================================================
Clock                   Period          Waveform
----------------------------------------------------
clk                  20.000000    0.000000 10.000000

===========================================================================
report_clock_latency
============================================================================
Clock clk
rise -> rise
    min     max
0.000000 0.000000 source latency
0.126095         network latency _219_/CLK
        3.951791 network latency _227_/CLK
---------------
0.126095 3.951791 latency
        3.825696 skew

rise -> fall
    min     max
0.000000 0.000000 source latency
2.715100         network latency _227_/CLK
        2.715100 network latency _227_/CLK
---------------
2.715100 2.715100 latency
        0.000000 skew

fall -> fall
    min     max
0.000000 0.000000 source latency
0.077254         network latency _219_/CLK
        0.077254 network latency _219_/CLK
---------------
0.077254 0.077254 latency
        0.000000 skew



===========================================================================
report_clock_min_period
============================================================================
clk period_min = 6.01 fmax = 166.42
