
===========================================================================
report_checks -path_delay min (Hold)
============================================================================
======================= max_tt_025C_5v00 Corner ===================================

Startpoint: _222_ (rising edge-triggered flip-flop clocked by clk)
Endpoint: _222_ (rising edge-triggered flip-flop clocked by clk)
Path Group: clk
Path Type: min

Fanout         Cap        Slew       Delay        Time   Description
---------------------------------------------------------------------------------------------
                                  0.000000    0.000000   clock clk (rise edge)
                                  0.000000    0.000000   clock source latency
     1    0.025068    0.135933    0.062678    0.062678 ^ clk (in)
                                                         clk (net)
                      0.135933    0.000000    0.062678 ^ clkbuf_0_clk/I (gf180mcu_fd_sc_mcu7t5v0__clkbuf_16)
     2    0.048445    0.113712    0.250578    0.313257 ^ clkbuf_0_clk/Z (gf180mcu_fd_sc_mcu7t5v0__clkbuf_16)
                                                         clknet_0_clk (net)
                      0.113712    0.000384    0.313640 ^ clkbuf_1_1__f_clk/I (gf180mcu_fd_sc_mcu7t5v0__clkbuf_16)
     5    0.029285    0.097193    0.233438    0.547078 ^ clkbuf_1_1__f_clk/Z (gf180mcu_fd_sc_mcu7t5v0__clkbuf_16)
                                                         clknet_1_1__leaf_clk (net)
                      0.097193    0.000170    0.547248 ^ _222_/CLK (gf180mcu_fd_sc_mcu7t5v0__dffrnq_1)
     3    0.025392    0.288981    0.823522    1.370769 v _222_/Q (gf180mcu_fd_sc_mcu7t5v0__dffrnq_1)
                                                         clk_scaler.counter[3] (net)
                      0.288983    0.000474    1.371243 v _142_/A1 (gf180mcu_fd_sc_mcu7t5v0__xnor2_1)
     1    0.009249    0.351511    0.357210    1.728453 ^ _142_/ZN (gf180mcu_fd_sc_mcu7t5v0__xnor2_1)
                                                         _077_ (net)
                      0.351511    0.000225    1.728678 ^ _143_/A2 (gf180mcu_fd_sc_mcu7t5v0__nor2_1)
     1    0.004028    0.162208    0.152329    1.881008 v _143_/ZN (gf180mcu_fd_sc_mcu7t5v0__nor2_1)
                                                         _003_ (net)
                      0.162208    0.000077    1.881084 v _222_/D (gf180mcu_fd_sc_mcu7t5v0__dffrnq_1)
                                              1.881084   data arrival time

                                  0.000000    0.000000   clock clk (rise edge)
                                  0.000000    0.000000   clock source latency
     1    0.025068    0.135933    0.062678    0.062678 ^ clk (in)
                                                         clk (net)
                      0.135933    0.000000    0.062678 ^ clkbuf_0_clk/I (gf180mcu_fd_sc_mcu7t5v0__clkbuf_16)
     2    0.048445    0.113712    0.250578    0.313257 ^ clkbuf_0_clk/Z (gf180mcu_fd_sc_mcu7t5v0__clkbuf_16)
                                                         clknet_0_clk (net)
                      0.113712    0.000384    0.313640 ^ clkbuf_1_1__f_clk/I (gf180mcu_fd_sc_mcu7t5v0__clkbuf_16)
     5    0.029285    0.097193    0.233438    0.547078 ^ clkbuf_1_1__f_clk/Z (gf180mcu_fd_sc_mcu7t5v0__clkbuf_16)
                                                         clknet_1_1__leaf_clk (net)
                      0.097193    0.000170    0.547248 ^ _222_/CLK (gf180mcu_fd_sc_mcu7t5v0__dffrnq_1)
                                  0.100000    0.647248   clock uncertainty
                                  0.000000    0.647248   clock reconvergence pessimism
                                  0.122993    0.770241   library hold time
                                              0.770241   data required time
---------------------------------------------------------------------------------------------
                                              0.770241   data required time
                                             -1.881084   data arrival time
---------------------------------------------------------------------------------------------
                                              1.110843   slack (MET)


Startpoint: _223_ (rising edge-triggered flip-flop clocked by clk)
Endpoint: _223_ (rising edge-triggered flip-flop clocked by clk)
Path Group: clk
Path Type: min

Fanout         Cap        Slew       Delay        Time   Description
---------------------------------------------------------------------------------------------
                                  0.000000    0.000000   clock clk (rise edge)
                                  0.000000    0.000000   clock source latency
     1    0.025068    0.135933    0.062678    0.062678 ^ clk (in)
                                                         clk (net)
                      0.135933    0.000000    0.062678 ^ clkbuf_0_clk/I (gf180mcu_fd_sc_mcu7t5v0__clkbuf_16)
     2    0.048445    0.113712    0.250578    0.313257 ^ clkbuf_0_clk/Z (gf180mcu_fd_sc_mcu7t5v0__clkbuf_16)
                                                         clknet_0_clk (net)
                      0.113712    0.000384    0.313640 ^ clkbuf_1_1__f_clk/I (gf180mcu_fd_sc_mcu7t5v0__clkbuf_16)
     5    0.029285    0.097193    0.233438    0.547078 ^ clkbuf_1_1__f_clk/Z (gf180mcu_fd_sc_mcu7t5v0__clkbuf_16)
                                                         clknet_1_1__leaf_clk (net)
                      0.097193    0.000503    0.547581 ^ _223_/CLK (gf180mcu_fd_sc_mcu7t5v0__dffrnq_1)
     2    0.020345    0.244774    0.792845    1.340426 v _223_/Q (gf180mcu_fd_sc_mcu7t5v0__dffrnq_1)
                                                         clk_scaler.counter[4] (net)
                      0.244774    0.000455    1.340881 v _144_/A1 (gf180mcu_fd_sc_mcu7t5v0__xor2_1)
     1    0.008401    0.389541    0.287201    1.628082 ^ _144_/Z (gf180mcu_fd_sc_mcu7t5v0__xor2_1)
                                                         _078_ (net)
                      0.389541    0.000209    1.628292 ^ _145_/A2 (gf180mcu_fd_sc_mcu7t5v0__nor2_1)
     1    0.012222    0.253693    0.238764    1.867055 v _145_/ZN (gf180mcu_fd_sc_mcu7t5v0__nor2_1)
                                                         _004_ (net)
                      0.253693    0.000385    1.867440 v _223_/D (gf180mcu_fd_sc_mcu7t5v0__dffrnq_1)
                                              1.867440   data arrival time

                                  0.000000    0.000000   clock clk (rise edge)
                                  0.000000    0.000000   clock source latency
     1    0.025068    0.135933    0.062678    0.062678 ^ clk (in)
                                                         clk (net)
                      0.135933    0.000000    0.062678 ^ clkbuf_0_clk/I (gf180mcu_fd_sc_mcu7t5v0__clkbuf_16)
     2    0.048445    0.113712    0.250578    0.313257 ^ clkbuf_0_clk/Z (gf180mcu_fd_sc_mcu7t5v0__clkbuf_16)
                                                         clknet_0_clk (net)
                      0.113712    0.000384    0.313640 ^ clkbuf_1_1__f_clk/I (gf180mcu_fd_sc_mcu7t5v0__clkbuf_16)
     5    0.029285    0.097193    0.233438    0.547078 ^ clkbuf_1_1__f_clk/Z (gf180mcu_fd_sc_mcu7t5v0__clkbuf_16)
                                                         clknet_1_1__leaf_clk (net)
                      0.097193    0.000503    0.547581 ^ _223_/CLK (gf180mcu_fd_sc_mcu7t5v0__dffrnq_1)
                                  0.100000    0.647581   clock uncertainty
                                  0.000000    0.647581   clock reconvergence pessimism
                                  0.104141    0.751722   library hold time
                                              0.751722   data required time
---------------------------------------------------------------------------------------------
                                              0.751722   data required time
                                             -1.867440   data arrival time
---------------------------------------------------------------------------------------------
                                              1.115718   slack (MET)


Startpoint: _221_ (rising edge-triggered flip-flop clocked by clk)
Endpoint: _221_ (rising edge-triggered flip-flop clocked by clk)
Path Group: clk
Path Type: min

Fanout         Cap        Slew       Delay        Time   Description
---------------------------------------------------------------------------------------------
                                  0.000000    0.000000   clock clk (rise edge)
                                  0.000000    0.000000   clock source latency
     1    0.025068    0.135933    0.062678    0.062678 ^ clk (in)
                                                         clk (net)
                      0.135933    0.000000    0.062678 ^ clkbuf_0_clk/I (gf180mcu_fd_sc_mcu7t5v0__clkbuf_16)
     2    0.048445    0.113712    0.250578    0.313257 ^ clkbuf_0_clk/Z (gf180mcu_fd_sc_mcu7t5v0__clkbuf_16)
                                                         clknet_0_clk (net)
                      0.113712    0.000384    0.313640 ^ clkbuf_1_1__f_clk/I (gf180mcu_fd_sc_mcu7t5v0__clkbuf_16)
     5    0.029285    0.097193    0.233438    0.547078 ^ clkbuf_1_1__f_clk/Z (gf180mcu_fd_sc_mcu7t5v0__clkbuf_16)
                                                         clknet_1_1__leaf_clk (net)
                      0.097193    0.000288    0.547366 ^ _221_/CLK (gf180mcu_fd_sc_mcu7t5v0__dffrnq_1)
     3    0.034155    0.366877    0.876717    1.424083 v _221_/Q (gf180mcu_fd_sc_mcu7t5v0__dffrnq_1)
                                                         clk_scaler.counter[2] (net)
                      0.366881    0.000878    1.424961 v _139_/B (gf180mcu_fd_sc_mcu7t5v0__aoi21_1)
     1    0.007726    0.329500    0.278043    1.703004 ^ _139_/ZN (gf180mcu_fd_sc_mcu7t5v0__aoi21_1)
                                                         _075_ (net)
                      0.329500    0.000110    1.703114 ^ _140_/A3 (gf180mcu_fd_sc_mcu7t5v0__nor3_1)
     1    0.006245    0.212616    0.220872    1.923986 v _140_/ZN (gf180mcu_fd_sc_mcu7t5v0__nor3_1)
                                                         _002_ (net)
                      0.212616    0.000090    1.924076 v _221_/D (gf180mcu_fd_sc_mcu7t5v0__dffrnq_1)
                                              1.924076   data arrival time

                                  0.000000    0.000000   clock clk (rise edge)
                                  0.000000    0.000000   clock source latency
     1    0.025068    0.135933    0.062678    0.062678 ^ clk (in)
                                                         clk (net)
                      0.135933    0.000000    0.062678 ^ clkbuf_0_clk/I (gf180mcu_fd_sc_mcu7t5v0__clkbuf_16)
     2    0.048445    0.113712    0.250578    0.313257 ^ clkbuf_0_clk/Z (gf180mcu_fd_sc_mcu7t5v0__clkbuf_16)
                                                         clknet_0_clk (net)
                      0.113712    0.000384    0.313640 ^ clkbuf_1_1__f_clk/I (gf180mcu_fd_sc_mcu7t5v0__clkbuf_16)
     5    0.029285    0.097193    0.233438    0.547078 ^ clkbuf_1_1__f_clk/Z (gf180mcu_fd_sc_mcu7t5v0__clkbuf_16)
                                                         clknet_1_1__leaf_clk (net)
                      0.097193    0.000288    0.547366 ^ _221_/CLK (gf180mcu_fd_sc_mcu7t5v0__dffrnq_1)
                                  0.100000    0.647366   clock uncertainty
                                  0.000000    0.647366   clock reconvergence pessimism
                                  0.112606    0.759971   library hold time
                                              0.759971   data required time
---------------------------------------------------------------------------------------------
                                              0.759971   data required time
                                             -1.924076   data arrival time
---------------------------------------------------------------------------------------------
                                              1.164105   slack (MET)


Startpoint: _219_ (rising edge-triggered flip-flop clocked by clk)
Endpoint: _219_ (rising edge-triggered flip-flop clocked by clk)
Path Group: clk
Path Type: min

Fanout         Cap        Slew       Delay        Time   Description
---------------------------------------------------------------------------------------------
                                  0.000000    0.000000   clock clk (rise edge)
                                  0.000000    0.000000   clock source latency
     1    0.025068    0.135933    0.062678    0.062678 ^ clk (in)
                                                         clk (net)
                      0.135933    0.000000    0.062678 ^ clkbuf_0_clk/I (gf180mcu_fd_sc_mcu7t5v0__clkbuf_16)
     2    0.048445    0.113712    0.250578    0.313257 ^ clkbuf_0_clk/Z (gf180mcu_fd_sc_mcu7t5v0__clkbuf_16)
                                                         clknet_0_clk (net)
                      0.113712    0.000384    0.313640 ^ clkbuf_1_1__f_clk/I (gf180mcu_fd_sc_mcu7t5v0__clkbuf_16)
     5    0.029285    0.097193    0.233438    0.547078 ^ clkbuf_1_1__f_clk/Z (gf180mcu_fd_sc_mcu7t5v0__clkbuf_16)
                                                         clknet_1_1__leaf_clk (net)
                      0.097193    0.000476    0.547554 ^ _219_/CLK (gf180mcu_fd_sc_mcu7t5v0__dffrnq_1)
     5    0.048233    0.829955    1.291644    1.839198 ^ _219_/Q (gf180mcu_fd_sc_mcu7t5v0__dffrnq_1)
                                                         clk_scaler.counter[0] (net)
                      0.829955    0.000731    1.839930 ^ _135_/A1 (gf180mcu_fd_sc_mcu7t5v0__nor2_1)
     1    0.004774    0.202820    0.139391    1.979321 v _135_/ZN (gf180mcu_fd_sc_mcu7t5v0__nor2_1)
                                                         _000_ (net)
                      0.202820    0.000102    1.979423 v _219_/D (gf180mcu_fd_sc_mcu7t5v0__dffrnq_1)
                                              1.979423   data arrival time

                                  0.000000    0.000000   clock clk (rise edge)
                                  0.000000    0.000000   clock source latency
     1    0.025068    0.135933    0.062678    0.062678 ^ clk (in)
                                                         clk (net)
                      0.135933    0.000000    0.062678 ^ clkbuf_0_clk/I (gf180mcu_fd_sc_mcu7t5v0__clkbuf_16)
     2    0.048445    0.113712    0.250578    0.313257 ^ clkbuf_0_clk/Z (gf180mcu_fd_sc_mcu7t5v0__clkbuf_16)
                                                         clknet_0_clk (net)
                      0.113712    0.000384    0.313640 ^ clkbuf_1_1__f_clk/I (gf180mcu_fd_sc_mcu7t5v0__clkbuf_16)
     5    0.029285    0.097193    0.233438    0.547078 ^ clkbuf_1_1__f_clk/Z (gf180mcu_fd_sc_mcu7t5v0__clkbuf_16)
                                                         clknet_1_1__leaf_clk (net)
                      0.097193    0.000476    0.547554 ^ _219_/CLK (gf180mcu_fd_sc_mcu7t5v0__dffrnq_1)
                                  0.100000    0.647554   clock uncertainty
                                  0.000000    0.647554   clock reconvergence pessimism
                                  0.114624    0.762178   library hold time
                                              0.762178   data required time
---------------------------------------------------------------------------------------------
                                              0.762178   data required time
                                             -1.979423   data arrival time
---------------------------------------------------------------------------------------------
                                              1.217245   slack (MET)


Startpoint: _220_ (rising edge-triggered flip-flop clocked by clk)
Endpoint: _220_ (rising edge-triggered flip-flop clocked by clk)
Path Group: clk
Path Type: min

Fanout         Cap        Slew       Delay        Time   Description
---------------------------------------------------------------------------------------------
                                  0.000000    0.000000   clock clk (rise edge)
                                  0.000000    0.000000   clock source latency
     1    0.025068    0.135933    0.062678    0.062678 ^ clk (in)
                                                         clk (net)
                      0.135933    0.000000    0.062678 ^ clkbuf_0_clk/I (gf180mcu_fd_sc_mcu7t5v0__clkbuf_16)
     2    0.048445    0.113712    0.250578    0.313257 ^ clkbuf_0_clk/Z (gf180mcu_fd_sc_mcu7t5v0__clkbuf_16)
                                                         clknet_0_clk (net)
                      0.113712    0.000384    0.313640 ^ clkbuf_1_1__f_clk/I (gf180mcu_fd_sc_mcu7t5v0__clkbuf_16)
     5    0.029285    0.097193    0.233438    0.547078 ^ clkbuf_1_1__f_clk/Z (gf180mcu_fd_sc_mcu7t5v0__clkbuf_16)
                                                         clknet_1_1__leaf_clk (net)
                      0.097193    0.000437    0.547515 ^ _220_/CLK (gf180mcu_fd_sc_mcu7t5v0__dffrnq_1)
     4    0.044979    0.466360    0.941251    1.488766 v _220_/Q (gf180mcu_fd_sc_mcu7t5v0__dffrnq_1)
                                                         clk_scaler.counter[1] (net)
                      0.466362    0.000570    1.489336 v _136_/A2 (gf180mcu_fd_sc_mcu7t5v0__xnor2_1)
     1    0.005759    0.288940    0.333825    1.823161 ^ _136_/ZN (gf180mcu_fd_sc_mcu7t5v0__xnor2_1)
                                                         _073_ (net)
                      0.288940    0.000064    1.823225 ^ _137_/A2 (gf180mcu_fd_sc_mcu7t5v0__nor2_1)
     1    0.005615    0.181403    0.161220    1.984445 v _137_/ZN (gf180mcu_fd_sc_mcu7t5v0__nor2_1)
                                                         _001_ (net)
                      0.181403    0.000121    1.984566 v _220_/D (gf180mcu_fd_sc_mcu7t5v0__dffrnq_1)
                                              1.984566   data arrival time

                                  0.000000    0.000000   clock clk (rise edge)
                                  0.000000    0.000000   clock source latency
     1    0.025068    0.135933    0.062678    0.062678 ^ clk (in)
                                                         clk (net)
                      0.135933    0.000000    0.062678 ^ clkbuf_0_clk/I (gf180mcu_fd_sc_mcu7t5v0__clkbuf_16)
     2    0.048445    0.113712    0.250578    0.313257 ^ clkbuf_0_clk/Z (gf180mcu_fd_sc_mcu7t5v0__clkbuf_16)
                                                         clknet_0_clk (net)
                      0.113712    0.000384    0.313640 ^ clkbuf_1_1__f_clk/I (gf180mcu_fd_sc_mcu7t5v0__clkbuf_16)
     5    0.029285    0.097193    0.233438    0.547078 ^ clkbuf_1_1__f_clk/Z (gf180mcu_fd_sc_mcu7t5v0__clkbuf_16)
                                                         clknet_1_1__leaf_clk (net)
                      0.097193    0.000437    0.547515 ^ _220_/CLK (gf180mcu_fd_sc_mcu7t5v0__dffrnq_1)
                                  0.100000    0.647515   clock uncertainty
                                  0.000000    0.647515   clock reconvergence pessimism
                                  0.119038    0.766553   library hold time
                                              0.766553   data required time
---------------------------------------------------------------------------------------------
                                              0.766553   data required time
                                             -1.984566   data arrival time
---------------------------------------------------------------------------------------------
                                              1.218013   slack (MET)


Startpoint: _225_ (rising edge-triggered flip-flop clocked by clk)
Endpoint: _265_ (rising edge-triggered flip-flop clocked by clk)
Path Group: clk
Path Type: min

Fanout         Cap        Slew       Delay        Time   Description
---------------------------------------------------------------------------------------------
                                  0.000000    0.000000   clock clk (rise edge)
                                  0.000000    0.000000   clock source latency
     1    0.025068    0.135933    0.062678    0.062678 ^ clk (in)
                                                         clk (net)
                      0.135933    0.000000    0.062678 ^ clkbuf_0_clk/I (gf180mcu_fd_sc_mcu7t5v0__clkbuf_16)
     2    0.048445    0.113712    0.250578    0.313257 ^ clkbuf_0_clk/Z (gf180mcu_fd_sc_mcu7t5v0__clkbuf_16)
                                                         clknet_0_clk (net)
                      0.113714    0.000771    0.314027 ^ clkbuf_1_0__f_clk/I (gf180mcu_fd_sc_mcu7t5v0__clkbuf_16)
     5    0.026263    0.094152    0.231203    0.545231 ^ clkbuf_1_0__f_clk/Z (gf180mcu_fd_sc_mcu7t5v0__clkbuf_16)
                                                         clknet_1_0__leaf_clk (net)
                      0.094152    0.000403    0.545633 ^ _225_/CLK (gf180mcu_fd_sc_mcu7t5v0__dffrnq_1)
     1    0.010154    0.250659    0.931956    1.477589 ^ _225_/Q (gf180mcu_fd_sc_mcu7t5v0__dffrnq_1)
                                                         clk_scaler.counter[6] (net)
                      0.250659    0.000227    1.477816 ^ _132_/A1 (gf180mcu_fd_sc_mcu7t5v0__nor3_2)
     2    0.031038    0.314751    0.260514    1.738330 v _132_/ZN (gf180mcu_fd_sc_mcu7t5v0__nor3_2)
                                                         _070_ (net)
                      0.314751    0.000589    1.738919 v _133_/B (gf180mcu_fd_sc_mcu7t5v0__oai21_1)
     1    0.012269    0.372132    0.314207    2.053127 ^ _133_/ZN (gf180mcu_fd_sc_mcu7t5v0__oai21_1)
                                                         _071_ (net)
                      0.372132    0.000307    2.053434 ^ _213_/A2 (gf180mcu_fd_sc_mcu7t5v0__xor2_1)
     1    0.005158    0.177979    0.133812    2.187247 v _213_/Z (gf180mcu_fd_sc_mcu7t5v0__xor2_1)
                                                         _110_ (net)
                      0.177979    0.000066    2.187312 v _214_/A2 (gf180mcu_fd_sc_mcu7t5v0__and2_1)
     1    0.004322    0.115512    0.278124    2.465436 v _214_/Z (gf180mcu_fd_sc_mcu7t5v0__and2_1)
                                                         _036_ (net)
                      0.115512    0.000051    2.465487 v _265_/D (gf180mcu_fd_sc_mcu7t5v0__dffrnq_1)
                                              2.465487   data arrival time

                                  0.000000    0.000000   clock clk (rise edge)
                                  0.000000    0.000000   clock source latency
     1    0.025068    0.135933    0.062678    0.062678 ^ clk (in)
                                                         clk (net)
                      0.135933    0.000000    0.062678 ^ clkbuf_0_clk/I (gf180mcu_fd_sc_mcu7t5v0__clkbuf_16)
     2    0.048445    0.113712    0.250578    0.313257 ^ clkbuf_0_clk/Z (gf180mcu_fd_sc_mcu7t5v0__clkbuf_16)
                                                         clknet_0_clk (net)
                      0.113714    0.000771    0.314027 ^ clkbuf_1_0__f_clk/I (gf180mcu_fd_sc_mcu7t5v0__clkbuf_16)
     5    0.026263    0.094152    0.231203    0.545231 ^ clkbuf_1_0__f_clk/Z (gf180mcu_fd_sc_mcu7t5v0__clkbuf_16)
                                                         clknet_1_0__leaf_clk (net)
                      0.094152    0.000330    0.545561 ^ _265_/CLK (gf180mcu_fd_sc_mcu7t5v0__dffrnq_1)
                                  0.100000    0.645561   clock uncertainty
                                  0.000000    0.645561   clock reconvergence pessimism
                                  0.132099    0.777660   library hold time
                                              0.777660   data required time
---------------------------------------------------------------------------------------------
                                              0.777660   data required time
                                             -2.465487   data arrival time
---------------------------------------------------------------------------------------------
                                              1.687827   slack (MET)


Startpoint: rst_n (input port clocked by clk)
Endpoint: _223_ (removal check against rising-edge clock clk)
Path Group: asynchronous
Path Type: min

Fanout         Cap        Slew       Delay        Time   Description
---------------------------------------------------------------------------------------------
                                  0.000000    0.000000   clock clk (rise edge)
                                  0.000000    0.000000   clock network delay (propagated)
                                  4.000000    4.000000 ^ input external delay
     1    0.006736    0.157396    0.066110    4.066110 ^ rst_n (in)
                                                         rst_n (net)
                      0.157396    0.000000    4.066110 ^ input9/I (gf180mcu_fd_sc_mcu7t5v0__buf_1)
     4    0.037669    0.654662    0.526178    4.592288 ^ input9/Z (gf180mcu_fd_sc_mcu7t5v0__buf_1)
                                                         net9 (net)
                      0.654662    0.000386    4.592675 ^ fanout22/I (gf180mcu_fd_sc_mcu7t5v0__clkbuf_3)
    10    0.089272    0.399266    0.545019    5.137694 ^ fanout22/Z (gf180mcu_fd_sc_mcu7t5v0__clkbuf_3)
                                                         net22 (net)
                      0.399279    0.001643    5.139337 ^ _223_/RN (gf180mcu_fd_sc_mcu7t5v0__dffrnq_1)
                                              5.139337   data arrival time

                                  0.000000    0.000000   clock clk (rise edge)
                                  0.000000    0.000000   clock source latency
     1    0.025068    0.135933    0.062678    0.062678 ^ clk (in)
                                                         clk (net)
                      0.135933    0.000000    0.062678 ^ clkbuf_0_clk/I (gf180mcu_fd_sc_mcu7t5v0__clkbuf_16)
     2    0.048445    0.113712    0.250578    0.313257 ^ clkbuf_0_clk/Z (gf180mcu_fd_sc_mcu7t5v0__clkbuf_16)
                                                         clknet_0_clk (net)
                      0.113712    0.000384    0.313640 ^ clkbuf_1_1__f_clk/I (gf180mcu_fd_sc_mcu7t5v0__clkbuf_16)
     5    0.029285    0.097193    0.233438    0.547078 ^ clkbuf_1_1__f_clk/Z (gf180mcu_fd_sc_mcu7t5v0__clkbuf_16)
                                                         clknet_1_1__leaf_clk (net)
                      0.097193    0.000503    0.547581 ^ _223_/CLK (gf180mcu_fd_sc_mcu7t5v0__dffrnq_1)
                                  0.100000    0.647581   clock uncertainty
                                  0.000000    0.647581   clock reconvergence pessimism
                                  0.367569    1.015151   library removal time
                                              1.015151   data required time
---------------------------------------------------------------------------------------------
                                              1.015151   data required time
                                             -5.139337   data arrival time
---------------------------------------------------------------------------------------------
                                              4.124186   slack (MET)


Startpoint: rst_n (input port clocked by clk)
Endpoint: _265_ (removal check against rising-edge clock clk)
Path Group: asynchronous
Path Type: min

Fanout         Cap        Slew       Delay        Time   Description
---------------------------------------------------------------------------------------------
                                  0.000000    0.000000   clock clk (rise edge)
                                  0.000000    0.000000   clock network delay (propagated)
                                  4.000000    4.000000 ^ input external delay
     1    0.006736    0.157396    0.066110    4.066110 ^ rst_n (in)
                                                         rst_n (net)
                      0.157396    0.000000    4.066110 ^ input9/I (gf180mcu_fd_sc_mcu7t5v0__buf_1)
     4    0.037669    0.654662    0.526178    4.592288 ^ input9/Z (gf180mcu_fd_sc_mcu7t5v0__buf_1)
                                                         net9 (net)
                      0.654662    0.000386    4.592675 ^ fanout22/I (gf180mcu_fd_sc_mcu7t5v0__clkbuf_3)
    10    0.089272    0.399266    0.545019    5.137694 ^ fanout22/Z (gf180mcu_fd_sc_mcu7t5v0__clkbuf_3)
                                                         net22 (net)
                      0.399274    0.001336    5.139030 ^ _265_/RN (gf180mcu_fd_sc_mcu7t5v0__dffrnq_1)
                                              5.139030   data arrival time

                                  0.000000    0.000000   clock clk (rise edge)
                                  0.000000    0.000000   clock source latency
     1    0.025068    0.135933    0.062678    0.062678 ^ clk (in)
                                                         clk (net)
                      0.135933    0.000000    0.062678 ^ clkbuf_0_clk/I (gf180mcu_fd_sc_mcu7t5v0__clkbuf_16)
     2    0.048445    0.113712    0.250578    0.313257 ^ clkbuf_0_clk/Z (gf180mcu_fd_sc_mcu7t5v0__clkbuf_16)
                                                         clknet_0_clk (net)
                      0.113714    0.000771    0.314027 ^ clkbuf_1_0__f_clk/I (gf180mcu_fd_sc_mcu7t5v0__clkbuf_16)
     5    0.026263    0.094152    0.231203    0.545231 ^ clkbuf_1_0__f_clk/Z (gf180mcu_fd_sc_mcu7t5v0__clkbuf_16)
                                                         clknet_1_0__leaf_clk (net)
                      0.094152    0.000330    0.545561 ^ _265_/CLK (gf180mcu_fd_sc_mcu7t5v0__dffrnq_1)
                                  0.100000    0.645561   clock uncertainty
                                  0.000000    0.645561   clock reconvergence pessimism
                                  0.367104    1.012665   library removal time
                                              1.012665   data required time
---------------------------------------------------------------------------------------------
                                              1.012665   data required time
                                             -5.139030   data arrival time
---------------------------------------------------------------------------------------------
                                              4.126365   slack (MET)


Startpoint: rst_n (input port clocked by clk)
Endpoint: _225_ (removal check against rising-edge clock clk)
Path Group: asynchronous
Path Type: min

Fanout         Cap        Slew       Delay        Time   Description
---------------------------------------------------------------------------------------------
                                  0.000000    0.000000   clock clk (rise edge)
                                  0.000000    0.000000   clock network delay (propagated)
                                  4.000000    4.000000 ^ input external delay
     1    0.006736    0.157396    0.066110    4.066110 ^ rst_n (in)
                                                         rst_n (net)
                      0.157396    0.000000    4.066110 ^ input9/I (gf180mcu_fd_sc_mcu7t5v0__buf_1)
     4    0.037669    0.654662    0.526178    4.592288 ^ input9/Z (gf180mcu_fd_sc_mcu7t5v0__buf_1)
                                                         net9 (net)
                      0.654662    0.000386    4.592675 ^ fanout22/I (gf180mcu_fd_sc_mcu7t5v0__clkbuf_3)
    10    0.089272    0.399266    0.545019    5.137694 ^ fanout22/Z (gf180mcu_fd_sc_mcu7t5v0__clkbuf_3)
                                                         net22 (net)
                      0.399280    0.001691    5.139385 ^ _225_/RN (gf180mcu_fd_sc_mcu7t5v0__dffrnq_1)
                                              5.139385   data arrival time

                                  0.000000    0.000000   clock clk (rise edge)
                                  0.000000    0.000000   clock source latency
     1    0.025068    0.135933    0.062678    0.062678 ^ clk (in)
                                                         clk (net)
                      0.135933    0.000000    0.062678 ^ clkbuf_0_clk/I (gf180mcu_fd_sc_mcu7t5v0__clkbuf_16)
     2    0.048445    0.113712    0.250578    0.313257 ^ clkbuf_0_clk/Z (gf180mcu_fd_sc_mcu7t5v0__clkbuf_16)
                                                         clknet_0_clk (net)
                      0.113714    0.000771    0.314027 ^ clkbuf_1_0__f_clk/I (gf180mcu_fd_sc_mcu7t5v0__clkbuf_16)
     5    0.026263    0.094152    0.231203    0.545231 ^ clkbuf_1_0__f_clk/Z (gf180mcu_fd_sc_mcu7t5v0__clkbuf_16)
                                                         clknet_1_0__leaf_clk (net)
                      0.094152    0.000403    0.545633 ^ _225_/CLK (gf180mcu_fd_sc_mcu7t5v0__dffrnq_1)
                                  0.100000    0.645633   clock uncertainty
                                  0.000000    0.645633   clock reconvergence pessimism
                                  0.367104    1.012738   library removal time
                                              1.012738   data required time
---------------------------------------------------------------------------------------------
                                              1.012738   data required time
                                             -5.139385   data arrival time
---------------------------------------------------------------------------------------------
                                              4.126647   slack (MET)


Startpoint: rst_n (input port clocked by clk)
Endpoint: _226_ (removal check against rising-edge clock clk)
Path Group: asynchronous
Path Type: min

Fanout         Cap        Slew       Delay        Time   Description
---------------------------------------------------------------------------------------------
                                  0.000000    0.000000   clock clk (rise edge)
                                  0.000000    0.000000   clock network delay (propagated)
                                  4.000000    4.000000 ^ input external delay
     1    0.006736    0.157396    0.066110    4.066110 ^ rst_n (in)
                                                         rst_n (net)
                      0.157396    0.000000    4.066110 ^ input9/I (gf180mcu_fd_sc_mcu7t5v0__buf_1)
     4    0.037669    0.654662    0.526178    4.592288 ^ input9/Z (gf180mcu_fd_sc_mcu7t5v0__buf_1)
                                                         net9 (net)
                      0.654662    0.000386    4.592675 ^ fanout22/I (gf180mcu_fd_sc_mcu7t5v0__clkbuf_3)
    10    0.089272    0.399266    0.545019    5.137694 ^ fanout22/Z (gf180mcu_fd_sc_mcu7t5v0__clkbuf_3)
                                                         net22 (net)
                      0.399290    0.002206    5.139900 ^ _226_/RN (gf180mcu_fd_sc_mcu7t5v0__dffrnq_1)
                                              5.139900   data arrival time

                                  0.000000    0.000000   clock clk (rise edge)
                                  0.000000    0.000000   clock source latency
     1    0.025068    0.135933    0.062678    0.062678 ^ clk (in)
                                                         clk (net)
                      0.135933    0.000000    0.062678 ^ clkbuf_0_clk/I (gf180mcu_fd_sc_mcu7t5v0__clkbuf_16)
     2    0.048445    0.113712    0.250578    0.313257 ^ clkbuf_0_clk/Z (gf180mcu_fd_sc_mcu7t5v0__clkbuf_16)
                                                         clknet_0_clk (net)
                      0.113714    0.000771    0.314027 ^ clkbuf_1_0__f_clk/I (gf180mcu_fd_sc_mcu7t5v0__clkbuf_16)
     5    0.026263    0.094152    0.231203    0.545231 ^ clkbuf_1_0__f_clk/Z (gf180mcu_fd_sc_mcu7t5v0__clkbuf_16)
                                                         clknet_1_0__leaf_clk (net)
                      0.094153    0.000565    0.545796 ^ _226_/CLK (gf180mcu_fd_sc_mcu7t5v0__dffrnq_1)
                                  0.100000    0.645796   clock uncertainty
                                  0.000000    0.645796   clock reconvergence pessimism
                                  0.367105    1.012901   library removal time
                                              1.012901   data required time
---------------------------------------------------------------------------------------------
                                              1.012901   data required time
                                             -5.139900   data arrival time
---------------------------------------------------------------------------------------------
                                              4.126999   slack (MET)


Startpoint: rst_n (input port clocked by clk)
Endpoint: _224_ (removal check against rising-edge clock clk)
Path Group: asynchronous
Path Type: min

Fanout         Cap        Slew       Delay        Time   Description
---------------------------------------------------------------------------------------------
                                  0.000000    0.000000   clock clk (rise edge)
                                  0.000000    0.000000   clock network delay (propagated)
                                  4.000000    4.000000 ^ input external delay
     1    0.006736    0.157396    0.066110    4.066110 ^ rst_n (in)
                                                         rst_n (net)
                      0.157396    0.000000    4.066110 ^ input9/I (gf180mcu_fd_sc_mcu7t5v0__buf_1)
     4    0.037669    0.654662    0.526178    4.592288 ^ input9/Z (gf180mcu_fd_sc_mcu7t5v0__buf_1)
                                                         net9 (net)
                      0.654662    0.000386    4.592675 ^ fanout22/I (gf180mcu_fd_sc_mcu7t5v0__clkbuf_3)
    10    0.089272    0.399266    0.545019    5.137694 ^ fanout22/Z (gf180mcu_fd_sc_mcu7t5v0__clkbuf_3)
                                                         net22 (net)
                      0.399295    0.002403    5.140097 ^ _224_/RN (gf180mcu_fd_sc_mcu7t5v0__dffrnq_1)
                                              5.140097   data arrival time

                                  0.000000    0.000000   clock clk (rise edge)
                                  0.000000    0.000000   clock source latency
     1    0.025068    0.135933    0.062678    0.062678 ^ clk (in)
                                                         clk (net)
                      0.135933    0.000000    0.062678 ^ clkbuf_0_clk/I (gf180mcu_fd_sc_mcu7t5v0__clkbuf_16)
     2    0.048445    0.113712    0.250578    0.313257 ^ clkbuf_0_clk/Z (gf180mcu_fd_sc_mcu7t5v0__clkbuf_16)
                                                         clknet_0_clk (net)
                      0.113714    0.000771    0.314027 ^ clkbuf_1_0__f_clk/I (gf180mcu_fd_sc_mcu7t5v0__clkbuf_16)
     5    0.026263    0.094152    0.231203    0.545231 ^ clkbuf_1_0__f_clk/Z (gf180mcu_fd_sc_mcu7t5v0__clkbuf_16)
                                                         clknet_1_0__leaf_clk (net)
                      0.094153    0.000560    0.545791 ^ _224_/CLK (gf180mcu_fd_sc_mcu7t5v0__dffrnq_1)
                                  0.100000    0.645791   clock uncertainty
                                  0.000000    0.645791   clock reconvergence pessimism
                                  0.367105    1.012897   library removal time
                                              1.012897   data required time
---------------------------------------------------------------------------------------------
                                              1.012897   data required time
                                             -5.140097   data arrival time
---------------------------------------------------------------------------------------------
                                              4.127200   slack (MET)


Startpoint: rst_n (input port clocked by clk)
Endpoint: _222_ (removal check against rising-edge clock clk)
Path Group: asynchronous
Path Type: min

Fanout         Cap        Slew       Delay        Time   Description
---------------------------------------------------------------------------------------------
                                  0.000000    0.000000   clock clk (rise edge)
                                  0.000000    0.000000   clock network delay (propagated)
                                  4.000000    4.000000 ^ input external delay
     1    0.006736    0.157396    0.066110    4.066110 ^ rst_n (in)
                                                         rst_n (net)
                      0.157396    0.000000    4.066110 ^ input9/I (gf180mcu_fd_sc_mcu7t5v0__buf_1)
     4    0.037669    0.654662    0.526178    4.592288 ^ input9/Z (gf180mcu_fd_sc_mcu7t5v0__buf_1)
                                                         net9 (net)
                      0.654662    0.000386    4.592675 ^ fanout22/I (gf180mcu_fd_sc_mcu7t5v0__clkbuf_3)
    10    0.089272    0.399266    0.545019    5.137694 ^ fanout22/Z (gf180mcu_fd_sc_mcu7t5v0__clkbuf_3)
                                                         net22 (net)
                      0.399273    0.001248    5.138942 ^ fanout21/I (gf180mcu_fd_sc_mcu7t5v0__clkbuf_3)
    10    0.089534    0.397085    0.499589    5.638531 ^ fanout21/Z (gf180mcu_fd_sc_mcu7t5v0__clkbuf_3)
                                                         net21 (net)
                      0.397103    0.001321    5.639852 ^ _222_/RN (gf180mcu_fd_sc_mcu7t5v0__dffrnq_1)
                                              5.639852   data arrival time

                                  0.000000    0.000000   clock clk (rise edge)
                                  0.000000    0.000000   clock source latency
     1    0.025068    0.135933    0.062678    0.062678 ^ clk (in)
                                                         clk (net)
                      0.135933    0.000000    0.062678 ^ clkbuf_0_clk/I (gf180mcu_fd_sc_mcu7t5v0__clkbuf_16)
     2    0.048445    0.113712    0.250578    0.313257 ^ clkbuf_0_clk/Z (gf180mcu_fd_sc_mcu7t5v0__clkbuf_16)
                                                         clknet_0_clk (net)
                      0.113712    0.000384    0.313640 ^ clkbuf_1_1__f_clk/I (gf180mcu_fd_sc_mcu7t5v0__clkbuf_16)
     5    0.029285    0.097193    0.233438    0.547078 ^ clkbuf_1_1__f_clk/Z (gf180mcu_fd_sc_mcu7t5v0__clkbuf_16)
                                                         clknet_1_1__leaf_clk (net)
                      0.097193    0.000170    0.547248 ^ _222_/CLK (gf180mcu_fd_sc_mcu7t5v0__dffrnq_1)
                                  0.100000    0.647248   clock uncertainty
                                  0.000000    0.647248   clock reconvergence pessimism
                                  0.367391    1.014639   library removal time
                                              1.014639   data required time
---------------------------------------------------------------------------------------------
                                              1.014639   data required time
                                             -5.639852   data arrival time
---------------------------------------------------------------------------------------------
                                              4.625213   slack (MET)


Startpoint: rst_n (input port clocked by clk)
Endpoint: _219_ (removal check against rising-edge clock clk)
Path Group: asynchronous
Path Type: min

Fanout         Cap        Slew       Delay        Time   Description
---------------------------------------------------------------------------------------------
                                  0.000000    0.000000   clock clk (rise edge)
                                  0.000000    0.000000   clock network delay (propagated)
                                  4.000000    4.000000 ^ input external delay
     1    0.006736    0.157396    0.066110    4.066110 ^ rst_n (in)
                                                         rst_n (net)
                      0.157396    0.000000    4.066110 ^ input9/I (gf180mcu_fd_sc_mcu7t5v0__buf_1)
     4    0.037669    0.654662    0.526178    4.592288 ^ input9/Z (gf180mcu_fd_sc_mcu7t5v0__buf_1)
                                                         net9 (net)
                      0.654662    0.000386    4.592675 ^ fanout22/I (gf180mcu_fd_sc_mcu7t5v0__clkbuf_3)
    10    0.089272    0.399266    0.545019    5.137694 ^ fanout22/Z (gf180mcu_fd_sc_mcu7t5v0__clkbuf_3)
                                                         net22 (net)
                      0.399273    0.001248    5.138942 ^ fanout21/I (gf180mcu_fd_sc_mcu7t5v0__clkbuf_3)
    10    0.089534    0.397085    0.499589    5.638531 ^ fanout21/Z (gf180mcu_fd_sc_mcu7t5v0__clkbuf_3)
                                                         net21 (net)
                      0.397124    0.001999    5.640530 ^ _219_/RN (gf180mcu_fd_sc_mcu7t5v0__dffrnq_1)
                                              5.640530   data arrival time

                                  0.000000    0.000000   clock clk (rise edge)
                                  0.000000    0.000000   clock source latency
     1    0.025068    0.135933    0.062678    0.062678 ^ clk (in)
                                                         clk (net)
                      0.135933    0.000000    0.062678 ^ clkbuf_0_clk/I (gf180mcu_fd_sc_mcu7t5v0__clkbuf_16)
     2    0.048445    0.113712    0.250578    0.313257 ^ clkbuf_0_clk/Z (gf180mcu_fd_sc_mcu7t5v0__clkbuf_16)
                                                         clknet_0_clk (net)
                      0.113712    0.000384    0.313640 ^ clkbuf_1_1__f_clk/I (gf180mcu_fd_sc_mcu7t5v0__clkbuf_16)
     5    0.029285    0.097193    0.233438    0.547078 ^ clkbuf_1_1__f_clk/Z (gf180mcu_fd_sc_mcu7t5v0__clkbuf_16)
                                                         clknet_1_1__leaf_clk (net)
                      0.097193    0.000476    0.547554 ^ _219_/CLK (gf180mcu_fd_sc_mcu7t5v0__dffrnq_1)
                                  0.100000    0.647554   clock uncertainty
                                  0.000000    0.647554   clock reconvergence pessimism
                                  0.367393    1.014947   library removal time
                                              1.014947   data required time
---------------------------------------------------------------------------------------------
                                              1.014947   data required time
                                             -5.640530   data arrival time
---------------------------------------------------------------------------------------------
                                              4.625583   slack (MET)


Startpoint: rst_n (input port clocked by clk)
Endpoint: _220_ (removal check against rising-edge clock clk)
Path Group: asynchronous
Path Type: min

Fanout         Cap        Slew       Delay        Time   Description
---------------------------------------------------------------------------------------------
                                  0.000000    0.000000   clock clk (rise edge)
                                  0.000000    0.000000   clock network delay (propagated)
                                  4.000000    4.000000 ^ input external delay
     1    0.006736    0.157396    0.066110    4.066110 ^ rst_n (in)
                                                         rst_n (net)
                      0.157396    0.000000    4.066110 ^ input9/I (gf180mcu_fd_sc_mcu7t5v0__buf_1)
     4    0.037669    0.654662    0.526178    4.592288 ^ input9/Z (gf180mcu_fd_sc_mcu7t5v0__buf_1)
                                                         net9 (net)
                      0.654662    0.000386    4.592675 ^ fanout22/I (gf180mcu_fd_sc_mcu7t5v0__clkbuf_3)
    10    0.089272    0.399266    0.545019    5.137694 ^ fanout22/Z (gf180mcu_fd_sc_mcu7t5v0__clkbuf_3)
                                                         net22 (net)
                      0.399273    0.001248    5.138942 ^ fanout21/I (gf180mcu_fd_sc_mcu7t5v0__clkbuf_3)
    10    0.089534    0.397085    0.499589    5.638531 ^ fanout21/Z (gf180mcu_fd_sc_mcu7t5v0__clkbuf_3)
                                                         net21 (net)
                      0.397151    0.002760    5.641291 ^ _220_/RN (gf180mcu_fd_sc_mcu7t5v0__dffrnq_1)
                                              5.641291   data arrival time

                                  0.000000    0.000000   clock clk (rise edge)
                                  0.000000    0.000000   clock source latency
     1    0.025068    0.135933    0.062678    0.062678 ^ clk (in)
                                                         clk (net)
                      0.135933    0.000000    0.062678 ^ clkbuf_0_clk/I (gf180mcu_fd_sc_mcu7t5v0__clkbuf_16)
     2    0.048445    0.113712    0.250578    0.313257 ^ clkbuf_0_clk/Z (gf180mcu_fd_sc_mcu7t5v0__clkbuf_16)
                                                         clknet_0_clk (net)
                      0.113712    0.000384    0.313640 ^ clkbuf_1_1__f_clk/I (gf180mcu_fd_sc_mcu7t5v0__clkbuf_16)
     5    0.029285    0.097193    0.233438    0.547078 ^ clkbuf_1_1__f_clk/Z (gf180mcu_fd_sc_mcu7t5v0__clkbuf_16)
                                                         clknet_1_1__leaf_clk (net)
                      0.097193    0.000437    0.547515 ^ _220_/CLK (gf180mcu_fd_sc_mcu7t5v0__dffrnq_1)
                                  0.100000    0.647515   clock uncertainty
                                  0.000000    0.647515   clock reconvergence pessimism
                                  0.367395    1.014910   library removal time
                                              1.014910   data required time
---------------------------------------------------------------------------------------------
                                              1.014910   data required time
                                             -5.641291   data arrival time
---------------------------------------------------------------------------------------------
                                              4.626381   slack (MET)


Startpoint: rst_n (input port clocked by clk)
Endpoint: _221_ (removal check against rising-edge clock clk)
Path Group: asynchronous
Path Type: min

Fanout         Cap        Slew       Delay        Time   Description
---------------------------------------------------------------------------------------------
                                  0.000000    0.000000   clock clk (rise edge)
                                  0.000000    0.000000   clock network delay (propagated)
                                  4.000000    4.000000 ^ input external delay
     1    0.006736    0.157396    0.066110    4.066110 ^ rst_n (in)
                                                         rst_n (net)
                      0.157396    0.000000    4.066110 ^ input9/I (gf180mcu_fd_sc_mcu7t5v0__buf_1)
     4    0.037669    0.654662    0.526178    4.592288 ^ input9/Z (gf180mcu_fd_sc_mcu7t5v0__buf_1)
                                                         net9 (net)
                      0.654662    0.000386    4.592675 ^ fanout22/I (gf180mcu_fd_sc_mcu7t5v0__clkbuf_3)
    10    0.089272    0.399266    0.545019    5.137694 ^ fanout22/Z (gf180mcu_fd_sc_mcu7t5v0__clkbuf_3)
                                                         net22 (net)
                      0.399273    0.001248    5.138942 ^ fanout21/I (gf180mcu_fd_sc_mcu7t5v0__clkbuf_3)
    10    0.089534    0.397085    0.499589    5.638531 ^ fanout21/Z (gf180mcu_fd_sc_mcu7t5v0__clkbuf_3)
                                                         net21 (net)
                      0.397148    0.002668    5.641198 ^ _221_/RN (gf180mcu_fd_sc_mcu7t5v0__dffrnq_1)
                                              5.641198   data arrival time

                                  0.000000    0.000000   clock clk (rise edge)
                                  0.000000    0.000000   clock source latency
     1    0.025068    0.135933    0.062678    0.062678 ^ clk (in)
                                                         clk (net)
                      0.135933    0.000000    0.062678 ^ clkbuf_0_clk/I (gf180mcu_fd_sc_mcu7t5v0__clkbuf_16)
     2    0.048445    0.113712    0.250578    0.313257 ^ clkbuf_0_clk/Z (gf180mcu_fd_sc_mcu7t5v0__clkbuf_16)
                                                         clknet_0_clk (net)
                      0.113712    0.000384    0.313640 ^ clkbuf_1_1__f_clk/I (gf180mcu_fd_sc_mcu7t5v0__clkbuf_16)
     5    0.029285    0.097193    0.233438    0.547078 ^ clkbuf_1_1__f_clk/Z (gf180mcu_fd_sc_mcu7t5v0__clkbuf_16)
                                                         clknet_1_1__leaf_clk (net)
                      0.097193    0.000288    0.547366 ^ _221_/CLK (gf180mcu_fd_sc_mcu7t5v0__dffrnq_1)
                                  0.100000    0.647366   clock uncertainty
                                  0.000000    0.647366   clock reconvergence pessimism
                                  0.367395    1.014760   library removal time
                                              1.014760   data required time
---------------------------------------------------------------------------------------------
                                              1.014760   data required time
                                             -5.641198   data arrival time
---------------------------------------------------------------------------------------------
                                              4.626438   slack (MET)



