Clock: clk
Sources: clk 
Generated: no
Virtual: yes
Propagated: no
Period: 20.000000

===========================================================================
report_clock_properties
============================================================================
Clock                   Period          Waveform
----------------------------------------------------
clk                  20.000000    0.000000 10.000000

===========================================================================
report_clock_latency
============================================================================
Clock clk
rise -> rise
    min     max
0.000000 0.000000 source latency
0.968146         network latency _265_/CLK
        4.825778 network latency _261_/CLK
---------------
0.968146 4.825778 latency
        3.857632 skew

rise -> fall
    min     max
0.000000 0.000000 source latency
3.140134         network latency _233_/CLK
        4.222053 network latency _261_/CLK
---------------
3.140134 4.222053 latency
        1.081919 skew

fall -> fall
    min     max
0.000000 0.000000 source latency
0.896094         network latency _265_/CLK
        0.899842 network latency _223_/CLK
---------------
0.896094 0.899842 latency
        0.003748 skew



===========================================================================
report_clock_min_period
============================================================================
clk period_min = 6.28 fmax = 159.27
