Clock: clk
Sources: clk 
Generated: no
Virtual: yes
Propagated: no
Period: 20.000000

===========================================================================
report_clock_properties
============================================================================
Clock                   Period          Waveform
----------------------------------------------------
clk                  20.000000    0.000000 10.000000

===========================================================================
report_clock_latency
============================================================================
Clock clk
rise -> rise
    min     max
0.000000 0.000000 source latency
0.533473         network latency _39_/CLK
        0.541344 network latency _44_/CLK
---------------
0.533473 0.541344 latency
        0.007871 skew

fall -> fall
    min     max
0.000000 0.000000 source latency
0.539633         network latency _39_/CLK
        0.546141 network latency _44_/CLK
---------------
0.539633 0.546141 latency
        0.006508 skew



===========================================================================
report_clock_min_period
============================================================================
clk period_min = 3.61 fmax = 277.26
