Clock: clk
Sources: clk 
Generated: no
Virtual: yes
Propagated: no
Period: 20.000000

===========================================================================
report_clock_properties
============================================================================
Clock                   Period          Waveform
----------------------------------------------------
clk                  20.000000    0.000000 10.000000

===========================================================================
report_clock_latency
============================================================================
Clock clk
rise -> rise
    min     max
0.000000 0.000000 source latency
0.091877         network latency _642_/CLK
        4.134507 network latency _656_/CLK
---------------
0.091877 4.134507 latency
        4.042630 skew

rise -> fall
    min     max
0.000000 0.000000 source latency
2.805056         network latency _692_/CLK
        2.809441 network latency _656_/CLK
---------------
2.805056 2.809441 latency
        0.004386 skew

fall -> fall
    min     max
0.000000 0.000000 source latency
0.056238         network latency _642_/CLK
        0.056511 network latency _651_/CLK
---------------
0.056238 0.056511 latency
        0.000274 skew



===========================================================================
report_clock_min_period
============================================================================
clk period_min = 5.00 fmax = 200.12
