Reading OpenROAD database at '/foss/designs/kvic_336007_ws25-kvic_ws25_v6/librelane/runs/RUN_2025-11-30_19-01-03/24-openroad-ioplacement/tiny_tonegen.odb'…
Reading library file at '/foss/pdks/gf180mcuD/libs.ref/gf180mcu_fd_sc_mcu7t5v0/lib/gf180mcu_fd_sc_mcu7t5v0__tt_025C_5v00.lib'…
Reading design constraints file at '/foss/designs/kvic_336007_ws25-kvic_ws25_v6/librelane/impl.sdc'…
[INFO] Using clock clk…
[INFO] Setting output delay to: 4
[INFO] Setting input delay to: 4
[INFO] Setting load to: 0.07291
[INFO] Setting clock uncertainty to: 0.25
[INFO] Setting clock transition to: 0.1499999999999999944488848768742172978818416595458984375
[INFO] Setting timing derate to: 5%
[INFO] No information on clock propagation in input SDC file-- propagating all clocks.
[INFO] Setting RC values…
[INFO] Setting signal min routing layer to: Metal2 and clock min routing layer to Metal2. 
[INFO] Setting signal max routing layer to: Metal5 and clock max routing layer to Metal5. 
+ global_placement -density 0.6 -timing_driven -routability_driven -pad_right 0 -pad_left 0 -init_wirelength_coef 0.25
[INFO GPL-0002] DBU: 2000
[INFO GPL-0003] SiteSize: (  0.560  3.920 ) um
[INFO GPL-0004] CoreBBox: (  3.360  3.920 ) ( 156.240 94.080 ) um
[INFO GPL-0006] NumInstances:               235
[INFO GPL-0007] NumPlaceInstances:          148
[INFO GPL-0008] NumFixedInstances:           87
[INFO GPL-0009] NumDummyInstances:            0
[INFO GPL-0010] NumNets:                    160
[INFO GPL-0011] NumPins:                    502
[INFO GPL-0012] DieBBox:  (  0.000  0.000 ) ( 160.000 100.000 ) um
[INFO GPL-0013] CoreBBox: (  3.360  3.920 ) ( 156.240 94.080 ) um
[INFO GPL-0016] CoreArea:             13783.661 um^2
[INFO GPL-0017] NonPlaceInstsArea:      381.965 um^2
[INFO GPL-0018] PlaceInstsArea:        4094.048 um^2
[INFO GPL-0019] Util:                    30.549 %
[INFO GPL-0020] StdInstsArea:          4094.048 um^2
[INFO GPL-0021] MacroInstsArea:           0.000 um^2
[InitialPlace]  Iter: 1 CG residual: 0.00000009 HPWL: 9603810
[InitialPlace]  Iter: 2 CG residual: 0.00000012 HPWL: 7063557
[InitialPlace]  Iter: 3 CG residual: 0.00000008 HPWL: 7080157
[InitialPlace]  Iter: 4 CG residual: 0.00000005 HPWL: 7092763
[InitialPlace]  Iter: 5 CG residual: 0.00000009 HPWL: 7085051
[INFO GPL-0031] FillerInit:NumGCells:       300
[INFO GPL-0032] FillerInit:NumGNets:        160
[INFO GPL-0033] FillerInit:NumGPins:        502
[INFO GPL-0023] TargetDensity:            0.600
[INFO GPL-0024] AvrgPlaceInstArea:       27.662 um^2
[INFO GPL-0025] IdealBinArea:            46.104 um^2
[INFO GPL-0026] IdealBinCnt:                298
[INFO GPL-0027] TotalBinArea:         13783.661 um^2
[INFO GPL-0028] BinCnt:        16     16
[INFO GPL-0029] BinSize: (  9.555  5.635 )
[INFO GPL-0030] NumBins: 256
[NesterovSolve] Iter:    1 overflow: 0.868 HPWL: 2922290
[INFO GPL-0100] Timing-driven: executing resizer for reweighting nets.
[INFO GPL-0101] Timing-driven: worst slack 1.48e-08
[INFO GPL-0103] Timing-driven: weighted 14 nets.
[NesterovSolve] Iter:   10 overflow: 0.765 HPWL: 3381630
[NesterovSolve] Iter:   20 overflow: 0.763 HPWL: 3343105
[NesterovSolve] Iter:   30 overflow: 0.762 HPWL: 3347145
[NesterovSolve] Iter:   40 overflow: 0.771 HPWL: 3350530
[NesterovSolve] Iter:   50 overflow: 0.776 HPWL: 3354411
[NesterovSolve] Iter:   60 overflow: 0.777 HPWL: 3354056
[NesterovSolve] Iter:   70 overflow: 0.774 HPWL: 3353069
[NesterovSolve] Iter:   80 overflow: 0.772 HPWL: 3351695
[NesterovSolve] Iter:   90 overflow: 0.770 HPWL: 3351369
[NesterovSolve] Iter:  100 overflow: 0.770 HPWL: 3352172
[NesterovSolve] Iter:  110 overflow: 0.771 HPWL: 3353795
[NesterovSolve] Iter:  120 overflow: 0.772 HPWL: 3356035
[NesterovSolve] Iter:  130 overflow: 0.772 HPWL: 3358710
[NesterovSolve] Iter:  140 overflow: 0.769 HPWL: 3362163
[NesterovSolve] Iter:  150 overflow: 0.767 HPWL: 3367077
[NesterovSolve] Iter:  160 overflow: 0.763 HPWL: 3374785
[NesterovSolve] Iter:  170 overflow: 0.746 HPWL: 3386333
[NesterovSolve] Iter:  180 overflow: 0.732 HPWL: 3407853
[NesterovSolve] Iter:  190 overflow: 0.721 HPWL: 3450621
[NesterovSolve] Iter:  200 overflow: 0.704 HPWL: 3531982
[NesterovSolve] Iter:  210 overflow: 0.685 HPWL: 3617553
[NesterovSolve] Iter:  220 overflow: 0.647 HPWL: 3694810
[INFO GPL-0100] Timing-driven: executing resizer for reweighting nets.
[INFO GPL-0101] Timing-driven: worst slack 1.49e-08
[INFO GPL-0103] Timing-driven: weighted 13 nets.
[NesterovSolve] Iter:  230 overflow: 0.618 HPWL: 3770463
[NesterovSolve] Snapshot saved at iter = 237
[NesterovSolve] Iter:  240 overflow: 0.590 HPWL: 3902893
[NesterovSolve] Iter:  250 overflow: 0.555 HPWL: 3974641
[NesterovSolve] Iter:  260 overflow: 0.514 HPWL: 4083839
[INFO GPL-0100] Timing-driven: executing resizer for reweighting nets.
[INFO GPL-0101] Timing-driven: worst slack 1.49e-08
[INFO GPL-0103] Timing-driven: weighted 12 nets.
[NesterovSolve] Iter:  270 overflow: 0.465 HPWL: 4212143
[NesterovSolve] Iter:  280 overflow: 0.415 HPWL: 4354315
[NesterovSolve] Iter:  290 overflow: 0.370 HPWL: 4441142
[NesterovSolve] Iter:  300 overflow: 0.314 HPWL: 4569209
[INFO GPL-0075] Routability numCall: 1 inflationIterCnt: 1 bloatIterCnt: 0
[INFO GPL-0036] TileBBox: (    0    0 ) ( 16800 16800 ) DBU
[INFO GPL-0038] TileCnt:      19   11
[INFO GPL-0040] NumTiles: 209
[INFO GPL-0081] TotalRouteOverflow: 0.0
[INFO GPL-0082] OverflowTileCnt: 0
[INFO GPL-0083] 0.5%RC: 0.5674853920936584
[INFO GPL-0084] 1.0%RC: 0.5619680682818095
[INFO GPL-0085] 2.0%RC: 0.5396446645259857
[INFO GPL-0086] 5.0%RC: 0.5028335668823936
[INFO GPL-0087] FinalRC: 0.5647267
[INFO GPL-0077] FinalRC lower than targetRC(1.01), routability not needed.
[NesterovSolve] Iter:  310 overflow: 0.282 HPWL: 4703038
[INFO GPL-0100] Timing-driven: executing resizer for reweighting nets.
[INFO GPL-0101] Timing-driven: worst slack 1.48e-08
[INFO GPL-0103] Timing-driven: weighted 14 nets.
[NesterovSolve] Iter:  320 overflow: 0.235 HPWL: 4717034
[INFO GPL-0100] Timing-driven: executing resizer for reweighting nets.
[INFO GPL-0101] Timing-driven: worst slack 1.47e-08
[INFO GPL-0103] Timing-driven: weighted 14 nets.
[NesterovSolve] Iter:  330 overflow: 0.191 HPWL: 4810493
[NesterovSolve] Iter:  340 overflow: 0.162 HPWL: 4899943
[NesterovSolve] Iter:  350 overflow: 0.146 HPWL: 4987717
[INFO GPL-0100] Timing-driven: executing resizer for reweighting nets.
[INFO GPL-0101] Timing-driven: worst slack 1.44e-08
[INFO GPL-0103] Timing-driven: weighted 12 nets.
[NesterovSolve] Iter:  360 overflow: 0.128 HPWL: 5026917
[NesterovSolve] Iter:  370 overflow: 0.110 HPWL: 5094116
[NesterovSolve] Finished with Overflow: 0.098725
[INFO] Setting RC values…
Setting global connections for newly added cells…
[INFO] Setting global connections...
Updating metrics…
Cell type report:                       Count       Area
  Endcap cell                              46     201.96
  Tap cell                                 87     381.96
  Tie cell                                 10      87.81
  Inverter                                 25     219.52
  Sequential cell                          32    2381.79
  Multi-Input combinational cell           81    1404.93
  Total                                   281    4677.97
Writing OpenROAD database to '/foss/designs/kvic_336007_ws25-kvic_ws25_v6/librelane/runs/RUN_2025-11-30_19-01-03/27-openroad-globalplacement/tiny_tonegen.odb'…
Writing netlist to '/foss/designs/kvic_336007_ws25-kvic_ws25_v6/librelane/runs/RUN_2025-11-30_19-01-03/27-openroad-globalplacement/tiny_tonegen.nl.v'…
Writing powered netlist to '/foss/designs/kvic_336007_ws25-kvic_ws25_v6/librelane/runs/RUN_2025-11-30_19-01-03/27-openroad-globalplacement/tiny_tonegen.pnl.v'…
Writing layout to '/foss/designs/kvic_336007_ws25-kvic_ws25_v6/librelane/runs/RUN_2025-11-30_19-01-03/27-openroad-globalplacement/tiny_tonegen.def'…
Writing timing constraints to '/foss/designs/kvic_336007_ws25-kvic_ws25_v6/librelane/runs/RUN_2025-11-30_19-01-03/27-openroad-globalplacement/tiny_tonegen.sdc'…
