
===========================================================================
report_checks -unconstrained
===========================================================================
======================= nom_tt_025C_5v00 Corner ===================================

Startpoint: rst_n (input port clocked by clk)
Endpoint: _224_ (recovery check against rising-edge clock clk)
Path Group: asynchronous
Path Type: max

Fanout         Cap        Slew       Delay        Time   Description
---------------------------------------------------------------------------------------------
                                  0.000000    0.000000   clock clk (rise edge)
                                  0.000000    0.000000   clock network delay (propagated)
                                  4.000000    4.000000 ^ input external delay
     1    0.004286    0.118273    0.042566    4.042565 ^ rst_n (in)
                                                         rst_n (net)
                      0.118273    0.000000    4.042565 ^ input2/I (gf180mcu_fd_sc_mcu7t5v0__clkbuf_2)
     4    0.038334    0.344149    0.386870    4.429436 ^ input2/Z (gf180mcu_fd_sc_mcu7t5v0__clkbuf_2)
                                                         net2 (net)
                      0.344172    0.001563    4.430998 ^ fanout15/I (gf180mcu_fd_sc_mcu7t5v0__clkbuf_4)
    10    0.083386    0.372065    0.471253    4.902252 ^ fanout15/Z (gf180mcu_fd_sc_mcu7t5v0__clkbuf_4)
                                                         net15 (net)
                      0.372073    0.000703    4.902955 ^ fanout14/I (gf180mcu_fd_sc_mcu7t5v0__clkbuf_3)
    10    0.073119    0.334579    0.457741    5.360696 ^ fanout14/Z (gf180mcu_fd_sc_mcu7t5v0__clkbuf_3)
                                                         net14 (net)
                      0.334602    0.001630    5.362326 ^ _224_/RN (gf180mcu_fd_sc_mcu7t5v0__dffrnq_1)
                                              5.362326   data arrival time

                                 20.000000   20.000000   clock clk (rise edge)
                                  0.000000   20.000000   clock source latency
     1    0.026873    0.143076    0.067224   20.067225 ^ clk (in)
                                                         clk (net)
                      0.143077    0.000000   20.067225 ^ clkbuf_0_clk/I (gf180mcu_fd_sc_mcu7t5v0__clkbuf_16)
     2    0.050901    0.115777    0.253394   20.320620 ^ clkbuf_0_clk/Z (gf180mcu_fd_sc_mcu7t5v0__clkbuf_16)
                                                         clknet_0_clk (net)
                      0.115783    0.001373   20.321991 ^ clkbuf_1_1__f_clk/I (gf180mcu_fd_sc_mcu7t5v0__clkbuf_16)
     7    0.032974    0.100384    0.236263   20.558254 ^ clkbuf_1_1__f_clk/Z (gf180mcu_fd_sc_mcu7t5v0__clkbuf_16)
                                                         clknet_1_1__leaf_clk (net)
                      0.100384    0.000341   20.558596 ^ _224_/CLK (gf180mcu_fd_sc_mcu7t5v0__dffrnq_1)
                                 -0.250000   20.308596   clock uncertainty
                                  0.000000   20.308596   clock reconvergence pessimism
                                  0.209655   20.518251   library recovery time
                                             20.518251   data required time
---------------------------------------------------------------------------------------------
                                             20.518251   data required time
                                             -5.362326   data arrival time
---------------------------------------------------------------------------------------------
                                             15.155925   slack (MET)


Startpoint: ena (input port clocked by clk)
Endpoint: _219_ (rising edge-triggered flip-flop clocked by clk)
Path Group: clk
Path Type: max

Fanout         Cap        Slew       Delay        Time   Description
---------------------------------------------------------------------------------------------
                                  0.000000    0.000000   clock clk (rise edge)
                                  0.000000    0.000000   clock network delay (propagated)
                                  4.000000    4.000000 ^ input external delay
     1    0.004586    0.123065    0.045452    4.045452 ^ ena (in)
                                                         ena (net)
                      0.123065    0.000000    4.045452 ^ input1/I (gf180mcu_fd_sc_mcu7t5v0__clkbuf_1)
     2    0.018418    0.341173    0.337157    4.382609 ^ input1/Z (gf180mcu_fd_sc_mcu7t5v0__clkbuf_1)
                                                         net1 (net)
                      0.341173    0.000518    4.383128 ^ _154_/A1 (gf180mcu_fd_sc_mcu7t5v0__nand2_2)
     6    0.034539    0.319105    0.255344    4.638472 v _154_/ZN (gf180mcu_fd_sc_mcu7t5v0__nand2_2)
                                                         _075_ (net)
                      0.319105    0.000226    4.638698 v _163_/A1 (gf180mcu_fd_sc_mcu7t5v0__nor3_1)
     1    0.004143    0.395739    0.283281    4.921978 ^ _163_/ZN (gf180mcu_fd_sc_mcu7t5v0__nor3_1)
                                                         _005_ (net)
                      0.395739    0.000079    4.922058 ^ _219_/D (gf180mcu_fd_sc_mcu7t5v0__dffrnq_1)
                                              4.922058   data arrival time

                                 20.000000   20.000000   clock clk (rise edge)
                                  0.000000   20.000000   clock source latency
     1    0.026873    0.143076    0.067224   20.067225 ^ clk (in)
                                                         clk (net)
                      0.143077    0.000000   20.067225 ^ clkbuf_0_clk/I (gf180mcu_fd_sc_mcu7t5v0__clkbuf_16)
     2    0.050901    0.115777    0.253394   20.320620 ^ clkbuf_0_clk/Z (gf180mcu_fd_sc_mcu7t5v0__clkbuf_16)
                                                         clknet_0_clk (net)
                      0.115783    0.001361   20.321980 ^ clkbuf_1_0__f_clk/I (gf180mcu_fd_sc_mcu7t5v0__clkbuf_16)
     7    0.034434    0.101652    0.237247   20.559225 ^ clkbuf_1_0__f_clk/Z (gf180mcu_fd_sc_mcu7t5v0__clkbuf_16)
                                                         clknet_1_0__leaf_clk (net)
                      0.101652    0.000250   20.559477 ^ _219_/CLK (gf180mcu_fd_sc_mcu7t5v0__dffrnq_1)
                                 -0.250000   20.309477   clock uncertainty
                                  0.000000   20.309477   clock reconvergence pessimism
                                 -0.352100   19.957376   library setup time
                                             19.957376   data required time
---------------------------------------------------------------------------------------------
                                             19.957376   data required time
                                             -4.922058   data arrival time
---------------------------------------------------------------------------------------------
                                             15.035319   slack (MET)




===========================================================================
report_checks --slack_max -0.01
============================================================================
======================= nom_tt_025C_5v00 Corner ===================================

No paths found.


===========================================================================
 report_check_types -max_slew -max_cap -max_fanout -violators
============================================================================
======================= nom_tt_025C_5v00 Corner ===================================



===========================================================================
report_parasitic_annotation -report_unannotated
============================================================================
Found 8 unannotated drivers.
 ui_in[1]
 ui_in[2]
 uio_in[3]
 uio_in[4]
 uio_in[5]
 uio_in[6]
 uio_in[7]
 clkload0/Z
Found 0 partially unannotated drivers.

===========================================================================
max slew violation count 0
Writing metric design__max_slew_violation__count__corner:nom_tt_025C_5v00: 0
max fanout violation count 0
Writing metric design__max_fanout_violation__count__corner:nom_tt_025C_5v00: 0
max cap violation count 0
Writing metric design__max_cap_violation__count__corner:nom_tt_025C_5v00: 0
============================================================================

===========================================================================
check_setup -verbose -unconstrained_endpoints -multiple_clock -no_clock -no_input_delay -loops -generated_clocks
===========================================================================
Warning: There are 19 unclocked register/latch pins.
  _228_/CLK
  _229_/CLK
  _230_/CLK
  _231_/CLK
  _232_/CLK
  _233_/CLK
  _234_/CLK
  _235_/CLK
  _236_/CLK
  _237_/CLK
  _238_/CLK
  _239_/CLK
  _240_/CLK
  _241_/CLK
  _242_/CLK
  _243_/CLK
  _244_/CLK
  _245_/CLK
  _246_/CLK
Warning: There are 49 unconstrained endpoints.
  uio_oe[0]
  uio_oe[1]
  uio_oe[2]
  uio_oe[3]
  uio_oe[4]
  uio_oe[5]
  uio_oe[6]
  uio_oe[7]
  uio_out[0]
  uio_out[1]
  uio_out[2]
  uio_out[3]
  uio_out[4]
  uio_out[5]
  uio_out[6]
  uio_out[7]
  uo_out[0]
  uo_out[1]
  uo_out[2]
  uo_out[3]
  uo_out[4]
  uo_out[5]
  uo_out[6]
  uo_out[7]
  _222_/D
  _223_/D
  _224_/D
  _225_/D
  _226_/D
  _227_/D
  _228_/D
  _229_/D
  _230_/D
  _231_/D
  _232_/D
  _233_/D
  _234_/D
  _235_/D
  _236_/D
  _237_/D
  _238_/D
  _239_/D
  _240_/D
  _241_/D
  _242_/D
  _243_/D
  _244_/D
  _245_/D
  _246_/D
