Clock: clk
Sources: clk 
Generated: no
Virtual: yes
Propagated: no
Period: 20.000000

===========================================================================
report_clock_properties
============================================================================
Clock                   Period          Waveform
----------------------------------------------------
clk                  20.000000    0.000000 10.000000

===========================================================================
report_clock_latency
============================================================================
Clock clk
rise -> rise
    min     max
0.000000 0.000000 source latency
0.558595         network latency _224_/CLK
        2.464636 network latency _240_/CLK
---------------
0.558595 2.464636 latency
        1.906041 skew

rise -> fall
    min     max
0.000000 0.000000 source latency
1.354660         network latency _245_/CLK
        2.164079 network latency _240_/CLK
---------------
1.354660 2.164079 latency
        0.809419 skew

fall -> fall
    min     max
0.000000 0.000000 source latency
0.515683         network latency _224_/CLK
        0.517059 network latency _217_/CLK
---------------
0.515683 0.517059 latency
        0.001377 skew



===========================================================================
report_clock_min_period
============================================================================
clk period_min = 3.04 fmax = 329.02
