                                                                       Cells by Function                                                                        
┏━━━━━━━━━━━━━━━━━━━━━━━━━━━━━━━━━━━━━━━━━━━━━━━━━━━━━━━━━━━━━━━━━━━━━━━━━━━━━━━━━━━━━━━━━━━━━━━━━━━━━━━━━━━━━━━━━━━━━━━━━━━━━━━━━━━┳━━━━━━━━━━━━━━━━━━━━━━━━━━┓
┃ Cell Function                                                                                                                     ┃ Count                    ┃
┡━━━━━━━━━━━━━━━━━━━━━━━━━━━━━━━━━━━━━━━━━━━━━━━━━━━━━━━━━━━━━━━━━━━━━━━━━━━━━━━━━━━━━━━━━━━━━━━━━━━━━━━━━━━━━━━━━━━━━━━━━━━━━━━━━━━╇━━━━━━━━━━━━━━━━━━━━━━━━━━┩
│ gf180mcu_fd_sc_mcu7t5v0__and2                                                                                                     │ 5                        │
│ gf180mcu_fd_sc_mcu7t5v0__and3                                                                                                     │ 2                        │
│ gf180mcu_fd_sc_mcu7t5v0__and4                                                                                                     │ 1                        │
│ gf180mcu_fd_sc_mcu7t5v0__aoi21                                                                                                    │ 10                       │
│ gf180mcu_fd_sc_mcu7t5v0__aoi22                                                                                                    │ 5                        │
│ gf180mcu_fd_sc_mcu7t5v0__aoi221                                                                                                   │ 1                        │
│ gf180mcu_fd_sc_mcu7t5v0__buf                                                                                                      │ 11                       │
│ gf180mcu_fd_sc_mcu7t5v0__clkbuf                                                                                                   │ 15                       │
│ gf180mcu_fd_sc_mcu7t5v0__clkinv                                                                                                   │ 13                       │
│ gf180mcu_fd_sc_mcu7t5v0__dffq                                                                                                     │ 23                       │
│ gf180mcu_fd_sc_mcu7t5v0__dffrnq                                                                                                   │ 18                       │
│ gf180mcu_fd_sc_mcu7t5v0__dffsnq                                                                                                   │ 10                       │
│ gf180mcu_fd_sc_mcu7t5v0__fill                                                                                                     │ 168                      │
│ gf180mcu_fd_sc_mcu7t5v0__fillcap                                                                                                  │ 195                      │
│ gf180mcu_fd_sc_mcu7t5v0__inv                                                                                                      │ 3                        │
│ gf180mcu_fd_sc_mcu7t5v0__mux2                                                                                                     │ 19                       │
│ gf180mcu_fd_sc_mcu7t5v0__nand2                                                                                                    │ 7                        │
│ gf180mcu_fd_sc_mcu7t5v0__nand3                                                                                                    │ 2                        │
│ gf180mcu_fd_sc_mcu7t5v0__nand4                                                                                                    │ 3                        │
│ gf180mcu_fd_sc_mcu7t5v0__nor2                                                                                                     │ 15                       │
│ gf180mcu_fd_sc_mcu7t5v0__nor3                                                                                                     │ 4                        │
│ gf180mcu_fd_sc_mcu7t5v0__oai21                                                                                                    │ 9                        │
│ gf180mcu_fd_sc_mcu7t5v0__oai211                                                                                                   │ 1                        │
│ gf180mcu_fd_sc_mcu7t5v0__oai22                                                                                                    │ 1                        │
│ gf180mcu_fd_sc_mcu7t5v0__xnor2                                                                                                    │ 2                        │
│ gf180mcu_fd_sc_mcu7t5v0__xor2                                                                                                     │ 5                        │
└───────────────────────────────────────────────────────────────────────────────────────────────────────────────────────────────────┴──────────────────────────┘
