
===========================================================================
report_checks -unconstrained
===========================================================================
======================= nom_tt_025C_5v00 Corner ===================================

Startpoint: rst_n (input port clocked by clk)
Endpoint: _219_ (recovery check against rising-edge clock clk)
Path Group: asynchronous
Path Type: max

Fanout         Cap        Slew       Delay        Time   Description
---------------------------------------------------------------------------------------------
                      0.150000    0.000000    0.000000   clock clk (rise edge)
                                  0.000000    0.000000   clock network delay (ideal)
                                  4.000000    4.000000 ^ input external delay
    40    0.237754    3.977161    2.217697    6.217697 ^ rst_n (in)
                                                         rst_n (net)
                      3.977161    0.000000    6.217697 ^ _219_/RN (gf180mcu_fd_sc_mcu7t5v0__dffrnq_1)
                                              6.217697   data arrival time

                      0.150000   20.000000   20.000000   clock clk (rise edge)
                                  0.000000   20.000000   clock network delay (ideal)
                                 -0.250000   19.750002   clock uncertainty
                                  0.000000   19.750002   clock reconvergence pessimism
                                             19.750002 ^ _219_/CLK (gf180mcu_fd_sc_mcu7t5v0__dffrnq_1)
                                 -1.123989   18.626011   library recovery time
                                             18.626011   data required time
---------------------------------------------------------------------------------------------
                                             18.626011   data required time
                                             -6.217697   data arrival time
---------------------------------------------------------------------------------------------
                                             12.408315   slack (MET)


Startpoint: ena (input port clocked by clk)
Endpoint: _221_ (rising edge-triggered flip-flop clocked by clk)
Path Group: clk
Path Type: max

Fanout         Cap        Slew       Delay        Time   Description
---------------------------------------------------------------------------------------------
                      0.150000    0.000000    0.000000   clock clk (rise edge)
                                  0.000000    0.000000   clock network delay (ideal)
                                  4.000000    4.000000 ^ input external delay
     2    0.007471    0.173515    0.073088    4.073088 ^ ena (in)
                                                         ena (net)
                      0.173515    0.000000    4.073088 ^ _134_/C (gf180mcu_fd_sc_mcu7t5v0__oai211_1)
     5    0.021918    0.642923    0.448769    4.521857 v _134_/ZN (gf180mcu_fd_sc_mcu7t5v0__oai211_1)
                                                         _072_ (net)
                      0.642923    0.000000    4.521857 v _140_/A1 (gf180mcu_fd_sc_mcu7t5v0__nor3_1)
     1    0.003009    0.385966    0.354138    4.875996 ^ _140_/ZN (gf180mcu_fd_sc_mcu7t5v0__nor3_1)
                                                         _002_ (net)
                      0.385966    0.000000    4.875996 ^ _221_/D (gf180mcu_fd_sc_mcu7t5v0__dffrnq_1)
                                              4.875996   data arrival time

                      0.150000   20.000000   20.000000   clock clk (rise edge)
                                  0.000000   20.000000   clock network delay (ideal)
                                 -0.250000   19.750002   clock uncertainty
                                  0.000000   19.750002   clock reconvergence pessimism
                                             19.750002 ^ _221_/CLK (gf180mcu_fd_sc_mcu7t5v0__dffrnq_1)
                                 -0.342899   19.407103   library setup time
                                             19.407103   data required time
---------------------------------------------------------------------------------------------
                                             19.407103   data required time
                                             -4.875996   data arrival time
---------------------------------------------------------------------------------------------
                                             14.531107   slack (MET)




===========================================================================
report_checks --slack_max -0.01
============================================================================
======================= nom_tt_025C_5v00 Corner ===================================

No paths found.


===========================================================================
 report_check_types -max_slew -max_cap -max_fanout -violators
============================================================================
======================= nom_tt_025C_5v00 Corner ===================================

max slew

Pin                                        Limit        Slew       Slack
------------------------------------------------------------------------
rst_n                                   3.000000    3.977161   -0.977161 (VIOLATED)
_116_/I                                 3.000000    3.977161   -0.977161 (VIOLATED)
_152_/B                                 3.000000    3.977161   -0.977161 (VIOLATED)
_156_/A1                                3.000000    3.977161   -0.977161 (VIOLATED)
_161_/B                                 3.000000    3.977161   -0.977161 (VIOLATED)
_165_/A1                                3.000000    3.977161   -0.977161 (VIOLATED)
_168_/A1                                3.000000    3.977161   -0.977161 (VIOLATED)
_181_/B                                 3.000000    3.977161   -0.977161 (VIOLATED)
_183_/B                                 3.000000    3.977161   -0.977161 (VIOLATED)
_185_/B                                 3.000000    3.977161   -0.977161 (VIOLATED)
_187_/B                                 3.000000    3.977161   -0.977161 (VIOLATED)
_203_/A2                                3.000000    3.977161   -0.977161 (VIOLATED)
_211_/B                                 3.000000    3.977161   -0.977161 (VIOLATED)
_215_/I                                 3.000000    3.977161   -0.977161 (VIOLATED)
_216_/I                                 3.000000    3.977161   -0.977161 (VIOLATED)
_217_/I                                 3.000000    3.977161   -0.977161 (VIOLATED)
_218_/I                                 3.000000    3.977161   -0.977161 (VIOLATED)
_219_/RN                                3.000000    3.977161   -0.977161 (VIOLATED)
_220_/RN                                3.000000    3.977161   -0.977161 (VIOLATED)
_221_/RN                                3.000000    3.977161   -0.977161 (VIOLATED)
_222_/RN                                3.000000    3.977161   -0.977161 (VIOLATED)
_223_/RN                                3.000000    3.977161   -0.977161 (VIOLATED)
_224_/RN                                3.000000    3.977161   -0.977161 (VIOLATED)
_225_/RN                                3.000000    3.977161   -0.977161 (VIOLATED)
_226_/RN                                3.000000    3.977161   -0.977161 (VIOLATED)
_248_/D                                 3.000000    3.977161   -0.977161 (VIOLATED)
_249_/SETN                              3.000000    3.977161   -0.977161 (VIOLATED)
_250_/RN                                3.000000    3.977161   -0.977161 (VIOLATED)
_251_/RN                                3.000000    3.977161   -0.977161 (VIOLATED)
_252_/RN                                3.000000    3.977161   -0.977161 (VIOLATED)
_253_/RN                                3.000000    3.977161   -0.977161 (VIOLATED)
_254_/SETN                              3.000000    3.977161   -0.977161 (VIOLATED)
_255_/SETN                              3.000000    3.977161   -0.977161 (VIOLATED)
_256_/SETN                              3.000000    3.977161   -0.977161 (VIOLATED)
_257_/RN                                3.000000    3.977161   -0.977161 (VIOLATED)
_258_/RN                                3.000000    3.977161   -0.977161 (VIOLATED)
_259_/SETN                              3.000000    3.977161   -0.977161 (VIOLATED)
_260_/SETN                              3.000000    3.977161   -0.977161 (VIOLATED)
_261_/RN                                3.000000    3.977161   -0.977161 (VIOLATED)
_262_/SETN                              3.000000    3.977161   -0.977161 (VIOLATED)
_265_/RN                                3.000000    3.977161   -0.977161 (VIOLATED)

max fanout

Pin                                   Limit Fanout  Slack
---------------------------------------------------------
_265_/Q                                  10     43    -33 (VIOLATED)
rst_n                                    10     40    -30 (VIOLATED)
_243_/Q                                  10     17     -7 (VIOLATED)

max capacitance

Pin                                        Limit         Cap       Slack
------------------------------------------------------------------------
rst_n                                   0.200000    0.237754   -0.037754 (VIOLATED)



===========================================================================
report_parasitic_annotation -report_unannotated
============================================================================
Found 174 unannotated drivers.
 address_in[0]
 address_in[1]
 address_in[2]
 clk
 data_in[0]
 data_in[1]
 data_in[2]
 data_in[3]
 data_in[4]
 ena
 rst_n
 write_strobe_in
 _111_/ZN
 _112_/ZN
 _113_/ZN
 _114_/ZN
 _115_/ZN
 _116_/ZN
 _117_/ZN
 _118_/ZN
 _119_/ZN
 _120_/ZN
 _121_/ZN
 _122_/ZN
 _123_/ZN
 _124_/Z
 _125_/Z
 _126_/Z
 _127_/Z
 _128_/ZN
 _129_/Z
 _130_/ZN
 _131_/ZN
 _132_/ZN
 _133_/ZN
 _134_/ZN
 _135_/ZN
 _136_/ZN
 _137_/ZN
 _138_/Z
 _139_/ZN
 _140_/ZN
 _141_/ZN
 _142_/ZN
 _143_/ZN
 _144_/Z
 _145_/ZN
 _146_/ZN
 _147_/Z
 _148_/Z
 _149_/Z
 _150_/Z
 _151_/ZN
 _152_/ZN
 _153_/ZN
 _154_/ZN
 _155_/ZN
 _156_/ZN
 _157_/ZN
 _158_/Z
 _159_/Z
 _160_/ZN
 _161_/ZN
 _162_/ZN
 _163_/ZN
 _164_/ZN
 _165_/ZN
 _166_/ZN
 _167_/ZN
 _168_/ZN
 _169_/ZN
 _170_/Z
 _171_/ZN
 _172_/Z
 _173_/ZN
 _174_/ZN
 _175_/ZN
 _176_/ZN
 _177_/ZN
 _178_/ZN
 _179_/ZN
 _180_/ZN
 _181_/ZN
 _182_/ZN
 _183_/ZN
 _184_/ZN
 _185_/ZN
 _186_/ZN
 _187_/ZN
 _188_/ZN
 _189_/Z
 _190_/Z
 _191_/Z
 _192_/Z
 _193_/Z
 _194_/Z
 _195_/Z
 _196_/Z
 _197_/Z
 _198_/Z
 _199_/Z
 _200_/Z
 _201_/Z
 _202_/Z
 _203_/ZN
 _204_/Z
 _205_/ZN
 _206_/ZN
 _207_/ZN
 _208_/ZN
 _209_/ZN
 _210_/ZN
 _211_/ZN
 _212_/ZN
 _213_/Z
 _214_/Z
 _215_/ZN
 _216_/ZN
 _217_/ZN
 _218_/ZN
 _219_/Q
 _220_/Q
 _221_/Q
 _222_/Q
 _223_/Q
 _224_/Q
 _225_/Q
 _226_/Q
 _227_/Q
 _228_/Q
 _229_/Q
 _230_/Q
 _231_/Q
 _232_/Q
 _233_/Q
 _234_/Q
 _235_/Q
 _236_/Q
 _237_/Q
 _238_/Q
 _239_/Q
 _240_/Q
 _241_/Q
 _242_/Q
 _243_/Q
 _244_/Q
 _245_/Q
 _246_/Q
 _247_/Q
 _248_/Q
 _249_/Q
 _250_/Q
 _251_/Q
 _252_/Q
 _253_/Q
 _254_/Q
 _255_/Q
 _256_/Q
 _257_/Q
 _258_/Q
 _259_/Q
 _260_/Q
 _261_/Q
 _262_/Q
 _263_/Q
 _264_/Q
 _265_/Q
 _266_/Q
 _267_/Q
 _268_/Q
 _269_/Q
 _270_/ZN
 _271_/ZN
 _272_/ZN
Found 0 partially unannotated drivers.

===========================================================================
max slew violation count 41
max fanout violation count 3
max cap violation count 1
============================================================================

===========================================================================
check_setup -verbose -unconstrained_endpoints -multiple_clock -no_clock -no_input_delay -loops -generated_clocks
===========================================================================
Warning: There are 42 unclocked register/latch pins.
  _227_/CLK
  _228_/CLK
  _229_/CLK
  _230_/CLK
  _231_/CLK
  _232_/CLK
  _233_/CLK
  _234_/CLK
  _235_/CLK
  _236_/CLK
  _237_/CLK
  _238_/CLK
  _239_/CLK
  _240_/CLK
  _241_/CLK
  _242_/CLK
  _243_/CLK
  _244_/CLK
  _245_/CLK
  _246_/CLK
  _247_/CLK
  _248_/CLK
  _249_/CLK
  _250_/CLK
  _251_/CLK
  _252_/CLK
  _253_/CLK
  _254_/CLK
  _255_/CLK
  _256_/CLK
  _257_/CLK
  _258_/CLK
  _259_/CLK
  _260_/CLK
  _261_/CLK
  _262_/CLK
  _263_/CLK
  _264_/CLK
  _266_/CLK
  _267_/CLK
  _268_/CLK
  _269_/CLK
Warning: There are 46 unconstrained endpoints.
  signal_bit_out
  _224_/D
  _225_/D
  _226_/D
  _227_/D
  _228_/D
  _229_/D
  _230_/D
  _231_/D
  _232_/D
  _233_/D
  _234_/D
  _235_/D
  _236_/D
  _237_/D
  _238_/D
  _239_/D
  _240_/D
  _241_/D
  _242_/D
  _243_/D
  _244_/D
  _245_/D
  _246_/D
  _247_/D
  _248_/D
  _249_/D
  _250_/D
  _251_/D
  _252_/D
  _253_/D
  _254_/D
  _255_/D
  _256_/D
  _257_/D
  _258_/D
  _259_/D
  _260_/D
  _261_/D
  _262_/D
  _263_/D
  _264_/D
  _266_/D
  _267_/D
  _268_/D
  _269_/D
