
===========================================================================
report_checks -path_delay max (Setup)
============================================================================
======================= nom_tt_025C_5v00 Corner ===================================

Startpoint: rst_n (input port clocked by clk)
Endpoint: _219_ (recovery check against rising-edge clock clk)
Path Group: asynchronous
Path Type: max

Fanout         Cap        Slew       Delay        Time   Description
---------------------------------------------------------------------------------------------
                      0.150000    0.000000    0.000000   clock clk (rise edge)
                                  0.000000    0.000000   clock network delay (ideal)
                                  4.000000    4.000000 ^ input external delay
    40    0.237754    3.977161    2.217697    6.217697 ^ rst_n (in)
                                                         rst_n (net)
                      3.977161    0.000000    6.217697 ^ _219_/RN (gf180mcu_fd_sc_mcu7t5v0__dffrnq_1)
                                              6.217697   data arrival time

                      0.150000   20.000000   20.000000   clock clk (rise edge)
                                  0.000000   20.000000   clock network delay (ideal)
                                 -0.250000   19.750002   clock uncertainty
                                  0.000000   19.750002   clock reconvergence pessimism
                                             19.750002 ^ _219_/CLK (gf180mcu_fd_sc_mcu7t5v0__dffrnq_1)
                                 -1.123989   18.626011   library recovery time
                                             18.626011   data required time
---------------------------------------------------------------------------------------------
                                             18.626011   data required time
                                             -6.217697   data arrival time
---------------------------------------------------------------------------------------------
                                             12.408315   slack (MET)


Startpoint: rst_n (input port clocked by clk)
Endpoint: _220_ (recovery check against rising-edge clock clk)
Path Group: asynchronous
Path Type: max

Fanout         Cap        Slew       Delay        Time   Description
---------------------------------------------------------------------------------------------
                      0.150000    0.000000    0.000000   clock clk (rise edge)
                                  0.000000    0.000000   clock network delay (ideal)
                                  4.000000    4.000000 ^ input external delay
    40    0.237754    3.977161    2.217697    6.217697 ^ rst_n (in)
                                                         rst_n (net)
                      3.977161    0.000000    6.217697 ^ _220_/RN (gf180mcu_fd_sc_mcu7t5v0__dffrnq_1)
                                              6.217697   data arrival time

                      0.150000   20.000000   20.000000   clock clk (rise edge)
                                  0.000000   20.000000   clock network delay (ideal)
                                 -0.250000   19.750002   clock uncertainty
                                  0.000000   19.750002   clock reconvergence pessimism
                                             19.750002 ^ _220_/CLK (gf180mcu_fd_sc_mcu7t5v0__dffrnq_1)
                                 -1.123989   18.626011   library recovery time
                                             18.626011   data required time
---------------------------------------------------------------------------------------------
                                             18.626011   data required time
                                             -6.217697   data arrival time
---------------------------------------------------------------------------------------------
                                             12.408315   slack (MET)


Startpoint: rst_n (input port clocked by clk)
Endpoint: _221_ (recovery check against rising-edge clock clk)
Path Group: asynchronous
Path Type: max

Fanout         Cap        Slew       Delay        Time   Description
---------------------------------------------------------------------------------------------
                      0.150000    0.000000    0.000000   clock clk (rise edge)
                                  0.000000    0.000000   clock network delay (ideal)
                                  4.000000    4.000000 ^ input external delay
    40    0.237754    3.977161    2.217697    6.217697 ^ rst_n (in)
                                                         rst_n (net)
                      3.977161    0.000000    6.217697 ^ _221_/RN (gf180mcu_fd_sc_mcu7t5v0__dffrnq_1)
                                              6.217697   data arrival time

                      0.150000   20.000000   20.000000   clock clk (rise edge)
                                  0.000000   20.000000   clock network delay (ideal)
                                 -0.250000   19.750002   clock uncertainty
                                  0.000000   19.750002   clock reconvergence pessimism
                                             19.750002 ^ _221_/CLK (gf180mcu_fd_sc_mcu7t5v0__dffrnq_1)
                                 -1.123989   18.626011   library recovery time
                                             18.626011   data required time
---------------------------------------------------------------------------------------------
                                             18.626011   data required time
                                             -6.217697   data arrival time
---------------------------------------------------------------------------------------------
                                             12.408315   slack (MET)


Startpoint: rst_n (input port clocked by clk)
Endpoint: _222_ (recovery check against rising-edge clock clk)
Path Group: asynchronous
Path Type: max

Fanout         Cap        Slew       Delay        Time   Description
---------------------------------------------------------------------------------------------
                      0.150000    0.000000    0.000000   clock clk (rise edge)
                                  0.000000    0.000000   clock network delay (ideal)
                                  4.000000    4.000000 ^ input external delay
    40    0.237754    3.977161    2.217697    6.217697 ^ rst_n (in)
                                                         rst_n (net)
                      3.977161    0.000000    6.217697 ^ _222_/RN (gf180mcu_fd_sc_mcu7t5v0__dffrnq_1)
                                              6.217697   data arrival time

                      0.150000   20.000000   20.000000   clock clk (rise edge)
                                  0.000000   20.000000   clock network delay (ideal)
                                 -0.250000   19.750002   clock uncertainty
                                  0.000000   19.750002   clock reconvergence pessimism
                                             19.750002 ^ _222_/CLK (gf180mcu_fd_sc_mcu7t5v0__dffrnq_1)
                                 -1.123989   18.626011   library recovery time
                                             18.626011   data required time
---------------------------------------------------------------------------------------------
                                             18.626011   data required time
                                             -6.217697   data arrival time
---------------------------------------------------------------------------------------------
                                             12.408315   slack (MET)


Startpoint: rst_n (input port clocked by clk)
Endpoint: _223_ (recovery check against rising-edge clock clk)
Path Group: asynchronous
Path Type: max

Fanout         Cap        Slew       Delay        Time   Description
---------------------------------------------------------------------------------------------
                      0.150000    0.000000    0.000000   clock clk (rise edge)
                                  0.000000    0.000000   clock network delay (ideal)
                                  4.000000    4.000000 ^ input external delay
    40    0.237754    3.977161    2.217697    6.217697 ^ rst_n (in)
                                                         rst_n (net)
                      3.977161    0.000000    6.217697 ^ _223_/RN (gf180mcu_fd_sc_mcu7t5v0__dffrnq_1)
                                              6.217697   data arrival time

                      0.150000   20.000000   20.000000   clock clk (rise edge)
                                  0.000000   20.000000   clock network delay (ideal)
                                 -0.250000   19.750002   clock uncertainty
                                  0.000000   19.750002   clock reconvergence pessimism
                                             19.750002 ^ _223_/CLK (gf180mcu_fd_sc_mcu7t5v0__dffrnq_1)
                                 -1.123989   18.626011   library recovery time
                                             18.626011   data required time
---------------------------------------------------------------------------------------------
                                             18.626011   data required time
                                             -6.217697   data arrival time
---------------------------------------------------------------------------------------------
                                             12.408315   slack (MET)


Startpoint: rst_n (input port clocked by clk)
Endpoint: _224_ (recovery check against rising-edge clock clk)
Path Group: asynchronous
Path Type: max

Fanout         Cap        Slew       Delay        Time   Description
---------------------------------------------------------------------------------------------
                      0.150000    0.000000    0.000000   clock clk (rise edge)
                                  0.000000    0.000000   clock network delay (ideal)
                                  4.000000    4.000000 ^ input external delay
    40    0.237754    3.977161    2.217697    6.217697 ^ rst_n (in)
                                                         rst_n (net)
                      3.977161    0.000000    6.217697 ^ _224_/RN (gf180mcu_fd_sc_mcu7t5v0__dffrnq_1)
                                              6.217697   data arrival time

                      0.150000   20.000000   20.000000   clock clk (rise edge)
                                  0.000000   20.000000   clock network delay (ideal)
                                 -0.250000   19.750002   clock uncertainty
                                  0.000000   19.750002   clock reconvergence pessimism
                                             19.750002 ^ _224_/CLK (gf180mcu_fd_sc_mcu7t5v0__dffrnq_1)
                                 -1.123989   18.626011   library recovery time
                                             18.626011   data required time
---------------------------------------------------------------------------------------------
                                             18.626011   data required time
                                             -6.217697   data arrival time
---------------------------------------------------------------------------------------------
                                             12.408315   slack (MET)


Startpoint: rst_n (input port clocked by clk)
Endpoint: _225_ (recovery check against rising-edge clock clk)
Path Group: asynchronous
Path Type: max

Fanout         Cap        Slew       Delay        Time   Description
---------------------------------------------------------------------------------------------
                      0.150000    0.000000    0.000000   clock clk (rise edge)
                                  0.000000    0.000000   clock network delay (ideal)
                                  4.000000    4.000000 ^ input external delay
    40    0.237754    3.977161    2.217697    6.217697 ^ rst_n (in)
                                                         rst_n (net)
                      3.977161    0.000000    6.217697 ^ _225_/RN (gf180mcu_fd_sc_mcu7t5v0__dffrnq_1)
                                              6.217697   data arrival time

                      0.150000   20.000000   20.000000   clock clk (rise edge)
                                  0.000000   20.000000   clock network delay (ideal)
                                 -0.250000   19.750002   clock uncertainty
                                  0.000000   19.750002   clock reconvergence pessimism
                                             19.750002 ^ _225_/CLK (gf180mcu_fd_sc_mcu7t5v0__dffrnq_1)
                                 -1.123989   18.626011   library recovery time
                                             18.626011   data required time
---------------------------------------------------------------------------------------------
                                             18.626011   data required time
                                             -6.217697   data arrival time
---------------------------------------------------------------------------------------------
                                             12.408315   slack (MET)


Startpoint: rst_n (input port clocked by clk)
Endpoint: _226_ (recovery check against rising-edge clock clk)
Path Group: asynchronous
Path Type: max

Fanout         Cap        Slew       Delay        Time   Description
---------------------------------------------------------------------------------------------
                      0.150000    0.000000    0.000000   clock clk (rise edge)
                                  0.000000    0.000000   clock network delay (ideal)
                                  4.000000    4.000000 ^ input external delay
    40    0.237754    3.977161    2.217697    6.217697 ^ rst_n (in)
                                                         rst_n (net)
                      3.977161    0.000000    6.217697 ^ _226_/RN (gf180mcu_fd_sc_mcu7t5v0__dffrnq_1)
                                              6.217697   data arrival time

                      0.150000   20.000000   20.000000   clock clk (rise edge)
                                  0.000000   20.000000   clock network delay (ideal)
                                 -0.250000   19.750002   clock uncertainty
                                  0.000000   19.750002   clock reconvergence pessimism
                                             19.750002 ^ _226_/CLK (gf180mcu_fd_sc_mcu7t5v0__dffrnq_1)
                                 -1.123989   18.626011   library recovery time
                                             18.626011   data required time
---------------------------------------------------------------------------------------------
                                             18.626011   data required time
                                             -6.217697   data arrival time
---------------------------------------------------------------------------------------------
                                             12.408315   slack (MET)


Startpoint: rst_n (input port clocked by clk)
Endpoint: _265_ (recovery check against rising-edge clock clk)
Path Group: asynchronous
Path Type: max

Fanout         Cap        Slew       Delay        Time   Description
---------------------------------------------------------------------------------------------
                      0.150000    0.000000    0.000000   clock clk (rise edge)
                                  0.000000    0.000000   clock network delay (ideal)
                                  4.000000    4.000000 ^ input external delay
    40    0.237754    3.977161    2.217697    6.217697 ^ rst_n (in)
                                                         rst_n (net)
                      3.977161    0.000000    6.217697 ^ _265_/RN (gf180mcu_fd_sc_mcu7t5v0__dffrnq_1)
                                              6.217697   data arrival time

                      0.150000   20.000000   20.000000   clock clk (rise edge)
                                  0.000000   20.000000   clock network delay (ideal)
                                 -0.250000   19.750002   clock uncertainty
                                  0.000000   19.750002   clock reconvergence pessimism
                                             19.750002 ^ _265_/CLK (gf180mcu_fd_sc_mcu7t5v0__dffrnq_1)
                                 -1.123989   18.626011   library recovery time
                                             18.626011   data required time
---------------------------------------------------------------------------------------------
                                             18.626011   data required time
                                             -6.217697   data arrival time
---------------------------------------------------------------------------------------------
                                             12.408315   slack (MET)


Startpoint: ena (input port clocked by clk)
Endpoint: _221_ (rising edge-triggered flip-flop clocked by clk)
Path Group: clk
Path Type: max

Fanout         Cap        Slew       Delay        Time   Description
---------------------------------------------------------------------------------------------
                      0.150000    0.000000    0.000000   clock clk (rise edge)
                                  0.000000    0.000000   clock network delay (ideal)
                                  4.000000    4.000000 ^ input external delay
     2    0.007471    0.173515    0.073088    4.073088 ^ ena (in)
                                                         ena (net)
                      0.173515    0.000000    4.073088 ^ _134_/C (gf180mcu_fd_sc_mcu7t5v0__oai211_1)
     5    0.021918    0.642923    0.448769    4.521857 v _134_/ZN (gf180mcu_fd_sc_mcu7t5v0__oai211_1)
                                                         _072_ (net)
                      0.642923    0.000000    4.521857 v _140_/A1 (gf180mcu_fd_sc_mcu7t5v0__nor3_1)
     1    0.003009    0.385966    0.354138    4.875996 ^ _140_/ZN (gf180mcu_fd_sc_mcu7t5v0__nor3_1)
                                                         _002_ (net)
                      0.385966    0.000000    4.875996 ^ _221_/D (gf180mcu_fd_sc_mcu7t5v0__dffrnq_1)
                                              4.875996   data arrival time

                      0.150000   20.000000   20.000000   clock clk (rise edge)
                                  0.000000   20.000000   clock network delay (ideal)
                                 -0.250000   19.750002   clock uncertainty
                                  0.000000   19.750002   clock reconvergence pessimism
                                             19.750002 ^ _221_/CLK (gf180mcu_fd_sc_mcu7t5v0__dffrnq_1)
                                 -0.342899   19.407103   library setup time
                                             19.407103   data required time
---------------------------------------------------------------------------------------------
                                             19.407103   data required time
                                             -4.875996   data arrival time
---------------------------------------------------------------------------------------------
                                             14.531107   slack (MET)


Startpoint: ena (input port clocked by clk)
Endpoint: _220_ (rising edge-triggered flip-flop clocked by clk)
Path Group: clk
Path Type: max

Fanout         Cap        Slew       Delay        Time   Description
---------------------------------------------------------------------------------------------
                      0.150000    0.000000    0.000000   clock clk (rise edge)
                                  0.000000    0.000000   clock network delay (ideal)
                                  4.000000    4.000000 ^ input external delay
     2    0.007471    0.173515    0.073088    4.073088 ^ ena (in)
                                                         ena (net)
                      0.173515    0.000000    4.073088 ^ _134_/C (gf180mcu_fd_sc_mcu7t5v0__oai211_1)
     5    0.021918    0.642923    0.448769    4.521857 v _134_/ZN (gf180mcu_fd_sc_mcu7t5v0__oai211_1)
                                                         _072_ (net)
                      0.642923    0.000000    4.521857 v _137_/A1 (gf180mcu_fd_sc_mcu7t5v0__nor2_1)
     1    0.003009    0.279443    0.287482    4.809339 ^ _137_/ZN (gf180mcu_fd_sc_mcu7t5v0__nor2_1)
                                                         _001_ (net)
                      0.279443    0.000000    4.809339 ^ _220_/D (gf180mcu_fd_sc_mcu7t5v0__dffrnq_1)
                                              4.809339   data arrival time

                      0.150000   20.000000   20.000000   clock clk (rise edge)
                                  0.000000   20.000000   clock network delay (ideal)
                                 -0.250000   19.750002   clock uncertainty
                                  0.000000   19.750002   clock reconvergence pessimism
                                             19.750002 ^ _220_/CLK (gf180mcu_fd_sc_mcu7t5v0__dffrnq_1)
                                 -0.324093   19.425909   library setup time
                                             19.425909   data required time
---------------------------------------------------------------------------------------------
                                             19.425909   data required time
                                             -4.809339   data arrival time
---------------------------------------------------------------------------------------------
                                             14.616570   slack (MET)


Startpoint: ena (input port clocked by clk)
Endpoint: _222_ (rising edge-triggered flip-flop clocked by clk)
Path Group: clk
Path Type: max

Fanout         Cap        Slew       Delay        Time   Description
---------------------------------------------------------------------------------------------
                      0.150000    0.000000    0.000000   clock clk (rise edge)
                                  0.000000    0.000000   clock network delay (ideal)
                                  4.000000    4.000000 ^ input external delay
     2    0.007471    0.173515    0.073088    4.073088 ^ ena (in)
                                                         ena (net)
                      0.173515    0.000000    4.073088 ^ _134_/C (gf180mcu_fd_sc_mcu7t5v0__oai211_1)
     5    0.021918    0.642923    0.448769    4.521857 v _134_/ZN (gf180mcu_fd_sc_mcu7t5v0__oai211_1)
                                                         _072_ (net)
                      0.642923    0.000000    4.521857 v _143_/A1 (gf180mcu_fd_sc_mcu7t5v0__nor2_1)
     1    0.003009    0.279443    0.287482    4.809339 ^ _143_/ZN (gf180mcu_fd_sc_mcu7t5v0__nor2_1)
                                                         _003_ (net)
                      0.279443    0.000000    4.809339 ^ _222_/D (gf180mcu_fd_sc_mcu7t5v0__dffrnq_1)
                                              4.809339   data arrival time

                      0.150000   20.000000   20.000000   clock clk (rise edge)
                                  0.000000   20.000000   clock network delay (ideal)
                                 -0.250000   19.750002   clock uncertainty
                                  0.000000   19.750002   clock reconvergence pessimism
                                             19.750002 ^ _222_/CLK (gf180mcu_fd_sc_mcu7t5v0__dffrnq_1)
                                 -0.324093   19.425909   library setup time
                                             19.425909   data required time
---------------------------------------------------------------------------------------------
                                             19.425909   data required time
                                             -4.809339   data arrival time
---------------------------------------------------------------------------------------------
                                             14.616570   slack (MET)


Startpoint: ena (input port clocked by clk)
Endpoint: _223_ (rising edge-triggered flip-flop clocked by clk)
Path Group: clk
Path Type: max

Fanout         Cap        Slew       Delay        Time   Description
---------------------------------------------------------------------------------------------
                      0.150000    0.000000    0.000000   clock clk (rise edge)
                                  0.000000    0.000000   clock network delay (ideal)
                                  4.000000    4.000000 ^ input external delay
     2    0.007471    0.173515    0.073088    4.073088 ^ ena (in)
                                                         ena (net)
                      0.173515    0.000000    4.073088 ^ _134_/C (gf180mcu_fd_sc_mcu7t5v0__oai211_1)
     5    0.021918    0.642923    0.448769    4.521857 v _134_/ZN (gf180mcu_fd_sc_mcu7t5v0__oai211_1)
                                                         _072_ (net)
                      0.642923    0.000000    4.521857 v _145_/A1 (gf180mcu_fd_sc_mcu7t5v0__nor2_1)
     1    0.003009    0.279443    0.287482    4.809339 ^ _145_/ZN (gf180mcu_fd_sc_mcu7t5v0__nor2_1)
                                                         _004_ (net)
                      0.279443    0.000000    4.809339 ^ _223_/D (gf180mcu_fd_sc_mcu7t5v0__dffrnq_1)
                                              4.809339   data arrival time

                      0.150000   20.000000   20.000000   clock clk (rise edge)
                                  0.000000   20.000000   clock network delay (ideal)
                                 -0.250000   19.750002   clock uncertainty
                                  0.000000   19.750002   clock reconvergence pessimism
                                             19.750002 ^ _223_/CLK (gf180mcu_fd_sc_mcu7t5v0__dffrnq_1)
                                 -0.324093   19.425909   library setup time
                                             19.425909   data required time
---------------------------------------------------------------------------------------------
                                             19.425909   data required time
                                             -4.809339   data arrival time
---------------------------------------------------------------------------------------------
                                             14.616570   slack (MET)


Startpoint: ena (input port clocked by clk)
Endpoint: _219_ (rising edge-triggered flip-flop clocked by clk)
Path Group: clk
Path Type: max

Fanout         Cap        Slew       Delay        Time   Description
---------------------------------------------------------------------------------------------
                      0.150000    0.000000    0.000000   clock clk (rise edge)
                                  0.000000    0.000000   clock network delay (ideal)
                                  4.000000    4.000000 ^ input external delay
     2    0.007471    0.173515    0.073088    4.073088 ^ ena (in)
                                                         ena (net)
                      0.173515    0.000000    4.073088 ^ _134_/C (gf180mcu_fd_sc_mcu7t5v0__oai211_1)
     5    0.021918    0.642923    0.448769    4.521857 v _134_/ZN (gf180mcu_fd_sc_mcu7t5v0__oai211_1)
                                                         _072_ (net)
                      0.642923    0.000000    4.521857 v _135_/A2 (gf180mcu_fd_sc_mcu7t5v0__nor2_1)
     1    0.003009    0.290657    0.255145    4.777002 ^ _135_/ZN (gf180mcu_fd_sc_mcu7t5v0__nor2_1)
                                                         _000_ (net)
                      0.290657    0.000000    4.777002 ^ _219_/D (gf180mcu_fd_sc_mcu7t5v0__dffrnq_1)
                                              4.777002   data arrival time

                      0.150000   20.000000   20.000000   clock clk (rise edge)
                                  0.000000   20.000000   clock network delay (ideal)
                                 -0.250000   19.750002   clock uncertainty
                                  0.000000   19.750002   clock reconvergence pessimism
                                             19.750002 ^ _219_/CLK (gf180mcu_fd_sc_mcu7t5v0__dffrnq_1)
                                 -0.326522   19.423481   library setup time
                                             19.423481   data required time
---------------------------------------------------------------------------------------------
                                             19.423481   data required time
                                             -4.777002   data arrival time
---------------------------------------------------------------------------------------------
                                             14.646479   slack (MET)


Startpoint: ena (input port clocked by clk)
Endpoint: _265_ (rising edge-triggered flip-flop clocked by clk)
Path Group: clk
Path Type: max

Fanout         Cap        Slew       Delay        Time   Description
---------------------------------------------------------------------------------------------
                      0.150000    0.000000    0.000000   clock clk (rise edge)
                                  0.000000    0.000000   clock network delay (ideal)
                                  4.000000    4.000000 ^ input external delay
     2    0.007471    0.173515    0.073088    4.073088 ^ ena (in)
                                                         ena (net)
                      0.173515    0.000000    4.073088 ^ _214_/A1 (gf180mcu_fd_sc_mcu7t5v0__and2_1)
     1    0.003009    0.130388    0.271303    4.344390 ^ _214_/Z (gf180mcu_fd_sc_mcu7t5v0__and2_1)
                                                         _036_ (net)
                      0.130388    0.000000    4.344390 ^ _265_/D (gf180mcu_fd_sc_mcu7t5v0__dffrnq_1)
                                              4.344390   data arrival time

                      0.150000   20.000000   20.000000   clock clk (rise edge)
                                  0.000000   20.000000   clock network delay (ideal)
                                 -0.250000   19.750002   clock uncertainty
                                  0.000000   19.750002   clock reconvergence pessimism
                                             19.750002 ^ _265_/CLK (gf180mcu_fd_sc_mcu7t5v0__dffrnq_1)
                                 -0.292625   19.457376   library setup time
                                             19.457376   data required time
---------------------------------------------------------------------------------------------
                                             19.457376   data required time
                                             -4.344390   data arrival time
---------------------------------------------------------------------------------------------
                                             15.112987   slack (MET)



