Clock: clk
Sources: clk 
Generated: no
Virtual: yes
Propagated: no
Period: 20.000000

===========================================================================
report_clock_properties
============================================================================
Clock                   Period          Waveform
----------------------------------------------------
clk                  20.000000    0.000000 10.000000

===========================================================================
report_clock_latency
============================================================================
Clock clk
rise -> rise
    min     max
0.000000 0.000000 source latency
0.543544         network latency _265_/CLK
        2.654088 network latency _261_/CLK
---------------
0.543544 2.654088 latency
        2.110543 skew

rise -> fall
    min     max
0.000000 0.000000 source latency
1.740018         network latency _233_/CLK
        2.349507 network latency _261_/CLK
---------------
1.740018 2.349507 latency
        0.609489 skew

fall -> fall
    min     max
0.000000 0.000000 source latency
0.502022         network latency _265_/CLK
        0.504007 network latency _223_/CLK
---------------
0.502022 0.504007 latency
        0.001984 skew



===========================================================================
report_clock_min_period
============================================================================
clk period_min = 3.39 fmax = 295.04
