142. Printing statistics.

=== tiny_tonegen ===

        +----------Local Count, excluding submodules.
        | 
      468 wires
      607 wire bits
       29 public wires
      130 public wire bits
        7 ports
       13 port bits
      551 cells
      151   $_ANDNOT_
       38   $_AND_
        9   $_DFFE_PN0P_
        7   $_DFFE_PN1P_
        9   $_DFFE_PP0P_
        5   $_DFFE_PP1P_
       11   $_DFFE_PP_
       24   $_DFF_PN0_
        1   $_DFF_P_
       10   $_MUX_
       34   $_NAND_
       23   $_NOR_
        7   $_NOT_
       26   $_ORNOT_
       67   $_OR_
        5   $_SDFFCE_PN0P_
        1   $_SDFFCE_PN1P_
       15   $_SDFFE_PN0P_
       15   $_SDFF_PN0_
       33   $_XNOR_
       60   $_XOR_

   Area for cell type $_NOT_ is unknown!
   Area for cell type $_AND_ is unknown!
   Area for cell type $_NAND_ is unknown!
   Area for cell type $_OR_ is unknown!
   Area for cell type $_NOR_ is unknown!
   Area for cell type $_XOR_ is unknown!
   Area for cell type $_XNOR_ is unknown!
   Area for cell type $_ANDNOT_ is unknown!
   Area for cell type $_ORNOT_ is unknown!
   Area for cell type $_MUX_ is unknown!
   Area for cell type $_DFF_P_ is unknown!
   Area for cell type $_DFFE_PP_ is unknown!
   Area for cell type $_DFF_PN0_ is unknown!
   Area for cell type $_DFFE_PN0P_ is unknown!
   Area for cell type $_DFFE_PN1P_ is unknown!
   Area for cell type $_DFFE_PP0P_ is unknown!
   Area for cell type $_DFFE_PP1P_ is unknown!
   Area for cell type $_SDFF_PN0_ is unknown!
   Area for cell type $_SDFFE_PN0P_ is unknown!
   Area for cell type $_SDFFCE_PN0P_ is unknown!
   Area for cell type $_SDFFCE_PN1P_ is unknown!

