Reading OpenROAD database at '/foss/designs/kvic_336007_ws25-kvic_ws25_v6/librelane/runs/RUN_2025-11-27_20-34-08/31-openroad-repairdesignpostgpl/tt_um_felixfeierabend.odb'…
Reading library file at '/foss/pdks/gf180mcuD/libs.ref/gf180mcu_fd_sc_mcu7t5v0/lib/gf180mcu_fd_sc_mcu7t5v0__tt_025C_5v00.lib'…
Reading design constraints file at '/foss/designs/kvic_336007_ws25-kvic_ws25_v6/librelane/impl.sdc'…
[INFO] Using clock clk…
[INFO] Setting output delay to: 4
[INFO] Setting input delay to: 4
[INFO] Setting load to: 0.07291
[INFO] Setting clock uncertainty to: 0.25
[INFO] Setting clock transition to: 0.1499999999999999944488848768742172978818416595458984375
[INFO] Setting timing derate to: 5%
[INFO] No information on clock propagation in input SDC file-- propagating all clocks.
Placement Analysis
---------------------------------
total displacement          0.0 u
average displacement        0.0 u
max displacement            0.0 u
original HPWL            3564.2 u
legalized HPWL           3666.1 u
delta HPWL                    3 %

[INFO DPL-0020] Mirrored 79 instances
[INFO DPL-0021] HPWL before            3666.1 u
[INFO DPL-0022] HPWL after             3564.2 u
[INFO DPL-0023] HPWL delta               -2.8 %
Setting global connections for newly added cells…
[INFO] Setting global connections...
Updating metrics…
Cell type report:                       Count       Area
  Endcap cell                              46     201.96
  Tap cell                                 87     381.96
  Tie cell                                 33     289.77
  Buffer                                    1      30.73
  Timing Repair Buffer                     16     267.81
  Inverter                                 24     215.13
  Sequential cell                          32    2381.79
  Multi-Input combinational cell           79    1672.74
  Total                                   318    5441.90
Writing OpenROAD database to '/foss/designs/kvic_336007_ws25-kvic_ws25_v6/librelane/runs/RUN_2025-11-27_20-34-08/33-openroad-detailedplacement/tt_um_felixfeierabend.odb'…
Writing netlist to '/foss/designs/kvic_336007_ws25-kvic_ws25_v6/librelane/runs/RUN_2025-11-27_20-34-08/33-openroad-detailedplacement/tt_um_felixfeierabend.nl.v'…
Writing powered netlist to '/foss/designs/kvic_336007_ws25-kvic_ws25_v6/librelane/runs/RUN_2025-11-27_20-34-08/33-openroad-detailedplacement/tt_um_felixfeierabend.pnl.v'…
Writing layout to '/foss/designs/kvic_336007_ws25-kvic_ws25_v6/librelane/runs/RUN_2025-11-27_20-34-08/33-openroad-detailedplacement/tt_um_felixfeierabend.def'…
Writing timing constraints to '/foss/designs/kvic_336007_ws25-kvic_ws25_v6/librelane/runs/RUN_2025-11-27_20-34-08/33-openroad-detailedplacement/tt_um_felixfeierabend.sdc'…
