Clock: clk
Sources: clk 
Generated: no
Virtual: no
Propagated: no
Period: 20.000000

===========================================================================
report_clock_properties
============================================================================
Clock                   Period          Waveform
----------------------------------------------------
clk                  20.000000    0.000000 10.000000

===========================================================================
report_clock_latency
============================================================================
Clock clk
rise -> rise
    min     max
0.000000 0.000000 source latency
0.073974         network latency _222_/CLK
        0.989672 network latency _234_/CLK
---------------
0.073974 0.989672 latency
        0.915699 skew

rise -> fall
    min     max
0.000000 0.000000 source latency
0.733282         network latency _234_/CLK
        0.733282 network latency _234_/CLK
---------------
0.733282 0.733282 latency
        0.000000 skew

fall -> fall
    min     max
0.000000 0.000000 source latency
0.044203         network latency _222_/CLK
        0.044203 network latency _222_/CLK
---------------
0.044203 0.044203 latency
        0.000000 skew



===========================================================================
report_clock_min_period
============================================================================
clk period_min = 1.86 fmax = 536.26
