
===========================================================================
report_checks -path_delay min (Hold)
============================================================================
======================= nom_ff_n40C_5v50 Corner ===================================

Startpoint: _227_ (rising edge-triggered flip-flop clocked by clk)
Endpoint: _227_ (rising edge-triggered flip-flop clocked by clk)
Path Group: clk
Path Type: min

Fanout         Cap        Slew       Delay        Time   Description
---------------------------------------------------------------------------------------------
                      0.150000    0.000000    0.000000   clock clk (rise edge)
                                  0.000000    0.000000   clock network delay (ideal)
                      0.150000    0.000000    0.000000 ^ _227_/CLK (gf180mcu_fd_sc_mcu7t5v0__dffrnq_1)
     2    0.008760    0.098549    0.464690    0.464690 v _227_/Q (gf180mcu_fd_sc_mcu7t5v0__dffrnq_1)
                                                         clk_scaler.counter[5] (net)
                      0.098549    0.000000    0.464690 v _171_/B (gf180mcu_fd_sc_mcu7t5v0__aoi21_1)
     1    0.004220    0.146988    0.116389    0.581080 ^ _171_/ZN (gf180mcu_fd_sc_mcu7t5v0__aoi21_1)
                                                         _083_ (net)
                      0.146988    0.000000    0.581080 ^ _172_/A2 (gf180mcu_fd_sc_mcu7t5v0__nor2_1)
     1    0.003038    0.096038    0.080190    0.661269 v _172_/ZN (gf180mcu_fd_sc_mcu7t5v0__nor2_1)
                                                         _007_ (net)
                      0.096038    0.000000    0.661269 v _227_/D (gf180mcu_fd_sc_mcu7t5v0__dffrnq_1)
                                              0.661269   data arrival time

                      0.150000    0.000000    0.000000   clock clk (rise edge)
                                  0.000000    0.000000   clock network delay (ideal)
                                  0.250000    0.250000   clock uncertainty
                                  0.000000    0.250000   clock reconvergence pessimism
                                              0.250000 ^ _227_/CLK (gf180mcu_fd_sc_mcu7t5v0__dffrnq_1)
                                  0.104009    0.354009   library hold time
                                              0.354009   data required time
---------------------------------------------------------------------------------------------
                                              0.354009   data required time
                                             -0.661269   data arrival time
---------------------------------------------------------------------------------------------
                                              0.307260   slack (MET)


Startpoint: _225_ (rising edge-triggered flip-flop clocked by clk)
Endpoint: _225_ (rising edge-triggered flip-flop clocked by clk)
Path Group: clk
Path Type: min

Fanout         Cap        Slew       Delay        Time   Description
---------------------------------------------------------------------------------------------
                      0.150000    0.000000    0.000000   clock clk (rise edge)
                                  0.000000    0.000000   clock network delay (ideal)
                      0.150000    0.000000    0.000000 ^ _225_/CLK (gf180mcu_fd_sc_mcu7t5v0__dffrnq_1)
     3    0.011247    0.113156    0.475762    0.475762 v _225_/Q (gf180mcu_fd_sc_mcu7t5v0__dffrnq_1)
                                                         clk_scaler.counter[3] (net)
                      0.113156    0.000000    0.475762 v _167_/A1 (gf180mcu_fd_sc_mcu7t5v0__nor2_1)
     1    0.004057    0.146444    0.111201    0.586963 ^ _167_/ZN (gf180mcu_fd_sc_mcu7t5v0__nor2_1)
                                                         _081_ (net)
                      0.146444    0.000000    0.586963 ^ _168_/A3 (gf180mcu_fd_sc_mcu7t5v0__nor3_1)
     1    0.003038    0.127884    0.104102    0.691065 v _168_/ZN (gf180mcu_fd_sc_mcu7t5v0__nor3_1)
                                                         _005_ (net)
                      0.127884    0.000000    0.691065 v _225_/D (gf180mcu_fd_sc_mcu7t5v0__dffrnq_1)
                                              0.691065   data arrival time

                      0.150000    0.000000    0.000000   clock clk (rise edge)
                                  0.000000    0.000000   clock network delay (ideal)
                                  0.250000    0.250000   clock uncertainty
                                  0.000000    0.250000   clock reconvergence pessimism
                                              0.250000 ^ _225_/CLK (gf180mcu_fd_sc_mcu7t5v0__dffrnq_1)
                                  0.097318    0.347318   library hold time
                                              0.347318   data required time
---------------------------------------------------------------------------------------------
                                              0.347318   data required time
                                             -0.691065   data arrival time
---------------------------------------------------------------------------------------------
                                              0.343747   slack (MET)


Startpoint: _224_ (rising edge-triggered flip-flop clocked by clk)
Endpoint: _224_ (rising edge-triggered flip-flop clocked by clk)
Path Group: clk
Path Type: min

Fanout         Cap        Slew       Delay        Time   Description
---------------------------------------------------------------------------------------------
                      0.150000    0.000000    0.000000   clock clk (rise edge)
                                  0.000000    0.000000   clock network delay (ideal)
                      0.150000    0.000000    0.000000 ^ _224_/CLK (gf180mcu_fd_sc_mcu7t5v0__dffrnq_1)
     3    0.010889    0.111054    0.474169    0.474169 v _224_/Q (gf180mcu_fd_sc_mcu7t5v0__dffrnq_1)
                                                         clk_scaler.counter[2] (net)
                      0.111054    0.000000    0.474169 v _164_/B (gf180mcu_fd_sc_mcu7t5v0__aoi21_1)
     1    0.004057    0.146850    0.117593    0.591762 ^ _164_/ZN (gf180mcu_fd_sc_mcu7t5v0__aoi21_1)
                                                         _079_ (net)
                      0.146850    0.000000    0.591762 ^ _165_/A3 (gf180mcu_fd_sc_mcu7t5v0__nor3_1)
     1    0.003038    0.117616    0.104170    0.695932 v _165_/ZN (gf180mcu_fd_sc_mcu7t5v0__nor3_1)
                                                         _004_ (net)
                      0.117616    0.000000    0.695932 v _224_/D (gf180mcu_fd_sc_mcu7t5v0__dffrnq_1)
                                              0.695932   data arrival time

                      0.150000    0.000000    0.000000   clock clk (rise edge)
                                  0.000000    0.000000   clock network delay (ideal)
                                  0.250000    0.250000   clock uncertainty
                                  0.000000    0.250000   clock reconvergence pessimism
                                              0.250000 ^ _224_/CLK (gf180mcu_fd_sc_mcu7t5v0__dffrnq_1)
                                  0.099437    0.349437   library hold time
                                              0.349437   data required time
---------------------------------------------------------------------------------------------
                                              0.349437   data required time
                                             -0.695932   data arrival time
---------------------------------------------------------------------------------------------
                                              0.346495   slack (MET)


Startpoint: _222_ (rising edge-triggered flip-flop clocked by clk)
Endpoint: _222_ (rising edge-triggered flip-flop clocked by clk)
Path Group: clk
Path Type: min

Fanout         Cap        Slew       Delay        Time   Description
---------------------------------------------------------------------------------------------
                      0.150000    0.000000    0.000000   clock clk (rise edge)
                                  0.000000    0.000000   clock network delay (ideal)
                      0.150000    0.000000    0.000000 ^ _222_/CLK (gf180mcu_fd_sc_mcu7t5v0__dffrnq_1)
     4    0.019220    0.257267    0.645480    0.645480 ^ _222_/Q (gf180mcu_fd_sc_mcu7t5v0__dffrnq_1)
                                                         clk_scaler.counter[0] (net)
                      0.257267    0.000000    0.645480 ^ _160_/A1 (gf180mcu_fd_sc_mcu7t5v0__nor2_1)
     1    0.003038    0.101506    0.068949    0.714429 v _160_/ZN (gf180mcu_fd_sc_mcu7t5v0__nor2_1)
                                                         _000_ (net)
                      0.101506    0.000000    0.714429 v _222_/D (gf180mcu_fd_sc_mcu7t5v0__dffrnq_1)
                                              0.714429   data arrival time

                      0.150000    0.000000    0.000000   clock clk (rise edge)
                                  0.000000    0.000000   clock network delay (ideal)
                                  0.250000    0.250000   clock uncertainty
                                  0.000000    0.250000   clock reconvergence pessimism
                                              0.250000 ^ _222_/CLK (gf180mcu_fd_sc_mcu7t5v0__dffrnq_1)
                                  0.102761    0.352761   library hold time
                                              0.352761   data required time
---------------------------------------------------------------------------------------------
                                              0.352761   data required time
                                             -0.714429   data arrival time
---------------------------------------------------------------------------------------------
                                              0.361668   slack (MET)


Startpoint: _226_ (rising edge-triggered flip-flop clocked by clk)
Endpoint: _226_ (rising edge-triggered flip-flop clocked by clk)
Path Group: clk
Path Type: min

Fanout         Cap        Slew       Delay        Time   Description
---------------------------------------------------------------------------------------------
                      0.150000    0.000000    0.000000   clock clk (rise edge)
                                  0.000000    0.000000   clock network delay (ideal)
                      0.150000    0.000000    0.000000 ^ _226_/CLK (gf180mcu_fd_sc_mcu7t5v0__dffrnq_1)
     3    0.016364    0.143210    0.498543    0.498543 v _226_/Q (gf180mcu_fd_sc_mcu7t5v0__dffrnq_1)
                                                         clk_scaler.counter[4] (net)
                      0.143210    0.000000    0.498543 v _169_/A1 (gf180mcu_fd_sc_mcu7t5v0__xnor2_1)
     1    0.004220    0.171755    0.150719    0.649262 ^ _169_/ZN (gf180mcu_fd_sc_mcu7t5v0__xnor2_1)
                                                         _082_ (net)
                      0.171755    0.000000    0.649262 ^ _170_/A2 (gf180mcu_fd_sc_mcu7t5v0__nor2_1)
     1    0.003038    0.102795    0.083137    0.732399 v _170_/ZN (gf180mcu_fd_sc_mcu7t5v0__nor2_1)
                                                         _006_ (net)
                      0.102795    0.000000    0.732399 v _226_/D (gf180mcu_fd_sc_mcu7t5v0__dffrnq_1)
                                              0.732399   data arrival time

                      0.150000    0.000000    0.000000   clock clk (rise edge)
                                  0.000000    0.000000   clock network delay (ideal)
                                  0.250000    0.250000   clock uncertainty
                                  0.000000    0.250000   clock reconvergence pessimism
                                              0.250000 ^ _226_/CLK (gf180mcu_fd_sc_mcu7t5v0__dffrnq_1)
                                  0.102495    0.352495   library hold time
                                              0.352495   data required time
---------------------------------------------------------------------------------------------
                                              0.352495   data required time
                                             -0.732399   data arrival time
---------------------------------------------------------------------------------------------
                                              0.379904   slack (MET)


Startpoint: _223_ (rising edge-triggered flip-flop clocked by clk)
Endpoint: _223_ (rising edge-triggered flip-flop clocked by clk)
Path Group: clk
Path Type: min

Fanout         Cap        Slew       Delay        Time   Description
---------------------------------------------------------------------------------------------
                      0.150000    0.000000    0.000000   clock clk (rise edge)
                                  0.000000    0.000000   clock network delay (ideal)
                      0.150000    0.000000    0.000000 ^ _223_/CLK (gf180mcu_fd_sc_mcu7t5v0__dffrnq_1)
     4    0.018924    0.158246    0.509941    0.509941 v _223_/Q (gf180mcu_fd_sc_mcu7t5v0__dffrnq_1)
                                                         clk_scaler.counter[1] (net)
                      0.158246    0.000000    0.509941 v _161_/A1 (gf180mcu_fd_sc_mcu7t5v0__xnor2_1)
     1    0.004220    0.171124    0.155411    0.665352 ^ _161_/ZN (gf180mcu_fd_sc_mcu7t5v0__xnor2_1)
                                                         _077_ (net)
                      0.171124    0.000000    0.665352 ^ _162_/A2 (gf180mcu_fd_sc_mcu7t5v0__nor2_1)
     1    0.003038    0.102623    0.083062    0.748414 v _162_/ZN (gf180mcu_fd_sc_mcu7t5v0__nor2_1)
                                                         _003_ (net)
                      0.102623    0.000000    0.748414 v _223_/D (gf180mcu_fd_sc_mcu7t5v0__dffrnq_1)
                                              0.748414   data arrival time

                      0.150000    0.000000    0.000000   clock clk (rise edge)
                                  0.000000    0.000000   clock network delay (ideal)
                                  0.250000    0.250000   clock uncertainty
                                  0.000000    0.250000   clock reconvergence pessimism
                                              0.250000 ^ _223_/CLK (gf180mcu_fd_sc_mcu7t5v0__dffrnq_1)
                                  0.102530    0.352530   library hold time
                                              0.352530   data required time
---------------------------------------------------------------------------------------------
                                              0.352530   data required time
                                             -0.748414   data arrival time
---------------------------------------------------------------------------------------------
                                              0.395884   slack (MET)


Startpoint: _229_ (rising edge-triggered flip-flop clocked by clk)
Endpoint: _253_ (rising edge-triggered flip-flop clocked by clk)
Path Group: clk
Path Type: min

Fanout         Cap        Slew       Delay        Time   Description
---------------------------------------------------------------------------------------------
                      0.150000    0.000000    0.000000   clock clk (rise edge)
                                  0.000000    0.000000   clock network delay (ideal)
                      0.150000    0.000000    0.000000 ^ _229_/CLK (gf180mcu_fd_sc_mcu7t5v0__dffrnq_1)
     1    0.004447    0.106782    0.547911    0.547911 ^ _229_/Q (gf180mcu_fd_sc_mcu7t5v0__dffrnq_1)
                                                         clk_scaler.counter[7] (net)
                      0.106782    0.000000    0.547911 ^ _155_/A1 (gf180mcu_fd_sc_mcu7t5v0__nor2_1)
     1    0.004489    0.077549    0.070847    0.618758 v _155_/ZN (gf180mcu_fd_sc_mcu7t5v0__nor2_1)
                                                         _072_ (net)
                      0.077549    0.000000    0.618758 v _157_/B (gf180mcu_fd_sc_mcu7t5v0__oai211_1)
     3    0.013650    0.327735    0.218530    0.837288 ^ _157_/ZN (gf180mcu_fd_sc_mcu7t5v0__oai211_1)
                                                         _074_ (net)
                      0.327735    0.000000    0.837288 ^ _209_/A2 (gf180mcu_fd_sc_mcu7t5v0__aoi21_1)
     1    0.003038    0.113289    0.061918    0.899206 v _209_/ZN (gf180mcu_fd_sc_mcu7t5v0__aoi21_1)
                                                         _044_ (net)
                      0.113289    0.000000    0.899206 v _253_/D (gf180mcu_fd_sc_mcu7t5v0__dffrnq_1)
                                              0.899206   data arrival time

                      0.150000    0.000000    0.000000   clock clk (rise edge)
                                  0.000000    0.000000   clock network delay (ideal)
                                  0.250000    0.250000   clock uncertainty
                                  0.000000    0.250000   clock reconvergence pessimism
                                              0.250000 ^ _253_/CLK (gf180mcu_fd_sc_mcu7t5v0__dffrnq_1)
                                  0.100330    0.350330   library hold time
                                              0.350330   data required time
---------------------------------------------------------------------------------------------
                                              0.350330   data required time
                                             -0.899206   data arrival time
---------------------------------------------------------------------------------------------
                                              0.548876   slack (MET)


Startpoint: rst_n (input port clocked by clk)
Endpoint: _222_ (removal check against rising-edge clock clk)
Path Group: asynchronous
Path Type: min

Fanout         Cap        Slew       Delay        Time   Description
---------------------------------------------------------------------------------------------
                      0.150000    0.000000    0.000000   clock clk (rise edge)
                                  0.000000    0.000000   clock network delay (ideal)
                                  4.000000    4.000000 ^ input external delay
    32    0.189635    2.112362    1.205977    5.205976 ^ rst_n (in)
                                                         rst_n (net)
                      2.112362    0.000000    5.205976 ^ _222_/RN (gf180mcu_fd_sc_mcu7t5v0__dffrnq_1)
                                              5.205976   data arrival time

                      0.150000    0.000000    0.000000   clock clk (rise edge)
                                  0.000000    0.000000   clock network delay (ideal)
                                  0.250000    0.250000   clock uncertainty
                                  0.000000    0.250000   clock reconvergence pessimism
                                              0.250000 ^ _222_/CLK (gf180mcu_fd_sc_mcu7t5v0__dffrnq_1)
                                  0.261349    0.511349   library removal time
                                              0.511349   data required time
---------------------------------------------------------------------------------------------
                                              0.511349   data required time
                                             -5.205976   data arrival time
---------------------------------------------------------------------------------------------
                                              4.694627   slack (MET)


Startpoint: rst_n (input port clocked by clk)
Endpoint: _223_ (removal check against rising-edge clock clk)
Path Group: asynchronous
Path Type: min

Fanout         Cap        Slew       Delay        Time   Description
---------------------------------------------------------------------------------------------
                      0.150000    0.000000    0.000000   clock clk (rise edge)
                                  0.000000    0.000000   clock network delay (ideal)
                                  4.000000    4.000000 ^ input external delay
    32    0.189635    2.112362    1.205977    5.205976 ^ rst_n (in)
                                                         rst_n (net)
                      2.112362    0.000000    5.205976 ^ _223_/RN (gf180mcu_fd_sc_mcu7t5v0__dffrnq_1)
                                              5.205976   data arrival time

                      0.150000    0.000000    0.000000   clock clk (rise edge)
                                  0.000000    0.000000   clock network delay (ideal)
                                  0.250000    0.250000   clock uncertainty
                                  0.000000    0.250000   clock reconvergence pessimism
                                              0.250000 ^ _223_/CLK (gf180mcu_fd_sc_mcu7t5v0__dffrnq_1)
                                  0.261349    0.511349   library removal time
                                              0.511349   data required time
---------------------------------------------------------------------------------------------
                                              0.511349   data required time
                                             -5.205976   data arrival time
---------------------------------------------------------------------------------------------
                                              4.694627   slack (MET)


Startpoint: rst_n (input port clocked by clk)
Endpoint: _224_ (removal check against rising-edge clock clk)
Path Group: asynchronous
Path Type: min

Fanout         Cap        Slew       Delay        Time   Description
---------------------------------------------------------------------------------------------
                      0.150000    0.000000    0.000000   clock clk (rise edge)
                                  0.000000    0.000000   clock network delay (ideal)
                                  4.000000    4.000000 ^ input external delay
    32    0.189635    2.112362    1.205977    5.205976 ^ rst_n (in)
                                                         rst_n (net)
                      2.112362    0.000000    5.205976 ^ _224_/RN (gf180mcu_fd_sc_mcu7t5v0__dffrnq_1)
                                              5.205976   data arrival time

                      0.150000    0.000000    0.000000   clock clk (rise edge)
                                  0.000000    0.000000   clock network delay (ideal)
                                  0.250000    0.250000   clock uncertainty
                                  0.000000    0.250000   clock reconvergence pessimism
                                              0.250000 ^ _224_/CLK (gf180mcu_fd_sc_mcu7t5v0__dffrnq_1)
                                  0.261349    0.511349   library removal time
                                              0.511349   data required time
---------------------------------------------------------------------------------------------
                                              0.511349   data required time
                                             -5.205976   data arrival time
---------------------------------------------------------------------------------------------
                                              4.694627   slack (MET)


Startpoint: rst_n (input port clocked by clk)
Endpoint: _225_ (removal check against rising-edge clock clk)
Path Group: asynchronous
Path Type: min

Fanout         Cap        Slew       Delay        Time   Description
---------------------------------------------------------------------------------------------
                      0.150000    0.000000    0.000000   clock clk (rise edge)
                                  0.000000    0.000000   clock network delay (ideal)
                                  4.000000    4.000000 ^ input external delay
    32    0.189635    2.112362    1.205977    5.205976 ^ rst_n (in)
                                                         rst_n (net)
                      2.112362    0.000000    5.205976 ^ _225_/RN (gf180mcu_fd_sc_mcu7t5v0__dffrnq_1)
                                              5.205976   data arrival time

                      0.150000    0.000000    0.000000   clock clk (rise edge)
                                  0.000000    0.000000   clock network delay (ideal)
                                  0.250000    0.250000   clock uncertainty
                                  0.000000    0.250000   clock reconvergence pessimism
                                              0.250000 ^ _225_/CLK (gf180mcu_fd_sc_mcu7t5v0__dffrnq_1)
                                  0.261349    0.511349   library removal time
                                              0.511349   data required time
---------------------------------------------------------------------------------------------
                                              0.511349   data required time
                                             -5.205976   data arrival time
---------------------------------------------------------------------------------------------
                                              4.694627   slack (MET)


Startpoint: rst_n (input port clocked by clk)
Endpoint: _226_ (removal check against rising-edge clock clk)
Path Group: asynchronous
Path Type: min

Fanout         Cap        Slew       Delay        Time   Description
---------------------------------------------------------------------------------------------
                      0.150000    0.000000    0.000000   clock clk (rise edge)
                                  0.000000    0.000000   clock network delay (ideal)
                                  4.000000    4.000000 ^ input external delay
    32    0.189635    2.112362    1.205977    5.205976 ^ rst_n (in)
                                                         rst_n (net)
                      2.112362    0.000000    5.205976 ^ _226_/RN (gf180mcu_fd_sc_mcu7t5v0__dffrnq_1)
                                              5.205976   data arrival time

                      0.150000    0.000000    0.000000   clock clk (rise edge)
                                  0.000000    0.000000   clock network delay (ideal)
                                  0.250000    0.250000   clock uncertainty
                                  0.000000    0.250000   clock reconvergence pessimism
                                              0.250000 ^ _226_/CLK (gf180mcu_fd_sc_mcu7t5v0__dffrnq_1)
                                  0.261349    0.511349   library removal time
                                              0.511349   data required time
---------------------------------------------------------------------------------------------
                                              0.511349   data required time
                                             -5.205976   data arrival time
---------------------------------------------------------------------------------------------
                                              4.694627   slack (MET)


Startpoint: rst_n (input port clocked by clk)
Endpoint: _227_ (removal check against rising-edge clock clk)
Path Group: asynchronous
Path Type: min

Fanout         Cap        Slew       Delay        Time   Description
---------------------------------------------------------------------------------------------
                      0.150000    0.000000    0.000000   clock clk (rise edge)
                                  0.000000    0.000000   clock network delay (ideal)
                                  4.000000    4.000000 ^ input external delay
    32    0.189635    2.112362    1.205977    5.205976 ^ rst_n (in)
                                                         rst_n (net)
                      2.112362    0.000000    5.205976 ^ _227_/RN (gf180mcu_fd_sc_mcu7t5v0__dffrnq_1)
                                              5.205976   data arrival time

                      0.150000    0.000000    0.000000   clock clk (rise edge)
                                  0.000000    0.000000   clock network delay (ideal)
                                  0.250000    0.250000   clock uncertainty
                                  0.000000    0.250000   clock reconvergence pessimism
                                              0.250000 ^ _227_/CLK (gf180mcu_fd_sc_mcu7t5v0__dffrnq_1)
                                  0.261349    0.511349   library removal time
                                              0.511349   data required time
---------------------------------------------------------------------------------------------
                                              0.511349   data required time
                                             -5.205976   data arrival time
---------------------------------------------------------------------------------------------
                                              4.694627   slack (MET)


Startpoint: rst_n (input port clocked by clk)
Endpoint: _228_ (removal check against rising-edge clock clk)
Path Group: asynchronous
Path Type: min

Fanout         Cap        Slew       Delay        Time   Description
---------------------------------------------------------------------------------------------
                      0.150000    0.000000    0.000000   clock clk (rise edge)
                                  0.000000    0.000000   clock network delay (ideal)
                                  4.000000    4.000000 ^ input external delay
    32    0.189635    2.112362    1.205977    5.205976 ^ rst_n (in)
                                                         rst_n (net)
                      2.112362    0.000000    5.205976 ^ _228_/RN (gf180mcu_fd_sc_mcu7t5v0__dffrnq_1)
                                              5.205976   data arrival time

                      0.150000    0.000000    0.000000   clock clk (rise edge)
                                  0.000000    0.000000   clock network delay (ideal)
                                  0.250000    0.250000   clock uncertainty
                                  0.000000    0.250000   clock reconvergence pessimism
                                              0.250000 ^ _228_/CLK (gf180mcu_fd_sc_mcu7t5v0__dffrnq_1)
                                  0.261349    0.511349   library removal time
                                              0.511349   data required time
---------------------------------------------------------------------------------------------
                                              0.511349   data required time
                                             -5.205976   data arrival time
---------------------------------------------------------------------------------------------
                                              4.694627   slack (MET)


Startpoint: rst_n (input port clocked by clk)
Endpoint: _229_ (removal check against rising-edge clock clk)
Path Group: asynchronous
Path Type: min

Fanout         Cap        Slew       Delay        Time   Description
---------------------------------------------------------------------------------------------
                      0.150000    0.000000    0.000000   clock clk (rise edge)
                                  0.000000    0.000000   clock network delay (ideal)
                                  4.000000    4.000000 ^ input external delay
    32    0.189635    2.112362    1.205977    5.205976 ^ rst_n (in)
                                                         rst_n (net)
                      2.112362    0.000000    5.205976 ^ _229_/RN (gf180mcu_fd_sc_mcu7t5v0__dffrnq_1)
                                              5.205976   data arrival time

                      0.150000    0.000000    0.000000   clock clk (rise edge)
                                  0.000000    0.000000   clock network delay (ideal)
                                  0.250000    0.250000   clock uncertainty
                                  0.000000    0.250000   clock reconvergence pessimism
                                              0.250000 ^ _229_/CLK (gf180mcu_fd_sc_mcu7t5v0__dffrnq_1)
                                  0.261349    0.511349   library removal time
                                              0.511349   data required time
---------------------------------------------------------------------------------------------
                                              0.511349   data required time
                                             -5.205976   data arrival time
---------------------------------------------------------------------------------------------
                                              4.694627   slack (MET)


Startpoint: rst_n (input port clocked by clk)
Endpoint: _230_ (removal check against rising-edge clock clk)
Path Group: asynchronous
Path Type: min

Fanout         Cap        Slew       Delay        Time   Description
---------------------------------------------------------------------------------------------
                      0.150000    0.000000    0.000000   clock clk (rise edge)
                                  0.000000    0.000000   clock network delay (ideal)
                                  4.000000    4.000000 ^ input external delay
    32    0.189635    2.112362    1.205977    5.205976 ^ rst_n (in)
                                                         rst_n (net)
                      2.112362    0.000000    5.205976 ^ _230_/RN (gf180mcu_fd_sc_mcu7t5v0__dffrnq_1)
                                              5.205976   data arrival time

                      0.150000    0.000000    0.000000   clock clk (rise edge)
                                  0.000000    0.000000   clock network delay (ideal)
                                  0.250000    0.250000   clock uncertainty
                                  0.000000    0.250000   clock reconvergence pessimism
                                              0.250000 ^ _230_/CLK (gf180mcu_fd_sc_mcu7t5v0__dffrnq_1)
                                  0.261349    0.511349   library removal time
                                              0.511349   data required time
---------------------------------------------------------------------------------------------
                                              0.511349   data required time
                                             -5.205976   data arrival time
---------------------------------------------------------------------------------------------
                                              4.694627   slack (MET)


Startpoint: rst_n (input port clocked by clk)
Endpoint: _231_ (removal check against rising-edge clock clk)
Path Group: asynchronous
Path Type: min

Fanout         Cap        Slew       Delay        Time   Description
---------------------------------------------------------------------------------------------
                      0.150000    0.000000    0.000000   clock clk (rise edge)
                                  0.000000    0.000000   clock network delay (ideal)
                                  4.000000    4.000000 ^ input external delay
    32    0.189635    2.112362    1.205977    5.205976 ^ rst_n (in)
                                                         rst_n (net)
                      2.112362    0.000000    5.205976 ^ _231_/RN (gf180mcu_fd_sc_mcu7t5v0__dffrnq_1)
                                              5.205976   data arrival time

                      0.150000    0.000000    0.000000   clock clk (rise edge)
                                  0.000000    0.000000   clock network delay (ideal)
                                  0.250000    0.250000   clock uncertainty
                                  0.000000    0.250000   clock reconvergence pessimism
                                              0.250000 ^ _231_/CLK (gf180mcu_fd_sc_mcu7t5v0__dffrnq_1)
                                  0.261349    0.511349   library removal time
                                              0.511349   data required time
---------------------------------------------------------------------------------------------
                                              0.511349   data required time
                                             -5.205976   data arrival time
---------------------------------------------------------------------------------------------
                                              4.694627   slack (MET)


Startpoint: rst_n (input port clocked by clk)
Endpoint: _232_ (removal check against rising-edge clock clk)
Path Group: asynchronous
Path Type: min

Fanout         Cap        Slew       Delay        Time   Description
---------------------------------------------------------------------------------------------
                      0.150000    0.000000    0.000000   clock clk (rise edge)
                                  0.000000    0.000000   clock network delay (ideal)
                                  4.000000    4.000000 ^ input external delay
    32    0.189635    2.112362    1.205977    5.205976 ^ rst_n (in)
                                                         rst_n (net)
                      2.112362    0.000000    5.205976 ^ _232_/RN (gf180mcu_fd_sc_mcu7t5v0__dffrnq_1)
                                              5.205976   data arrival time

                      0.150000    0.000000    0.000000   clock clk (rise edge)
                                  0.000000    0.000000   clock network delay (ideal)
                                  0.250000    0.250000   clock uncertainty
                                  0.000000    0.250000   clock reconvergence pessimism
                                              0.250000 ^ _232_/CLK (gf180mcu_fd_sc_mcu7t5v0__dffrnq_1)
                                  0.261349    0.511349   library removal time
                                              0.511349   data required time
---------------------------------------------------------------------------------------------
                                              0.511349   data required time
                                             -5.205976   data arrival time
---------------------------------------------------------------------------------------------
                                              4.694627   slack (MET)


Startpoint: rst_n (input port clocked by clk)
Endpoint: _233_ (removal check against rising-edge clock clk)
Path Group: asynchronous
Path Type: min

Fanout         Cap        Slew       Delay        Time   Description
---------------------------------------------------------------------------------------------
                      0.150000    0.000000    0.000000   clock clk (rise edge)
                                  0.000000    0.000000   clock network delay (ideal)
                                  4.000000    4.000000 ^ input external delay
    32    0.189635    2.112362    1.205977    5.205976 ^ rst_n (in)
                                                         rst_n (net)
                      2.112362    0.000000    5.205976 ^ _233_/RN (gf180mcu_fd_sc_mcu7t5v0__dffrnq_1)
                                              5.205976   data arrival time

                      0.150000    0.000000    0.000000   clock clk (rise edge)
                                  0.000000    0.000000   clock network delay (ideal)
                                  0.250000    0.250000   clock uncertainty
                                  0.000000    0.250000   clock reconvergence pessimism
                                              0.250000 ^ _233_/CLK (gf180mcu_fd_sc_mcu7t5v0__dffrnq_1)
                                  0.261349    0.511349   library removal time
                                              0.511349   data required time
---------------------------------------------------------------------------------------------
                                              0.511349   data required time
                                             -5.205976   data arrival time
---------------------------------------------------------------------------------------------
                                              4.694627   slack (MET)


Startpoint: rst_n (input port clocked by clk)
Endpoint: _253_ (removal check against rising-edge clock clk)
Path Group: asynchronous
Path Type: min

Fanout         Cap        Slew       Delay        Time   Description
---------------------------------------------------------------------------------------------
                      0.150000    0.000000    0.000000   clock clk (rise edge)
                                  0.000000    0.000000   clock network delay (ideal)
                                  4.000000    4.000000 ^ input external delay
    32    0.189635    2.112362    1.205977    5.205976 ^ rst_n (in)
                                                         rst_n (net)
                      2.112362    0.000000    5.205976 ^ _253_/RN (gf180mcu_fd_sc_mcu7t5v0__dffrnq_1)
                                              5.205976   data arrival time

                      0.150000    0.000000    0.000000   clock clk (rise edge)
                                  0.000000    0.000000   clock network delay (ideal)
                                  0.250000    0.250000   clock uncertainty
                                  0.000000    0.250000   clock reconvergence pessimism
                                              0.250000 ^ _253_/CLK (gf180mcu_fd_sc_mcu7t5v0__dffrnq_1)
                                  0.261349    0.511349   library removal time
                                              0.511349   data required time
---------------------------------------------------------------------------------------------
                                              0.511349   data required time
                                             -5.205976   data arrival time
---------------------------------------------------------------------------------------------
                                              4.694627   slack (MET)



